10	155
ST1	EPI_ISL_402119
ST1	EPI_ISL_402120
ST1	EPI_ISL_402121
ST1	EPI_ISL_402123
ST1	EPI_ISL_402124
ST1	EPI_ISL_402125
ST1	EPI_ISL_402127
ST1	EPI_ISL_402128
ST1	EPI_ISL_402129
ST1	EPI_ISL_402130
ST1	EPI_ISL_402132
ST1	EPI_ISL_403928
ST1	EPI_ISL_403929
ST1	EPI_ISL_403930
ST1	EPI_ISL_403931
ST1	EPI_ISL_403934
ST1	EPI_ISL_403962
ST1	EPI_ISL_403963
ST1	EPI_ISL_404227
ST1	EPI_ISL_404228
ST1	EPI_ISL_404253|by-EPI_ISL_416370	49-106-122-129-130-139
ST1	EPI_ISL_406538
ST1	EPI_ISL_406595
ST1	EPI_ISL_406716
ST1	EPI_ISL_406717
ST1	EPI_ISL_406798
ST1	EPI_ISL_406800
ST1	EPI_ISL_406970
ST1	EPI_ISL_406973
ST1	EPI_ISL_407079|by-EPI_ISL_412898	95
ST1	EPI_ISL_407084
ST1	EPI_ISL_407313
ST1	EPI_ISL_408431
ST1	EPI_ISL_408479
ST1	EPI_ISL_408486
ST1	EPI_ISL_408488
ST1	EPI_ISL_408511|by-EPI_ISL_411927	10-11-12-13-14-15-16-17-18-41-133-145-146-147
ST1	EPI_ISL_408514
ST1	EPI_ISL_408515
ST1	EPI_ISL_408976|by-EPI_ISL_417576	155
ST1	EPI_ISL_410044|by-EPI_ISL_416394	18
ST1	EPI_ISL_410218
ST1	EPI_ISL_410486
ST1	EPI_ISL_410531
ST1	EPI_ISL_410532
ST1	EPI_ISL_411902
ST1	EPI_ISL_411915
ST1	EPI_ISL_411927
ST1	EPI_ISL_411950
ST1	EPI_ISL_411953
ST1	EPI_ISL_411955
ST1	EPI_ISL_412026
ST1	EPI_ISL_412459
ST1	EPI_ISL_412872
ST1	EPI_ISL_412898
ST1	EPI_ISL_412899
ST1	EPI_ISL_412900|by-EPI_ISL_416370	10-11-12-13-14-15-16-17-18
ST1	EPI_ISL_412965|by-EPI_ISL_416384	59-98-99-100
ST1	EPI_ISL_413564|by-EPI_ISL_403928	91
ST1	EPI_ISL_413567|by-EPI_ISL_408515	79-80-81-91
ST1	EPI_ISL_413568|by-EPI_ISL_417320	91
ST1	EPI_ISL_413576|by-EPI_ISL_410531	79-80-81-91
ST1	EPI_ISL_413578|by-EPI_ISL_416370	149-150-151-152-153-154-155
ST1	EPI_ISL_413580
ST1	EPI_ISL_413581|by-EPI_ISL_414542	91
ST1	EPI_ISL_413582
ST1	EPI_ISL_413585|by-EPI_ISL_416329	79-80-81-91-111
ST1	EPI_ISL_413586|by-EPI_ISL_413621	75-80-81-91
ST1	EPI_ISL_413590
ST1	EPI_ISL_413594|by-EPI_ISL_416376	10-11-12-13-14-15-16-151-152-153-154-155
ST1	EPI_ISL_413596|by-EPI_ISL_413621	10-11-12-13-14-15-16-151-152-153-154-155
ST1	EPI_ISL_413606
ST1	EPI_ISL_413608
ST1	EPI_ISL_413610
ST1	EPI_ISL_413613
ST1	EPI_ISL_413614
ST1	EPI_ISL_413615
ST1	EPI_ISL_413616
ST1	EPI_ISL_413618
ST1	EPI_ISL_413619
ST1	EPI_ISL_413620
ST1	EPI_ISL_413621
ST1	EPI_ISL_413622
ST1	EPI_ISL_413623|by-EPI_ISL_402127	18
ST1	EPI_ISL_413692
ST1	EPI_ISL_413693
ST1	EPI_ISL_413694
ST1	EPI_ISL_413753
ST1	EPI_ISL_413851
ST1	EPI_ISL_413852
ST1	EPI_ISL_413857
ST1	EPI_ISL_413861
ST1	EPI_ISL_413866
ST1	EPI_ISL_413868|by-EPI_ISL_403962	50-65-89-98-99-100-123-124-125-151-152-153-154-155
ST1	EPI_ISL_413869|by-EPI_ISL_416370	50-98-99-100
ST1	EPI_ISL_413872|by-EPI_ISL_416907	50-89-98-99-100
ST1	EPI_ISL_413874|by-EPI_ISL_415493	50-89-98-99-100
ST1	EPI_ISL_413875|by-EPI_ISL_415583	98-99-100
ST1	EPI_ISL_413879|by-EPI_ISL_413620	18-19-50-65-89-91-92-93-98-99-100-123-124-125
ST1	EPI_ISL_413882|by-EPI_ISL_416393	98-99-100
ST1	EPI_ISL_413883|by-EPI_ISL_412459	44-45-46-50-65-92-93-98-99-100-123-124-125
ST1	EPI_ISL_413884|by-EPI_ISL_408431	50
ST1	EPI_ISL_413888|by-EPI_ISL_416367	50-98-99-100
ST1	EPI_ISL_413893|by-EPI_ISL_417064	50-65-89-92-93-98-99-100-123-124-125
ST1	EPI_ISL_413898|by-EPI_ISL_417178	50-65-89-91-92-93-98-99-100-123-124-125
ST1	EPI_ISL_413902|by-EPI_ISL_402132	50-65-89-91-92-93-98-99-100-123-124-125
ST1	EPI_ISL_414024|by-EPI_ISL_415583	98-99-100
ST1	EPI_ISL_414026|by-EPI_ISL_416404	98-99-100
ST1	EPI_ISL_414040
ST1	EPI_ISL_414041
ST1	EPI_ISL_414042
ST1	EPI_ISL_414043
ST1	EPI_ISL_414044
ST1	EPI_ISL_414426|by-EPI_ISL_414541	91
ST1	EPI_ISL_414427|by-EPI_ISL_408479	40-47-91-103
ST1	EPI_ISL_414431|by-EPI_ISL_416379	49-91
ST1	EPI_ISL_414432|by-EPI_ISL_413620	91
ST1	EPI_ISL_414458|by-EPI_ISL_403963	91
ST1	EPI_ISL_414459|by-EPI_ISL_415711	49-79-80-81-91-111
ST1	EPI_ISL_414462|by-EPI_ISL_402129	91
ST1	EPI_ISL_414467
ST1	EPI_ISL_414479
ST1	EPI_ISL_414481
ST1	EPI_ISL_414487
ST1	EPI_ISL_414498
ST1	EPI_ISL_414504|by-EPI_ISL_415494	98-99-100
ST1	EPI_ISL_414506|by-EPI_ISL_416370	98-99-100
ST1	EPI_ISL_414508
ST1	EPI_ISL_414510
ST1	EPI_ISL_414533|by-EPI_ISL_410486	79-80-81-91
ST1	EPI_ISL_414538|by-EPI_ISL_411927	29-51-52-53-54-56-79-80-81-96
ST1	EPI_ISL_414540|by-EPI_ISL_402121	18-79-80-81
ST1	EPI_ISL_414541
ST1	EPI_ISL_414542
ST1	EPI_ISL_414547|by-EPI_ISL_410531	47-48-49-51-52-53-54-79-80-81-90-91-111
ST1	EPI_ISL_414550|by-EPI_ISL_416370	91-104-105-106-107
ST1	EPI_ISL_414553|by-EPI_ISL_402125	103
ST1	EPI_ISL_414574|by-EPI_ISL_413614	98-99-100
ST1	EPI_ISL_414687|by-EPI_ISL_414542	95
ST1	EPI_ISL_414692
ST1	EPI_ISL_415148
ST1	EPI_ISL_415490|by-EPI_ISL_418103	29-79-80-81
ST1	EPI_ISL_415493
ST1	EPI_ISL_415494
ST1	EPI_ISL_415504|by-EPI_ISL_402124	96
ST1	EPI_ISL_415513|by-EPI_ISL_415583	96
ST1	EPI_ISL_415516
ST1	EPI_ISL_415522
ST1	EPI_ISL_415528|by-EPI_ISL_417591	29
ST1	EPI_ISL_415538|by-EPI_ISL_414542	89-94
ST1	EPI_ISL_415583
ST1	EPI_ISL_415628|by-EPI_ISL_416401	98-99-100
ST1	EPI_ISL_415638|by-EPI_ISL_406798	98-99-100
ST1	EPI_ISL_415659|by-EPI_ISL_408486	89
ST1	EPI_ISL_415711
ST1	EPI_ISL_415918|by-EPI_ISL_413613	98-99-100
ST1	EPI_ISL_415919|by-EPI_ISL_416384	89-98-99-100-151-152-153-154-155
ST1	EPI_ISL_416044
ST1	EPI_ISL_416046
ST1	EPI_ISL_416047
ST1	EPI_ISL_416320
ST1	EPI_ISL_416329
ST1	EPI_ISL_416336
ST1	EPI_ISL_416337
ST1	EPI_ISL_416340
ST1	EPI_ISL_416345|by-EPI_ISL_416394	51-52
ST1	EPI_ISL_416347|by-EPI_ISL_413610	51-52-53
ST1	EPI_ISL_416348|by-EPI_ISL_413621	51-52-53
ST1	EPI_ISL_416353
ST1	EPI_ISL_416355
ST1	EPI_ISL_416358
ST1	EPI_ISL_416359|by-EPI_ISL_408479	51-52
ST1	EPI_ISL_416360|by-EPI_ISL_413693	10-11-12-13-14-15-16-17-51-52
ST1	EPI_ISL_416362
ST1	EPI_ISL_416367
ST1	EPI_ISL_416369|by-EPI_ISL_416425	51-52-53
ST1	EPI_ISL_416370
ST1	EPI_ISL_416374|by-EPI_ISL_416384	51-52-104-105
ST1	EPI_ISL_416375
ST1	EPI_ISL_416376
ST1	EPI_ISL_416379
ST1	EPI_ISL_416380
ST1	EPI_ISL_416384
ST1	EPI_ISL_416385|by-EPI_ISL_413619	75-109-110
ST1	EPI_ISL_416388|by-EPI_ISL_417064	51-52-73-74-75-106-107-108
ST1	EPI_ISL_416390
ST1	EPI_ISL_416393
ST1	EPI_ISL_416394
ST1	EPI_ISL_416395|by-EPI_ISL_416370	30-31-32-33-34-35-36-48-49-50-73-74-75
ST1	EPI_ISL_416396|by-EPI_ISL_403963	140-141-142-143-144
ST1	EPI_ISL_416401
ST1	EPI_ISL_416404
ST1	EPI_ISL_416405
ST1	EPI_ISL_416416|by-EPI_ISL_417602	10-11-12-13-14-15-16-17-65-89-98-99-100
ST1	EPI_ISL_416425
ST1	EPI_ISL_416474
ST1	EPI_ISL_416738
ST1	EPI_ISL_416907
ST1	EPI_ISL_417064
ST1	EPI_ISL_417178
ST1	EPI_ISL_417218|by-EPI_ISL_406973	89
ST1	EPI_ISL_417253
ST1	EPI_ISL_417259|by-EPI_ISL_417178	89-90
ST1	EPI_ISL_417263
ST1	EPI_ISL_417276
ST1	EPI_ISL_417285
ST1	EPI_ISL_417288|by-EPI_ISL_402119	89
ST1	EPI_ISL_417296|by-EPI_ISL_413620	152-153-154-155
ST1	EPI_ISL_417306|by-EPI_ISL_402129	89
ST1	EPI_ISL_417312
ST1	EPI_ISL_417313
ST1	EPI_ISL_417318|by-EPI_ISL_415148	155
ST1	EPI_ISL_417320
ST1	EPI_ISL_417325|by-EPI_ISL_417602	10-11-44-116-149-151
ST1	EPI_ISL_417335
ST1	EPI_ISL_417432|by-EPI_ISL_417313	89-98-99-100
ST1	EPI_ISL_417482|by-EPI_ISL_403934	47-89-92-93-151-152-153-154-155
ST1	EPI_ISL_417553
ST1	EPI_ISL_417576
ST1	EPI_ISL_417591
ST1	EPI_ISL_417602
ST1	EPI_ISL_417616|by-EPI_ISL_415711	151-152-153-154-155
ST1	EPI_ISL_417792
ST1	EPI_ISL_418083|by-EPI_ISL_416425	89-151-152-153-154-155
ST1	EPI_ISL_418084|by-EPI_ISL_415711	65-89-98-99-100-148-149-150-151-152-153-154-155
ST1	EPI_ISL_418085|by-EPI_ISL_416425	89
ST1	EPI_ISL_418092|by-EPI_ISL_416405	65-89-98-99-100-148
ST1	EPI_ISL_418100|by-EPI_ISL_407084	65-89-152-153-154-155
ST1	EPI_ISL_418101|by-EPI_ISL_416384	89
ST1	EPI_ISL_418102|by-EPI_ISL_417602	65-89-92-93
ST1	EPI_ISL_418103
ST1	EPI_ISL_418104|by-EPI_ISL_415516	40-65-89-92-93
ST1	EPI_ISL_418106|by-EPI_ISL_413692	65-89-92-93-148
ST1	EPI_ISL_418107|by-EPI_ISL_415493	65-92-93
ST1	EPI_ISL_418108|by-EPI_ISL_413614	65-89-92-93-153-154-155
ST1	EPI_ISL_418111|by-EPI_ISL_416370	65-89
ST1	EPI_ISL_418112|by-EPI_ISL_402120	65-89
ST1	EPI_ISL_418115|by-EPI_ISL_411927	65
ST1	EPI_ISL_418120|by-EPI_ISL_406798	89
ST1	EPI_ISL_418121|by-EPI_ISL_418137	65-89
ST1	EPI_ISL_418124|by-EPI_ISL_415516	65
ST1	EPI_ISL_418125|by-EPI_ISL_413753	89
ST1	EPI_ISL_418127|by-EPI_ISL_413618	65-89
ST1	EPI_ISL_418128|by-EPI_ISL_408514	65-89-123-152-153-154-155
ST1	EPI_ISL_418129|by-EPI_ISL_414040	65-89
ST1	EPI_ISL_418130|by-EPI_ISL_415583	89
ST1	EPI_ISL_418131|by-EPI_ISL_417576	65-89
ST1	EPI_ISL_418132|by-EPI_ISL_417576	89-91
ST1	EPI_ISL_418133|by-EPI_ISL_416353	75-89
ST1	EPI_ISL_418134|by-EPI_ISL_415493	65-89
ST1	EPI_ISL_418135|by-EPI_ISL_414542	89
ST1	EPI_ISL_418137
ST1	EPI_ISL_418140|by-EPI_ISL_418137	89
ST1	EPI_ISL_418141|by-EPI_ISL_406716	89-148
ST1	EPI_ISL_418142|by-EPI_ISL_416329	89
ST1	EPI_ISL_418143
ST1	EPI_ISL_418148|by-EPI_ISL_412898	43-65-89-123-147-148-149-151-152-153-154-155
ST1	EPI_ISL_418150
ST1	EPI_ISL_418153|by-EPI_ISL_416367	65
ST1	EPI_ISL_418154|by-EPI_ISL_402132	40-65-66
ST1	EPI_ISL_418157|by-EPI_ISL_412898	65
ST1	EPI_ISL_418160|by-EPI_ISL_403962	65
ST1	EPI_ISL_418161|by-EPI_ISL_402124	65
ST1	EPI_ISL_418162|by-EPI_ISL_413590	65
ST1	EPI_ISL_418164|by-EPI_ISL_416336	18-148
ST1	EPI_ISL_418165|by-EPI_ISL_413693	40-65-89-151-152-153-154-155
ST2	EPI_ISL_403932
ST2	EPI_ISL_403933
ST2	EPI_ISL_403935
ST2	EPI_ISL_405839
ST2	EPI_ISL_406030
ST2	EPI_ISL_406593
ST2	EPI_ISL_408665
ST2	EPI_ISL_408666
ST2	EPI_ISL_408667
ST2	EPI_ISL_411956
ST2	EPI_ISL_413809
ST2	EPI_ISL_414521
ST2	EPI_ISL_414688
ST2	EPI_ISL_416318
ST2	EPI_ISL_416319
ST2	EPI_ISL_416366
ST2	EPI_ISL_416377
ST2	EPI_ISL_417030
ST3	EPI_ISL_403936
ST3	EPI_ISL_403937
ST3	EPI_ISL_406531
ST3	EPI_ISL_408010
ST3	EPI_ISL_411952
ST3	EPI_ISL_416321
ST4	EPI_ISL_404895
ST4	EPI_ISL_407214
ST4	EPI_ISL_407215
ST4	EPI_ISL_408478
ST4	EPI_ISL_408487|by-EPI_ISL_404895	18-120-145-146
ST4	EPI_ISL_411060
ST4	EPI_ISL_413855
ST4	EPI_ISL_413862
ST4	EPI_ISL_416473
ST4	EPI_ISL_416886
ST5	EPI_ISL_406031
ST5	EPI_ISL_406036
ST5	EPI_ISL_406844|by-EPI_ISL_417185	155
ST5	EPI_ISL_408977
ST5	EPI_ISL_410536
ST5	EPI_ISL_410545|by-EPI_ISL_413018	59
ST5	EPI_ISL_410713
ST5	EPI_ISL_410714
ST5	EPI_ISL_410715
ST5	EPI_ISL_410716
ST5	EPI_ISL_411929
ST5	EPI_ISL_411951
ST5	EPI_ISL_413018
ST5	EPI_ISL_413863
ST5	EPI_ISL_415582
ST5	EPI_ISL_416315|by-EPI_ISL_417185	66-94
ST5	EPI_ISL_416325
ST5	EPI_ISL_416349
ST5	EPI_ISL_416364|by-EPI_ISL_417185	51-52
ST5	EPI_ISL_416391|by-EPI_ISL_410713	30-31-32-51-52-53
ST5	EPI_ISL_416400|by-EPI_ISL_410713	51-52-53
ST5	EPI_ISL_416408|by-EPI_ISL_406036	51-52-53
ST5	EPI_ISL_416410|by-EPI_ISL_410716	98-99-100
ST5	EPI_ISL_416411
ST5	EPI_ISL_417177|by-EPI_ISL_406031	98-99-100
ST5	EPI_ISL_417179|by-EPI_ISL_416325	44-45-46-98-99-100-115
ST5	EPI_ISL_417180|by-EPI_ISL_406031	98-99-100
ST5	EPI_ISL_417182|by-EPI_ISL_417185	98-99-100
ST5	EPI_ISL_417183|by-EPI_ISL_416411	98-99-100
ST5	EPI_ISL_417184|by-EPI_ISL_417185	65-98-99-100
ST5	EPI_ISL_417185
ST5	EPI_ISL_417190|by-EPI_ISL_406031	65-98-99-100
ST5	EPI_ISL_417195|by-EPI_ISL_410713	98-99-100
ST5	EPI_ISL_417199|by-EPI_ISL_410713	98-99-100
ST6	EPI_ISL_406034
ST6	EPI_ISL_408484
ST6	EPI_ISL_408485
ST6	EPI_ISL_408668
ST6	EPI_ISL_410045
ST6	EPI_ISL_416338
ST6	EPI_ISL_416341
ST6	EPI_ISL_416381
ST6	EPI_ISL_416409
ST6	EPI_ISL_416427
ST6	EPI_ISL_416429
ST7	EPI_ISL_406223
ST8	EPI_ISL_406533
ST8	EPI_ISL_408669
ST8	EPI_ISL_412966
ST8	EPI_ISL_413864
ST8	EPI_ISL_414511
ST8	EPI_ISL_416361
ST8	EPI_ISL_416363
ST8	EPI_ISL_416387
ST9	EPI_ISL_406534
ST9	EPI_ISL_406594
ST9	EPI_ISL_408008
ST9	EPI_ISL_408009
ST9	EPI_ISL_413014
ST9	EPI_ISL_413015
ST9	EPI_ISL_416365
ST10	EPI_ISL_406535
ST10	EPI_ISL_406536
ST10	EPI_ISL_408670
ST10	EPI_ISL_410719
ST10	EPI_ISL_411066
ST10	EPI_ISL_412967
ST10	EPI_ISL_413522
ST10	EPI_ISL_416324
ST10	EPI_ISL_416398
ST11	EPI_ISL_406592
ST12	EPI_ISL_406596
ST12	EPI_ISL_406597
ST12	EPI_ISL_410720
ST12	EPI_ISL_411219
ST12	EPI_ISL_411220
ST13	EPI_ISL_406801
ST13	EPI_ISL_407071
ST13	EPI_ISL_407073
ST13	EPI_ISL_407893
ST13	EPI_ISL_407976
ST13	EPI_ISL_408483
ST13	EPI_ISL_408489|by-EPI_ISL_407073	10-11-12-13-151-152-153-154-155
ST13	EPI_ISL_411926
ST13	EPI_ISL_412869
ST13	EPI_ISL_412978
ST13	EPI_ISL_412979
ST13	EPI_ISL_412980
ST13	EPI_ISL_412983|by-EPI_ISL_413747	10-11
ST13	EPI_ISL_413485|by-EPI_ISL_412979	59
ST13	EPI_ISL_413523
ST13	EPI_ISL_413691
ST13	EPI_ISL_413695|by-EPI_ISL_406801	98
ST13	EPI_ISL_413729
ST13	EPI_ISL_413746
ST13	EPI_ISL_413747
ST13	EPI_ISL_413748
ST13	EPI_ISL_413749
ST13	EPI_ISL_413750
ST13	EPI_ISL_413751
ST13	EPI_ISL_413752|by-EPI_ISL_412978	18
ST13	EPI_ISL_413854
ST13	EPI_ISL_413856|by-EPI_ISL_413858	59
ST13	EPI_ISL_413858
ST13	EPI_ISL_413859|by-EPI_ISL_413748	51-52-59-66-95
ST13	EPI_ISL_413860
ST13	EPI_ISL_413867
ST13	EPI_ISL_413873|by-EPI_ISL_416352	18-19-50-98-99-100-123-124-125-151-152-153-154-155
ST13	EPI_ISL_413889|by-EPI_ISL_416339	50-98-99-100
ST13	EPI_ISL_413897|by-EPI_ISL_416323	50-65-89-91-98-99-100-123-124-125
ST13	EPI_ISL_414378|by-EPI_ISL_416330	128-129-130
ST13	EPI_ISL_414379|by-EPI_ISL_413749	128-129-130
ST13	EPI_ISL_414380|by-EPI_ISL_416339	128-129-130
ST13	EPI_ISL_414496|by-EPI_ISL_416330	37-41-61-62-98-99-100-103-151-152-153-154-155
ST13	EPI_ISL_414577
ST13	EPI_ISL_414578
ST13	EPI_ISL_414689
ST13	EPI_ISL_414690
ST13	EPI_ISL_414691
ST13	EPI_ISL_414934|by-EPI_ISL_412979	28-41-63-67-78-79-109-110-113-115-147-148-155
ST13	EPI_ISL_416042
ST13	EPI_ISL_416322
ST13	EPI_ISL_416323
ST13	EPI_ISL_416326
ST13	EPI_ISL_416328|by-EPI_ISL_413746	51-52-53
ST13	EPI_ISL_416330
ST13	EPI_ISL_416333
ST13	EPI_ISL_416339
ST13	EPI_ISL_416343|by-EPI_ISL_416339	51-52-53
ST13	EPI_ISL_416344|by-EPI_ISL_407893	10-11-51-52-96
ST13	EPI_ISL_416352
ST13	EPI_ISL_416357
ST13	EPI_ISL_416368|by-EPI_ISL_416357	51-52
ST13	EPI_ISL_416378|by-EPI_ISL_412979	51-52
ST13	EPI_ISL_416402
ST13	EPI_ISL_416483|by-EPI_ISL_416326	98-99-100
ST13	EPI_ISL_416485|by-EPI_ISL_412979	115-116
ST13	EPI_ISL_416885
ST13	EPI_ISL_417176
ST13	EPI_ISL_417205|by-EPI_ISL_411926	24-30-31-32-65-89-92-93-115-116-128-129
ST13	EPI_ISL_417206|by-EPI_ISL_418252	30-31-32-44-56-57-58-65-89-92-93-96-128-129
ST13	EPI_ISL_417518|by-EPI_ISL_414690	128-129-130
ST13	EPI_ISL_417924|by-EPI_ISL_412980	98-99-100
ST13	EPI_ISL_417979
ST13	EPI_ISL_417980
ST13	EPI_ISL_418027
ST13	EPI_ISL_418146|by-EPI_ISL_413749	65-89-115-116-123
ST13	EPI_ISL_418252
ST14	EPI_ISL_406862
ST14	EPI_ISL_414640|by-EPI_ISL_417494	90-91-108-119
ST14	EPI_ISL_416327|by-EPI_ISL_417494	51-52
ST14	EPI_ISL_416334
ST14	EPI_ISL_416386|by-EPI_ISL_417494	51-52-94
ST14	EPI_ISL_417471
ST14	EPI_ISL_417494
ST15	EPI_ISL_407193
ST15	EPI_ISL_412870
ST15	EPI_ISL_412871
ST15	EPI_ISL_413513
ST15	EPI_ISL_413514
ST15	EPI_ISL_413515
ST15	EPI_ISL_413516
ST15	EPI_ISL_413518
ST15	EPI_ISL_413519
ST15	EPI_ISL_413520
ST15	EPI_ISL_413521
ST16	EPI_ISL_407894
ST16	EPI_ISL_407896
ST16	EPI_ISL_410535|by-EPI_ISL_410717	10-11-12-13-14-15-16-151-152-153-154-155
ST16	EPI_ISL_410717
ST16	EPI_ISL_410718
ST16	EPI_ISL_411954
ST16	EPI_ISL_413853
ST16	EPI_ISL_416316
ST16	EPI_ISL_416317
ST16	EPI_ISL_416403
ST16	EPI_ISL_416415
ST16	EPI_ISL_416696
ST17	EPI_ISL_407987
ST17	EPI_ISL_410537
ST17	EPI_ISL_416829
ST17	EPI_ISL_416866
ST17	EPI_ISL_416884
ST18	EPI_ISL_407988
ST18	EPI_ISL_408481
ST18	EPI_ISL_412030
ST18	EPI_ISL_412968
ST18	EPI_ISL_413850|by-EPI_ISL_416629	24-59-60-66-95
ST18	EPI_ISL_413870|by-EPI_ISL_416607	50-98-99-100-123-124-125
ST18	EPI_ISL_413896|by-EPI_ISL_412968	50-65-89-91-92-93-98-99-100-123-124-125-148
ST18	EPI_ISL_414483
ST18	EPI_ISL_414484
ST18	EPI_ISL_414485
ST18	EPI_ISL_414501|by-EPI_ISL_416617	98-99-100
ST18	EPI_ISL_414571
ST18	EPI_ISL_415137|by-EPI_ISL_414483	89-137
ST18	EPI_ISL_415577|by-EPI_ISL_416573	98-99-100
ST18	EPI_ISL_415578|by-EPI_ISL_416617	91
ST18	EPI_ISL_415579|by-EPI_ISL_412030	47
ST18	EPI_ISL_415580|by-EPI_ISL_416600	98-99-100
ST18	EPI_ISL_415585
ST18	EPI_ISL_415587|by-EPI_ISL_416621	47
ST18	EPI_ISL_416342
ST18	EPI_ISL_416351|by-EPI_ISL_408481	51-52
ST18	EPI_ISL_416354|by-EPI_ISL_416573	51-52
ST18	EPI_ISL_416371|by-EPI_ISL_416576	26-27-28-49-50-51-52-59-60
ST18	EPI_ISL_416383|by-EPI_ISL_416621	51-52-106-107-108
ST18	EPI_ISL_416414|by-EPI_ISL_416614	30-31-32-98-99-100
ST18	EPI_ISL_416526|by-EPI_ISL_416575	98-99-100
ST18	EPI_ISL_416566
ST18	EPI_ISL_416568|by-EPI_ISL_414483	18
ST18	EPI_ISL_416569
ST18	EPI_ISL_416571
ST18	EPI_ISL_416572
ST18	EPI_ISL_416573
ST18	EPI_ISL_416574
ST18	EPI_ISL_416575
ST18	EPI_ISL_416576
ST18	EPI_ISL_416577
ST18	EPI_ISL_416578
ST18	EPI_ISL_416579
ST18	EPI_ISL_416580
ST18	EPI_ISL_416581
ST18	EPI_ISL_416583
ST18	EPI_ISL_416586
ST18	EPI_ISL_416588|by-EPI_ISL_416586	18
ST18	EPI_ISL_416589
ST18	EPI_ISL_416590
ST18	EPI_ISL_416591
ST18	EPI_ISL_416592
ST18	EPI_ISL_416593
ST18	EPI_ISL_416594
ST18	EPI_ISL_416595
ST18	EPI_ISL_416596
ST18	EPI_ISL_416597
ST18	EPI_ISL_416600
ST18	EPI_ISL_416601
ST18	EPI_ISL_416602|by-EPI_ISL_416614	98-99-100
ST18	EPI_ISL_416605
ST18	EPI_ISL_416606
ST18	EPI_ISL_416607
ST18	EPI_ISL_416608
ST18	EPI_ISL_416609
ST18	EPI_ISL_416611
ST18	EPI_ISL_416612
ST18	EPI_ISL_416614
ST18	EPI_ISL_416616|by-EPI_ISL_414485	98-99-100
ST18	EPI_ISL_416617
ST18	EPI_ISL_416618|by-EPI_ISL_407988	98-99-100-152-153-154-155
ST18	EPI_ISL_416620
ST18	EPI_ISL_416621
ST18	EPI_ISL_416622
ST18	EPI_ISL_416623|by-EPI_ISL_416622	56-98-99-100-152-153-154-155
ST18	EPI_ISL_416626|by-EPI_ISL_414483	98-99-100
ST18	EPI_ISL_416627
ST18	EPI_ISL_416628
ST18	EPI_ISL_416629
ST18	EPI_ISL_416630
ST18	EPI_ISL_416631
ST18	EPI_ISL_416632
ST18	EPI_ISL_416633
ST18	EPI_ISL_416634
ST18	EPI_ISL_417920|by-EPI_ISL_408481	65-100
ST19	EPI_ISL_408430
ST19	EPI_ISL_410984
ST19	EPI_ISL_411218
ST20	EPI_ISL_408480
ST20	EPI_ISL_416392|by-EPI_ISL_408480	51-52
ST21	EPI_ISL_408482
ST21	EPI_ISL_412975
ST21	EPI_ISL_412981
ST21	EPI_ISL_413490
ST21	EPI_ISL_413600|by-EPI_ISL_412975	10-11-12-13-14-15-16-151-152-153-154-155
ST21	EPI_ISL_414008
ST21	EPI_ISL_414476
ST21	EPI_ISL_414591
ST21	EPI_ISL_415581
ST21	EPI_ISL_416373
ST21	EPI_ISL_416382
ST21	EPI_ISL_416542
ST21	EPI_ISL_417238|by-EPI_ISL_416542	137
ST21	EPI_ISL_417384
ST21	EPI_ISL_417385
ST22	EPI_ISL_408978|by-EPI_ISL_415590	12-13-59-60-120-148-150-151-152-153-154-155
ST22	EPI_ISL_410546
ST22	EPI_ISL_412974
ST22	EPI_ISL_413605|by-EPI_ISL_415590	90-91
ST22	EPI_ISL_414529|by-EPI_ISL_416507	91
ST22	EPI_ISL_414531|by-EPI_ISL_415643	91
ST22	EPI_ISL_414532|by-EPI_ISL_418025	91
ST22	EPI_ISL_414534|by-EPI_ISL_418025	91
ST22	EPI_ISL_414645|by-EPI_ISL_416480	77-78-88-91
ST22	EPI_ISL_415130|by-EPI_ISL_415643	89
ST22	EPI_ISL_415132|by-EPI_ISL_415643	30-31-32-89
ST22	EPI_ISL_415139|by-EPI_ISL_416507	89
ST22	EPI_ISL_415143|by-EPI_ISL_417489	89
ST22	EPI_ISL_415144|by-EPI_ISL_416503	31-32-89
ST22	EPI_ISL_415149|by-EPI_ISL_416480	89
ST22	EPI_ISL_415470
ST22	EPI_ISL_415484
ST22	EPI_ISL_415590
ST22	EPI_ISL_415641
ST22	EPI_ISL_415643
ST22	EPI_ISL_415709
ST22	EPI_ISL_416346|by-EPI_ISL_415643	49-50-51-52-53-59-60
ST22	EPI_ISL_416480
ST22	EPI_ISL_416503
ST22	EPI_ISL_416507
ST22	EPI_ISL_416515|by-EPI_ISL_417668	98-99-100-155
ST22	EPI_ISL_416516|by-EPI_ISL_415643	98-99-100-155
ST22	EPI_ISL_416518|by-EPI_ISL_416507	98-99-100
ST22	EPI_ISL_417011|by-EPI_ISL_416507	98-99-100
ST22	EPI_ISL_417215|by-EPI_ISL_416507	89
ST22	EPI_ISL_417216|by-EPI_ISL_415643	152-153-154-155
ST22	EPI_ISL_417219|by-EPI_ISL_417668	89-90
ST22	EPI_ISL_417254
ST22	EPI_ISL_417262|by-EPI_ISL_416507	89
ST22	EPI_ISL_417275|by-EPI_ISL_416507	89
ST22	EPI_ISL_417281|by-EPI_ISL_417487	89
ST22	EPI_ISL_417284|by-EPI_ISL_415643	89
ST22	EPI_ISL_417300|by-EPI_ISL_417488	24-31-32-89-90-92-93-153-154-155
ST22	EPI_ISL_417303|by-EPI_ISL_417488	89
ST22	EPI_ISL_417305|by-EPI_ISL_416503	89
ST22	EPI_ISL_417314
ST22	EPI_ISL_417486
ST22	EPI_ISL_417487
ST22	EPI_ISL_417488
ST22	EPI_ISL_417489
ST22	EPI_ISL_417490|by-EPI_ISL_416507	97
ST22	EPI_ISL_417554|by-EPI_ISL_412974	34-35-36-49-85-86-87-149-150-151-152-153-154-155
ST22	EPI_ISL_417601|by-EPI_ISL_410546	149-150-151-152
ST22	EPI_ISL_417605|by-EPI_ISL_416507	149-150-151-152
ST22	EPI_ISL_417657|by-EPI_ISL_417668	152-153-154-155
ST22	EPI_ISL_417658|by-EPI_ISL_415484	24-30-31-32
ST22	EPI_ISL_417661|by-EPI_ISL_416507	24-30
ST22	EPI_ISL_417668
ST22	EPI_ISL_417669|by-EPI_ISL_416503	12-13-24-30-31-32-65
ST22	EPI_ISL_417765|by-EPI_ISL_416507	10-11-12-13-14-15-16-17-152-153-154-155
ST22	EPI_ISL_417952|by-EPI_ISL_412974	127
ST22	EPI_ISL_418025
ST22	EPI_ISL_418123|by-EPI_ISL_412974	59-65-89
ST22	EPI_ISL_418126|by-EPI_ISL_416507	155
ST23	EPI_ISL_409067
ST24	EPI_ISL_410301
ST25	EPI_ISL_411957
ST25	EPI_ISL_414684|by-EPI_ISL_411957	95
ST25	EPI_ISL_414685|by-EPI_ISL_411957	95
ST25	EPI_ISL_414686|by-EPI_ISL_411957	95
ST26	EPI_ISL_412028|by-EPI_ISL_416429	106
ST27	EPI_ISL_412029
ST27	EPI_ISL_414527
ST27	EPI_ISL_414528
ST27	EPI_ISL_414569
ST27	EPI_ISL_416314
ST27	EPI_ISL_417181|by-EPI_ISL_414527	98-100
ST27	EPI_ISL_417187
ST27	EPI_ISL_417188
ST27	EPI_ISL_417193
ST27	EPI_ISL_417197
ST28	EPI_ISL_412116|by-EPI_ISL_415128	59
ST28	EPI_ISL_414005|by-EPI_ISL_415128	59
ST28	EPI_ISL_414006|by-EPI_ISL_417315	59
ST28	EPI_ISL_414007|by-EPI_ISL_418021	59
ST28	EPI_ISL_415128
ST28	EPI_ISL_415478
ST28	EPI_ISL_415630
ST28	EPI_ISL_417213|by-EPI_ISL_417584	89
ST28	EPI_ISL_417270
ST28	EPI_ISL_417282
ST28	EPI_ISL_417315
ST28	EPI_ISL_417394|by-EPI_ISL_417270	10-11-12-13-14-15-16-151-152-153-154-155
ST28	EPI_ISL_417409|by-EPI_ISL_415478	10-11-12-13-14-15-16-151-152-153-154-155
ST28	EPI_ISL_417410|by-EPI_ISL_417659	10-11-12-13-14-15-16-151-152-153-154-155
ST28	EPI_ISL_417475|by-EPI_ISL_417659	59-94
ST28	EPI_ISL_417498|by-EPI_ISL_417270	59-94
ST28	EPI_ISL_417584
ST28	EPI_ISL_417659
ST28	EPI_ISL_417950
ST28	EPI_ISL_418020
ST28	EPI_ISL_418021
ST29	EPI_ISL_412862
ST29	EPI_ISL_413558
ST29	EPI_ISL_413559
ST29	EPI_ISL_413561
ST30	EPI_ISL_412873
ST31	EPI_ISL_412912
ST31	EPI_ISL_412972
ST31	EPI_ISL_413021
ST31	EPI_ISL_413022
ST31	EPI_ISL_413221|by-EPI_ISL_417362	98-99-100
ST31	EPI_ISL_413550|by-EPI_ISL_417297	104-105
ST31	EPI_ISL_413556|by-EPI_ISL_414580	98-99-100
ST31	EPI_ISL_413565|by-EPI_ISL_416428	76-77-104-105-106
ST31	EPI_ISL_413569
ST31	EPI_ISL_413570
ST31	EPI_ISL_413571|by-EPI_ISL_418167	91
ST31	EPI_ISL_413574|by-EPI_ISL_412972	91
ST31	EPI_ISL_413579
ST31	EPI_ISL_413587
ST31	EPI_ISL_414012
ST31	EPI_ISL_414023
ST31	EPI_ISL_414424|by-EPI_ISL_417933	91
ST31	EPI_ISL_414425|by-EPI_ISL_417244	91
ST31	EPI_ISL_414434|by-EPI_ISL_416140	91
ST31	EPI_ISL_414436|by-EPI_ISL_417738	91
ST31	EPI_ISL_414438|by-EPI_ISL_417567	91
ST31	EPI_ISL_414440|by-EPI_ISL_417012	91
ST31	EPI_ISL_414442|by-EPI_ISL_414580	91
ST31	EPI_ISL_414444|by-EPI_ISL_414023	91
ST31	EPI_ISL_414448|by-EPI_ISL_417781	91
ST31	EPI_ISL_414449|by-EPI_ISL_417265	91
ST31	EPI_ISL_414454|by-EPI_ISL_417642	91
ST31	EPI_ISL_414455|by-EPI_ISL_417564	91
ST31	EPI_ISL_414460|by-EPI_ISL_417738	91
ST31	EPI_ISL_414463|by-EPI_ISL_418167	91
ST31	EPI_ISL_414464|by-EPI_ISL_417564	91
ST31	EPI_ISL_414466|by-EPI_ISL_417619	91-111
ST31	EPI_ISL_414469|by-EPI_ISL_418019	91
ST31	EPI_ISL_414470
ST31	EPI_ISL_414471|by-EPI_ISL_418018	91
ST31	EPI_ISL_414486|by-EPI_ISL_417922	98-99-100
ST31	EPI_ISL_414488|by-EPI_ISL_417595	98-99-100-151-152-153-154-155
ST31	EPI_ISL_414507|by-EPI_ISL_415459	98-99-100
ST31	EPI_ISL_414535|by-EPI_ISL_413570	91
ST31	EPI_ISL_414548|by-EPI_ISL_417564	91
ST31	EPI_ISL_414556|by-EPI_ISL_416140	91
ST31	EPI_ISL_414560|by-EPI_ISL_413587	91
ST31	EPI_ISL_414566|by-EPI_ISL_416732	91
ST31	EPI_ISL_414580
ST31	EPI_ISL_414584|by-EPI_ISL_417769	89-98-99-100
ST31	EPI_ISL_414644|by-EPI_ISL_416142	137
ST31	EPI_ISL_415041|by-EPI_ISL_417826	98-99-100
ST31	EPI_ISL_415129
ST31	EPI_ISL_415138|by-EPI_ISL_417922	89
ST31	EPI_ISL_415145|by-EPI_ISL_417012	89
ST31	EPI_ISL_415454
ST31	EPI_ISL_415457
ST31	EPI_ISL_415459
ST31	EPI_ISL_415476
ST31	EPI_ISL_415532
ST31	EPI_ISL_415632|by-EPI_ISL_415703	98-99-100
ST31	EPI_ISL_415633|by-EPI_ISL_417826	98-99-100
ST31	EPI_ISL_415634|by-EPI_ISL_417004	98-99-100
ST31	EPI_ISL_415635|by-EPI_ISL_416734	98-99-100
ST31	EPI_ISL_415636|by-EPI_ISL_413570	98-99-100
ST31	EPI_ISL_415656|by-EPI_ISL_418019	89
ST31	EPI_ISL_415698
ST31	EPI_ISL_415699
ST31	EPI_ISL_415700
ST31	EPI_ISL_415703
ST31	EPI_ISL_415787
ST31	EPI_ISL_415916|by-EPI_ISL_417769	89-98-99-100
ST31	EPI_ISL_415977|by-EPI_ISL_417265	98-99-100
ST31	EPI_ISL_415991|by-EPI_ISL_417004	89-98-99-100
ST31	EPI_ISL_416036
ST31	EPI_ISL_416140
ST31	EPI_ISL_416142
ST31	EPI_ISL_416428
ST31	EPI_ISL_416430
ST31	EPI_ISL_416431
ST31	EPI_ISL_416472
ST31	EPI_ISL_416519
ST31	EPI_ISL_416520|by-EPI_ISL_417595	98-99-100
ST31	EPI_ISL_416676
ST31	EPI_ISL_416697
ST31	EPI_ISL_416732
ST31	EPI_ISL_416734
ST31	EPI_ISL_416736|by-EPI_ISL_417783	65-123-124-125
ST31	EPI_ISL_416737
ST31	EPI_ISL_416743
ST31	EPI_ISL_416997
ST31	EPI_ISL_417004
ST31	EPI_ISL_417012
ST31	EPI_ISL_417015
ST31	EPI_ISL_417196|by-EPI_ISL_412972	151-152-153-154-155
ST31	EPI_ISL_417225|by-EPI_ISL_418023	89-96
ST31	EPI_ISL_417229|by-EPI_ISL_417733	89
ST31	EPI_ISL_417230|by-EPI_ISL_413570	89
ST31	EPI_ISL_417241|by-EPI_ISL_417422	89
ST31	EPI_ISL_417242|by-EPI_ISL_414023	58-59-60-61-62-63-68
ST31	EPI_ISL_417243|by-EPI_ISL_415700	89
ST31	EPI_ISL_417244
ST31	EPI_ISL_417249|by-EPI_ISL_417278	89-90
ST31	EPI_ISL_417250|by-EPI_ISL_414470	89-96-100
ST31	EPI_ISL_417258
ST31	EPI_ISL_417260
ST31	EPI_ISL_417265
ST31	EPI_ISL_417271|by-EPI_ISL_417422	89
ST31	EPI_ISL_417273|by-EPI_ISL_417297	89
ST31	EPI_ISL_417274|by-EPI_ISL_417581	89
ST31	EPI_ISL_417278
ST31	EPI_ISL_417294|by-EPI_ISL_417525	89
ST31	EPI_ISL_417297
ST31	EPI_ISL_417307
ST31	EPI_ISL_417308|by-EPI_ISL_417297	59-89-90-153-154-155
ST31	EPI_ISL_417309|by-EPI_ISL_415703	89
ST31	EPI_ISL_417311
ST31	EPI_ISL_417362
ST31	EPI_ISL_417407|by-EPI_ISL_415459	10-11-12-13-14-15-16-151-152-153-154-155
ST31	EPI_ISL_417422
ST31	EPI_ISL_417425
ST31	EPI_ISL_417428
ST31	EPI_ISL_417458
ST31	EPI_ISL_417464
ST31	EPI_ISL_417509
ST31	EPI_ISL_417525
ST31	EPI_ISL_417538
ST31	EPI_ISL_417539
ST31	EPI_ISL_417546|by-EPI_ISL_417933	45-46
ST31	EPI_ISL_417547|by-EPI_ISL_417539	63-64-65-66-96-123-124
ST31	EPI_ISL_417564
ST31	EPI_ISL_417567
ST31	EPI_ISL_417581
ST31	EPI_ISL_417585
ST31	EPI_ISL_417595
ST31	EPI_ISL_417608|by-EPI_ISL_415454	153-154-155
ST31	EPI_ISL_417619
ST31	EPI_ISL_417642
ST31	EPI_ISL_417643|by-EPI_ISL_416431	152
ST31	EPI_ISL_417662
ST31	EPI_ISL_417663
ST31	EPI_ISL_417664
ST31	EPI_ISL_417674|by-EPI_ISL_417664	12-13-14-15-24
ST31	EPI_ISL_417679
ST31	EPI_ISL_417697|by-EPI_ISL_415700	10-11-12-13-14-15-16-17-24-152-153-154-155
ST31	EPI_ISL_417718|by-EPI_ISL_415787	10-11-12-13-14-15-16-17-152-153-154-155
ST31	EPI_ISL_417729|by-EPI_ISL_417428	12-13-14-16-89-153-154-155
ST31	EPI_ISL_417733
ST31	EPI_ISL_417738
ST31	EPI_ISL_417747|by-EPI_ISL_412972	152-153-154-155
ST31	EPI_ISL_417751|by-EPI_ISL_415454	24-26-27
ST31	EPI_ISL_417768|by-EPI_ISL_413569	12-13-14-15-24-26-152
ST31	EPI_ISL_417769
ST31	EPI_ISL_417776|by-EPI_ISL_417244	10-11-12-13-14-15-16-17-24-97-152-153-154-155
ST31	EPI_ISL_417781
ST31	EPI_ISL_417782|by-EPI_ISL_415699	24
ST31	EPI_ISL_417783
ST31	EPI_ISL_417796
ST31	EPI_ISL_417807|by-EPI_ISL_417581	10-11-12-13-14-15-16-17-89-152-153-154-155
ST31	EPI_ISL_417811|by-EPI_ISL_417564	30-31-32-45-46-65-152-153-154-155
ST31	EPI_ISL_417813
ST31	EPI_ISL_417826
ST31	EPI_ISL_417843|by-EPI_ISL_417265	24
ST31	EPI_ISL_417845|by-EPI_ISL_417458	45-46
ST31	EPI_ISL_417922
ST31	EPI_ISL_417933
ST31	EPI_ISL_417993
ST31	EPI_ISL_418002
ST31	EPI_ISL_418004
ST31	EPI_ISL_418007
ST31	EPI_ISL_418008
ST31	EPI_ISL_418018
ST31	EPI_ISL_418019
ST31	EPI_ISL_418023
ST31	EPI_ISL_418056
ST31	EPI_ISL_418086|by-EPI_ISL_415787	65-89-98-99-100-155
ST31	EPI_ISL_418087|by-EPI_ISL_417796	40-65-89-92-93-98-99-100-123-151-152-153-154-155
ST31	EPI_ISL_418088|by-EPI_ISL_417265	65-89-148-153-154-155
ST31	EPI_ISL_418089|by-EPI_ISL_415457	65-89-98-99-100-106-148-149-150-151-152-153-154-155
ST31	EPI_ISL_418090|by-EPI_ISL_417458	89-151-152-153-154-155
ST31	EPI_ISL_418091|by-EPI_ISL_418004	40-65-89-98-99-100-148-150-151-152-153-154-155
ST31	EPI_ISL_418093|by-EPI_ISL_417004	89
ST31	EPI_ISL_418094|by-EPI_ISL_417781	65-89-98-99-100-151-152-153-154-155
ST31	EPI_ISL_418096|by-EPI_ISL_418018	89-151-152-153-154-155
ST31	EPI_ISL_418114|by-EPI_ISL_417525	65-89
ST31	EPI_ISL_418118|by-EPI_ISL_417458	65-89-148
ST31	EPI_ISL_418167
ST32	EPI_ISL_412964
ST32	EPI_ISL_412971|by-EPI_ISL_413602	86-90-91
ST32	EPI_ISL_412973
ST32	EPI_ISL_413555
ST32	EPI_ISL_413566
ST32	EPI_ISL_413575
ST32	EPI_ISL_413591
ST32	EPI_ISL_413602
ST32	EPI_ISL_414015
ST32	EPI_ISL_414016
ST32	EPI_ISL_414025|by-EPI_ISL_416658	98-99-100
ST32	EPI_ISL_414045
ST32	EPI_ISL_414437|by-EPI_ISL_414016	91
ST32	EPI_ISL_414441|by-EPI_ISL_413575	91
ST32	EPI_ISL_414443
ST32	EPI_ISL_414445
ST32	EPI_ISL_414450|by-EPI_ISL_417257	49-91
ST32	EPI_ISL_414453|by-EPI_ISL_416742	91-111
ST32	EPI_ISL_414456|by-EPI_ISL_418166	91
ST32	EPI_ISL_414457
ST32	EPI_ISL_414465|by-EPI_ISL_417257	91
ST32	EPI_ISL_414477|by-EPI_ISL_417421	155
ST32	EPI_ISL_414495|by-EPI_ISL_413602	36-37-151-152-153-154-155
ST32	EPI_ISL_414525
ST32	EPI_ISL_414530|by-EPI_ISL_416658	91
ST32	EPI_ISL_414585|by-EPI_ISL_412964	89-98-99-100
ST32	EPI_ISL_414586
ST32	EPI_ISL_414587
ST32	EPI_ISL_414594|by-EPI_ISL_417220	10-11-12-13-14-15-16
ST32	EPI_ISL_414631
ST32	EPI_ISL_414648
ST32	EPI_ISL_414949|by-EPI_ISL_418211	98-99-100
ST32	EPI_ISL_415131|by-EPI_ISL_417691	89
ST32	EPI_ISL_415133|by-EPI_ISL_414015	89
ST32	EPI_ISL_415135|by-EPI_ISL_415601	89
ST32	EPI_ISL_415136
ST32	EPI_ISL_415140|by-EPI_ISL_415629	89
ST32	EPI_ISL_415146|by-EPI_ISL_416031	89
ST32	EPI_ISL_415147|by-EPI_ISL_413591	89
ST32	EPI_ISL_415150
ST32	EPI_ISL_415152|by-EPI_ISL_417220	47-50
ST32	EPI_ISL_415156
ST32	EPI_ISL_415435|by-EPI_ISL_417032	89
ST32	EPI_ISL_415453|by-EPI_ISL_417592	98-99-100-151-152-153-154-155
ST32	EPI_ISL_415472
ST32	EPI_ISL_415480
ST32	EPI_ISL_415536|by-EPI_ISL_417831	65-98-99-100-151-152-153-154-155
ST32	EPI_ISL_415601
ST32	EPI_ISL_415629
ST32	EPI_ISL_415637|by-EPI_ISL_417592	98-99-100
ST32	EPI_ISL_415639|by-EPI_ISL_413602	98-99-100
ST32	EPI_ISL_415642
ST32	EPI_ISL_415647
ST32	EPI_ISL_415653|by-EPI_ISL_418139	41-51-52-53-54-58-149-150-151-152-153-154-155
ST32	EPI_ISL_415655
ST32	EPI_ISL_415696|by-EPI_ISL_417493	41-51-52-53-54-58-149-150-151-152-153-154-155
ST32	EPI_ISL_415708
ST32	EPI_ISL_415978|by-EPI_ISL_417470	65-89-98-99-100-151-152-153-154-155
ST32	EPI_ISL_416026|by-EPI_ISL_416031	98-99-100-151-152-153-154-155
ST32	EPI_ISL_416031
ST32	EPI_ISL_416141
ST32	EPI_ISL_416144
ST32	EPI_ISL_416420|by-EPI_ISL_417691	89
ST32	EPI_ISL_416470
ST32	EPI_ISL_416524
ST32	EPI_ISL_416525
ST32	EPI_ISL_416658
ST32	EPI_ISL_416673|by-EPI_ISL_415655	12-13-14-15-16
ST32	EPI_ISL_416735|by-EPI_ISL_417419	65-123-124-125
ST32	EPI_ISL_416742
ST32	EPI_ISL_416832
ST32	EPI_ISL_417013
ST32	EPI_ISL_417024
ST32	EPI_ISL_417026|by-EPI_ISL_413575	89
ST32	EPI_ISL_417027|by-EPI_ISL_418211	89
ST32	EPI_ISL_417032
ST32	EPI_ISL_417186
ST32	EPI_ISL_417198|by-EPI_ISL_416832	151-152-153-154-155
ST32	EPI_ISL_417202
ST32	EPI_ISL_417214|by-EPI_ISL_416144	89
ST32	EPI_ISL_417220
ST32	EPI_ISL_417221|by-EPI_ISL_418211	89
ST32	EPI_ISL_417222
ST32	EPI_ISL_417223|by-EPI_ISL_418211	89
ST32	EPI_ISL_417224|by-EPI_ISL_418017	89-90
ST32	EPI_ISL_417227
ST32	EPI_ISL_417228
ST32	EPI_ISL_417237|by-EPI_ISL_416144	121
ST32	EPI_ISL_417245|by-EPI_ISL_415601	89-121-149
ST32	EPI_ISL_417247|by-EPI_ISL_417493	89-90
ST32	EPI_ISL_417251|by-EPI_ISL_414648	89
ST32	EPI_ISL_417257
ST32	EPI_ISL_417266|by-EPI_ISL_417515	113
ST32	EPI_ISL_417304|by-EPI_ISL_417470	89
ST32	EPI_ISL_417310|by-EPI_ISL_417572	89-90
ST32	EPI_ISL_417397|by-EPI_ISL_417496	10-11-12-13-14-15-16-151-152-153-154-155
ST32	EPI_ISL_417418
ST32	EPI_ISL_417419
ST32	EPI_ISL_417421
ST32	EPI_ISL_417423
ST32	EPI_ISL_417430
ST32	EPI_ISL_417434|by-EPI_ISL_415647	89-98-99-100
ST32	EPI_ISL_417441|by-EPI_ISL_417515	65-98-99-100-123-152-153-154-155
ST32	EPI_ISL_417445
ST32	EPI_ISL_417446
ST32	EPI_ISL_417447
ST32	EPI_ISL_417470
ST32	EPI_ISL_417472
ST32	EPI_ISL_417473
ST32	EPI_ISL_417479|by-EPI_ISL_415655	36-102
ST32	EPI_ISL_417481
ST32	EPI_ISL_417493
ST32	EPI_ISL_417495
ST32	EPI_ISL_417496
ST32	EPI_ISL_417502|by-EPI_ISL_417470	36-102
ST32	EPI_ISL_417515
ST32	EPI_ISL_417535
ST32	EPI_ISL_417572
ST32	EPI_ISL_417592
ST32	EPI_ISL_417638|by-EPI_ISL_417972	149-150-151-152-154
ST32	EPI_ISL_417691
ST32	EPI_ISL_417708|by-EPI_ISL_413575	10-11-12-13-14-15-16-17-24
ST32	EPI_ISL_417727
ST32	EPI_ISL_417730|by-EPI_ISL_417222	152
ST32	EPI_ISL_417821|by-EPI_ISL_417831	90-96-123-149-150-151-152-153-154-155
ST32	EPI_ISL_417831
ST32	EPI_ISL_417921
ST32	EPI_ISL_417941|by-EPI_ISL_415480	89
ST32	EPI_ISL_417972
ST32	EPI_ISL_417973|by-EPI_ISL_414015	89
ST32	EPI_ISL_417974
ST32	EPI_ISL_417990
ST32	EPI_ISL_418017
ST32	EPI_ISL_418122|by-EPI_ISL_417493	89
ST32	EPI_ISL_418138|by-EPI_ISL_415655	65-152-153-154-155
ST32	EPI_ISL_418139
ST32	EPI_ISL_418152|by-EPI_ISL_414525	148
ST32	EPI_ISL_418166
ST32	EPI_ISL_418210
ST32	EPI_ISL_418211
ST32	EPI_ISL_418212|by-EPI_ISL_417419	155
ST32	EPI_ISL_418213
ST32	EPI_ISL_418214|by-EPI_ISL_416832	89-152-153-154-155
ST32	EPI_ISL_418215|by-EPI_ISL_417691	89
ST33	EPI_ISL_412969
ST33	EPI_ISL_413459|by-EPI_ISL_416582	10-11-12-13-14
ST33	EPI_ISL_416582
ST33	EPI_ISL_416587
ST33	EPI_ISL_416598
ST33	EPI_ISL_416610
ST34	EPI_ISL_412970
ST34	EPI_ISL_413486|by-EPI_ISL_417101	10-11
ST34	EPI_ISL_413487|by-EPI_ISL_416435	10-11-12-13-14-15-16-17-18
ST34	EPI_ISL_415600|by-EPI_ISL_417101	15-16
ST34	EPI_ISL_416435
ST34	EPI_ISL_416462
ST34	EPI_ISL_417095
ST34	EPI_ISL_417100
ST34	EPI_ISL_417101
ST34	EPI_ISL_417347
ST35	EPI_ISL_412982
ST36	EPI_ISL_413016
ST36	EPI_ISL_413019
ST36	EPI_ISL_414011
ST36	EPI_ISL_414013|by-EPI_ISL_417008	59
ST36	EPI_ISL_414451
ST36	EPI_ISL_414468
ST36	EPI_ISL_415142
ST36	EPI_ISL_415486
ST36	EPI_ISL_415491
ST36	EPI_ISL_415512
ST36	EPI_ISL_415527
ST36	EPI_ISL_417008
ST36	EPI_ISL_417009
ST36	EPI_ISL_417189|by-EPI_ISL_414011	36-59-119-151-152-153-154-155
ST36	EPI_ISL_417246
ST36	EPI_ISL_417290
ST36	EPI_ISL_417291
ST36	EPI_ISL_417346
ST36	EPI_ISL_417405|by-EPI_ISL_414451	10-11-12-13-14-15-16-151-152-153-154-155
ST36	EPI_ISL_417522
ST36	EPI_ISL_417528
ST36	EPI_ISL_417825
ST36	EPI_ISL_417931
ST36	EPI_ISL_417975
ST36	EPI_ISL_418005
ST36	EPI_ISL_418149
ST37	EPI_ISL_413017
ST38	EPI_ISL_413020
ST38	EPI_ISL_416486|by-EPI_ISL_417299	100
ST38	EPI_ISL_417298
ST38	EPI_ISL_417299
ST38	EPI_ISL_417992
ST38	EPI_ISL_417995
ST38	EPI_ISL_418001
ST38	EPI_ISL_418013
ST39	EPI_ISL_413023
ST39	EPI_ISL_415105
ST39	EPI_ISL_415458
ST39	EPI_ISL_416029
ST39	EPI_ISL_416035
ST39	EPI_ISL_417404|by-EPI_ISL_416029	10-11-12-13-14-15-16-151-152-153-154-155
ST39	EPI_ISL_417512
ST39	EPI_ISL_417561
ST39	EPI_ISL_418043|by-EPI_ISL_415458	10-11-12-13-14
ST40	EPI_ISL_413024
ST40	EPI_ISL_413997
ST40	EPI_ISL_414021
ST40	EPI_ISL_414022
ST40	EPI_ISL_415455
ST40	EPI_ISL_415456
ST40	EPI_ISL_415701
ST40	EPI_ISL_416744
ST40	EPI_ISL_417390
ST40	EPI_ISL_417551
ST40	EPI_ISL_417816|by-EPI_ISL_414022	149-150-151-152-153-154-155
ST41	EPI_ISL_413025
ST41	EPI_ISL_413603
ST41	EPI_ISL_414009|by-EPI_ISL_417483	59
ST41	EPI_ISL_417212|by-EPI_ISL_413603	10-11-59
ST41	EPI_ISL_417483
ST41	EPI_ISL_418080
ST42	EPI_ISL_413213
ST42	EPI_ISL_413595|by-EPI_ISL_416458	10-11-12-13-14-15-16-151-152-153-154-155
ST42	EPI_ISL_413597|by-EPI_ISL_417387	10-11-12-13-14-15-16-151-152-153-154-155
ST42	EPI_ISL_413598|by-EPI_ISL_417484	10-11-12-13-14-15-16-151-152-153-154-155
ST42	EPI_ISL_415644
ST42	EPI_ISL_416412
ST42	EPI_ISL_416458
ST42	EPI_ISL_416541
ST42	EPI_ISL_416543
ST42	EPI_ISL_417387
ST42	EPI_ISL_417484
ST43	EPI_ISL_413214
ST43	EPI_ISL_414414
ST43	EPI_ISL_417386
ST44	EPI_ISL_413455
ST44	EPI_ISL_413456
ST44	EPI_ISL_413457
ST44	EPI_ISL_413458
ST44	EPI_ISL_413557
ST44	EPI_ISL_413560
ST44	EPI_ISL_413562|by-EPI_ISL_417122	10-11-17
ST44	EPI_ISL_413563
ST44	EPI_ISL_413601|by-EPI_ISL_417152	10-11-12-13-14-15-16-17-18
ST44	EPI_ISL_413649|by-EPI_ISL_417151	10-11-12-13-14-15-16-17-109-110
ST44	EPI_ISL_413652|by-EPI_ISL_417168	10-11-12-13-15-16
ST44	EPI_ISL_413653
ST44	EPI_ISL_413922|by-EPI_ISL_418030	10-11-12-13-14-126-149-150-151-152-153-154-155
ST44	EPI_ISL_413924|by-EPI_ISL_417146	151-152
ST44	EPI_ISL_414363
ST44	EPI_ISL_414364|by-EPI_ISL_417123	10-11-12-13-14-15-16-17
ST44	EPI_ISL_414365|by-EPI_ISL_417155	10-11-12-13-14-15-16
ST44	EPI_ISL_414366
ST44	EPI_ISL_414367|by-EPI_ISL_417165	15-16
ST44	EPI_ISL_414368
ST44	EPI_ISL_414369
ST44	EPI_ISL_414590
ST44	EPI_ISL_414592
ST44	EPI_ISL_414593|by-EPI_ISL_417129	10
ST44	EPI_ISL_414596|by-EPI_ISL_417507	10-11-12-13-15-16
ST44	EPI_ISL_414597|by-EPI_ISL_417071	10-11
ST44	EPI_ISL_414619|by-EPI_ISL_417128	10-11-12-13-14-15-16
ST44	EPI_ISL_414620|by-EPI_ISL_415589	10-11-12-13-14-15-16
ST44	EPI_ISL_414621|by-EPI_ISL_416636	10-11-12-13
ST44	EPI_ISL_415541
ST44	EPI_ISL_415542
ST44	EPI_ISL_415586
ST44	EPI_ISL_415589
ST44	EPI_ISL_415591
ST44	EPI_ISL_415592
ST44	EPI_ISL_415593|by-EPI_ISL_416636	14-15-16-29-89
ST44	EPI_ISL_415594
ST44	EPI_ISL_415595|by-EPI_ISL_417077	15
ST44	EPI_ISL_415598
ST44	EPI_ISL_415599
ST44	EPI_ISL_415603
ST44	EPI_ISL_415604
ST44	EPI_ISL_415606|by-EPI_ISL_415541	15-16
ST44	EPI_ISL_415610|by-EPI_ISL_417449	10-11-12-13-14-15-16-17
ST44	EPI_ISL_415612
ST44	EPI_ISL_415613|by-EPI_ISL_417161	10-11-12-13-14
ST44	EPI_ISL_415614|by-EPI_ISL_417167	10-11-12-13-14
ST44	EPI_ISL_415615
ST44	EPI_ISL_415616|by-EPI_ISL_415604	10-11-12-13-14
ST44	EPI_ISL_415617
ST44	EPI_ISL_415618|by-EPI_ISL_417134	112-133
ST44	EPI_ISL_415619
ST44	EPI_ISL_415621
ST44	EPI_ISL_415622
ST44	EPI_ISL_415623|by-EPI_ISL_418066	14-15-16
ST44	EPI_ISL_415626
ST44	EPI_ISL_415627
ST44	EPI_ISL_416417|by-EPI_ISL_416702	65-89-98-99-100
ST44	EPI_ISL_416423|by-EPI_ISL_415592	89
ST44	EPI_ISL_416424|by-EPI_ISL_417066	65-89-98-99-100
ST44	EPI_ISL_416433
ST44	EPI_ISL_416436
ST44	EPI_ISL_416437
ST44	EPI_ISL_416441
ST44	EPI_ISL_416442
ST44	EPI_ISL_416443
ST44	EPI_ISL_416444
ST44	EPI_ISL_416445
ST44	EPI_ISL_416446
ST44	EPI_ISL_416448
ST44	EPI_ISL_416450
ST44	EPI_ISL_416451
ST44	EPI_ISL_416454|by-EPI_ISL_417350	10-11
ST44	EPI_ISL_416455
ST44	EPI_ISL_416456|by-EPI_ISL_418046	14-15-16
ST44	EPI_ISL_416460
ST44	EPI_ISL_416461
ST44	EPI_ISL_416465
ST44	EPI_ISL_416514
ST44	EPI_ISL_416636
ST44	EPI_ISL_416637
ST44	EPI_ISL_416638
ST44	EPI_ISL_416639|by-EPI_ISL_418046	10-11-12-13-14-15-16-17
ST44	EPI_ISL_416640|by-EPI_ISL_417169	15-16
ST44	EPI_ISL_416641
ST44	EPI_ISL_416643
ST44	EPI_ISL_416644
ST44	EPI_ISL_416645|by-EPI_ISL_417165	10-11-12-13-14-15-16-27
ST44	EPI_ISL_416652
ST44	EPI_ISL_416654
ST44	EPI_ISL_416656
ST44	EPI_ISL_416659
ST44	EPI_ISL_416662
ST44	EPI_ISL_416663
ST44	EPI_ISL_416665
ST44	EPI_ISL_416666
ST44	EPI_ISL_416669
ST44	EPI_ISL_416670|by-EPI_ISL_417350	12-13-111-151-152-153
ST44	EPI_ISL_416679
ST44	EPI_ISL_416680
ST44	EPI_ISL_416681
ST44	EPI_ISL_416683
ST44	EPI_ISL_416685
ST44	EPI_ISL_416686
ST44	EPI_ISL_416687
ST44	EPI_ISL_416688
ST44	EPI_ISL_416689
ST44	EPI_ISL_416690
ST44	EPI_ISL_416692|by-EPI_ISL_415627	15
ST44	EPI_ISL_416695
ST44	EPI_ISL_416701
ST44	EPI_ISL_416702
ST44	EPI_ISL_416703
ST44	EPI_ISL_416705
ST44	EPI_ISL_416709
ST44	EPI_ISL_416710
ST44	EPI_ISL_416711
ST44	EPI_ISL_416712
ST44	EPI_ISL_416714
ST44	EPI_ISL_416715
ST44	EPI_ISL_416717
ST44	EPI_ISL_416718
ST44	EPI_ISL_416720
ST44	EPI_ISL_416721
ST44	EPI_ISL_416722
ST44	EPI_ISL_416726
ST44	EPI_ISL_416727
ST44	EPI_ISL_417028
ST44	EPI_ISL_417065
ST44	EPI_ISL_417066
ST44	EPI_ISL_417067|by-EPI_ISL_417091	51-52-58-81-114-123-124
ST44	EPI_ISL_417068
ST44	EPI_ISL_417069
ST44	EPI_ISL_417070
ST44	EPI_ISL_417071
ST44	EPI_ISL_417074
ST44	EPI_ISL_417077
ST44	EPI_ISL_417078|by-EPI_ISL_416726	27-49-68-82-99
ST44	EPI_ISL_417079
ST44	EPI_ISL_417080|by-EPI_ISL_417966	25
ST44	EPI_ISL_417082
ST44	EPI_ISL_417083|by-EPI_ISL_416705	24-28-49-56-84
ST44	EPI_ISL_417084|by-EPI_ISL_417167	24-34-59-81-119-130
ST44	EPI_ISL_417086
ST44	EPI_ISL_417087
ST44	EPI_ISL_417088|by-EPI_ISL_416690	49
ST44	EPI_ISL_417089
ST44	EPI_ISL_417090|by-EPI_ISL_417203	26
ST44	EPI_ISL_417091
ST44	EPI_ISL_417092
ST44	EPI_ISL_417093
ST44	EPI_ISL_417094|by-EPI_ISL_416636	24-82-84-111
ST44	EPI_ISL_417096
ST44	EPI_ISL_417097
ST44	EPI_ISL_417098
ST44	EPI_ISL_417099
ST44	EPI_ISL_417102
ST44	EPI_ISL_417103
ST44	EPI_ISL_417104
ST44	EPI_ISL_417105
ST44	EPI_ISL_417106
ST44	EPI_ISL_417107
ST44	EPI_ISL_417108
ST44	EPI_ISL_417109|by-EPI_ISL_417154	49-84
ST44	EPI_ISL_417110
ST44	EPI_ISL_417112
ST44	EPI_ISL_417113|by-EPI_ISL_417079	15-16-17-49-53-54-55-130-152-153-154-155
ST44	EPI_ISL_417114
ST44	EPI_ISL_417115
ST44	EPI_ISL_417116
ST44	EPI_ISL_417117
ST44	EPI_ISL_417118
ST44	EPI_ISL_417119
ST44	EPI_ISL_417120
ST44	EPI_ISL_417121
ST44	EPI_ISL_417122
ST44	EPI_ISL_417123
ST44	EPI_ISL_417124
ST44	EPI_ISL_417125
ST44	EPI_ISL_417127
ST44	EPI_ISL_417128
ST44	EPI_ISL_417129
ST44	EPI_ISL_417130
ST44	EPI_ISL_417131|by-EPI_ISL_418069	87
ST44	EPI_ISL_417132
ST44	EPI_ISL_417133
ST44	EPI_ISL_417134
ST44	EPI_ISL_417135
ST44	EPI_ISL_417136
ST44	EPI_ISL_417137
ST44	EPI_ISL_417138|by-EPI_ISL_417071	32-33-34-49-70-84-130
ST44	EPI_ISL_417140
ST44	EPI_ISL_417141
ST44	EPI_ISL_417142
ST44	EPI_ISL_417143
ST44	EPI_ISL_417144
ST44	EPI_ISL_417145
ST44	EPI_ISL_417146
ST44	EPI_ISL_417148
ST44	EPI_ISL_417149
ST44	EPI_ISL_417150
ST44	EPI_ISL_417151
ST44	EPI_ISL_417152
ST44	EPI_ISL_417153
ST44	EPI_ISL_417154
ST44	EPI_ISL_417155
ST44	EPI_ISL_417156
ST44	EPI_ISL_417157
ST44	EPI_ISL_417158
ST44	EPI_ISL_417161
ST44	EPI_ISL_417162
ST44	EPI_ISL_417164
ST44	EPI_ISL_417165
ST44	EPI_ISL_417166|by-EPI_ISL_415622	10-11-66-81
ST44	EPI_ISL_417167
ST44	EPI_ISL_417168
ST44	EPI_ISL_417169
ST44	EPI_ISL_417170
ST44	EPI_ISL_417171
ST44	EPI_ISL_417172
ST44	EPI_ISL_417173|by-EPI_ISL_416451	12-13-14-15-16-17-28-44-45-46-50-74-105-118
ST44	EPI_ISL_417174|by-EPI_ISL_418046	18-24-26-35-36-124
ST44	EPI_ISL_417175
ST44	EPI_ISL_417203
ST44	EPI_ISL_417323|by-EPI_ISL_415541	10-11-12-13-14-30-149-150
ST44	EPI_ISL_417324|by-EPI_ISL_417092	151-152-153-154-155
ST44	EPI_ISL_417332|by-EPI_ISL_416703	59
ST44	EPI_ISL_417344
ST44	EPI_ISL_417349
ST44	EPI_ISL_417350
ST44	EPI_ISL_417351
ST44	EPI_ISL_417354
ST44	EPI_ISL_417355|by-EPI_ISL_413653	104-105
ST44	EPI_ISL_417357|by-EPI_ISL_417099	17-105
ST44	EPI_ISL_417358
ST44	EPI_ISL_417360|by-EPI_ISL_416681	15-16
ST44	EPI_ISL_417361
ST44	EPI_ISL_417364
ST44	EPI_ISL_417365
ST44	EPI_ISL_417366
ST44	EPI_ISL_417368
ST44	EPI_ISL_417371
ST44	EPI_ISL_417375|by-EPI_ISL_416442	15-16-17
ST44	EPI_ISL_417377|by-EPI_ISL_416436	15-16
ST44	EPI_ISL_417449
ST44	EPI_ISL_417450
ST44	EPI_ISL_417456
ST44	EPI_ISL_417507
ST44	EPI_ISL_417960
ST44	EPI_ISL_417962|by-EPI_ISL_417165	89
ST44	EPI_ISL_417964
ST44	EPI_ISL_417965
ST44	EPI_ISL_417966
ST44	EPI_ISL_417968
ST44	EPI_ISL_418030
ST44	EPI_ISL_418034|by-EPI_ISL_417960	10-11-12-13-14
ST44	EPI_ISL_418038
ST44	EPI_ISL_418040|by-EPI_ISL_417203	10-11-12-13-14-15-16
ST44	EPI_ISL_418046
ST44	EPI_ISL_418047
ST44	EPI_ISL_418048|by-EPI_ISL_415592	10-11-12-13-14-15-16-17-33-121
ST44	EPI_ISL_418050
ST44	EPI_ISL_418059
ST44	EPI_ISL_418061
ST44	EPI_ISL_418063|by-EPI_ISL_417092	10-11-12-13-14-15-16-17-23
ST44	EPI_ISL_418064
ST44	EPI_ISL_418065|by-EPI_ISL_417169	10-11-12-13-14-15-16-17-121-125
ST44	EPI_ISL_418066
ST44	EPI_ISL_418069
ST44	EPI_ISL_418070
ST44	EPI_ISL_418074|by-EPI_ISL_416446	10-11-12-13-14-15-16-17-126
ST44	EPI_ISL_418075|by-EPI_ISL_415541	10-11-12-13-14-15-16
ST44	EPI_ISL_418078|by-EPI_ISL_417132	10-11-12-13-14-15-16-17-18-27-122
ST44	EPI_ISL_418079|by-EPI_ISL_417157	10-11-12-13-14-15-16-17
ST44	EPI_ISL_418082|by-EPI_ISL_417168	10-11
ST44	EPI_ISL_418113|by-EPI_ISL_417144	65-89-92-93-148
ST44	EPI_ISL_418187
ST44	EPI_ISL_418189|by-EPI_ISL_416638	95
ST45	EPI_ISL_413488|by-EPI_ISL_415531	152
ST45	EPI_ISL_414497
ST45	EPI_ISL_414499
ST45	EPI_ISL_414505
ST45	EPI_ISL_414509
ST45	EPI_ISL_415464
ST45	EPI_ISL_415495
ST45	EPI_ISL_415531
ST45	EPI_ISL_416033
ST45	EPI_ISL_416488
ST45	EPI_ISL_417412|by-EPI_ISL_417759	10-11-12-13-14-15-16-151-152-153-154-155
ST45	EPI_ISL_417459
ST45	EPI_ISL_417461
ST45	EPI_ISL_417462
ST45	EPI_ISL_417759
ST45	EPI_ISL_417793
ST45	EPI_ISL_417958
ST45	EPI_ISL_418117
ST46	EPI_ISL_413489
ST46	EPI_ISL_413996
ST46	EPI_ISL_414601
ST46	EPI_ISL_414624
ST46	EPI_ISL_416494
ST46	EPI_ISL_417529
ST46	EPI_ISL_417530
ST46	EPI_ISL_417533
ST46	EPI_ISL_417569
ST46	EPI_ISL_417610
ST46	EPI_ISL_417711
ST46	EPI_ISL_417764
ST46	EPI_ISL_417803
ST46	EPI_ISL_417851
ST47	EPI_ISL_413572
ST47	EPI_ISL_414625
ST47	EPI_ISL_414627
ST47	EPI_ISL_414634
ST47	EPI_ISL_414635
ST47	EPI_ISL_414636
ST47	EPI_ISL_414642
ST47	EPI_ISL_415477
ST47	EPI_ISL_415487
ST47	EPI_ISL_415543
ST47	EPI_ISL_415544
ST47	EPI_ISL_415649
ST47	EPI_ISL_415650
ST47	EPI_ISL_415692
ST47	EPI_ISL_415693
ST47	EPI_ISL_416457
ST47	EPI_ISL_416478
ST47	EPI_ISL_416491
ST47	EPI_ISL_416492
ST47	EPI_ISL_416495
ST47	EPI_ISL_416496
ST47	EPI_ISL_416501
ST47	EPI_ISL_416502
ST47	EPI_ISL_416504
ST47	EPI_ISL_416505
ST47	EPI_ISL_416506
ST47	EPI_ISL_416508
ST47	EPI_ISL_416509
ST47	EPI_ISL_416510
ST47	EPI_ISL_416511
ST47	EPI_ISL_416512
ST47	EPI_ISL_416642
ST47	EPI_ISL_416655
ST47	EPI_ISL_416660
ST47	EPI_ISL_416672
ST47	EPI_ISL_416678
ST47	EPI_ISL_416704|by-EPI_ISL_417748	10-11-12-13-14-15-16
ST47	EPI_ISL_416748
ST47	EPI_ISL_416753
ST47	EPI_ISL_416830
ST47	EPI_ISL_417006
ST47	EPI_ISL_417020
ST47	EPI_ISL_417204
ST47	EPI_ISL_417330
ST47	EPI_ISL_417338
ST47	EPI_ISL_417340
ST47	EPI_ISL_417352
ST47	EPI_ISL_417359
ST47	EPI_ISL_417373
ST47	EPI_ISL_417457
ST47	EPI_ISL_417463
ST47	EPI_ISL_417465
ST47	EPI_ISL_417466
ST47	EPI_ISL_417467
ST47	EPI_ISL_417468
ST47	EPI_ISL_417469
ST47	EPI_ISL_417474
ST47	EPI_ISL_417476
ST47	EPI_ISL_417492
ST47	EPI_ISL_417497
ST47	EPI_ISL_417499
ST47	EPI_ISL_417505
ST47	EPI_ISL_417516
ST47	EPI_ISL_417559|by-EPI_ISL_415650	128-129-130
ST47	EPI_ISL_417562
ST47	EPI_ISL_417570
ST47	EPI_ISL_417579|by-EPI_ISL_416504	128-129-130
ST47	EPI_ISL_417593
ST47	EPI_ISL_417594
ST47	EPI_ISL_417596|by-EPI_ISL_418197	149-150-151-152
ST47	EPI_ISL_417614
ST47	EPI_ISL_417620|by-EPI_ISL_416505	149-152
ST47	EPI_ISL_417631|by-EPI_ISL_418203	149-150-151-152-153-154-155
ST47	EPI_ISL_417654
ST47	EPI_ISL_417656|by-EPI_ISL_417505	128-129-130
ST47	EPI_ISL_417665
ST47	EPI_ISL_417673|by-EPI_ISL_418204	12-13-24-26-27-28-29-30-31-32-45-46-65
ST47	EPI_ISL_417675|by-EPI_ISL_417742	152-153-154-155
ST47	EPI_ISL_417677
ST47	EPI_ISL_417682|by-EPI_ISL_417875	152
ST47	EPI_ISL_417683
ST47	EPI_ISL_417685
ST47	EPI_ISL_417687|by-EPI_ISL_416505	12-13-14-15-16-17-152-153-154-155
ST47	EPI_ISL_417692
ST47	EPI_ISL_417693
ST47	EPI_ISL_417700
ST47	EPI_ISL_417701
ST47	EPI_ISL_417705
ST47	EPI_ISL_417715
ST47	EPI_ISL_417721
ST47	EPI_ISL_417722
ST47	EPI_ISL_417723|by-EPI_ISL_417748	12-13-14-24
ST47	EPI_ISL_417725
ST47	EPI_ISL_417726
ST47	EPI_ISL_417731
ST47	EPI_ISL_417735
ST47	EPI_ISL_417742
ST47	EPI_ISL_417748
ST47	EPI_ISL_417760|by-EPI_ISL_416672	10-11-12-13-14-15-16-17-24-26-27-28-152
ST47	EPI_ISL_417761
ST47	EPI_ISL_417773
ST47	EPI_ISL_417779
ST47	EPI_ISL_417784
ST47	EPI_ISL_417787
ST47	EPI_ISL_417805
ST47	EPI_ISL_417832
ST47	EPI_ISL_417833
ST47	EPI_ISL_417835
ST47	EPI_ISL_417842
ST47	EPI_ISL_417844
ST47	EPI_ISL_417846
ST47	EPI_ISL_417848|by-EPI_ISL_417700	24-26-27-153-154-155
ST47	EPI_ISL_417849|by-EPI_ISL_417469	152-153-154-155
ST47	EPI_ISL_417850
ST47	EPI_ISL_417853
ST47	EPI_ISL_417854
ST47	EPI_ISL_417855
ST47	EPI_ISL_417856|by-EPI_ISL_417853	152-153-154
ST47	EPI_ISL_417857|by-EPI_ISL_417761	152-153-154-155
ST47	EPI_ISL_417865
ST47	EPI_ISL_417866
ST47	EPI_ISL_417872
ST47	EPI_ISL_417873|by-EPI_ISL_417748	152-153-154-155
ST47	EPI_ISL_417874
ST47	EPI_ISL_417875
ST47	EPI_ISL_417935
ST47	EPI_ISL_417937|by-EPI_ISL_417359	102
ST47	EPI_ISL_417938
ST47	EPI_ISL_417939
ST47	EPI_ISL_417970|by-EPI_ISL_418228	89-98-99-100
ST47	EPI_ISL_417977
ST47	EPI_ISL_418022
ST47	EPI_ISL_418041
ST47	EPI_ISL_418044
ST47	EPI_ISL_418057
ST47	EPI_ISL_418058|by-EPI_ISL_416502	10-11-12-13-14-15-16-17
ST47	EPI_ISL_418076
ST47	EPI_ISL_418095|by-EPI_ISL_417466	65-89-98-99-100-148-151-152-153-154-155
ST47	EPI_ISL_418097|by-EPI_ISL_414627	65-89-118-123-125-148-150-151-152-153-154-155
ST47	EPI_ISL_418098|by-EPI_ISL_418199	65-89-98-99-100-148
ST47	EPI_ISL_418109|by-EPI_ISL_417467	65-89-118-123-125-148-150-151-152-153-154-155
ST47	EPI_ISL_418119|by-EPI_ISL_416506	65-89-92-93-148-151-152-153-154-155
ST47	EPI_ISL_418184
ST47	EPI_ISL_418188
ST47	EPI_ISL_418190|by-EPI_ISL_417853	43-89-104-105
ST47	EPI_ISL_418192
ST47	EPI_ISL_418193
ST47	EPI_ISL_418196
ST47	EPI_ISL_418197
ST47	EPI_ISL_418198
ST47	EPI_ISL_418199
ST47	EPI_ISL_418200
ST47	EPI_ISL_418202|by-EPI_ISL_413572	19-76-121
ST47	EPI_ISL_418203
ST47	EPI_ISL_418204
ST47	EPI_ISL_418218
ST47	EPI_ISL_418220
ST47	EPI_ISL_418221|by-EPI_ISL_417784	10-11-12-13-14-15-16-17
ST47	EPI_ISL_418226
ST47	EPI_ISL_418228
ST47	EPI_ISL_418236
ST47	EPI_ISL_418239
ST48	EPI_ISL_413573
ST48	EPI_ISL_413577
ST48	EPI_ISL_413583
ST48	EPI_ISL_414452
ST48	EPI_ISL_414500
ST48	EPI_ISL_414543
ST48	EPI_ISL_414551
ST48	EPI_ISL_415479
ST48	EPI_ISL_415489
ST48	EPI_ISL_415505
ST48	EPI_ISL_415507
ST48	EPI_ISL_415510
ST48	EPI_ISL_415517
ST48	EPI_ISL_415519
ST48	EPI_ISL_416740
ST48	EPI_ISL_417211|by-EPI_ISL_415507	10-11
ST48	EPI_ISL_417264
ST48	EPI_ISL_417283
ST48	EPI_ISL_418026
ST49	EPI_ISL_413584
ST49	EPI_ISL_413604
ST49	EPI_ISL_413647
ST49	EPI_ISL_414014
ST49	EPI_ISL_414017
ST49	EPI_ISL_414423
ST49	EPI_ISL_414433
ST49	EPI_ISL_414435
ST49	EPI_ISL_414439
ST49	EPI_ISL_414446
ST49	EPI_ISL_414552
ST49	EPI_ISL_414564
ST49	EPI_ISL_414643
ST49	EPI_ISL_415463
ST49	EPI_ISL_415471
ST49	EPI_ISL_415482
ST49	EPI_ISL_415496
ST49	EPI_ISL_415502
ST49	EPI_ISL_415514
ST49	EPI_ISL_415523
ST49	EPI_ISL_415529
ST49	EPI_ISL_415533
ST49	EPI_ISL_416028
ST49	EPI_ISL_416475
ST49	EPI_ISL_416730
ST49	EPI_ISL_416746
ST49	EPI_ISL_417014
ST49	EPI_ISL_417232
ST49	EPI_ISL_417235
ST49	EPI_ISL_417236|by-EPI_ISL_417829	91-142-143-144
ST49	EPI_ISL_417252
ST49	EPI_ISL_417272
ST49	EPI_ISL_417287
ST49	EPI_ISL_417293
ST49	EPI_ISL_417295
ST49	EPI_ISL_417426
ST49	EPI_ISL_417427
ST49	EPI_ISL_417429
ST49	EPI_ISL_417571
ST49	EPI_ISL_417575
ST49	EPI_ISL_417681
ST49	EPI_ISL_417702
ST49	EPI_ISL_417728
ST49	EPI_ISL_417734
ST49	EPI_ISL_417817
ST49	EPI_ISL_417829
ST49	EPI_ISL_417841|by-EPI_ISL_414435	10-11-12-13-14-15-16-17-152-153-154-155
ST49	EPI_ISL_417861
ST49	EPI_ISL_417863
ST49	EPI_ISL_417867
ST49	EPI_ISL_417868
ST49	EPI_ISL_417986
ST50	EPI_ISL_413588|by-EPI_ISL_413589	91
ST50	EPI_ISL_413589
ST50	EPI_ISL_414461|by-EPI_ISL_413589	91
ST51	EPI_ISL_413592
ST51	EPI_ISL_416521
ST51	EPI_ISL_416522
ST51	EPI_ISL_416671
ST51	EPI_ISL_416674
ST51	EPI_ISL_416831
ST51	EPI_ISL_417192|by-EPI_ISL_418006	37-151-152-153-154-155
ST51	EPI_ISL_417372
ST51	EPI_ISL_417452
ST51	EPI_ISL_417506
ST51	EPI_ISL_417508
ST51	EPI_ISL_417510
ST51	EPI_ISL_417513
ST51	EPI_ISL_417944|by-EPI_ISL_417506	152-153-154-155
ST51	EPI_ISL_418006
ST52	EPI_ISL_413593
ST52	EPI_ISL_415640
ST52	EPI_ISL_415646
ST52	EPI_ISL_417485
ST52	EPI_ISL_417556
ST53	EPI_ISL_413599|by-EPI_ISL_417392	10-11-12-13-14-15-16-151-152-153-154-155
ST53	EPI_ISL_417383
ST53	EPI_ISL_417389
ST53	EPI_ISL_417391
ST53	EPI_ISL_417392
ST53	EPI_ISL_417393|by-EPI_ISL_417391	10-11-12-13-14-15-16-151-152-153-154-155
ST53	EPI_ISL_417398|by-EPI_ISL_417383	10-11-12-13-14-15-16-151-152-153-154-155
ST54	EPI_ISL_413607
ST55	EPI_ISL_413609
ST55	EPI_ISL_413617
ST56	EPI_ISL_413611
ST56	EPI_ISL_413612
ST57	EPI_ISL_413648
ST57	EPI_ISL_417987
ST57	EPI_ISL_417988
ST57	EPI_ISL_417991
ST57	EPI_ISL_417996
ST57	EPI_ISL_418010
ST57	EPI_ISL_418012
ST58	EPI_ISL_413650
ST58	EPI_ISL_413651
ST58	EPI_ISL_414618
ST58	EPI_ISL_415596
ST58	EPI_ISL_415605|by-EPI_ISL_417072	10-11-12-13-14-16
ST58	EPI_ISL_417072
ST58	EPI_ISL_417073
ST58	EPI_ISL_417075
ST58	EPI_ISL_417076
ST58	EPI_ISL_417111
ST58	EPI_ISL_417139
ST58	EPI_ISL_417159
ST58	EPI_ISL_417160
ST58	EPI_ISL_418029
ST58	EPI_ISL_418071|by-EPI_ISL_417160	15-16
ST59	EPI_ISL_413697
ST59	EPI_ISL_413761
ST59	EPI_ISL_413791
ST59	EPI_ISL_416335
ST59	EPI_ISL_416350|by-EPI_ISL_413697	51-52-53
ST60	EPI_ISL_413711
ST61	EPI_ISL_413925
ST61	EPI_ISL_413926|by-EPI_ISL_413931	17-23-72-151-152
ST61	EPI_ISL_413928
ST61	EPI_ISL_413931
ST61	EPI_ISL_414588
ST62	EPI_ISL_413999
ST62	EPI_ISL_414010
ST62	EPI_ISL_414027
ST62	EPI_ISL_414524
ST62	EPI_ISL_414646
ST62	EPI_ISL_416741
ST62	EPI_ISL_417016
ST62	EPI_ISL_417019
ST62	EPI_ISL_417424
ST62	EPI_ISL_417491
ST62	EPI_ISL_417550
ST62	EPI_ISL_417560
ST62	EPI_ISL_417563
ST62	EPI_ISL_417652
ST62	EPI_ISL_417694
ST62	EPI_ISL_417740
ST62	EPI_ISL_417746
ST62	EPI_ISL_417758
ST62	EPI_ISL_417763
ST62	EPI_ISL_417775
ST62	EPI_ISL_417799
ST62	EPI_ISL_417812
ST62	EPI_ISL_417948
ST62	EPI_ISL_417955
ST62	EPI_ISL_417989
ST63	EPI_ISL_414019
ST63	EPI_ISL_414020
ST63	EPI_ISL_416426
ST63	EPI_ISL_416481
ST63	EPI_ISL_417007
ST63	EPI_ISL_417010
ST63	EPI_ISL_417402|by-EPI_ISL_416426	10-11-12-13-14-15-16-151-152-153-154-155
ST63	EPI_ISL_417639
ST63	EPI_ISL_417814
ST63	EPI_ISL_417820
ST63	EPI_ISL_417923
ST63	EPI_ISL_417954
ST63	EPI_ISL_417963
ST63	EPI_ISL_417978
ST63	EPI_ISL_418116|by-EPI_ISL_417007	65-89-92-93-148
ST63	EPI_ISL_418168
ST63	EPI_ISL_418183
ST64	EPI_ISL_414428
ST65	EPI_ISL_414429
ST65	EPI_ISL_415467
ST65	EPI_ISL_415483
ST65	EPI_ISL_415498
ST65	EPI_ISL_417644
ST65	EPI_ISL_417684
ST65	EPI_ISL_417688
ST65	EPI_ISL_417828
ST65	EPI_ISL_417834
ST65	EPI_ISL_417840
ST65	EPI_ISL_417862
ST66	EPI_ISL_414430|by-EPI_ISL_416594	91
ST67	EPI_ISL_414480
ST68	EPI_ISL_414482
ST68	EPI_ISL_416570
ST69	EPI_ISL_414517
ST69	EPI_ISL_414519
ST70	EPI_ISL_414520
ST70	EPI_ISL_414522|by-EPI_ISL_417524	59
ST70	EPI_ISL_417523
ST70	EPI_ISL_417524
ST71	EPI_ISL_414523
ST71	EPI_ISL_414526
ST71	EPI_ISL_415134|by-EPI_ISL_414523	89
ST71	EPI_ISL_415141|by-EPI_ISL_417226	89
ST71	EPI_ISL_416731
ST71	EPI_ISL_417217
ST71	EPI_ISL_417226
ST71	EPI_ISL_417231
ST71	EPI_ISL_417240
ST71	EPI_ISL_417255
ST71	EPI_ISL_417589
ST71	EPI_ISL_417754
ST72	EPI_ISL_414536
ST72	EPI_ISL_414544
ST72	EPI_ISL_415521
ST73	EPI_ISL_414537
ST73	EPI_ISL_414539
ST74	EPI_ISL_414545
ST74	EPI_ISL_414557
ST74	EPI_ISL_414561
ST74	EPI_ISL_414562
ST75	EPI_ISL_414549
ST76	EPI_ISL_414554
ST76	EPI_ISL_414641
ST76	EPI_ISL_415468
ST76	EPI_ISL_415497
ST76	EPI_ISL_415511
ST76	EPI_ISL_415530
ST77	EPI_ISL_414555
ST78	EPI_ISL_414558
ST79	EPI_ISL_414559
ST79	EPI_ISL_417959|by-EPI_ISL_414559	37-47-89
ST80	EPI_ISL_414563
ST81	EPI_ISL_414579
ST81	EPI_ISL_414598
ST81	EPI_ISL_414600
ST81	EPI_ISL_414623
ST81	EPI_ISL_415151
ST81	EPI_ISL_415503
ST81	EPI_ISL_415658
ST81	EPI_ISL_415660
ST81	EPI_ISL_415661
ST81	EPI_ISL_416477
ST81	EPI_ISL_416484
ST81	EPI_ISL_416487
ST81	EPI_ISL_416994
ST81	EPI_ISL_417034
ST81	EPI_ISL_417961
ST81	EPI_ISL_418216
ST82	EPI_ISL_414589
ST82	EPI_ISL_415500
ST82	EPI_ISL_415501
ST82	EPI_ISL_415506
ST82	EPI_ISL_415508
ST82	EPI_ISL_415509
ST82	EPI_ISL_415524
ST82	EPI_ISL_417460|by-EPI_ISL_414589	15-18-24-36-68-102-114
ST82	EPI_ISL_417880
ST83	EPI_ISL_414595
ST83	EPI_ISL_414622|by-EPI_ISL_416439	10-11-12-13-14-15-16
ST83	EPI_ISL_415602
ST83	EPI_ISL_416439
ST83	EPI_ISL_416453|by-EPI_ISL_416439	10-11-12-13-14-15-16
ST83	EPI_ISL_417448
ST84	EPI_ISL_414616|by-EPI_ISL_416698	10-11
ST84	EPI_ISL_415597
ST84	EPI_ISL_415625
ST84	EPI_ISL_416434
ST84	EPI_ISL_416438
ST84	EPI_ISL_416452
ST84	EPI_ISL_416647|by-EPI_ISL_416699	10-11
ST84	EPI_ISL_416648
ST84	EPI_ISL_416653
ST84	EPI_ISL_416691
ST84	EPI_ISL_416693
ST84	EPI_ISL_416698
ST84	EPI_ISL_416699
ST84	EPI_ISL_416707
ST84	EPI_ISL_416708
ST84	EPI_ISL_416716
ST84	EPI_ISL_416719|by-EPI_ISL_417454	10-11-15-16
ST84	EPI_ISL_416724
ST84	EPI_ISL_416725
ST84	EPI_ISL_416729
ST84	EPI_ISL_417341
ST84	EPI_ISL_417342
ST84	EPI_ISL_417379
ST84	EPI_ISL_417382
ST84	EPI_ISL_417451
ST84	EPI_ISL_417454
ST84	EPI_ISL_417455
ST84	EPI_ISL_417690
ST84	EPI_ISL_418032|by-EPI_ISL_418067	10-11-12-13-14-15-16
ST84	EPI_ISL_418033|by-EPI_ISL_416698	10-11-12-13-14-15-16
ST84	EPI_ISL_418053
ST84	EPI_ISL_418054
ST84	EPI_ISL_418067
ST84	EPI_ISL_418068|by-EPI_ISL_416438	10-11-12-13-14-47
ST84	EPI_ISL_418073
ST84	EPI_ISL_418081
ST85	EPI_ISL_414617|by-EPI_ISL_417092	10-11
ST86	EPI_ISL_414626
ST86	EPI_ISL_414632
ST86	EPI_ISL_414633
ST86	EPI_ISL_414637
ST86	EPI_ISL_414638
ST86	EPI_ISL_415654
ST86	EPI_ISL_415697
ST86	EPI_ISL_416497
ST86	EPI_ISL_417411|by-EPI_ISL_415654	10-11-12-13-14-15-16-151-152-153-154-155
ST86	EPI_ISL_417440|by-EPI_ISL_414637	99
ST86	EPI_ISL_417517|by-EPI_ISL_414637	151-152-153-154-155
ST86	EPI_ISL_417648|by-EPI_ISL_415697	149-150-151-152-153-154-155
ST86	EPI_ISL_417878
ST86	EPI_ISL_418035|by-EPI_ISL_414638	10-11-12-13-14-15-16-17-18-26-114
ST86	EPI_ISL_418223
ST86	EPI_ISL_418225
ST86	EPI_ISL_418227
ST86	EPI_ISL_418238
ST87	EPI_ISL_414628|by-EPI_ISL_418219	152-153-154-155
ST87	EPI_ISL_414647|by-EPI_ISL_417336	89-148-149-150-151-152-153-154-155
ST87	EPI_ISL_415710|by-EPI_ISL_416758	153-154-155
ST87	EPI_ISL_416517|by-EPI_ISL_418219	98-99-100
ST87	EPI_ISL_416758
ST87	EPI_ISL_417336
ST87	EPI_ISL_418219
ST88	EPI_ISL_414629
ST88	EPI_ISL_415651
ST88	EPI_ISL_415652
ST88	EPI_ISL_415694
ST88	EPI_ISL_415695
ST88	EPI_ISL_415704
ST88	EPI_ISL_415705
ST88	EPI_ISL_415706
ST88	EPI_ISL_415707
ST88	EPI_ISL_416493
ST88	EPI_ISL_416499
ST88	EPI_ISL_416500|by-EPI_ISL_417946	121-126-153-154-155
ST88	EPI_ISL_416745
ST88	EPI_ISL_416747
ST88	EPI_ISL_416749
ST88	EPI_ISL_416750
ST88	EPI_ISL_416751
ST88	EPI_ISL_416752
ST88	EPI_ISL_416754
ST88	EPI_ISL_416756
ST88	EPI_ISL_416757
ST88	EPI_ISL_417333|by-EPI_ISL_415706	120
ST88	EPI_ISL_417334
ST88	EPI_ISL_417337
ST88	EPI_ISL_417339
ST88	EPI_ISL_417437
ST88	EPI_ISL_417438|by-EPI_ISL_415707	100-153-154-155
ST88	EPI_ISL_417442
ST88	EPI_ISL_417526
ST88	EPI_ISL_417527
ST88	EPI_ISL_417942|by-EPI_ISL_418024	153-154-155
ST88	EPI_ISL_417946
ST88	EPI_ISL_417947
ST88	EPI_ISL_418024
ST88	EPI_ISL_418230
ST88	EPI_ISL_418231
ST88	EPI_ISL_418234
ST88	EPI_ISL_418240
ST89	EPI_ISL_414630
ST89	EPI_ISL_416498
ST89	EPI_ISL_418237
ST89	EPI_ISL_418241
ST89	EPI_ISL_418242
ST90	EPI_ISL_414663
ST91	EPI_ISL_414936|by-EPI_ISL_414938	149-150-151-152-153-154-155
ST91	EPI_ISL_414937|by-EPI_ISL_414938	149-150-151-152-153-154-155
ST91	EPI_ISL_414938
ST91	EPI_ISL_414939|by-EPI_ISL_414938	32-148-149-150-151-152-153-154-155
ST91	EPI_ISL_414940
ST91	EPI_ISL_414941
ST92	EPI_ISL_415153
ST92	EPI_ISL_416143
ST93	EPI_ISL_415154
ST93	EPI_ISL_416469
ST94	EPI_ISL_415155
ST95	EPI_ISL_415157
ST96	EPI_ISL_415158
ST96	EPI_ISL_416471
ST97	EPI_ISL_415159
ST98	EPI_ISL_415460
ST98	EPI_ISL_415465
ST98	EPI_ISL_415466
ST98	EPI_ISL_415469
ST98	EPI_ISL_415515
ST98	EPI_ISL_415525
ST98	EPI_ISL_415534
ST99	EPI_ISL_415461
ST99	EPI_ISL_415526
ST99	EPI_ISL_417200
ST99	EPI_ISL_417201
ST99	EPI_ISL_417514
ST100	EPI_ISL_415462
ST100	EPI_ISL_415488
ST100	EPI_ISL_415518
ST100	EPI_ISL_415520
ST100	EPI_ISL_417582
ST100	EPI_ISL_417641
ST101	EPI_ISL_415473
ST101	EPI_ISL_415474
ST101	EPI_ISL_415485
ST101	EPI_ISL_415499
ST102	EPI_ISL_415475
ST103	EPI_ISL_415481
ST104	EPI_ISL_415492
ST105	EPI_ISL_415535
ST105	EPI_ISL_417617|by-EPI_ISL_415535	149-150-151-152-153-154-155
ST105	EPI_ISL_417622
ST105	EPI_ISL_417706
ST105	EPI_ISL_417743
ST105	EPI_ISL_417804
ST105	EPI_ISL_417823
ST105	EPI_ISL_417837
ST106	EPI_ISL_415539
ST107	EPI_ISL_415540
ST108	EPI_ISL_415584
ST108	EPI_ISL_415588
ST109	EPI_ISL_415607
ST109	EPI_ISL_416440
ST110	EPI_ISL_415608
ST110	EPI_ISL_415609
ST110	EPI_ISL_415624
ST110	EPI_ISL_416650
ST110	EPI_ISL_416651
ST110	EPI_ISL_416684|by-EPI_ISL_417378	16
ST110	EPI_ISL_417378
ST111	EPI_ISL_415611
ST111	EPI_ISL_415620
ST111	EPI_ISL_416635
ST111	EPI_ISL_416649
ST111	EPI_ISL_416668
ST111	EPI_ISL_416682
ST111	EPI_ISL_416694
ST111	EPI_ISL_416713
ST111	EPI_ISL_417356
ST111	EPI_ISL_417370
ST111	EPI_ISL_417381
ST111	EPI_ISL_417453
ST112	EPI_ISL_415631
ST113	EPI_ISL_415648
ST114	EPI_ISL_415657
ST114	EPI_ISL_415920
ST114	EPI_ISL_418110
ST114	EPI_ISL_418136
ST114	EPI_ISL_418144
ST114	EPI_ISL_418145
ST114	EPI_ISL_418147
ST114	EPI_ISL_418151
ST114	EPI_ISL_418155
ST114	EPI_ISL_418156
ST114	EPI_ISL_418158
ST114	EPI_ISL_418159
ST114	EPI_ISL_418163
ST115	EPI_ISL_415702
ST116	EPI_ISL_415741
ST116	EPI_ISL_415743
ST116	EPI_ISL_417519
ST116	EPI_ISL_417520
ST116	EPI_ISL_417521
ST117	EPI_ISL_415742|by-EPI_ISL_414484	10-11-12-13-14-15-16-17
ST118	EPI_ISL_416024
ST118	EPI_ISL_416739
ST118	EPI_ISL_417239
ST118	EPI_ISL_417286
ST118	EPI_ISL_417604|by-EPI_ISL_418000	151-152
ST118	EPI_ISL_417627
ST118	EPI_ISL_417628|by-EPI_ISL_416739	149-151-152
ST118	EPI_ISL_417649
ST118	EPI_ISL_418000
ST119	EPI_ISL_416032
ST119	EPI_ISL_417672
ST120	EPI_ISL_416034
ST121	EPI_ISL_416153
ST122	EPI_ISL_416331
ST122	EPI_ISL_416332
ST123	EPI_ISL_416372
ST124	EPI_ISL_416389
ST125	EPI_ISL_416397
ST126	EPI_ISL_416399
ST127	EPI_ISL_416406
ST127	EPI_ISL_416407
ST128	EPI_ISL_416413|by-EPI_ISL_418062	100
ST128	EPI_ISL_417031
ST128	EPI_ISL_417194|by-EPI_ISL_417504	151-152-153-154-155
ST128	EPI_ISL_417395|by-EPI_ISL_417031	10-11-12-13-14-15-16-151-152-153-154-155
ST128	EPI_ISL_417477|by-EPI_ISL_417504	84
ST128	EPI_ISL_417500|by-EPI_ISL_417031	84
ST128	EPI_ISL_417504
ST128	EPI_ISL_417587
ST128	EPI_ISL_418062
ST129	EPI_ISL_416419|by-EPI_ISL_417169	65-89-92-93-98-99-100
ST129	EPI_ISL_416421|by-EPI_ISL_417162	89-98-99-100
ST130	EPI_ISL_416432
ST130	EPI_ISL_416449|by-EPI_ISL_417033	10-11-12-13-14-15-16
ST130	EPI_ISL_416706
ST130	EPI_ISL_417033
ST130	EPI_ISL_417388
ST130	EPI_ISL_417396|by-EPI_ISL_417388	10-11-12-13-14-15-16-151-152-153-154-155
ST130	EPI_ISL_417400|by-EPI_ISL_417388	10-11-12-13-14-15-16-151-152-153-154-155
ST130	EPI_ISL_417401|by-EPI_ISL_417917	10-11-12-13-14-15-16-151-152-153-154-155
ST130	EPI_ISL_417403|by-EPI_ISL_417917	10-11-12-13-14-15-16-151-152-153-154-155
ST130	EPI_ISL_417917
ST130	EPI_ISL_417918
ST131	EPI_ISL_416447
ST131	EPI_ISL_417081
ST131	EPI_ISL_417085
ST131	EPI_ISL_418055|by-EPI_ISL_417085	10-11-12-13-14-15
ST131	EPI_ISL_418077
ST132	EPI_ISL_416466
ST132	EPI_ISL_416667
ST132	EPI_ISL_416677
ST132	EPI_ISL_417163
ST132	EPI_ISL_417374
ST132	EPI_ISL_417480
ST132	EPI_ISL_417503
ST133	EPI_ISL_416467
ST134	EPI_ISL_416468
ST135	EPI_ISL_416476
ST136	EPI_ISL_416479|by-EPI_ISL_417032	119
ST137	EPI_ISL_416482
ST137	EPI_ISL_417233
ST137	EPI_ISL_417248
ST137	EPI_ISL_417301
ST137	EPI_ISL_417302
ST137	EPI_ISL_417695
ST137	EPI_ISL_417698
ST137	EPI_ISL_417736
ST137	EPI_ISL_417749
ST137	EPI_ISL_417997
ST137	EPI_ISL_417998
ST137	EPI_ISL_417999
ST137	EPI_ISL_418003
ST138	EPI_ISL_416489
ST138	EPI_ISL_417967
ST139	EPI_ISL_416513
ST140	EPI_ISL_416523
ST140	EPI_ISL_417598
ST140	EPI_ISL_417830
ST141	EPI_ISL_416538
ST141	EPI_ISL_418045
ST142	EPI_ISL_416539
ST143	EPI_ISL_416565
ST143	EPI_ISL_416603
ST143	EPI_ISL_416613
ST143	EPI_ISL_416619|by-EPI_ISL_416565	152-153-154-155
ST143	EPI_ISL_416624
ST144	EPI_ISL_416567
ST144	EPI_ISL_416584
ST144	EPI_ISL_416599
ST145	EPI_ISL_416585
ST146	EPI_ISL_416604
ST147	EPI_ISL_416615|by-EPI_ISL_412030	98-99-100
ST148	EPI_ISL_416625
ST149	EPI_ISL_416646
ST149	EPI_ISL_416675
ST149	EPI_ISL_416723
ST149	EPI_ISL_416733
ST149	EPI_ISL_417280
ST149	EPI_ISL_417289
ST149	EPI_ISL_417408|by-EPI_ISL_417732	10-11-12-13-14-15-16-151-152-153-154-155
ST149	EPI_ISL_417478|by-EPI_ISL_416723	50-59-76
ST149	EPI_ISL_417501|by-EPI_ISL_417280	50-59-76
ST149	EPI_ISL_417574
ST149	EPI_ISL_417670
ST149	EPI_ISL_417732
ST150	EPI_ISL_416657|by-EPI_ISL_415622	155
ST151	EPI_ISL_416661
ST151	EPI_ISL_417345
ST151	EPI_ISL_417932
ST151	EPI_ISL_418037
ST151	EPI_ISL_418072
ST152	EPI_ISL_416664
ST153	EPI_ISL_416700
ST154	EPI_ISL_416728
ST155	EPI_ISL_417017
ST156	EPI_ISL_417018
ST157	EPI_ISL_417021
ST157	EPI_ISL_417022
ST157	EPI_ISL_417023
ST158	EPI_ISL_417025
ST159	EPI_ISL_417126
ST160	EPI_ISL_417147
ST161	EPI_ISL_417191
ST162	EPI_ISL_417234
ST162	EPI_ISL_417256
ST162	EPI_ISL_417279
ST162	EPI_ISL_417343
ST163	EPI_ISL_417267
ST163	EPI_ISL_417268
ST163	EPI_ISL_417269
ST163	EPI_ISL_417399|by-EPI_ISL_417267	10-11-12-13-14-15-16-151-152-153-154-155
ST164	EPI_ISL_417292|by-EPI_ISL_417825	89
ST165	EPI_ISL_417348|by-EPI_ISL_417074	16
ST166	EPI_ISL_417353
ST166	EPI_ISL_417380
ST167	EPI_ISL_417363
ST168	EPI_ISL_417367
ST169	EPI_ISL_417369
ST170	EPI_ISL_417376
ST170	EPI_ISL_417971
ST170	EPI_ISL_418028
ST170	EPI_ISL_418036
ST170	EPI_ISL_418042
ST170	EPI_ISL_418049
ST170	EPI_ISL_418051|by-EPI_ISL_417376	10-11-12-13-14-15-16
ST171	EPI_ISL_417406|by-EPI_ISL_414476	10-11-12-13-14-15-16-151-152-153-154-155
ST172	EPI_ISL_417413
ST173	EPI_ISL_417420
ST174	EPI_ISL_417444
ST175	EPI_ISL_417531
ST175	EPI_ISL_417532
ST176	EPI_ISL_417534
ST177	EPI_ISL_417536
ST177	EPI_ISL_417537
ST177	EPI_ISL_417542
ST177	EPI_ISL_417543
ST177	EPI_ISL_417549
ST177	EPI_ISL_417552|by-EPI_ISL_417573	152
ST177	EPI_ISL_417573
ST177	EPI_ISL_417583
ST177	EPI_ISL_417586
ST177	EPI_ISL_417588
ST177	EPI_ISL_417597
ST177	EPI_ISL_417599|by-EPI_ISL_417678	150-151-152-153-154-155
ST177	EPI_ISL_417600
ST177	EPI_ISL_417612
ST177	EPI_ISL_417613|by-EPI_ISL_417549	151-152
ST177	EPI_ISL_417623|by-EPI_ISL_417753	151-152
ST177	EPI_ISL_417625
ST177	EPI_ISL_417626
ST177	EPI_ISL_417630
ST177	EPI_ISL_417633|by-EPI_ISL_417630	152
ST177	EPI_ISL_417634
ST177	EPI_ISL_417635
ST177	EPI_ISL_417636
ST177	EPI_ISL_417640|by-EPI_ISL_417755	150-151-152-153-154-155
ST177	EPI_ISL_417645
ST177	EPI_ISL_417650
ST177	EPI_ISL_417676
ST177	EPI_ISL_417678
ST177	EPI_ISL_417680
ST177	EPI_ISL_417703
ST177	EPI_ISL_417709
ST177	EPI_ISL_417712
ST177	EPI_ISL_417739
ST177	EPI_ISL_417741
ST177	EPI_ISL_417745
ST177	EPI_ISL_417753
ST177	EPI_ISL_417755
ST177	EPI_ISL_417774
ST177	EPI_ISL_417786
ST177	EPI_ISL_417790
ST177	EPI_ISL_417808
ST177	EPI_ISL_417809
ST177	EPI_ISL_417810
ST177	EPI_ISL_417824
ST177	EPI_ISL_417827
ST177	EPI_ISL_417836
ST178	EPI_ISL_417540
ST178	EPI_ISL_417541
ST178	EPI_ISL_417545
ST178	EPI_ISL_417603
ST178	EPI_ISL_417801
ST179	EPI_ISL_417544
ST179	EPI_ISL_417548
ST179	EPI_ISL_417557
ST179	EPI_ISL_417558
ST179	EPI_ISL_417568
ST179	EPI_ISL_417606|by-EPI_ISL_417750	149-150-151-152-153-154-155
ST179	EPI_ISL_417607
ST179	EPI_ISL_417653
ST179	EPI_ISL_417696
ST179	EPI_ISL_417716
ST179	EPI_ISL_417750
ST179	EPI_ISL_417771
ST179	EPI_ISL_417772
ST179	EPI_ISL_417838
ST179	EPI_ISL_417864
ST180	EPI_ISL_417555
ST180	EPI_ISL_417797
ST181	EPI_ISL_417565
ST181	EPI_ISL_417637
ST181	EPI_ISL_417646|by-EPI_ISL_417839	151-152-153-154-155
ST181	EPI_ISL_417651|by-EPI_ISL_417637	151-152
ST181	EPI_ISL_417839
ST182	EPI_ISL_417566
ST182	EPI_ISL_417632
ST182	EPI_ISL_417713
ST182	EPI_ISL_417714
ST182	EPI_ISL_417757
ST182	EPI_ISL_417785
ST182	EPI_ISL_417795
ST182	EPI_ISL_417802
ST182	EPI_ISL_417876
ST183	EPI_ISL_417577
ST183	EPI_ISL_417615
ST183	EPI_ISL_417717
ST183	EPI_ISL_417724
ST183	EPI_ISL_417762
ST183	EPI_ISL_417789
ST183	EPI_ISL_417791
ST183	EPI_ISL_417818
ST184	EPI_ISL_417580
ST184	EPI_ISL_417590
ST184	EPI_ISL_417611|by-EPI_ISL_417660	151-152
ST184	EPI_ISL_417621
ST184	EPI_ISL_417655
ST184	EPI_ISL_417660
ST184	EPI_ISL_417699
ST184	EPI_ISL_417822
ST185	EPI_ISL_417609
ST185	EPI_ISL_417647|by-EPI_ISL_417609	152
ST185	EPI_ISL_417956|by-EPI_ISL_417609	149
ST186	EPI_ISL_417618
ST186	EPI_ISL_417720
ST187	EPI_ISL_417624|by-EPI_ISL_417737	150-151-152-153-154-155
ST187	EPI_ISL_417737
ST187	EPI_ISL_417788
ST187	EPI_ISL_417819
ST188	EPI_ISL_417629
ST188	EPI_ISL_417806
ST188	EPI_ISL_418206
ST188	EPI_ISL_418207
ST188	EPI_ISL_418208
ST188	EPI_ISL_418209
ST189	EPI_ISL_417666
ST189	EPI_ISL_417667
ST190	EPI_ISL_417689|by-EPI_ISL_417660	149-150-151-152-153-154-155
ST191	EPI_ISL_417704|by-EPI_ISL_417815	14-17-152-153-154-155
ST191	EPI_ISL_417815
ST191	EPI_ISL_417860|by-EPI_ISL_417815	152-153-154-155
ST192	EPI_ISL_417744
ST193	EPI_ISL_417752
ST194	EPI_ISL_417766
ST194	EPI_ISL_417770
ST194	EPI_ISL_417777|by-EPI_ISL_417770	152
ST194	EPI_ISL_417798
ST195	EPI_ISL_417800
ST196	EPI_ISL_417852
ST197	EPI_ISL_417871
ST198	EPI_ISL_417877
ST199	EPI_ISL_417879
ST199	EPI_ISL_418229
ST199	EPI_ISL_418232
ST199	EPI_ISL_418233
ST200	EPI_ISL_417957|by-EPI_ISL_417609	149
ST200	EPI_ISL_418182|by-EPI_ISL_417609	149
ST201	EPI_ISL_417969
ST202	EPI_ISL_417976
ST203	EPI_ISL_417981
ST204	EPI_ISL_417994
ST204	EPI_ISL_418011
ST204	EPI_ISL_418014
ST204	EPI_ISL_418015
ST204	EPI_ISL_418016
ST205	EPI_ISL_418009
ST206	EPI_ISL_418039
ST207	EPI_ISL_418060
ST208	EPI_ISL_418222
ST209	EPI_ISL_418224
ST210	EPI_ISL_418235
ST211	EPI_ISL_418243
ST212	EPI_ISL_418251
ST213	EPI_ISL_402131
