9	127
ST1	EPI_ISL_402119
ST1	EPI_ISL_402120
ST1	EPI_ISL_402121
ST1	EPI_ISL_402123
ST1	EPI_ISL_402124
ST1	EPI_ISL_402125
ST1	EPI_ISL_402127
ST1	EPI_ISL_402128
ST1	EPI_ISL_402129
ST1	EPI_ISL_402130
ST1	EPI_ISL_402132
ST1	EPI_ISL_403928
ST1	EPI_ISL_403929
ST1	EPI_ISL_403930
ST1	EPI_ISL_403931
ST1	EPI_ISL_403934
ST1	EPI_ISL_403962
ST1	EPI_ISL_403963
ST1	EPI_ISL_404227
ST1	EPI_ISL_404228
ST1	EPI_ISL_404253|by-EPI_ISL_416362	41-81-96-103-104-112
ST1	EPI_ISL_406538
ST1	EPI_ISL_406595
ST1	EPI_ISL_406716
ST1	EPI_ISL_406717
ST1	EPI_ISL_406798
ST1	EPI_ISL_406800
ST1	EPI_ISL_406970
ST1	EPI_ISL_406973
ST1	EPI_ISL_407079|by-EPI_ISL_406538	74
ST1	EPI_ISL_407084
ST1	EPI_ISL_407313
ST1	EPI_ISL_408431
ST1	EPI_ISL_408479
ST1	EPI_ISL_408486
ST1	EPI_ISL_408488
ST1	EPI_ISL_408514
ST1	EPI_ISL_408515
ST1	EPI_ISL_410044|by-EPI_ISL_416329	14
ST1	EPI_ISL_410218
ST1	EPI_ISL_410486
ST1	EPI_ISL_410531
ST1	EPI_ISL_410532
ST1	EPI_ISL_411902
ST1	EPI_ISL_411915
ST1	EPI_ISL_411927
ST1	EPI_ISL_411950
ST1	EPI_ISL_411953
ST1	EPI_ISL_411955
ST1	EPI_ISL_412026
ST1	EPI_ISL_412459
ST1	EPI_ISL_412862
ST1	EPI_ISL_412872
ST1	EPI_ISL_412898
ST1	EPI_ISL_412899
ST1	EPI_ISL_413558
ST1	EPI_ISL_413559
ST1	EPI_ISL_413561
ST1	EPI_ISL_413564
ST1	EPI_ISL_413568
ST1	EPI_ISL_413580
ST1	EPI_ISL_413581
ST1	EPI_ISL_413582
ST1	EPI_ISL_413590
ST1	EPI_ISL_413606
ST1	EPI_ISL_413608
ST1	EPI_ISL_413610
ST1	EPI_ISL_413613
ST1	EPI_ISL_413614
ST1	EPI_ISL_413615
ST1	EPI_ISL_413616
ST1	EPI_ISL_413618
ST1	EPI_ISL_413619
ST1	EPI_ISL_413620
ST1	EPI_ISL_413621
ST1	EPI_ISL_413622
ST1	EPI_ISL_413623|by-EPI_ISL_413580	14
ST1	EPI_ISL_413692
ST1	EPI_ISL_413693
ST1	EPI_ISL_413694
ST1	EPI_ISL_413753
ST1	EPI_ISL_413851
ST1	EPI_ISL_413852
ST1	EPI_ISL_413857
ST1	EPI_ISL_413861
ST1	EPI_ISL_413866
ST1	EPI_ISL_414040
ST1	EPI_ISL_414041
ST1	EPI_ISL_414042
ST1	EPI_ISL_414043
ST1	EPI_ISL_414044
ST1	EPI_ISL_414426
ST1	EPI_ISL_414432
ST1	EPI_ISL_414458
ST1	EPI_ISL_414462
ST1	EPI_ISL_414467
ST1	EPI_ISL_414479
ST1	EPI_ISL_414481
ST1	EPI_ISL_414487
ST1	EPI_ISL_414498
ST1	EPI_ISL_414508
ST1	EPI_ISL_414510
ST1	EPI_ISL_414541
ST1	EPI_ISL_414542
ST1	EPI_ISL_414553
ST1	EPI_ISL_414687|by-EPI_ISL_414044	74
ST1	EPI_ISL_414692
ST1	EPI_ISL_415148
ST1	EPI_ISL_415493
ST1	EPI_ISL_415494
ST1	EPI_ISL_415516
ST1	EPI_ISL_415522
ST1	EPI_ISL_415583
ST1	EPI_ISL_415711
ST1	EPI_ISL_416044
ST1	EPI_ISL_416046
ST1	EPI_ISL_416047
ST1	EPI_ISL_416320
ST1	EPI_ISL_416329
ST1	EPI_ISL_416336
ST1	EPI_ISL_416337
ST1	EPI_ISL_416340
ST1	EPI_ISL_416345|by-EPI_ISL_413610	43
ST1	EPI_ISL_416347|by-EPI_ISL_417178	43-44
ST1	EPI_ISL_416348|by-EPI_ISL_417178	43-44
ST1	EPI_ISL_416353
ST1	EPI_ISL_416355
ST1	EPI_ISL_416358
ST1	EPI_ISL_416359|by-EPI_ISL_413580	43
ST1	EPI_ISL_416362
ST1	EPI_ISL_416367
ST1	EPI_ISL_416369|by-EPI_ISL_410218	43-44
ST1	EPI_ISL_416370
ST1	EPI_ISL_416374|by-EPI_ISL_414042	43-80
ST1	EPI_ISL_416375
ST1	EPI_ISL_416376
ST1	EPI_ISL_416379
ST1	EPI_ISL_416380
ST1	EPI_ISL_416384
ST1	EPI_ISL_416385|by-EPI_ISL_403962	84-85
ST1	EPI_ISL_416390
ST1	EPI_ISL_416393
ST1	EPI_ISL_416394
ST1	EPI_ISL_416399
ST1	EPI_ISL_416401
ST1	EPI_ISL_416404
ST1	EPI_ISL_416405
ST1	EPI_ISL_416425
ST1	EPI_ISL_416474
ST1	EPI_ISL_416738
ST1	EPI_ISL_416907
ST1	EPI_ISL_417064
ST1	EPI_ISL_417178
ST1	EPI_ISL_417218|by-EPI_ISL_413622	69
ST1	EPI_ISL_417253
ST1	EPI_ISL_417259|by-EPI_ISL_418150	69-70
ST1	EPI_ISL_417263
ST1	EPI_ISL_417276
ST1	EPI_ISL_417285
ST1	EPI_ISL_417288|by-EPI_ISL_418137	69
ST1	EPI_ISL_417296|by-EPI_ISL_408514	124-125-126-127
ST1	EPI_ISL_417306|by-EPI_ISL_404227	69
ST1	EPI_ISL_417312
ST1	EPI_ISL_417313
ST1	EPI_ISL_417318|by-EPI_ISL_413558	127
ST1	EPI_ISL_417320
ST1	EPI_ISL_417335
ST1	EPI_ISL_417553
ST1	EPI_ISL_417576
ST1	EPI_ISL_417591
ST1	EPI_ISL_417602
ST1	EPI_ISL_417792
ST1	EPI_ISL_418085|by-EPI_ISL_416329	69
ST1	EPI_ISL_418103
ST1	EPI_ISL_418127|by-EPI_ISL_416401	49-69
ST1	EPI_ISL_418137
ST1	EPI_ISL_418143
ST1	EPI_ISL_418150
ST1	EPI_ISL_418157|by-EPI_ISL_416394	49
ST1	EPI_ISL_418162|by-EPI_ISL_413621	49
ST2	EPI_ISL_402131
ST3	EPI_ISL_403932
ST3	EPI_ISL_403933
ST3	EPI_ISL_403935
ST3	EPI_ISL_405839
ST3	EPI_ISL_406030
ST3	EPI_ISL_406593
ST3	EPI_ISL_408665
ST3	EPI_ISL_408666
ST3	EPI_ISL_408667
ST3	EPI_ISL_411956
ST3	EPI_ISL_413809
ST3	EPI_ISL_414521
ST3	EPI_ISL_414688
ST3	EPI_ISL_416318
ST3	EPI_ISL_416319
ST3	EPI_ISL_416366
ST3	EPI_ISL_416377
ST3	EPI_ISL_417030
ST4	EPI_ISL_403936
ST4	EPI_ISL_403937
ST4	EPI_ISL_406531
ST4	EPI_ISL_408010
ST4	EPI_ISL_411952
ST4	EPI_ISL_416321
ST5	EPI_ISL_404895
ST5	EPI_ISL_407214
ST5	EPI_ISL_407215
ST5	EPI_ISL_408478
ST5	EPI_ISL_408487|by-EPI_ISL_416886	14-94-118-119
ST5	EPI_ISL_411060
ST5	EPI_ISL_413855
ST5	EPI_ISL_413862
ST5	EPI_ISL_416473
ST5	EPI_ISL_416886
ST6	EPI_ISL_406031
ST6	EPI_ISL_406036
ST6	EPI_ISL_406844|by-EPI_ISL_408977	127
ST6	EPI_ISL_408977
ST6	EPI_ISL_410536
ST6	EPI_ISL_410545|by-EPI_ISL_413863	46
ST6	EPI_ISL_410713
ST6	EPI_ISL_410714
ST6	EPI_ISL_410715
ST6	EPI_ISL_410716
ST6	EPI_ISL_411929
ST6	EPI_ISL_411951
ST6	EPI_ISL_413018
ST6	EPI_ISL_413863
ST6	EPI_ISL_415582
ST6	EPI_ISL_416315|by-EPI_ISL_413018	50-73
ST6	EPI_ISL_416325
ST6	EPI_ISL_416349
ST6	EPI_ISL_416364|by-EPI_ISL_413018	43
ST6	EPI_ISL_416400|by-EPI_ISL_411929	43-44
ST6	EPI_ISL_416408|by-EPI_ISL_417185	43-44
ST6	EPI_ISL_416410|by-EPI_ISL_410715	77-78
ST6	EPI_ISL_416411
ST6	EPI_ISL_417185
ST7	EPI_ISL_406034
ST7	EPI_ISL_408484
ST7	EPI_ISL_408485
ST7	EPI_ISL_408668
ST7	EPI_ISL_410045
ST7	EPI_ISL_416338
ST7	EPI_ISL_416341
ST7	EPI_ISL_416381
ST7	EPI_ISL_416409
ST7	EPI_ISL_416427
ST7	EPI_ISL_416429
ST8	EPI_ISL_406223
ST9	EPI_ISL_406533
ST9	EPI_ISL_408669
ST9	EPI_ISL_412966
ST9	EPI_ISL_413864
ST9	EPI_ISL_414511
ST9	EPI_ISL_416361
ST9	EPI_ISL_416363
ST9	EPI_ISL_416387
ST10	EPI_ISL_406534
ST10	EPI_ISL_406594
ST10	EPI_ISL_408008
ST10	EPI_ISL_408009
ST10	EPI_ISL_413014
ST10	EPI_ISL_413015
ST10	EPI_ISL_416365
ST11	EPI_ISL_406535
ST11	EPI_ISL_406536
ST11	EPI_ISL_408670
ST11	EPI_ISL_410719
ST11	EPI_ISL_411066
ST11	EPI_ISL_412967
ST11	EPI_ISL_413522
ST11	EPI_ISL_416324
ST11	EPI_ISL_416398
ST12	EPI_ISL_406592
ST13	EPI_ISL_406596
ST13	EPI_ISL_406597
ST13	EPI_ISL_410720
ST13	EPI_ISL_411219
ST13	EPI_ISL_411220
ST14	EPI_ISL_406801
ST14	EPI_ISL_407071
ST14	EPI_ISL_407073
ST14	EPI_ISL_407893
ST14	EPI_ISL_407976
ST14	EPI_ISL_408483
ST14	EPI_ISL_411926
ST14	EPI_ISL_412869
ST14	EPI_ISL_412978
ST14	EPI_ISL_412979
ST14	EPI_ISL_412980
ST14	EPI_ISL_412983
ST14	EPI_ISL_413485|by-EPI_ISL_414577	46
ST14	EPI_ISL_413523
ST14	EPI_ISL_413691
ST14	EPI_ISL_413695|by-EPI_ISL_407893	77
ST14	EPI_ISL_413711
ST14	EPI_ISL_413729
ST14	EPI_ISL_413746
ST14	EPI_ISL_413747
ST14	EPI_ISL_413748
ST14	EPI_ISL_413749
ST14	EPI_ISL_413750
ST14	EPI_ISL_413751
ST14	EPI_ISL_413752|by-EPI_ISL_412980	14
ST14	EPI_ISL_413854
ST14	EPI_ISL_413856|by-EPI_ISL_407893	46
ST14	EPI_ISL_413858
ST14	EPI_ISL_413860
ST14	EPI_ISL_413867
ST14	EPI_ISL_414378|by-EPI_ISL_416323	102-103-104
ST14	EPI_ISL_414379|by-EPI_ISL_413751	102-103-104
ST14	EPI_ISL_414380|by-EPI_ISL_413751	102-103-104
ST14	EPI_ISL_414577
ST14	EPI_ISL_414578
ST14	EPI_ISL_414689
ST14	EPI_ISL_414690
ST14	EPI_ISL_414691
ST14	EPI_ISL_416042
ST14	EPI_ISL_416322
ST14	EPI_ISL_416323
ST14	EPI_ISL_416326
ST14	EPI_ISL_416328|by-EPI_ISL_413746	43-44
ST14	EPI_ISL_416330
ST14	EPI_ISL_416333
ST14	EPI_ISL_416339
ST14	EPI_ISL_416343|by-EPI_ISL_406801	43-44
ST14	EPI_ISL_416344|by-EPI_ISL_417980	43-75
ST14	EPI_ISL_416352
ST14	EPI_ISL_416357
ST14	EPI_ISL_416368|by-EPI_ISL_413747	43
ST14	EPI_ISL_416378|by-EPI_ISL_413747	43
ST14	EPI_ISL_416402
ST14	EPI_ISL_416885
ST14	EPI_ISL_417176
ST14	EPI_ISL_417518|by-EPI_ISL_416357	102-103-104
ST14	EPI_ISL_417979
ST14	EPI_ISL_417980
ST14	EPI_ISL_418027
ST14	EPI_ISL_418252
ST15	EPI_ISL_406862
ST15	EPI_ISL_414640|by-EPI_ISL_417471	70-83-93
ST15	EPI_ISL_416327|by-EPI_ISL_417471	43
ST15	EPI_ISL_416334
ST15	EPI_ISL_416386|by-EPI_ISL_406862	43-73
ST15	EPI_ISL_417471
ST15	EPI_ISL_417494
ST16	EPI_ISL_407193
ST16	EPI_ISL_412870
ST16	EPI_ISL_412871
ST16	EPI_ISL_413513
ST16	EPI_ISL_413514
ST16	EPI_ISL_413515
ST16	EPI_ISL_413516
ST16	EPI_ISL_413518
ST16	EPI_ISL_413519
ST16	EPI_ISL_413520
ST16	EPI_ISL_413521
ST17	EPI_ISL_407894
ST17	EPI_ISL_407896
ST17	EPI_ISL_410717
ST17	EPI_ISL_410718
ST17	EPI_ISL_411954
ST17	EPI_ISL_413853
ST17	EPI_ISL_416316
ST17	EPI_ISL_416317
ST17	EPI_ISL_416403
ST17	EPI_ISL_416415
ST17	EPI_ISL_416696
ST18	EPI_ISL_407987
ST18	EPI_ISL_410537
ST18	EPI_ISL_416829
ST18	EPI_ISL_416866
ST18	EPI_ISL_416884
ST19	EPI_ISL_407988
ST19	EPI_ISL_408430
ST19	EPI_ISL_408481
ST19	EPI_ISL_410984
ST19	EPI_ISL_411218
ST19	EPI_ISL_412030
ST19	EPI_ISL_412968
ST19	EPI_ISL_413850|by-EPI_ISL_414484	18-46-50-74
ST19	EPI_ISL_414483
ST19	EPI_ISL_414484
ST19	EPI_ISL_414485
ST19	EPI_ISL_414571
ST19	EPI_ISL_415578
ST19	EPI_ISL_415579
ST19	EPI_ISL_415585
ST19	EPI_ISL_415587
ST19	EPI_ISL_416342
ST19	EPI_ISL_416351|by-EPI_ISL_414483	43
ST19	EPI_ISL_416354|by-EPI_ISL_416592	43
ST19	EPI_ISL_416566
ST19	EPI_ISL_416567
ST19	EPI_ISL_416568|by-EPI_ISL_415585	14
ST19	EPI_ISL_416569
ST19	EPI_ISL_416571
ST19	EPI_ISL_416572
ST19	EPI_ISL_416573
ST19	EPI_ISL_416574
ST19	EPI_ISL_416575
ST19	EPI_ISL_416576
ST19	EPI_ISL_416577
ST19	EPI_ISL_416578
ST19	EPI_ISL_416579
ST19	EPI_ISL_416580
ST19	EPI_ISL_416581
ST19	EPI_ISL_416583
ST19	EPI_ISL_416584
ST19	EPI_ISL_416586
ST19	EPI_ISL_416589
ST19	EPI_ISL_416590
ST19	EPI_ISL_416591
ST19	EPI_ISL_416592
ST19	EPI_ISL_416593
ST19	EPI_ISL_416594
ST19	EPI_ISL_416595
ST19	EPI_ISL_416596
ST19	EPI_ISL_416597
ST19	EPI_ISL_416599
ST19	EPI_ISL_416600
ST19	EPI_ISL_416601
ST19	EPI_ISL_416602|by-EPI_ISL_416609	77-78
ST19	EPI_ISL_416605
ST19	EPI_ISL_416606
ST19	EPI_ISL_416607
ST19	EPI_ISL_416608
ST19	EPI_ISL_416609
ST19	EPI_ISL_416611
ST19	EPI_ISL_416612
ST19	EPI_ISL_416614
ST19	EPI_ISL_416616|by-EPI_ISL_416609	77-78
ST19	EPI_ISL_416617
ST19	EPI_ISL_416620
ST19	EPI_ISL_416621
ST19	EPI_ISL_416622
ST19	EPI_ISL_416626|by-EPI_ISL_416577	77-78
ST19	EPI_ISL_416627
ST19	EPI_ISL_416628
ST19	EPI_ISL_416629
ST19	EPI_ISL_416630
ST19	EPI_ISL_416631
ST19	EPI_ISL_416632
ST19	EPI_ISL_416633
ST19	EPI_ISL_416634
ST19	EPI_ISL_417920|by-EPI_ISL_416595	49
ST20	EPI_ISL_408480
ST20	EPI_ISL_416392|by-EPI_ISL_408480	43
ST21	EPI_ISL_408482
ST21	EPI_ISL_412975
ST21	EPI_ISL_412981
ST21	EPI_ISL_413490
ST21	EPI_ISL_414008
ST21	EPI_ISL_414476
ST21	EPI_ISL_414520
ST21	EPI_ISL_414522|by-EPI_ISL_412981	46
ST21	EPI_ISL_414591
ST21	EPI_ISL_415581
ST21	EPI_ISL_416373
ST21	EPI_ISL_416382
ST21	EPI_ISL_416542
ST21	EPI_ISL_417384
ST21	EPI_ISL_417385
ST21	EPI_ISL_417523
ST21	EPI_ISL_417524
ST22	EPI_ISL_409067
ST23	EPI_ISL_410301
ST24	EPI_ISL_410546
ST24	EPI_ISL_412974
ST24	EPI_ISL_413605|by-EPI_ISL_414531	70
ST24	EPI_ISL_414529
ST24	EPI_ISL_414531
ST24	EPI_ISL_414532
ST24	EPI_ISL_414534
ST24	EPI_ISL_414645|by-EPI_ISL_415484	59-60-68
ST24	EPI_ISL_415130|by-EPI_ISL_415590	69
ST24	EPI_ISL_415132|by-EPI_ISL_415484	24-25-26-69
ST24	EPI_ISL_415139|by-EPI_ISL_415484	69
ST24	EPI_ISL_415143|by-EPI_ISL_415709	69
ST24	EPI_ISL_415144|by-EPI_ISL_415590	25-26-69
ST24	EPI_ISL_415149|by-EPI_ISL_412974	69
ST24	EPI_ISL_415470
ST24	EPI_ISL_415484
ST24	EPI_ISL_415590
ST24	EPI_ISL_415641
ST24	EPI_ISL_415643
ST24	EPI_ISL_415709
ST24	EPI_ISL_416346|by-EPI_ISL_417254	41-42-43-44-46
ST24	EPI_ISL_416480
ST24	EPI_ISL_416503
ST24	EPI_ISL_416507
ST24	EPI_ISL_416515|by-EPI_ISL_415709	77-78-127
ST24	EPI_ISL_416516|by-EPI_ISL_415484	77-78-127
ST24	EPI_ISL_416518|by-EPI_ISL_417489	77-78
ST24	EPI_ISL_417215|by-EPI_ISL_417487	69
ST24	EPI_ISL_417254
ST24	EPI_ISL_417262|by-EPI_ISL_414532	69
ST24	EPI_ISL_417275|by-EPI_ISL_414532	69
ST24	EPI_ISL_417281|by-EPI_ISL_417487	69
ST24	EPI_ISL_417284|by-EPI_ISL_415484	69
ST24	EPI_ISL_417303|by-EPI_ISL_410546	69
ST24	EPI_ISL_417305|by-EPI_ISL_415709	69
ST24	EPI_ISL_417314
ST24	EPI_ISL_417486
ST24	EPI_ISL_417487
ST24	EPI_ISL_417488
ST24	EPI_ISL_417489
ST24	EPI_ISL_417490|by-EPI_ISL_415484	76
ST24	EPI_ISL_417601|by-EPI_ISL_414532	122-123-124
ST24	EPI_ISL_417605|by-EPI_ISL_417486	122-123-124
ST24	EPI_ISL_417657|by-EPI_ISL_415470	124-125-126-127
ST24	EPI_ISL_417658|by-EPI_ISL_417314	18-24-25-26
ST24	EPI_ISL_417661|by-EPI_ISL_417668	18-24
ST24	EPI_ISL_417668
ST24	EPI_ISL_418025
ST25	EPI_ISL_411957
ST25	EPI_ISL_414684|by-EPI_ISL_411957	74
ST25	EPI_ISL_414685|by-EPI_ISL_411957	74
ST25	EPI_ISL_414686|by-EPI_ISL_411957	74
ST26	EPI_ISL_412028|by-EPI_ISL_416341	81
ST27	EPI_ISL_412029
ST27	EPI_ISL_414527
ST27	EPI_ISL_414528
ST27	EPI_ISL_414569
ST27	EPI_ISL_416314
ST27	EPI_ISL_417187
ST27	EPI_ISL_417188
ST27	EPI_ISL_417193
ST27	EPI_ISL_417197
ST28	EPI_ISL_412116|by-EPI_ISL_418020	46
ST28	EPI_ISL_414005|by-EPI_ISL_415128	46
ST28	EPI_ISL_414006|by-EPI_ISL_418021	46
ST28	EPI_ISL_414007|by-EPI_ISL_417270	46
ST28	EPI_ISL_415128
ST28	EPI_ISL_415478
ST28	EPI_ISL_415630
ST28	EPI_ISL_417213|by-EPI_ISL_417270	69
ST28	EPI_ISL_417270
ST28	EPI_ISL_417282
ST28	EPI_ISL_417315
ST28	EPI_ISL_417584
ST28	EPI_ISL_417659
ST28	EPI_ISL_417950
ST28	EPI_ISL_418020
ST28	EPI_ISL_418021
ST29	EPI_ISL_412873
ST30	EPI_ISL_412912
ST30	EPI_ISL_412972
ST30	EPI_ISL_413021
ST30	EPI_ISL_413022
ST30	EPI_ISL_413569
ST30	EPI_ISL_413570
ST30	EPI_ISL_413571
ST30	EPI_ISL_413574
ST30	EPI_ISL_413579
ST30	EPI_ISL_413587
ST30	EPI_ISL_414012
ST30	EPI_ISL_414023
ST30	EPI_ISL_414424
ST30	EPI_ISL_414425
ST30	EPI_ISL_414434
ST30	EPI_ISL_414436
ST30	EPI_ISL_414438
ST30	EPI_ISL_414440
ST30	EPI_ISL_414442
ST30	EPI_ISL_414444
ST30	EPI_ISL_414448
ST30	EPI_ISL_414449
ST30	EPI_ISL_414454
ST30	EPI_ISL_414455
ST30	EPI_ISL_414460
ST30	EPI_ISL_414463
ST30	EPI_ISL_414464
ST30	EPI_ISL_414469
ST30	EPI_ISL_414470
ST30	EPI_ISL_414471
ST30	EPI_ISL_414535
ST30	EPI_ISL_414548
ST30	EPI_ISL_414556
ST30	EPI_ISL_414560
ST30	EPI_ISL_414566
ST30	EPI_ISL_414580
ST30	EPI_ISL_414644|by-EPI_ISL_416737	110
ST30	EPI_ISL_415129
ST30	EPI_ISL_415138|by-EPI_ISL_417679	69
ST30	EPI_ISL_415145|by-EPI_ISL_418011	69
ST30	EPI_ISL_415454
ST30	EPI_ISL_415457
ST30	EPI_ISL_415459
ST30	EPI_ISL_415476
ST30	EPI_ISL_415532
ST30	EPI_ISL_415698
ST30	EPI_ISL_415699
ST30	EPI_ISL_415700
ST30	EPI_ISL_415703
ST30	EPI_ISL_415787
ST30	EPI_ISL_416036
ST30	EPI_ISL_416140
ST30	EPI_ISL_416142
ST30	EPI_ISL_416428
ST30	EPI_ISL_416430
ST30	EPI_ISL_416431
ST30	EPI_ISL_416472
ST30	EPI_ISL_416519
ST30	EPI_ISL_416676
ST30	EPI_ISL_416697
ST30	EPI_ISL_416732
ST30	EPI_ISL_416734
ST30	EPI_ISL_416737
ST30	EPI_ISL_416743
ST30	EPI_ISL_416997
ST30	EPI_ISL_417004
ST30	EPI_ISL_417012
ST30	EPI_ISL_417015
ST30	EPI_ISL_417225|by-EPI_ISL_414424	69-75
ST30	EPI_ISL_417229|by-EPI_ISL_414434	69
ST30	EPI_ISL_417230|by-EPI_ISL_414469	69
ST30	EPI_ISL_417241|by-EPI_ISL_417307	69
ST30	EPI_ISL_417243|by-EPI_ISL_415700	69
ST30	EPI_ISL_417244
ST30	EPI_ISL_417249|by-EPI_ISL_414455	69-70
ST30	EPI_ISL_417250|by-EPI_ISL_417538	69-75
ST30	EPI_ISL_417258
ST30	EPI_ISL_417260
ST30	EPI_ISL_417265
ST30	EPI_ISL_417271|by-EPI_ISL_417564	69
ST30	EPI_ISL_417274|by-EPI_ISL_417595	69
ST30	EPI_ISL_417278
ST30	EPI_ISL_417297
ST30	EPI_ISL_417307
ST30	EPI_ISL_417309|by-EPI_ISL_415454	69
ST30	EPI_ISL_417311
ST30	EPI_ISL_417362
ST30	EPI_ISL_417422
ST30	EPI_ISL_417425
ST30	EPI_ISL_417428
ST30	EPI_ISL_417458
ST30	EPI_ISL_417464
ST30	EPI_ISL_417509
ST30	EPI_ISL_417525
ST30	EPI_ISL_417538
ST30	EPI_ISL_417539
ST30	EPI_ISL_417546|by-EPI_ISL_417278	38-39
ST30	EPI_ISL_417564
ST30	EPI_ISL_417567
ST30	EPI_ISL_417581
ST30	EPI_ISL_417585
ST30	EPI_ISL_417595
ST30	EPI_ISL_417608|by-EPI_ISL_416697	125-126-127
ST30	EPI_ISL_417619
ST30	EPI_ISL_417642
ST30	EPI_ISL_417643|by-EPI_ISL_415698	124
ST30	EPI_ISL_417662
ST30	EPI_ISL_417663
ST30	EPI_ISL_417664
ST30	EPI_ISL_417679
ST30	EPI_ISL_417729|by-EPI_ISL_418004	9-10-11-69-125-126-127
ST30	EPI_ISL_417733
ST30	EPI_ISL_417738
ST30	EPI_ISL_417747|by-EPI_ISL_414442	124-125-126-127
ST30	EPI_ISL_417751|by-EPI_ISL_414455	18-20-21
ST30	EPI_ISL_417769
ST30	EPI_ISL_417781
ST30	EPI_ISL_417782|by-EPI_ISL_415703	18
ST30	EPI_ISL_417783
ST30	EPI_ISL_417796
ST30	EPI_ISL_417813
ST30	EPI_ISL_417826
ST30	EPI_ISL_417843|by-EPI_ISL_417783	18
ST30	EPI_ISL_417845|by-EPI_ISL_413571	38-39
ST30	EPI_ISL_417922
ST30	EPI_ISL_417933
ST30	EPI_ISL_417993
ST30	EPI_ISL_417994
ST30	EPI_ISL_418002
ST30	EPI_ISL_418004
ST30	EPI_ISL_418007
ST30	EPI_ISL_418008
ST30	EPI_ISL_418011
ST30	EPI_ISL_418014
ST30	EPI_ISL_418015
ST30	EPI_ISL_418016
ST30	EPI_ISL_418018
ST30	EPI_ISL_418019
ST30	EPI_ISL_418023
ST30	EPI_ISL_418056
ST30	EPI_ISL_418118|by-EPI_ISL_414448	49-69-121
ST30	EPI_ISL_418167
ST30	EPI_ISL_418235
ST31	EPI_ISL_412964
ST31	EPI_ISL_412971|by-EPI_ISL_417495	66-70
ST31	EPI_ISL_412973
ST31	EPI_ISL_413555
ST31	EPI_ISL_413566
ST31	EPI_ISL_413575
ST31	EPI_ISL_413591
ST31	EPI_ISL_413593
ST31	EPI_ISL_413602
ST31	EPI_ISL_414015
ST31	EPI_ISL_414016
ST31	EPI_ISL_414045
ST31	EPI_ISL_414437
ST31	EPI_ISL_414441
ST31	EPI_ISL_414443
ST31	EPI_ISL_414445
ST31	EPI_ISL_414456
ST31	EPI_ISL_414457
ST31	EPI_ISL_414465
ST31	EPI_ISL_414525
ST31	EPI_ISL_414530
ST31	EPI_ISL_414586
ST31	EPI_ISL_414587
ST31	EPI_ISL_414631
ST31	EPI_ISL_414648
ST31	EPI_ISL_415131|by-EPI_ISL_417592	69
ST31	EPI_ISL_415133|by-EPI_ISL_414530	69
ST31	EPI_ISL_415135|by-EPI_ISL_417691	69
ST31	EPI_ISL_415136
ST31	EPI_ISL_415140|by-EPI_ISL_417430	69
ST31	EPI_ISL_415146|by-EPI_ISL_415629	69
ST31	EPI_ISL_415150
ST31	EPI_ISL_415152|by-EPI_ISL_414443	42
ST31	EPI_ISL_415156
ST31	EPI_ISL_415435|by-EPI_ISL_414465	69
ST31	EPI_ISL_415472
ST31	EPI_ISL_415473
ST31	EPI_ISL_415474
ST31	EPI_ISL_415480
ST31	EPI_ISL_415485
ST31	EPI_ISL_415499
ST31	EPI_ISL_415601
ST31	EPI_ISL_415629
ST31	EPI_ISL_415640
ST31	EPI_ISL_415642
ST31	EPI_ISL_415646
ST31	EPI_ISL_415647
ST31	EPI_ISL_415655
ST31	EPI_ISL_415708
ST31	EPI_ISL_416031
ST31	EPI_ISL_416141
ST31	EPI_ISL_416144
ST31	EPI_ISL_416470
ST31	EPI_ISL_416524
ST31	EPI_ISL_416525
ST31	EPI_ISL_416658
ST31	EPI_ISL_416742
ST31	EPI_ISL_416832
ST31	EPI_ISL_417013
ST31	EPI_ISL_417024
ST31	EPI_ISL_417026|by-EPI_ISL_417472	69
ST31	EPI_ISL_417027|by-EPI_ISL_417535	69
ST31	EPI_ISL_417032
ST31	EPI_ISL_417186
ST31	EPI_ISL_417202
ST31	EPI_ISL_417220
ST31	EPI_ISL_417221|by-EPI_ISL_417257	69
ST31	EPI_ISL_417222
ST31	EPI_ISL_417223|by-EPI_ISL_415473	69
ST31	EPI_ISL_417227
ST31	EPI_ISL_417228
ST31	EPI_ISL_417247|by-EPI_ISL_416832	69-70
ST31	EPI_ISL_417251|by-EPI_ISL_417921	69
ST31	EPI_ISL_417257
ST31	EPI_ISL_417266|by-EPI_ISL_414015	88
ST31	EPI_ISL_417304|by-EPI_ISL_414465	69
ST31	EPI_ISL_417310|by-EPI_ISL_415647	69-70
ST31	EPI_ISL_417418
ST31	EPI_ISL_417419
ST31	EPI_ISL_417421
ST31	EPI_ISL_417423
ST31	EPI_ISL_417430
ST31	EPI_ISL_417445
ST31	EPI_ISL_417446
ST31	EPI_ISL_417447
ST31	EPI_ISL_417470
ST31	EPI_ISL_417472
ST31	EPI_ISL_417473
ST31	EPI_ISL_417481
ST31	EPI_ISL_417485
ST31	EPI_ISL_417493
ST31	EPI_ISL_417495
ST31	EPI_ISL_417496
ST31	EPI_ISL_417515
ST31	EPI_ISL_417535
ST31	EPI_ISL_417556
ST31	EPI_ISL_417572
ST31	EPI_ISL_417592
ST31	EPI_ISL_417638|by-EPI_ISL_417831	122-123-124-126
ST31	EPI_ISL_417691
ST31	EPI_ISL_417727
ST31	EPI_ISL_417730|by-EPI_ISL_415473	124
ST31	EPI_ISL_417831
ST31	EPI_ISL_417921
ST31	EPI_ISL_417941|by-EPI_ISL_413591	69
ST31	EPI_ISL_417959|by-EPI_ISL_417430	30-69
ST31	EPI_ISL_417972
ST31	EPI_ISL_417973|by-EPI_ISL_417592	69
ST31	EPI_ISL_417974
ST31	EPI_ISL_417990
ST31	EPI_ISL_418017
ST31	EPI_ISL_418139
ST31	EPI_ISL_418166
ST31	EPI_ISL_418210
ST31	EPI_ISL_418211
ST31	EPI_ISL_418213
ST32	EPI_ISL_412969
ST32	EPI_ISL_413459|by-EPI_ISL_412969	9-10-11
ST32	EPI_ISL_416582
ST32	EPI_ISL_416587
ST32	EPI_ISL_416598
ST32	EPI_ISL_416610
ST33	EPI_ISL_412970
ST33	EPI_ISL_413486
ST33	EPI_ISL_415600|by-EPI_ISL_417095	12
ST33	EPI_ISL_416435
ST33	EPI_ISL_416462
ST33	EPI_ISL_417095
ST33	EPI_ISL_417100
ST33	EPI_ISL_417101
ST33	EPI_ISL_417347
ST34	EPI_ISL_412982
ST35	EPI_ISL_413016
ST35	EPI_ISL_413019
ST35	EPI_ISL_414011
ST35	EPI_ISL_414013|by-EPI_ISL_417290	46
ST35	EPI_ISL_414451
ST35	EPI_ISL_414468
ST35	EPI_ISL_415142
ST35	EPI_ISL_415486
ST35	EPI_ISL_415491
ST35	EPI_ISL_415512
ST35	EPI_ISL_415527
ST35	EPI_ISL_417008
ST35	EPI_ISL_417009
ST35	EPI_ISL_417246
ST35	EPI_ISL_417290
ST35	EPI_ISL_417291
ST35	EPI_ISL_417346
ST35	EPI_ISL_417522
ST35	EPI_ISL_417528
ST35	EPI_ISL_417825
ST35	EPI_ISL_417931
ST35	EPI_ISL_417975
ST35	EPI_ISL_418005
ST35	EPI_ISL_418060
ST35	EPI_ISL_418149
ST36	EPI_ISL_413017
ST37	EPI_ISL_413020
ST37	EPI_ISL_416486
ST37	EPI_ISL_417298
ST37	EPI_ISL_417299
ST37	EPI_ISL_417992
ST37	EPI_ISL_417995
ST37	EPI_ISL_418001
ST37	EPI_ISL_418013
ST38	EPI_ISL_413023
ST38	EPI_ISL_415105
ST38	EPI_ISL_415458
ST38	EPI_ISL_416029
ST38	EPI_ISL_416035
ST38	EPI_ISL_417512
ST38	EPI_ISL_417561
ST39	EPI_ISL_413024
ST39	EPI_ISL_413997
ST39	EPI_ISL_414021
ST39	EPI_ISL_414022
ST39	EPI_ISL_415455
ST39	EPI_ISL_415456
ST39	EPI_ISL_415701
ST39	EPI_ISL_416744
ST39	EPI_ISL_417390
ST39	EPI_ISL_417551
ST40	EPI_ISL_413025
ST40	EPI_ISL_413603
ST40	EPI_ISL_414009|by-EPI_ISL_413025	46
ST40	EPI_ISL_417483
ST40	EPI_ISL_418080
ST41	EPI_ISL_413213
ST41	EPI_ISL_415644
ST41	EPI_ISL_416412
ST41	EPI_ISL_416458
ST41	EPI_ISL_416541
ST41	EPI_ISL_416543
ST41	EPI_ISL_417387
ST41	EPI_ISL_417484
ST42	EPI_ISL_413214
ST42	EPI_ISL_414414
ST42	EPI_ISL_417386
ST43	EPI_ISL_413455
ST43	EPI_ISL_413456
ST43	EPI_ISL_413457
ST43	EPI_ISL_413458
ST43	EPI_ISL_413557
ST43	EPI_ISL_413560
ST43	EPI_ISL_413562|by-EPI_ISL_416710	13
ST43	EPI_ISL_413563
ST43	EPI_ISL_413652|by-EPI_ISL_417172	9-10-12
ST43	EPI_ISL_413653
ST43	EPI_ISL_413925
ST43	EPI_ISL_413928
ST43	EPI_ISL_413931
ST43	EPI_ISL_414363
ST43	EPI_ISL_414365|by-EPI_ISL_416720	9-10-11-12
ST43	EPI_ISL_414366
ST43	EPI_ISL_414367|by-EPI_ISL_417141	12
ST43	EPI_ISL_414368
ST43	EPI_ISL_414369
ST43	EPI_ISL_414588
ST43	EPI_ISL_414590
ST43	EPI_ISL_414592
ST43	EPI_ISL_414593
ST43	EPI_ISL_414597
ST43	EPI_ISL_414621|by-EPI_ISL_417153	9-10
ST43	EPI_ISL_415541
ST43	EPI_ISL_415542
ST43	EPI_ISL_415586
ST43	EPI_ISL_415589
ST43	EPI_ISL_415591
ST43	EPI_ISL_415592
ST43	EPI_ISL_415594
ST43	EPI_ISL_415595|by-EPI_ISL_416443	12
ST43	EPI_ISL_415598
ST43	EPI_ISL_415599
ST43	EPI_ISL_415603
ST43	EPI_ISL_415604
ST43	EPI_ISL_415606|by-EPI_ISL_418038	12
ST43	EPI_ISL_415607
ST43	EPI_ISL_415612
ST43	EPI_ISL_415615
ST43	EPI_ISL_415617
ST43	EPI_ISL_415618|by-EPI_ISL_416446	87-107
ST43	EPI_ISL_415619
ST43	EPI_ISL_415621
ST43	EPI_ISL_415622
ST43	EPI_ISL_415623|by-EPI_ISL_417119	11-12
ST43	EPI_ISL_415626
ST43	EPI_ISL_415627
ST43	EPI_ISL_416433
ST43	EPI_ISL_416436
ST43	EPI_ISL_416437
ST43	EPI_ISL_416440
ST43	EPI_ISL_416441
ST43	EPI_ISL_416442
ST43	EPI_ISL_416443
ST43	EPI_ISL_416444
ST43	EPI_ISL_416445
ST43	EPI_ISL_416446
ST43	EPI_ISL_416448
ST43	EPI_ISL_416450
ST43	EPI_ISL_416451
ST43	EPI_ISL_416454
ST43	EPI_ISL_416455
ST43	EPI_ISL_416456|by-EPI_ISL_413458	11-12
ST43	EPI_ISL_416460
ST43	EPI_ISL_416461
ST43	EPI_ISL_416465
ST43	EPI_ISL_416514
ST43	EPI_ISL_416636
ST43	EPI_ISL_416637
ST43	EPI_ISL_416638
ST43	EPI_ISL_416641
ST43	EPI_ISL_416643
ST43	EPI_ISL_416644
ST43	EPI_ISL_416652
ST43	EPI_ISL_416654
ST43	EPI_ISL_416656
ST43	EPI_ISL_416659
ST43	EPI_ISL_416662
ST43	EPI_ISL_416663
ST43	EPI_ISL_416665
ST43	EPI_ISL_416666
ST43	EPI_ISL_416669
ST43	EPI_ISL_416679
ST43	EPI_ISL_416680
ST43	EPI_ISL_416681
ST43	EPI_ISL_416683
ST43	EPI_ISL_416685
ST43	EPI_ISL_416686
ST43	EPI_ISL_416687
ST43	EPI_ISL_416688
ST43	EPI_ISL_416689
ST43	EPI_ISL_416690
ST43	EPI_ISL_416695
ST43	EPI_ISL_416701
ST43	EPI_ISL_416702
ST43	EPI_ISL_416703
ST43	EPI_ISL_416705
ST43	EPI_ISL_416709
ST43	EPI_ISL_416710
ST43	EPI_ISL_416711
ST43	EPI_ISL_416712
ST43	EPI_ISL_416714
ST43	EPI_ISL_416715
ST43	EPI_ISL_416717
ST43	EPI_ISL_416718
ST43	EPI_ISL_416720
ST43	EPI_ISL_416721
ST43	EPI_ISL_416722
ST43	EPI_ISL_416726
ST43	EPI_ISL_416727
ST43	EPI_ISL_417028
ST43	EPI_ISL_417065
ST43	EPI_ISL_417066
ST43	EPI_ISL_417067|by-EPI_ISL_417028	43-62-89-97-98
ST43	EPI_ISL_417068
ST43	EPI_ISL_417069
ST43	EPI_ISL_417070
ST43	EPI_ISL_417071
ST43	EPI_ISL_417074
ST43	EPI_ISL_417077
ST43	EPI_ISL_417078|by-EPI_ISL_414593	21-41-52-63-78
ST43	EPI_ISL_417079
ST43	EPI_ISL_417080|by-EPI_ISL_417140	19
ST43	EPI_ISL_417082
ST43	EPI_ISL_417083|by-EPI_ISL_418038	18-22-41-45-64
ST43	EPI_ISL_417084|by-EPI_ISL_416695	18-28-46-62-93-104
ST43	EPI_ISL_417086
ST43	EPI_ISL_417087
ST43	EPI_ISL_417088|by-EPI_ISL_416465	41
ST43	EPI_ISL_417089
ST43	EPI_ISL_417090|by-EPI_ISL_416437	20
ST43	EPI_ISL_417091
ST43	EPI_ISL_417092
ST43	EPI_ISL_417093
ST43	EPI_ISL_417094|by-EPI_ISL_417110	18-63-64-86
ST43	EPI_ISL_417096
ST43	EPI_ISL_417097
ST43	EPI_ISL_417098
ST43	EPI_ISL_417099
ST43	EPI_ISL_417102
ST43	EPI_ISL_417103
ST43	EPI_ISL_417104
ST43	EPI_ISL_417105
ST43	EPI_ISL_417106
ST43	EPI_ISL_417107
ST43	EPI_ISL_417108
ST43	EPI_ISL_417109|by-EPI_ISL_414368	41-64
ST43	EPI_ISL_417110
ST43	EPI_ISL_417112
ST43	EPI_ISL_417114
ST43	EPI_ISL_417115
ST43	EPI_ISL_417116
ST43	EPI_ISL_417117
ST43	EPI_ISL_417118
ST43	EPI_ISL_417119
ST43	EPI_ISL_417120
ST43	EPI_ISL_417121
ST43	EPI_ISL_417122
ST43	EPI_ISL_417123
ST43	EPI_ISL_417124
ST43	EPI_ISL_417125
ST43	EPI_ISL_417127
ST43	EPI_ISL_417128
ST43	EPI_ISL_417129
ST43	EPI_ISL_417130
ST43	EPI_ISL_417131|by-EPI_ISL_416705	67
ST43	EPI_ISL_417132
ST43	EPI_ISL_417133
ST43	EPI_ISL_417134
ST43	EPI_ISL_417135
ST43	EPI_ISL_417136
ST43	EPI_ISL_417137
ST43	EPI_ISL_417138|by-EPI_ISL_417128	26-27-28-41-54-64-104
ST43	EPI_ISL_417140
ST43	EPI_ISL_417141
ST43	EPI_ISL_417142
ST43	EPI_ISL_417143
ST43	EPI_ISL_417144
ST43	EPI_ISL_417145
ST43	EPI_ISL_417146
ST43	EPI_ISL_417148
ST43	EPI_ISL_417149
ST43	EPI_ISL_417150
ST43	EPI_ISL_417151
ST43	EPI_ISL_417152
ST43	EPI_ISL_417153
ST43	EPI_ISL_417154
ST43	EPI_ISL_417155
ST43	EPI_ISL_417156
ST43	EPI_ISL_417157
ST43	EPI_ISL_417158
ST43	EPI_ISL_417161
ST43	EPI_ISL_417162
ST43	EPI_ISL_417164
ST43	EPI_ISL_417165
ST43	EPI_ISL_417166|by-EPI_ISL_417124	50-62
ST43	EPI_ISL_417167
ST43	EPI_ISL_417168
ST43	EPI_ISL_417169
ST43	EPI_ISL_417170
ST43	EPI_ISL_417171
ST43	EPI_ISL_417172
ST43	EPI_ISL_417174|by-EPI_ISL_413563	14-18-20-29-98
ST43	EPI_ISL_417175
ST43	EPI_ISL_417203
ST43	EPI_ISL_417324|by-EPI_ISL_417068	124-125-126-127
ST43	EPI_ISL_417332|by-EPI_ISL_417123	46
ST43	EPI_ISL_417344
ST43	EPI_ISL_417349
ST43	EPI_ISL_417350
ST43	EPI_ISL_417351
ST43	EPI_ISL_417354
ST43	EPI_ISL_417355|by-EPI_ISL_413458	80
ST43	EPI_ISL_417357|by-EPI_ISL_416443	13
ST43	EPI_ISL_417358
ST43	EPI_ISL_417360|by-EPI_ISL_417119	12
ST43	EPI_ISL_417361
ST43	EPI_ISL_417364
ST43	EPI_ISL_417365
ST43	EPI_ISL_417366
ST43	EPI_ISL_417368
ST43	EPI_ISL_417371
ST43	EPI_ISL_417377|by-EPI_ISL_417162	12
ST43	EPI_ISL_417449
ST43	EPI_ISL_417450
ST43	EPI_ISL_417456
ST43	EPI_ISL_417507
ST43	EPI_ISL_417960
ST43	EPI_ISL_417962|by-EPI_ISL_417116	69
ST43	EPI_ISL_417964
ST43	EPI_ISL_417965
ST43	EPI_ISL_417966
ST43	EPI_ISL_417968
ST43	EPI_ISL_418030
ST43	EPI_ISL_418034|by-EPI_ISL_417130	9-10-11
ST43	EPI_ISL_418038
ST43	EPI_ISL_418040|by-EPI_ISL_417107	9-10-11-12
ST43	EPI_ISL_418046
ST43	EPI_ISL_418047
ST43	EPI_ISL_418050
ST43	EPI_ISL_418059
ST43	EPI_ISL_418061
ST43	EPI_ISL_418064
ST43	EPI_ISL_418066
ST43	EPI_ISL_418069
ST43	EPI_ISL_418070
ST43	EPI_ISL_418082
ST43	EPI_ISL_418187
ST43	EPI_ISL_418189|by-EPI_ISL_418187	74
ST44	EPI_ISL_413489
ST44	EPI_ISL_413996
ST44	EPI_ISL_414601
ST44	EPI_ISL_414624
ST44	EPI_ISL_416494
ST44	EPI_ISL_417529
ST44	EPI_ISL_417530
ST44	EPI_ISL_417533
ST44	EPI_ISL_417569
ST44	EPI_ISL_417610
ST44	EPI_ISL_417711
ST44	EPI_ISL_417764
ST44	EPI_ISL_417803
ST44	EPI_ISL_417851
ST45	EPI_ISL_413572
ST45	EPI_ISL_414625
ST45	EPI_ISL_414627
ST45	EPI_ISL_414630
ST45	EPI_ISL_414634
ST45	EPI_ISL_414635
ST45	EPI_ISL_414636
ST45	EPI_ISL_414642
ST45	EPI_ISL_415477
ST45	EPI_ISL_415487
ST45	EPI_ISL_415543
ST45	EPI_ISL_415544
ST45	EPI_ISL_415649
ST45	EPI_ISL_415650
ST45	EPI_ISL_415692
ST45	EPI_ISL_415693
ST45	EPI_ISL_416457
ST45	EPI_ISL_416478
ST45	EPI_ISL_416491
ST45	EPI_ISL_416492
ST45	EPI_ISL_416495
ST45	EPI_ISL_416496
ST45	EPI_ISL_416498
ST45	EPI_ISL_416501
ST45	EPI_ISL_416502
ST45	EPI_ISL_416504
ST45	EPI_ISL_416505
ST45	EPI_ISL_416506
ST45	EPI_ISL_416508
ST45	EPI_ISL_416509
ST45	EPI_ISL_416510
ST45	EPI_ISL_416511
ST45	EPI_ISL_416512
ST45	EPI_ISL_416642
ST45	EPI_ISL_416655
ST45	EPI_ISL_416660
ST45	EPI_ISL_416672
ST45	EPI_ISL_416678
ST45	EPI_ISL_416748
ST45	EPI_ISL_416753
ST45	EPI_ISL_416830
ST45	EPI_ISL_417006
ST45	EPI_ISL_417020
ST45	EPI_ISL_417204
ST45	EPI_ISL_417330
ST45	EPI_ISL_417338
ST45	EPI_ISL_417340
ST45	EPI_ISL_417352
ST45	EPI_ISL_417359
ST45	EPI_ISL_417373
ST45	EPI_ISL_417457
ST45	EPI_ISL_417463
ST45	EPI_ISL_417465
ST45	EPI_ISL_417466
ST45	EPI_ISL_417467
ST45	EPI_ISL_417468
ST45	EPI_ISL_417469
ST45	EPI_ISL_417474
ST45	EPI_ISL_417476
ST45	EPI_ISL_417492
ST45	EPI_ISL_417497
ST45	EPI_ISL_417499
ST45	EPI_ISL_417505
ST45	EPI_ISL_417516
ST45	EPI_ISL_417559|by-EPI_ISL_417693	102-103-104
ST45	EPI_ISL_417562
ST45	EPI_ISL_417570
ST45	EPI_ISL_417579|by-EPI_ISL_415544	102-103-104
ST45	EPI_ISL_417593
ST45	EPI_ISL_417594
ST45	EPI_ISL_417596|by-EPI_ISL_418196	122-123-124
ST45	EPI_ISL_417614
ST45	EPI_ISL_417620|by-EPI_ISL_417499	122-124
ST45	EPI_ISL_417654
ST45	EPI_ISL_417656|by-EPI_ISL_417020	102-103-104
ST45	EPI_ISL_417665
ST45	EPI_ISL_417675|by-EPI_ISL_416504	124-125-126-127
ST45	EPI_ISL_417677
ST45	EPI_ISL_417682|by-EPI_ISL_417516	124
ST45	EPI_ISL_417683
ST45	EPI_ISL_417685
ST45	EPI_ISL_417692
ST45	EPI_ISL_417693
ST45	EPI_ISL_417700
ST45	EPI_ISL_417701
ST45	EPI_ISL_417705
ST45	EPI_ISL_417715
ST45	EPI_ISL_417721
ST45	EPI_ISL_417722
ST45	EPI_ISL_417723|by-EPI_ISL_417204	9-10-11-18
ST45	EPI_ISL_417725
ST45	EPI_ISL_417726
ST45	EPI_ISL_417731
ST45	EPI_ISL_417735
ST45	EPI_ISL_417742
ST45	EPI_ISL_417748
ST45	EPI_ISL_417761
ST45	EPI_ISL_417773
ST45	EPI_ISL_417779
ST45	EPI_ISL_417784
ST45	EPI_ISL_417787
ST45	EPI_ISL_417805
ST45	EPI_ISL_417832
ST45	EPI_ISL_417833
ST45	EPI_ISL_417835
ST45	EPI_ISL_417842
ST45	EPI_ISL_417844
ST45	EPI_ISL_417846
ST45	EPI_ISL_417848|by-EPI_ISL_418076	18-20-21-125-126-127
ST45	EPI_ISL_417849|by-EPI_ISL_418076	124-125-126-127
ST45	EPI_ISL_417850
ST45	EPI_ISL_417853
ST45	EPI_ISL_417854
ST45	EPI_ISL_417855
ST45	EPI_ISL_417856|by-EPI_ISL_417935	124-125-126
ST45	EPI_ISL_417857|by-EPI_ISL_416748	124-125-126-127
ST45	EPI_ISL_417865
ST45	EPI_ISL_417866
ST45	EPI_ISL_417872
ST45	EPI_ISL_417873|by-EPI_ISL_414625	124-125-126-127
ST45	EPI_ISL_417874
ST45	EPI_ISL_417875
ST45	EPI_ISL_417935
ST45	EPI_ISL_417937|by-EPI_ISL_416511	79
ST45	EPI_ISL_417938
ST45	EPI_ISL_417939
ST45	EPI_ISL_417976
ST45	EPI_ISL_417977
ST45	EPI_ISL_418022
ST45	EPI_ISL_418039
ST45	EPI_ISL_418041
ST45	EPI_ISL_418044
ST45	EPI_ISL_418057
ST45	EPI_ISL_418076
ST45	EPI_ISL_418184
ST45	EPI_ISL_418188
ST45	EPI_ISL_418190|by-EPI_ISL_417939	36-69-80
ST45	EPI_ISL_418192
ST45	EPI_ISL_418193
ST45	EPI_ISL_418196
ST45	EPI_ISL_418197
ST45	EPI_ISL_418198
ST45	EPI_ISL_418199
ST45	EPI_ISL_418200
ST45	EPI_ISL_418202|by-EPI_ISL_418228	15-58-95
ST45	EPI_ISL_418203
ST45	EPI_ISL_418204
ST45	EPI_ISL_418218
ST45	EPI_ISL_418220
ST45	EPI_ISL_418226
ST45	EPI_ISL_418228
ST45	EPI_ISL_418236
ST45	EPI_ISL_418237
ST45	EPI_ISL_418239
ST45	EPI_ISL_418241
ST45	EPI_ISL_418242
ST46	EPI_ISL_413573
ST46	EPI_ISL_413577
ST46	EPI_ISL_413583
ST46	EPI_ISL_414452
ST46	EPI_ISL_414500
ST46	EPI_ISL_414543
ST46	EPI_ISL_414551
ST46	EPI_ISL_415479
ST46	EPI_ISL_415489
ST46	EPI_ISL_415505
ST46	EPI_ISL_415507
ST46	EPI_ISL_415510
ST46	EPI_ISL_415517
ST46	EPI_ISL_415519
ST46	EPI_ISL_416740
ST46	EPI_ISL_417211
ST46	EPI_ISL_417264
ST46	EPI_ISL_417283
ST46	EPI_ISL_418026
ST47	EPI_ISL_413584
ST47	EPI_ISL_413604
ST47	EPI_ISL_413647
ST47	EPI_ISL_414014
ST47	EPI_ISL_414017
ST47	EPI_ISL_414423
ST47	EPI_ISL_414433
ST47	EPI_ISL_414435
ST47	EPI_ISL_414439
ST47	EPI_ISL_414446
ST47	EPI_ISL_414552
ST47	EPI_ISL_414564
ST47	EPI_ISL_414643
ST47	EPI_ISL_415463
ST47	EPI_ISL_415471
ST47	EPI_ISL_415482
ST47	EPI_ISL_415496
ST47	EPI_ISL_415502
ST47	EPI_ISL_415514
ST47	EPI_ISL_415523
ST47	EPI_ISL_415529
ST47	EPI_ISL_415533
ST47	EPI_ISL_416028
ST47	EPI_ISL_416475
ST47	EPI_ISL_416730
ST47	EPI_ISL_416746
ST47	EPI_ISL_417014
ST47	EPI_ISL_417232
ST47	EPI_ISL_417234
ST47	EPI_ISL_417235
ST47	EPI_ISL_417236|by-EPI_ISL_417295	115-116-117
ST47	EPI_ISL_417252
ST47	EPI_ISL_417256
ST47	EPI_ISL_417272
ST47	EPI_ISL_417279
ST47	EPI_ISL_417287
ST47	EPI_ISL_417293
ST47	EPI_ISL_417295
ST47	EPI_ISL_417343
ST47	EPI_ISL_417426
ST47	EPI_ISL_417427
ST47	EPI_ISL_417429
ST47	EPI_ISL_417571
ST47	EPI_ISL_417575
ST47	EPI_ISL_417681
ST47	EPI_ISL_417702
ST47	EPI_ISL_417728
ST47	EPI_ISL_417734
ST47	EPI_ISL_417815
ST47	EPI_ISL_417817
ST47	EPI_ISL_417829
ST47	EPI_ISL_417860|by-EPI_ISL_417427	124-125-126-127
ST47	EPI_ISL_417861
ST47	EPI_ISL_417863
ST47	EPI_ISL_417867
ST47	EPI_ISL_417868
ST47	EPI_ISL_417986
ST48	EPI_ISL_413588
ST48	EPI_ISL_413589
ST48	EPI_ISL_414461
ST49	EPI_ISL_413592
ST49	EPI_ISL_416521
ST49	EPI_ISL_416522
ST49	EPI_ISL_416671
ST49	EPI_ISL_416674
ST49	EPI_ISL_416831
ST49	EPI_ISL_417372
ST49	EPI_ISL_417452
ST49	EPI_ISL_417506
ST49	EPI_ISL_417508
ST49	EPI_ISL_417510
ST49	EPI_ISL_417513
ST49	EPI_ISL_417944|by-EPI_ISL_416522	124-125-126-127
ST49	EPI_ISL_418006
ST50	EPI_ISL_413607
ST50	EPI_ISL_417616|by-EPI_ISL_413607	124-125-126-127
ST51	EPI_ISL_413609
ST51	EPI_ISL_413617
ST52	EPI_ISL_413611
ST52	EPI_ISL_413612
ST52	EPI_ISL_416397
ST53	EPI_ISL_413648
ST53	EPI_ISL_417987
ST53	EPI_ISL_417988
ST53	EPI_ISL_417991
ST53	EPI_ISL_417996
ST53	EPI_ISL_418010
ST53	EPI_ISL_418012
ST54	EPI_ISL_413650
ST54	EPI_ISL_413651
ST54	EPI_ISL_414618
ST54	EPI_ISL_415596
ST54	EPI_ISL_415605|by-EPI_ISL_417075	9-10-11
ST54	EPI_ISL_417072
ST54	EPI_ISL_417073
ST54	EPI_ISL_417075
ST54	EPI_ISL_417076
ST54	EPI_ISL_417111
ST54	EPI_ISL_417139
ST54	EPI_ISL_417159
ST54	EPI_ISL_417160
ST54	EPI_ISL_418029
ST54	EPI_ISL_418071|by-EPI_ISL_417160	12
ST55	EPI_ISL_413697
ST55	EPI_ISL_413761
ST55	EPI_ISL_413791
ST55	EPI_ISL_416335
ST55	EPI_ISL_416350|by-EPI_ISL_413697	43-44
ST56	EPI_ISL_413999
ST56	EPI_ISL_414010
ST56	EPI_ISL_414027
ST56	EPI_ISL_414524
ST56	EPI_ISL_414646
ST56	EPI_ISL_416741
ST56	EPI_ISL_417016
ST56	EPI_ISL_417019
ST56	EPI_ISL_417424
ST56	EPI_ISL_417491
ST56	EPI_ISL_417550
ST56	EPI_ISL_417560
ST56	EPI_ISL_417563
ST56	EPI_ISL_417652
ST56	EPI_ISL_417694
ST56	EPI_ISL_417740
ST56	EPI_ISL_417746
ST56	EPI_ISL_417758
ST56	EPI_ISL_417763
ST56	EPI_ISL_417775
ST56	EPI_ISL_417799
ST56	EPI_ISL_417812
ST56	EPI_ISL_417948
ST56	EPI_ISL_417955
ST56	EPI_ISL_417989
ST57	EPI_ISL_414019
ST57	EPI_ISL_414020
ST57	EPI_ISL_416426
ST57	EPI_ISL_416481
ST57	EPI_ISL_416489
ST57	EPI_ISL_417007
ST57	EPI_ISL_417010
ST57	EPI_ISL_417639
ST57	EPI_ISL_417814
ST57	EPI_ISL_417820
ST57	EPI_ISL_417923
ST57	EPI_ISL_417954
ST57	EPI_ISL_417963
ST57	EPI_ISL_417967
ST57	EPI_ISL_417978
ST57	EPI_ISL_418168
ST57	EPI_ISL_418183
ST58	EPI_ISL_414428
ST59	EPI_ISL_414429
ST59	EPI_ISL_415467
ST59	EPI_ISL_415483
ST59	EPI_ISL_415498
ST59	EPI_ISL_417644
ST59	EPI_ISL_417684
ST59	EPI_ISL_417688
ST59	EPI_ISL_417828
ST59	EPI_ISL_417834
ST59	EPI_ISL_417840
ST59	EPI_ISL_417862
ST60	EPI_ISL_414430
ST61	EPI_ISL_414480
ST62	EPI_ISL_414482
ST62	EPI_ISL_416570
ST63	EPI_ISL_414497
ST63	EPI_ISL_414499
ST63	EPI_ISL_414505
ST63	EPI_ISL_414509
ST63	EPI_ISL_415464
ST63	EPI_ISL_415495
ST63	EPI_ISL_415531
ST63	EPI_ISL_416033
ST63	EPI_ISL_416488
ST63	EPI_ISL_417459
ST63	EPI_ISL_417461
ST63	EPI_ISL_417462
ST63	EPI_ISL_417759
ST63	EPI_ISL_417793
ST63	EPI_ISL_417958
ST63	EPI_ISL_418117
ST64	EPI_ISL_414517
ST64	EPI_ISL_414519
ST65	EPI_ISL_414523
ST65	EPI_ISL_414526
ST65	EPI_ISL_415134|by-EPI_ISL_414523	69
ST65	EPI_ISL_415141|by-EPI_ISL_417217	69
ST65	EPI_ISL_416731
ST65	EPI_ISL_417217
ST65	EPI_ISL_417226
ST65	EPI_ISL_417231
ST65	EPI_ISL_417240
ST65	EPI_ISL_417255
ST65	EPI_ISL_417589
ST65	EPI_ISL_417754
ST66	EPI_ISL_414536
ST66	EPI_ISL_414544
ST66	EPI_ISL_415521
ST67	EPI_ISL_414537
ST67	EPI_ISL_414539
ST68	EPI_ISL_414545
ST68	EPI_ISL_414557
ST68	EPI_ISL_414561
ST68	EPI_ISL_414562
ST69	EPI_ISL_414549
ST70	EPI_ISL_414554
ST70	EPI_ISL_414641
ST70	EPI_ISL_415468
ST70	EPI_ISL_415497
ST70	EPI_ISL_415511
ST70	EPI_ISL_415530
ST71	EPI_ISL_414555
ST72	EPI_ISL_414558
ST73	EPI_ISL_414559
ST74	EPI_ISL_414563
ST75	EPI_ISL_414579
ST75	EPI_ISL_414598
ST75	EPI_ISL_414600
ST75	EPI_ISL_414623
ST75	EPI_ISL_415151
ST75	EPI_ISL_415503
ST75	EPI_ISL_415658
ST75	EPI_ISL_415660
ST75	EPI_ISL_415661
ST75	EPI_ISL_416477
ST75	EPI_ISL_416484
ST75	EPI_ISL_416487
ST75	EPI_ISL_416994
ST75	EPI_ISL_417034
ST75	EPI_ISL_417961
ST75	EPI_ISL_418216
ST76	EPI_ISL_414589
ST76	EPI_ISL_415500
ST76	EPI_ISL_415501
ST76	EPI_ISL_415506
ST76	EPI_ISL_415508
ST76	EPI_ISL_415509
ST76	EPI_ISL_415524
ST76	EPI_ISL_417880
ST77	EPI_ISL_414595
ST77	EPI_ISL_415602
ST77	EPI_ISL_416439
ST77	EPI_ISL_416453|by-EPI_ISL_416439	9-10-11-12
ST77	EPI_ISL_417448
ST78	EPI_ISL_414616
ST78	EPI_ISL_415597
ST78	EPI_ISL_415625
ST78	EPI_ISL_416434
ST78	EPI_ISL_416438
ST78	EPI_ISL_416452
ST78	EPI_ISL_416647
ST78	EPI_ISL_416648
ST78	EPI_ISL_416653
ST78	EPI_ISL_416691
ST78	EPI_ISL_416693
ST78	EPI_ISL_416698
ST78	EPI_ISL_416699
ST78	EPI_ISL_416707
ST78	EPI_ISL_416708
ST78	EPI_ISL_416716
ST78	EPI_ISL_416724
ST78	EPI_ISL_416725
ST78	EPI_ISL_416729
ST78	EPI_ISL_417341
ST78	EPI_ISL_417342
ST78	EPI_ISL_417379
ST78	EPI_ISL_417382
ST78	EPI_ISL_417451
ST78	EPI_ISL_417454
ST78	EPI_ISL_417455
ST78	EPI_ISL_417690
ST78	EPI_ISL_418053
ST78	EPI_ISL_418054
ST78	EPI_ISL_418067
ST78	EPI_ISL_418073
ST78	EPI_ISL_418081
ST79	EPI_ISL_414617
ST80	EPI_ISL_414626
ST80	EPI_ISL_414632
ST80	EPI_ISL_414633
ST80	EPI_ISL_414637
ST80	EPI_ISL_414638
ST80	EPI_ISL_415654
ST80	EPI_ISL_415697
ST80	EPI_ISL_416497
ST80	EPI_ISL_417440|by-EPI_ISL_414637	78
ST80	EPI_ISL_417878
ST80	EPI_ISL_417879
ST80	EPI_ISL_418223
ST80	EPI_ISL_418225
ST80	EPI_ISL_418227
ST80	EPI_ISL_418229
ST80	EPI_ISL_418232
ST80	EPI_ISL_418233
ST80	EPI_ISL_418238
ST81	EPI_ISL_414628|by-EPI_ISL_418219	124-125-126-127
ST81	EPI_ISL_415710|by-EPI_ISL_416758	125-126-127
ST81	EPI_ISL_416758
ST81	EPI_ISL_417336
ST81	EPI_ISL_418219
ST82	EPI_ISL_414629
ST82	EPI_ISL_415651
ST82	EPI_ISL_415652
ST82	EPI_ISL_415694
ST82	EPI_ISL_415695
ST82	EPI_ISL_415704
ST82	EPI_ISL_415705
ST82	EPI_ISL_415706
ST82	EPI_ISL_415707
ST82	EPI_ISL_416493
ST82	EPI_ISL_416499
ST82	EPI_ISL_416745
ST82	EPI_ISL_416747
ST82	EPI_ISL_416749
ST82	EPI_ISL_416750
ST82	EPI_ISL_416751
ST82	EPI_ISL_416752
ST82	EPI_ISL_416754
ST82	EPI_ISL_416756
ST82	EPI_ISL_416757
ST82	EPI_ISL_417333|by-EPI_ISL_414629	94
ST82	EPI_ISL_417334
ST82	EPI_ISL_417337
ST82	EPI_ISL_417339
ST82	EPI_ISL_417437
ST82	EPI_ISL_417442
ST82	EPI_ISL_417526
ST82	EPI_ISL_417527
ST82	EPI_ISL_417942|by-EPI_ISL_416751	125-126-127
ST82	EPI_ISL_417946
ST82	EPI_ISL_417947
ST82	EPI_ISL_418024
ST82	EPI_ISL_418230
ST82	EPI_ISL_418231
ST82	EPI_ISL_418234
ST82	EPI_ISL_418240
ST83	EPI_ISL_414663
ST84	EPI_ISL_414936|by-EPI_ISL_414940	122-123-124-125-126-127
ST84	EPI_ISL_414938
ST84	EPI_ISL_414940
ST84	EPI_ISL_414941
ST85	EPI_ISL_415153
ST85	EPI_ISL_416143
ST86	EPI_ISL_415154
ST86	EPI_ISL_416469
ST87	EPI_ISL_415155
ST88	EPI_ISL_415157
ST89	EPI_ISL_415158
ST89	EPI_ISL_416471
ST90	EPI_ISL_415159
ST91	EPI_ISL_415460
ST91	EPI_ISL_415465
ST91	EPI_ISL_415466
ST91	EPI_ISL_415469
ST91	EPI_ISL_415515
ST91	EPI_ISL_415525
ST91	EPI_ISL_415534
ST92	EPI_ISL_415461
ST92	EPI_ISL_415526
ST92	EPI_ISL_417200
ST92	EPI_ISL_417201
ST92	EPI_ISL_417514
ST93	EPI_ISL_415462
ST93	EPI_ISL_415488
ST93	EPI_ISL_415518
ST93	EPI_ISL_415520
ST93	EPI_ISL_417582
ST93	EPI_ISL_417641
ST94	EPI_ISL_415475
ST95	EPI_ISL_415481
ST96	EPI_ISL_415492
ST97	EPI_ISL_415535
ST97	EPI_ISL_417622
ST97	EPI_ISL_417706
ST97	EPI_ISL_417743
ST97	EPI_ISL_417804
ST97	EPI_ISL_417823
ST97	EPI_ISL_417837
ST98	EPI_ISL_415539
ST99	EPI_ISL_415540
ST100	EPI_ISL_415584
ST100	EPI_ISL_415588
ST101	EPI_ISL_415608
ST101	EPI_ISL_415609
ST101	EPI_ISL_415624
ST101	EPI_ISL_416650
ST101	EPI_ISL_416651
ST101	EPI_ISL_416684
ST101	EPI_ISL_417378
ST102	EPI_ISL_415611
ST102	EPI_ISL_415620
ST102	EPI_ISL_416635
ST102	EPI_ISL_416649
ST102	EPI_ISL_416668
ST102	EPI_ISL_416682
ST102	EPI_ISL_416694
ST102	EPI_ISL_416713
ST102	EPI_ISL_417356
ST102	EPI_ISL_417370
ST102	EPI_ISL_417381
ST102	EPI_ISL_417453
ST103	EPI_ISL_415631
ST104	EPI_ISL_415648
ST105	EPI_ISL_415657
ST105	EPI_ISL_415920
ST105	EPI_ISL_418110
ST105	EPI_ISL_418136
ST105	EPI_ISL_418144
ST105	EPI_ISL_418145
ST105	EPI_ISL_418147
ST105	EPI_ISL_418151
ST105	EPI_ISL_418155
ST105	EPI_ISL_418156
ST105	EPI_ISL_418158
ST105	EPI_ISL_418159
ST105	EPI_ISL_418163
ST106	EPI_ISL_415702
ST107	EPI_ISL_415741
ST107	EPI_ISL_415743
ST107	EPI_ISL_417519
ST107	EPI_ISL_417520
ST107	EPI_ISL_417521
ST108	EPI_ISL_415742|by-EPI_ISL_416593	9-10-11-12-13
ST109	EPI_ISL_416024
ST109	EPI_ISL_416739
ST109	EPI_ISL_417239
ST109	EPI_ISL_417286
ST109	EPI_ISL_417604|by-EPI_ISL_417627	124
ST109	EPI_ISL_417627
ST109	EPI_ISL_417628|by-EPI_ISL_417649	122-124
ST109	EPI_ISL_417649
ST109	EPI_ISL_417666
ST109	EPI_ISL_417667
ST109	EPI_ISL_418000
ST110	EPI_ISL_416032
ST110	EPI_ISL_417672
ST111	EPI_ISL_416034
ST112	EPI_ISL_416153
ST113	EPI_ISL_416331
ST113	EPI_ISL_416332
ST114	EPI_ISL_416372
ST115	EPI_ISL_416389
ST116	EPI_ISL_416406
ST116	EPI_ISL_416407
ST117	EPI_ISL_416413
ST117	EPI_ISL_417031
ST117	EPI_ISL_417504
ST117	EPI_ISL_417587
ST117	EPI_ISL_418062
ST118	EPI_ISL_416432
ST118	EPI_ISL_416706
ST118	EPI_ISL_417033
ST118	EPI_ISL_417388
ST118	EPI_ISL_417917
ST118	EPI_ISL_417918
ST119	EPI_ISL_416447
ST119	EPI_ISL_417081
ST119	EPI_ISL_417085
ST119	EPI_ISL_418077
ST120	EPI_ISL_416466
ST120	EPI_ISL_416667
ST120	EPI_ISL_416677
ST120	EPI_ISL_417163
ST120	EPI_ISL_417374
ST120	EPI_ISL_417480
ST120	EPI_ISL_417503
ST121	EPI_ISL_416467
ST122	EPI_ISL_416468
ST123	EPI_ISL_416476
ST124	EPI_ISL_416479|by-EPI_ISL_415136	93
ST125	EPI_ISL_416482
ST125	EPI_ISL_417233
ST125	EPI_ISL_417248
ST125	EPI_ISL_417301
ST125	EPI_ISL_417302
ST125	EPI_ISL_417695
ST125	EPI_ISL_417698
ST125	EPI_ISL_417736
ST125	EPI_ISL_417749
ST125	EPI_ISL_417997
ST125	EPI_ISL_417998
ST125	EPI_ISL_417999
ST125	EPI_ISL_418003
ST126	EPI_ISL_416513
ST127	EPI_ISL_416523
ST127	EPI_ISL_417598
ST127	EPI_ISL_417830
ST128	EPI_ISL_416538
ST128	EPI_ISL_418045
ST129	EPI_ISL_416539
ST130	EPI_ISL_416565
ST130	EPI_ISL_416603
ST130	EPI_ISL_416613
ST130	EPI_ISL_416624
ST131	EPI_ISL_416585
ST132	EPI_ISL_416604
ST133	EPI_ISL_416615|by-EPI_ISL_416577	77-78
ST134	EPI_ISL_416625
ST135	EPI_ISL_416646
ST135	EPI_ISL_416675
ST135	EPI_ISL_416723
ST135	EPI_ISL_416733
ST135	EPI_ISL_417017
ST135	EPI_ISL_417280
ST135	EPI_ISL_417289
ST135	EPI_ISL_417574
ST135	EPI_ISL_417670
ST135	EPI_ISL_417732
ST136	EPI_ISL_416657|by-EPI_ISL_417096	127
ST137	EPI_ISL_416661
ST137	EPI_ISL_417345
ST137	EPI_ISL_417376
ST137	EPI_ISL_417932
ST137	EPI_ISL_417971
ST137	EPI_ISL_418028
ST137	EPI_ISL_418036
ST137	EPI_ISL_418037
ST137	EPI_ISL_418042
ST137	EPI_ISL_418049
ST137	EPI_ISL_418051|by-EPI_ISL_418049	9-10-11-12
ST137	EPI_ISL_418072
ST138	EPI_ISL_416664
ST139	EPI_ISL_416700
ST140	EPI_ISL_416728
ST141	EPI_ISL_417018
ST142	EPI_ISL_417021
ST142	EPI_ISL_417022
ST142	EPI_ISL_417023
ST143	EPI_ISL_417025
ST144	EPI_ISL_417126
ST144	EPI_ISL_417367
ST145	EPI_ISL_417147
ST146	EPI_ISL_417191
ST147	EPI_ISL_417267
ST147	EPI_ISL_417268
ST147	EPI_ISL_417269
ST148	EPI_ISL_417292|by-EPI_ISL_415486	69
ST149	EPI_ISL_417348
ST150	EPI_ISL_417353
ST150	EPI_ISL_417380
ST151	EPI_ISL_417363
ST152	EPI_ISL_417369
ST153	EPI_ISL_417383
ST153	EPI_ISL_417389
ST153	EPI_ISL_417391
ST153	EPI_ISL_417392
ST154	EPI_ISL_417413
ST155	EPI_ISL_417420
ST156	EPI_ISL_417444
ST157	EPI_ISL_417531
ST157	EPI_ISL_417532
ST158	EPI_ISL_417534
ST159	EPI_ISL_417536
ST159	EPI_ISL_417537
ST159	EPI_ISL_417542
ST159	EPI_ISL_417543
ST159	EPI_ISL_417549
ST159	EPI_ISL_417552|by-EPI_ISL_417755	124
ST159	EPI_ISL_417573
ST159	EPI_ISL_417583
ST159	EPI_ISL_417586
ST159	EPI_ISL_417588
ST159	EPI_ISL_417597
ST159	EPI_ISL_417600
ST159	EPI_ISL_417612
ST159	EPI_ISL_417613|by-EPI_ISL_417635	124
ST159	EPI_ISL_417623|by-EPI_ISL_417543	124
ST159	EPI_ISL_417625
ST159	EPI_ISL_417626
ST159	EPI_ISL_417630
ST159	EPI_ISL_417633|by-EPI_ISL_417586	124
ST159	EPI_ISL_417634
ST159	EPI_ISL_417635
ST159	EPI_ISL_417636
ST159	EPI_ISL_417645
ST159	EPI_ISL_417650
ST159	EPI_ISL_417676
ST159	EPI_ISL_417678
ST159	EPI_ISL_417680
ST159	EPI_ISL_417703
ST159	EPI_ISL_417709
ST159	EPI_ISL_417712
ST159	EPI_ISL_417739
ST159	EPI_ISL_417741
ST159	EPI_ISL_417745
ST159	EPI_ISL_417753
ST159	EPI_ISL_417755
ST159	EPI_ISL_417774
ST159	EPI_ISL_417786
ST159	EPI_ISL_417790
ST159	EPI_ISL_417808
ST159	EPI_ISL_417809
ST159	EPI_ISL_417810
ST159	EPI_ISL_417824
ST159	EPI_ISL_417827
ST159	EPI_ISL_417836
ST160	EPI_ISL_417540
ST160	EPI_ISL_417541
ST160	EPI_ISL_417545
ST160	EPI_ISL_417603
ST160	EPI_ISL_417801
ST161	EPI_ISL_417544
ST161	EPI_ISL_417548
ST161	EPI_ISL_417557
ST161	EPI_ISL_417558
ST161	EPI_ISL_417568
ST161	EPI_ISL_417607
ST161	EPI_ISL_417653
ST161	EPI_ISL_417696
ST161	EPI_ISL_417716
ST161	EPI_ISL_417750
ST161	EPI_ISL_417771
ST161	EPI_ISL_417772
ST161	EPI_ISL_417838
ST161	EPI_ISL_417864
ST162	EPI_ISL_417555
ST162	EPI_ISL_417797
ST163	EPI_ISL_417565
ST163	EPI_ISL_417637
ST163	EPI_ISL_417646|by-EPI_ISL_417565	124-125-126-127
ST163	EPI_ISL_417651|by-EPI_ISL_417565	124
ST163	EPI_ISL_417839
ST164	EPI_ISL_417566
ST164	EPI_ISL_417632
ST164	EPI_ISL_417713
ST164	EPI_ISL_417714
ST164	EPI_ISL_417757
ST164	EPI_ISL_417785
ST164	EPI_ISL_417795
ST164	EPI_ISL_417802
ST164	EPI_ISL_417876
ST165	EPI_ISL_417577
ST165	EPI_ISL_417615
ST165	EPI_ISL_417717
ST165	EPI_ISL_417724
ST165	EPI_ISL_417762
ST165	EPI_ISL_417789
ST165	EPI_ISL_417791
ST165	EPI_ISL_417818
ST166	EPI_ISL_417580
ST166	EPI_ISL_417590
ST166	EPI_ISL_417611|by-EPI_ISL_417699	124
ST166	EPI_ISL_417621
ST166	EPI_ISL_417655
ST166	EPI_ISL_417660
ST166	EPI_ISL_417699
ST166	EPI_ISL_417822
ST167	EPI_ISL_417609
ST167	EPI_ISL_417647|by-EPI_ISL_417609	124
ST168	EPI_ISL_417618
ST168	EPI_ISL_417720
ST169	EPI_ISL_417629
ST169	EPI_ISL_417806
ST169	EPI_ISL_418206
ST169	EPI_ISL_418207
ST169	EPI_ISL_418208
ST169	EPI_ISL_418209
ST170	EPI_ISL_417737
ST170	EPI_ISL_417788
ST170	EPI_ISL_417819
ST171	EPI_ISL_417744
ST172	EPI_ISL_417752
ST173	EPI_ISL_417766
ST173	EPI_ISL_417770
ST173	EPI_ISL_417777|by-EPI_ISL_417798	124
ST173	EPI_ISL_417798
ST174	EPI_ISL_417800
ST175	EPI_ISL_417852
ST176	EPI_ISL_417871
ST177	EPI_ISL_417877
ST178	EPI_ISL_417969
ST179	EPI_ISL_417981
ST180	EPI_ISL_418009
ST181	EPI_ISL_418222
ST182	EPI_ISL_418224
ST183	EPI_ISL_418243
ST184	EPI_ISL_418251
