9	145
ST1	EPI_ISL_402119
ST1	EPI_ISL_402120
ST1	EPI_ISL_402121
ST1	EPI_ISL_402123
ST1	EPI_ISL_402124
ST1	EPI_ISL_402125
ST1	EPI_ISL_402127
ST1	EPI_ISL_402128
ST1	EPI_ISL_402129
ST1	EPI_ISL_402130
ST1	EPI_ISL_402132
ST1	EPI_ISL_403928
ST1	EPI_ISL_403929
ST1	EPI_ISL_403930
ST1	EPI_ISL_403931
ST1	EPI_ISL_403934
ST1	EPI_ISL_403962
ST1	EPI_ISL_403963
ST1	EPI_ISL_404227
ST1	EPI_ISL_404228
ST1	EPI_ISL_404253|by-EPI_ISL_413558	44-96-112-119-120-129
ST1	EPI_ISL_406538
ST1	EPI_ISL_406595
ST1	EPI_ISL_406716
ST1	EPI_ISL_406717
ST1	EPI_ISL_406798
ST1	EPI_ISL_406800
ST1	EPI_ISL_406970
ST1	EPI_ISL_406973
ST1	EPI_ISL_407079|by-EPI_ISL_403929	86
ST1	EPI_ISL_407084
ST1	EPI_ISL_407313
ST1	EPI_ISL_408431
ST1	EPI_ISL_408479
ST1	EPI_ISL_408486
ST1	EPI_ISL_408488
ST1	EPI_ISL_408511|by-EPI_ISL_411915	9-10-11-12-13-14-37-123-135-136-137
ST1	EPI_ISL_408514
ST1	EPI_ISL_408515
ST1	EPI_ISL_408976|by-EPI_ISL_414042	145
ST1	EPI_ISL_410044|by-EPI_ISL_418137	14
ST1	EPI_ISL_410218
ST1	EPI_ISL_410486
ST1	EPI_ISL_410531
ST1	EPI_ISL_410532
ST1	EPI_ISL_411902
ST1	EPI_ISL_411915
ST1	EPI_ISL_411927
ST1	EPI_ISL_411950
ST1	EPI_ISL_411953
ST1	EPI_ISL_411955
ST1	EPI_ISL_412026
ST1	EPI_ISL_412459
ST1	EPI_ISL_412862
ST1	EPI_ISL_412872
ST1	EPI_ISL_412898
ST1	EPI_ISL_412899
ST1	EPI_ISL_412900|by-EPI_ISL_412862	9-10-11-12-13-14
ST1	EPI_ISL_413558
ST1	EPI_ISL_413559
ST1	EPI_ISL_413561
ST1	EPI_ISL_413564
ST1	EPI_ISL_413567|by-EPI_ISL_417253	71-72-73
ST1	EPI_ISL_413568
ST1	EPI_ISL_413576|by-EPI_ISL_416393	71-72-73
ST1	EPI_ISL_413578|by-EPI_ISL_413852	139-140-141-142-143-144-145
ST1	EPI_ISL_413580
ST1	EPI_ISL_413581
ST1	EPI_ISL_413582
ST1	EPI_ISL_413585|by-EPI_ISL_415522	71-72-73-101
ST1	EPI_ISL_413586|by-EPI_ISL_414041	67-72-73
ST1	EPI_ISL_413590
ST1	EPI_ISL_413596|by-EPI_ISL_402130	9-10-11-12-141-142-143-144-145
ST1	EPI_ISL_413606
ST1	EPI_ISL_413608
ST1	EPI_ISL_413610
ST1	EPI_ISL_413613
ST1	EPI_ISL_413614
ST1	EPI_ISL_413615
ST1	EPI_ISL_413616
ST1	EPI_ISL_413618
ST1	EPI_ISL_413619
ST1	EPI_ISL_413620
ST1	EPI_ISL_413621
ST1	EPI_ISL_413622
ST1	EPI_ISL_413692
ST1	EPI_ISL_413693
ST1	EPI_ISL_413694
ST1	EPI_ISL_413753
ST1	EPI_ISL_413851
ST1	EPI_ISL_413852
ST1	EPI_ISL_413857
ST1	EPI_ISL_413861
ST1	EPI_ISL_413866
ST1	EPI_ISL_413868|by-EPI_ISL_414458	45-57-81-89-90-113-114-115-141-142-143-144-145
ST1	EPI_ISL_413869|by-EPI_ISL_403929	45-89-90
ST1	EPI_ISL_413872|by-EPI_ISL_408479	45-81-89-90
ST1	EPI_ISL_413874|by-EPI_ISL_410532	45-81-89-90
ST1	EPI_ISL_413875|by-EPI_ISL_414541	89-90
ST1	EPI_ISL_413879|by-EPI_ISL_417792	14-15-45-57-81-83-84-89-90-113-114-115
ST1	EPI_ISL_413882|by-EPI_ISL_411902	89-90
ST1	EPI_ISL_413883|by-EPI_ISL_413614	40-41-42-45-57-83-84-89-90-113-114-115
ST1	EPI_ISL_413884|by-EPI_ISL_416394	45
ST1	EPI_ISL_413888|by-EPI_ISL_416358	45-89-90
ST1	EPI_ISL_413893|by-EPI_ISL_414542	45-57-81-83-84-89-90-113-114-115
ST1	EPI_ISL_413898|by-EPI_ISL_417285	45-57-81-83-84-89-90-113-114-115
ST1	EPI_ISL_413902|by-EPI_ISL_418103	45-57-81-83-84-89-90-113-114-115
ST1	EPI_ISL_414024|by-EPI_ISL_414040	89-90
ST1	EPI_ISL_414026|by-EPI_ISL_416047	89-90
ST1	EPI_ISL_414040
ST1	EPI_ISL_414041
ST1	EPI_ISL_414042
ST1	EPI_ISL_414043
ST1	EPI_ISL_414044
ST1	EPI_ISL_414426
ST1	EPI_ISL_414427|by-EPI_ISL_412026	36-93
ST1	EPI_ISL_414431|by-EPI_ISL_412459	44
ST1	EPI_ISL_414432
ST1	EPI_ISL_414458
ST1	EPI_ISL_414459|by-EPI_ISL_403928	44-71-72-73-101
ST1	EPI_ISL_414462
ST1	EPI_ISL_414467
ST1	EPI_ISL_414479
ST1	EPI_ISL_414481
ST1	EPI_ISL_414487
ST1	EPI_ISL_414498
ST1	EPI_ISL_414504|by-EPI_ISL_413559	89-90
ST1	EPI_ISL_414506|by-EPI_ISL_416379	89-90
ST1	EPI_ISL_414508
ST1	EPI_ISL_414510
ST1	EPI_ISL_414533|by-EPI_ISL_404227	71-72-73
ST1	EPI_ISL_414538|by-EPI_ISL_416358	25-46-47-48-49-71-72-73-87
ST1	EPI_ISL_414540|by-EPI_ISL_416380	14-71-72-73
ST1	EPI_ISL_414541
ST1	EPI_ISL_414542
ST1	EPI_ISL_414547|by-EPI_ISL_403928	43-44-46-47-48-71-72-73-82-101
ST1	EPI_ISL_414550|by-EPI_ISL_406798	94-95-96-97
ST1	EPI_ISL_414553|by-EPI_ISL_416404	93
ST1	EPI_ISL_414574|by-EPI_ISL_413558	89-90
ST1	EPI_ISL_414687|by-EPI_ISL_414044	86
ST1	EPI_ISL_414692
ST1	EPI_ISL_415148
ST1	EPI_ISL_415490|by-EPI_ISL_416390	25-71-72-73
ST1	EPI_ISL_415493
ST1	EPI_ISL_415494
ST1	EPI_ISL_415504|by-EPI_ISL_416907	87
ST1	EPI_ISL_415513|by-EPI_ISL_418150	87
ST1	EPI_ISL_415516
ST1	EPI_ISL_415522
ST1	EPI_ISL_415528|by-EPI_ISL_403930	25
ST1	EPI_ISL_415538|by-EPI_ISL_411955	81-85
ST1	EPI_ISL_415583
ST1	EPI_ISL_415628|by-EPI_ISL_414479	89-90
ST1	EPI_ISL_415638|by-EPI_ISL_413590	89-90
ST1	EPI_ISL_415659|by-EPI_ISL_417178	81
ST1	EPI_ISL_415711
ST1	EPI_ISL_415918|by-EPI_ISL_414510	89-90
ST1	EPI_ISL_415919|by-EPI_ISL_411950	81-89-90-141-142-143-144-145
ST1	EPI_ISL_416044
ST1	EPI_ISL_416046
ST1	EPI_ISL_416047
ST1	EPI_ISL_416320
ST1	EPI_ISL_416329
ST1	EPI_ISL_416336
ST1	EPI_ISL_416337
ST1	EPI_ISL_416340
ST1	EPI_ISL_416345|by-EPI_ISL_418103	46-47
ST1	EPI_ISL_416347|by-EPI_ISL_416337	46-47-48
ST1	EPI_ISL_416348|by-EPI_ISL_402127	46-47-48
ST1	EPI_ISL_416353
ST1	EPI_ISL_416355
ST1	EPI_ISL_416358
ST1	EPI_ISL_416359|by-EPI_ISL_415493	46-47
ST1	EPI_ISL_416360|by-EPI_ISL_416380	9-10-11-12-13-46-47
ST1	EPI_ISL_416362
ST1	EPI_ISL_416367
ST1	EPI_ISL_416369|by-EPI_ISL_413694	46-47-48
ST1	EPI_ISL_416370
ST1	EPI_ISL_416371|by-EPI_ISL_414510	22-23-24-44-45-46-47-52
ST1	EPI_ISL_416374|by-EPI_ISL_414458	46-47-94-95
ST1	EPI_ISL_416375
ST1	EPI_ISL_416376
ST1	EPI_ISL_416379
ST1	EPI_ISL_416380
ST1	EPI_ISL_416384
ST1	EPI_ISL_416385|by-EPI_ISL_416340	67-99-100
ST1	EPI_ISL_416388|by-EPI_ISL_416380	46-47-65-66-67-96-97-98
ST1	EPI_ISL_416390
ST1	EPI_ISL_416393
ST1	EPI_ISL_416394
ST1	EPI_ISL_416395|by-EPI_ISL_416340	26-27-28-29-30-31-32-43-44-45-65-66-67
ST1	EPI_ISL_416396|by-EPI_ISL_416337	130-131-132-133-134
ST1	EPI_ISL_416401
ST1	EPI_ISL_416404
ST1	EPI_ISL_416405
ST1	EPI_ISL_416416|by-EPI_ISL_416046	9-10-11-12-13-57-81-89-90
ST1	EPI_ISL_416425
ST1	EPI_ISL_416474
ST1	EPI_ISL_416738
ST1	EPI_ISL_416907
ST1	EPI_ISL_417064
ST1	EPI_ISL_417178
ST1	EPI_ISL_417218|by-EPI_ISL_415516	81
ST1	EPI_ISL_417253
ST1	EPI_ISL_417259|by-EPI_ISL_418103	81-82
ST1	EPI_ISL_417263
ST1	EPI_ISL_417276
ST1	EPI_ISL_417285
ST1	EPI_ISL_417288|by-EPI_ISL_414541	81
ST1	EPI_ISL_417296|by-EPI_ISL_416340	142-143-144-145
ST1	EPI_ISL_417306|by-EPI_ISL_402129	81
ST1	EPI_ISL_417312
ST1	EPI_ISL_417313
ST1	EPI_ISL_417318|by-EPI_ISL_408515	145
ST1	EPI_ISL_417320
ST1	EPI_ISL_417325|by-EPI_ISL_415516	40-106-139-141
ST1	EPI_ISL_417335
ST1	EPI_ISL_417432|by-EPI_ISL_402129	81-89-90
ST1	EPI_ISL_417482|by-EPI_ISL_413606	81-83-84-141-142-143-144-145
ST1	EPI_ISL_417553
ST1	EPI_ISL_417576
ST1	EPI_ISL_417591
ST1	EPI_ISL_417602
ST1	EPI_ISL_417616|by-EPI_ISL_407084	141-142-143-144-145
ST1	EPI_ISL_417792
ST1	EPI_ISL_418083|by-EPI_ISL_413568	81-141-142-143-144-145
ST1	EPI_ISL_418084|by-EPI_ISL_413580	57-81-89-90-138-139-140-141-142-143-144-145
ST1	EPI_ISL_418085|by-EPI_ISL_406973	81
ST1	EPI_ISL_418092|by-EPI_ISL_416379	57-81-89-90-138
ST1	EPI_ISL_418100|by-EPI_ISL_403928	57-81-142-143-144-145
ST1	EPI_ISL_418101|by-EPI_ISL_416404	81
ST1	EPI_ISL_418102|by-EPI_ISL_416401	57-81-83-84
ST1	EPI_ISL_418103
ST1	EPI_ISL_418104|by-EPI_ISL_412026	36-57-81-83-84
ST1	EPI_ISL_418106|by-EPI_ISL_408486	57-81-83-84-138
ST1	EPI_ISL_418107|by-EPI_ISL_402127	57-83-84
ST1	EPI_ISL_418108|by-EPI_ISL_406595	57-81-83-84-143-144-145
ST1	EPI_ISL_418111|by-EPI_ISL_413866	57-81
ST1	EPI_ISL_418112|by-EPI_ISL_406538	57-81
ST1	EPI_ISL_418115|by-EPI_ISL_416320	57
ST1	EPI_ISL_418120|by-EPI_ISL_412862	81
ST1	EPI_ISL_418121|by-EPI_ISL_416370	57-81
ST1	EPI_ISL_418124|by-EPI_ISL_416401	57
ST1	EPI_ISL_418125|by-EPI_ISL_412862	81
ST1	EPI_ISL_418127|by-EPI_ISL_406798	57-81
ST1	EPI_ISL_418128|by-EPI_ISL_417285	57-81-113-142-143-144-145
ST1	EPI_ISL_418129|by-EPI_ISL_403929	57-81
ST1	EPI_ISL_418130|by-EPI_ISL_416394	81
ST1	EPI_ISL_418131|by-EPI_ISL_402125	57-81
ST1	EPI_ISL_418132|by-EPI_ISL_407084	81
ST1	EPI_ISL_418133|by-EPI_ISL_414508	67-81
ST1	EPI_ISL_418134|by-EPI_ISL_416340	57-81
ST1	EPI_ISL_418135|by-EPI_ISL_402124	81
ST1	EPI_ISL_418137
ST1	EPI_ISL_418140|by-EPI_ISL_406973	81
ST1	EPI_ISL_418141|by-EPI_ISL_402123	81-138
ST1	EPI_ISL_418142|by-EPI_ISL_403963	81
ST1	EPI_ISL_418143
ST1	EPI_ISL_418148|by-EPI_ISL_413616	39-57-81-113-137-138-139-141-142-143-144-145
ST1	EPI_ISL_418150
ST1	EPI_ISL_418153|by-EPI_ISL_411955	57
ST1	EPI_ISL_418154|by-EPI_ISL_402127	36-57-58
ST1	EPI_ISL_418157|by-EPI_ISL_412899	57
ST1	EPI_ISL_418160|by-EPI_ISL_408431	57
ST1	EPI_ISL_418161|by-EPI_ISL_413621	57
ST1	EPI_ISL_418162|by-EPI_ISL_408431	57
ST1	EPI_ISL_418164|by-EPI_ISL_416370	14-138
ST1	EPI_ISL_418165|by-EPI_ISL_415516	36-57-81-141-142-143-144-145
ST2	EPI_ISL_402131
ST3	EPI_ISL_403932
ST3	EPI_ISL_403933
ST3	EPI_ISL_403935
ST3	EPI_ISL_405839
ST3	EPI_ISL_406030
ST3	EPI_ISL_406593
ST3	EPI_ISL_408665
ST3	EPI_ISL_408666
ST3	EPI_ISL_408667
ST3	EPI_ISL_411956
ST3	EPI_ISL_413809
ST3	EPI_ISL_414521
ST3	EPI_ISL_414688
ST3	EPI_ISL_416318
ST3	EPI_ISL_416319
ST3	EPI_ISL_416366
ST3	EPI_ISL_416377
ST3	EPI_ISL_417030
ST4	EPI_ISL_403936
ST4	EPI_ISL_403937
ST4	EPI_ISL_406531
ST4	EPI_ISL_408010
ST4	EPI_ISL_411952
ST4	EPI_ISL_416321
ST5	EPI_ISL_404895
ST5	EPI_ISL_407214
ST5	EPI_ISL_407215
ST5	EPI_ISL_408478
ST5	EPI_ISL_408487|by-EPI_ISL_407214	14-110-135-136
ST5	EPI_ISL_411060
ST5	EPI_ISL_413855
ST5	EPI_ISL_413862
ST5	EPI_ISL_416473
ST5	EPI_ISL_416886
ST6	EPI_ISL_406031
ST6	EPI_ISL_406036
ST6	EPI_ISL_406844|by-EPI_ISL_410713	145
ST6	EPI_ISL_408977
ST6	EPI_ISL_410536
ST6	EPI_ISL_410713
ST6	EPI_ISL_410714
ST6	EPI_ISL_410715
ST6	EPI_ISL_410716
ST6	EPI_ISL_411929
ST6	EPI_ISL_411951
ST6	EPI_ISL_413018
ST6	EPI_ISL_413863
ST6	EPI_ISL_415582
ST6	EPI_ISL_416315|by-EPI_ISL_413018	58-85
ST6	EPI_ISL_416325
ST6	EPI_ISL_416346|by-EPI_ISL_411929	44-45-46-47-48-52
ST6	EPI_ISL_416349
ST6	EPI_ISL_416364|by-EPI_ISL_411951	46-47
ST6	EPI_ISL_416391|by-EPI_ISL_406031	26-27-28-46-47-48
ST6	EPI_ISL_416400|by-EPI_ISL_406031	46-47-48
ST6	EPI_ISL_416408|by-EPI_ISL_413863	46-47-48
ST6	EPI_ISL_416410|by-EPI_ISL_413863	89-90
ST6	EPI_ISL_416411
ST6	EPI_ISL_417177|by-EPI_ISL_413863	89-90
ST6	EPI_ISL_417179|by-EPI_ISL_413863	40-41-42-89-90-105
ST6	EPI_ISL_417180|by-EPI_ISL_415582	89-90
ST6	EPI_ISL_417182|by-EPI_ISL_410716	89-90
ST6	EPI_ISL_417183|by-EPI_ISL_415582	89-90
ST6	EPI_ISL_417184|by-EPI_ISL_416325	57-89-90
ST6	EPI_ISL_417185
ST6	EPI_ISL_417190|by-EPI_ISL_411951	57-89-90
ST6	EPI_ISL_417195|by-EPI_ISL_413863	89-90
ST6	EPI_ISL_417199|by-EPI_ISL_415582	89-90
ST7	EPI_ISL_406034
ST7	EPI_ISL_408484
ST7	EPI_ISL_408485
ST7	EPI_ISL_408668
ST7	EPI_ISL_410045
ST7	EPI_ISL_416338
ST7	EPI_ISL_416341
ST7	EPI_ISL_416381
ST7	EPI_ISL_416409
ST7	EPI_ISL_416427
ST7	EPI_ISL_416429
ST8	EPI_ISL_406223
ST9	EPI_ISL_406533
ST9	EPI_ISL_408669
ST9	EPI_ISL_412966
ST9	EPI_ISL_413864
ST9	EPI_ISL_414511
ST9	EPI_ISL_416361
ST9	EPI_ISL_416363
ST9	EPI_ISL_416387
ST10	EPI_ISL_406534
ST10	EPI_ISL_406594
ST10	EPI_ISL_408008
ST10	EPI_ISL_408009
ST10	EPI_ISL_413014
ST10	EPI_ISL_413015
ST10	EPI_ISL_416365
ST11	EPI_ISL_406535
ST11	EPI_ISL_406536
ST11	EPI_ISL_408670
ST11	EPI_ISL_410719
ST11	EPI_ISL_411066
ST11	EPI_ISL_412967
ST11	EPI_ISL_413522
ST11	EPI_ISL_416324
ST11	EPI_ISL_416398
ST12	EPI_ISL_406592
ST13	EPI_ISL_406596
ST13	EPI_ISL_406597
ST13	EPI_ISL_410720
ST13	EPI_ISL_411219
ST13	EPI_ISL_411220
ST14	EPI_ISL_406801
ST14	EPI_ISL_407071
ST14	EPI_ISL_407073
ST14	EPI_ISL_407893
ST14	EPI_ISL_407976
ST14	EPI_ISL_408483
ST14	EPI_ISL_408489|by-EPI_ISL_418252	9-10-141-142-143-144-145
ST14	EPI_ISL_411926
ST14	EPI_ISL_412869
ST14	EPI_ISL_412978
ST14	EPI_ISL_412979
ST14	EPI_ISL_412980
ST14	EPI_ISL_412983
ST14	EPI_ISL_413485|by-EPI_ISL_414690	52
ST14	EPI_ISL_413523
ST14	EPI_ISL_413691
ST14	EPI_ISL_413695|by-EPI_ISL_407976	89
ST14	EPI_ISL_413729
ST14	EPI_ISL_413746
ST14	EPI_ISL_413747
ST14	EPI_ISL_413748
ST14	EPI_ISL_413749
ST14	EPI_ISL_413750
ST14	EPI_ISL_413751
ST14	EPI_ISL_413752|by-EPI_ISL_413746	14
ST14	EPI_ISL_413854
ST14	EPI_ISL_413856|by-EPI_ISL_416402	52
ST14	EPI_ISL_413858
ST14	EPI_ISL_413859|by-EPI_ISL_417979	46-47-52-58-86
ST14	EPI_ISL_413860
ST14	EPI_ISL_413867
ST14	EPI_ISL_413873|by-EPI_ISL_407976	14-15-45-89-90-113-114-115-141-142-143-144-145
ST14	EPI_ISL_413889|by-EPI_ISL_413523	45-89-90
ST14	EPI_ISL_413897|by-EPI_ISL_414689	45-57-81-89-90-113-114-115
ST14	EPI_ISL_414378|by-EPI_ISL_413746	118-119-120
ST14	EPI_ISL_414379|by-EPI_ISL_416885	118-119-120
ST14	EPI_ISL_414380|by-EPI_ISL_417979	118-119-120
ST14	EPI_ISL_414496|by-EPI_ISL_416323	33-37-53-54-89-90-93-141-142-143-144-145
ST14	EPI_ISL_414577
ST14	EPI_ISL_414578
ST14	EPI_ISL_414689
ST14	EPI_ISL_414690
ST14	EPI_ISL_414691
ST14	EPI_ISL_414934|by-EPI_ISL_411926	24-37-55-59-70-71-99-100-103-105-137-138-145
ST14	EPI_ISL_416042
ST14	EPI_ISL_416322
ST14	EPI_ISL_416323
ST14	EPI_ISL_416326
ST14	EPI_ISL_416328|by-EPI_ISL_416322	46-47-48
ST14	EPI_ISL_416330
ST14	EPI_ISL_416333
ST14	EPI_ISL_416339
ST14	EPI_ISL_416343|by-EPI_ISL_414689	46-47-48
ST14	EPI_ISL_416344|by-EPI_ISL_417979	46-47-87
ST14	EPI_ISL_416352
ST14	EPI_ISL_416357
ST14	EPI_ISL_416368|by-EPI_ISL_416333	46-47
ST14	EPI_ISL_416378|by-EPI_ISL_407976	46-47
ST14	EPI_ISL_416402
ST14	EPI_ISL_416483|by-EPI_ISL_413746	89-90
ST14	EPI_ISL_416485|by-EPI_ISL_414578	105-106
ST14	EPI_ISL_416885
ST14	EPI_ISL_417176
ST14	EPI_ISL_417205|by-EPI_ISL_414577	20-26-27-28-57-81-83-84-105-106-118-119
ST14	EPI_ISL_417518|by-EPI_ISL_408483	118-119-120
ST14	EPI_ISL_417924|by-EPI_ISL_416330	89-90
ST14	EPI_ISL_417979
ST14	EPI_ISL_417980
ST14	EPI_ISL_418027
ST14	EPI_ISL_418146|by-EPI_ISL_416322	57-81-105-106-113
ST14	EPI_ISL_418252
ST15	EPI_ISL_406862
ST15	EPI_ISL_414640|by-EPI_ISL_417494	82-98-109
ST15	EPI_ISL_416327|by-EPI_ISL_406862	46-47
ST15	EPI_ISL_416334
ST15	EPI_ISL_416386|by-EPI_ISL_416334	46-47-85
ST15	EPI_ISL_417471
ST15	EPI_ISL_417494
ST16	EPI_ISL_407193
ST16	EPI_ISL_412870
ST16	EPI_ISL_412871
ST16	EPI_ISL_413513
ST16	EPI_ISL_413514
ST16	EPI_ISL_413515
ST16	EPI_ISL_413516
ST16	EPI_ISL_413518
ST16	EPI_ISL_413519
ST16	EPI_ISL_413520
ST16	EPI_ISL_413521
ST17	EPI_ISL_407894
ST17	EPI_ISL_407896
ST17	EPI_ISL_410535|by-EPI_ISL_413853	9-10-11-12-141-142-143-144-145
ST17	EPI_ISL_410717
ST17	EPI_ISL_410718
ST17	EPI_ISL_411954
ST17	EPI_ISL_413853
ST17	EPI_ISL_416316
ST17	EPI_ISL_416317
ST17	EPI_ISL_416403
ST17	EPI_ISL_416415
ST17	EPI_ISL_416696
ST18	EPI_ISL_407987
ST18	EPI_ISL_410537
ST18	EPI_ISL_416829
ST18	EPI_ISL_416866
ST18	EPI_ISL_416884
ST19	EPI_ISL_407988
ST19	EPI_ISL_408481
ST19	EPI_ISL_412030
ST19	EPI_ISL_412965|by-EPI_ISL_416606	52-89-90
ST19	EPI_ISL_412968
ST19	EPI_ISL_413850|by-EPI_ISL_416590	20-52-58-86
ST19	EPI_ISL_413870|by-EPI_ISL_414485	45-89-90-113-114-115
ST19	EPI_ISL_413896|by-EPI_ISL_416611	45-57-81-83-84-89-90-113-114-115-138
ST19	EPI_ISL_414483
ST19	EPI_ISL_414484
ST19	EPI_ISL_414485
ST19	EPI_ISL_414501|by-EPI_ISL_416342	89-90
ST19	EPI_ISL_414571
ST19	EPI_ISL_415137|by-EPI_ISL_412968	81-127
ST19	EPI_ISL_415577|by-EPI_ISL_416614	89-90
ST19	EPI_ISL_415578
ST19	EPI_ISL_415579
ST19	EPI_ISL_415580|by-EPI_ISL_416596	89-90
ST19	EPI_ISL_415585
ST19	EPI_ISL_415587
ST19	EPI_ISL_416342
ST19	EPI_ISL_416351|by-EPI_ISL_416612	46-47
ST19	EPI_ISL_416354|by-EPI_ISL_407988	46-47
ST19	EPI_ISL_416383|by-EPI_ISL_416621	46-47-96-97-98
ST19	EPI_ISL_416414|by-EPI_ISL_416608	26-27-28-89-90
ST19	EPI_ISL_416526|by-EPI_ISL_416583	89-90
ST19	EPI_ISL_416566
ST19	EPI_ISL_416568|by-EPI_ISL_414571	14
ST19	EPI_ISL_416569
ST19	EPI_ISL_416571
ST19	EPI_ISL_416572
ST19	EPI_ISL_416573
ST19	EPI_ISL_416574
ST19	EPI_ISL_416575
ST19	EPI_ISL_416576
ST19	EPI_ISL_416577
ST19	EPI_ISL_416578
ST19	EPI_ISL_416579
ST19	EPI_ISL_416580
ST19	EPI_ISL_416581
ST19	EPI_ISL_416583
ST19	EPI_ISL_416586
ST19	EPI_ISL_416588|by-EPI_ISL_416601	14
ST19	EPI_ISL_416589
ST19	EPI_ISL_416590
ST19	EPI_ISL_416591
ST19	EPI_ISL_416592
ST19	EPI_ISL_416593
ST19	EPI_ISL_416594
ST19	EPI_ISL_416595
ST19	EPI_ISL_416596
ST19	EPI_ISL_416597
ST19	EPI_ISL_416600
ST19	EPI_ISL_416601
ST19	EPI_ISL_416602|by-EPI_ISL_416601	89-90
ST19	EPI_ISL_416605
ST19	EPI_ISL_416606
ST19	EPI_ISL_416607
ST19	EPI_ISL_416608
ST19	EPI_ISL_416609
ST19	EPI_ISL_416611
ST19	EPI_ISL_416612
ST19	EPI_ISL_416614
ST19	EPI_ISL_416616|by-EPI_ISL_415578	89-90
ST19	EPI_ISL_416617
ST19	EPI_ISL_416618|by-EPI_ISL_416593	89-90-142-143-144-145
ST19	EPI_ISL_416620
ST19	EPI_ISL_416621
ST19	EPI_ISL_416622
ST19	EPI_ISL_416623|by-EPI_ISL_416614	49-89-90-142-143-144-145
ST19	EPI_ISL_416626|by-EPI_ISL_415578	89-90
ST19	EPI_ISL_416627
ST19	EPI_ISL_416628
ST19	EPI_ISL_416629
ST19	EPI_ISL_416630
ST19	EPI_ISL_416631
ST19	EPI_ISL_416632
ST19	EPI_ISL_416633
ST19	EPI_ISL_416634
ST19	EPI_ISL_417920|by-EPI_ISL_416633	57
ST20	EPI_ISL_408430
ST20	EPI_ISL_410984
ST20	EPI_ISL_411218
ST21	EPI_ISL_408480
ST21	EPI_ISL_416392|by-EPI_ISL_408480	46-47
ST22	EPI_ISL_408482
ST22	EPI_ISL_412975
ST22	EPI_ISL_412981
ST22	EPI_ISL_413490
ST22	EPI_ISL_413600|by-EPI_ISL_415581	9-10-11-12-141-142-143-144-145
ST22	EPI_ISL_414008
ST22	EPI_ISL_414476
ST22	EPI_ISL_414520
ST22	EPI_ISL_414522|by-EPI_ISL_414520	52
ST22	EPI_ISL_414591
ST22	EPI_ISL_415581
ST22	EPI_ISL_416373
ST22	EPI_ISL_416382
ST22	EPI_ISL_416542
ST22	EPI_ISL_417238|by-EPI_ISL_408482	127
ST22	EPI_ISL_417384
ST22	EPI_ISL_417385
ST22	EPI_ISL_417523
ST22	EPI_ISL_417524
ST23	EPI_ISL_408978|by-EPI_ISL_416507	9-10-52-110-138-140-141-142-143-144-145
ST23	EPI_ISL_410545|by-EPI_ISL_417487	52
ST23	EPI_ISL_410546
ST23	EPI_ISL_412974
ST23	EPI_ISL_413605|by-EPI_ISL_417489	82
ST23	EPI_ISL_414529
ST23	EPI_ISL_414531
ST23	EPI_ISL_414532
ST23	EPI_ISL_414534
ST23	EPI_ISL_414645|by-EPI_ISL_415590	69-70-80
ST23	EPI_ISL_415130|by-EPI_ISL_415709	81
ST23	EPI_ISL_415132|by-EPI_ISL_417254	26-27-28-81
ST23	EPI_ISL_415139|by-EPI_ISL_415643	81
ST23	EPI_ISL_415143|by-EPI_ISL_414531	81
ST23	EPI_ISL_415144|by-EPI_ISL_414531	27-28-81
ST23	EPI_ISL_415149|by-EPI_ISL_417668	81
ST23	EPI_ISL_415470
ST23	EPI_ISL_415484
ST23	EPI_ISL_415590
ST23	EPI_ISL_415641
ST23	EPI_ISL_415643
ST23	EPI_ISL_415709
ST23	EPI_ISL_416480
ST23	EPI_ISL_416503
ST23	EPI_ISL_416507
ST23	EPI_ISL_416515|by-EPI_ISL_417314	89-90-145
ST23	EPI_ISL_416516|by-EPI_ISL_417487	89-90-145
ST23	EPI_ISL_416518|by-EPI_ISL_416503	89-90
ST23	EPI_ISL_417011|by-EPI_ISL_417489	89-90
ST23	EPI_ISL_417215|by-EPI_ISL_417488	81
ST23	EPI_ISL_417216|by-EPI_ISL_415643	142-143-144-145
ST23	EPI_ISL_417219|by-EPI_ISL_417487	81-82
ST23	EPI_ISL_417254
ST23	EPI_ISL_417262|by-EPI_ISL_414532	81
ST23	EPI_ISL_417275|by-EPI_ISL_415470	81
ST23	EPI_ISL_417281|by-EPI_ISL_418025	81
ST23	EPI_ISL_417284|by-EPI_ISL_415643	81
ST23	EPI_ISL_417300|by-EPI_ISL_415643	20-27-28-81-82-83-84-143-144-145
ST23	EPI_ISL_417303|by-EPI_ISL_414531	81
ST23	EPI_ISL_417305|by-EPI_ISL_417488	81
ST23	EPI_ISL_417314
ST23	EPI_ISL_417486
ST23	EPI_ISL_417487
ST23	EPI_ISL_417488
ST23	EPI_ISL_417489
ST23	EPI_ISL_417490|by-EPI_ISL_414529	88
ST23	EPI_ISL_417601|by-EPI_ISL_415590	139-140-141-142
ST23	EPI_ISL_417605|by-EPI_ISL_416480	139-140-141-142
ST23	EPI_ISL_417657|by-EPI_ISL_417488	142-143-144-145
ST23	EPI_ISL_417658|by-EPI_ISL_418025	20-26-27-28
ST23	EPI_ISL_417661|by-EPI_ISL_417668	20-26
ST23	EPI_ISL_417668
ST23	EPI_ISL_417669|by-EPI_ISL_418025	9-10-20-26-27-28-57
ST23	EPI_ISL_417765|by-EPI_ISL_415590	9-10-11-12-13-142-143-144-145
ST23	EPI_ISL_417952|by-EPI_ISL_417489	117
ST23	EPI_ISL_418025
ST23	EPI_ISL_418123|by-EPI_ISL_415641	52-57-81
ST23	EPI_ISL_418126|by-EPI_ISL_410546	145
ST24	EPI_ISL_409067
ST25	EPI_ISL_410301
ST26	EPI_ISL_411957
ST26	EPI_ISL_414684|by-EPI_ISL_411957	86
ST26	EPI_ISL_414685|by-EPI_ISL_411957	86
ST26	EPI_ISL_414686|by-EPI_ISL_411957	86
ST27	EPI_ISL_412028|by-EPI_ISL_416381	96
ST28	EPI_ISL_412029
ST28	EPI_ISL_414527
ST28	EPI_ISL_414528
ST28	EPI_ISL_414569
ST28	EPI_ISL_416314
ST28	EPI_ISL_417181|by-EPI_ISL_417187	89
ST28	EPI_ISL_417187
ST28	EPI_ISL_417188
ST28	EPI_ISL_417193
ST28	EPI_ISL_417197
ST29	EPI_ISL_412116|by-EPI_ISL_417584	52
ST29	EPI_ISL_414005|by-EPI_ISL_417315	52
ST29	EPI_ISL_414006|by-EPI_ISL_417282	52
ST29	EPI_ISL_414007|by-EPI_ISL_417270	52
ST29	EPI_ISL_415128
ST29	EPI_ISL_415478
ST29	EPI_ISL_415630
ST29	EPI_ISL_417213|by-EPI_ISL_417584	81
ST29	EPI_ISL_417270
ST29	EPI_ISL_417282
ST29	EPI_ISL_417315
ST29	EPI_ISL_417394|by-EPI_ISL_417950	9-10-11-12-141-142-143-144-145
ST29	EPI_ISL_417409|by-EPI_ISL_417270	9-10-11-12-141-142-143-144-145
ST29	EPI_ISL_417410|by-EPI_ISL_418020	9-10-11-12-141-142-143-144-145
ST29	EPI_ISL_417475|by-EPI_ISL_417584	52-85
ST29	EPI_ISL_417498|by-EPI_ISL_417950	52-85
ST29	EPI_ISL_417584
ST29	EPI_ISL_417659
ST29	EPI_ISL_417950
ST29	EPI_ISL_418020
ST29	EPI_ISL_418021
ST30	EPI_ISL_412873
ST31	EPI_ISL_412912
ST31	EPI_ISL_412972
ST31	EPI_ISL_413021
ST31	EPI_ISL_413022
ST31	EPI_ISL_413221|by-EPI_ISL_414448	89-90
ST31	EPI_ISL_413550|by-EPI_ISL_416734	94-95
ST31	EPI_ISL_413556|by-EPI_ISL_417567	89-90
ST31	EPI_ISL_413565|by-EPI_ISL_413571	68-69-94-95-96
ST31	EPI_ISL_413569
ST31	EPI_ISL_413570
ST31	EPI_ISL_413571
ST31	EPI_ISL_413574
ST31	EPI_ISL_413579
ST31	EPI_ISL_413587
ST31	EPI_ISL_414012
ST31	EPI_ISL_414023
ST31	EPI_ISL_414424
ST31	EPI_ISL_414425
ST31	EPI_ISL_414434
ST31	EPI_ISL_414436
ST31	EPI_ISL_414438
ST31	EPI_ISL_414440
ST31	EPI_ISL_414442
ST31	EPI_ISL_414444
ST31	EPI_ISL_414448
ST31	EPI_ISL_414449
ST31	EPI_ISL_414454
ST31	EPI_ISL_414455
ST31	EPI_ISL_414460
ST31	EPI_ISL_414463
ST31	EPI_ISL_414464
ST31	EPI_ISL_414466|by-EPI_ISL_414471	101
ST31	EPI_ISL_414469
ST31	EPI_ISL_414470
ST31	EPI_ISL_414471
ST31	EPI_ISL_414486|by-EPI_ISL_416997	89-90
ST31	EPI_ISL_414488|by-EPI_ISL_418004	89-90-141-142-143-144-145
ST31	EPI_ISL_414507|by-EPI_ISL_416431	89-90
ST31	EPI_ISL_414535
ST31	EPI_ISL_414548
ST31	EPI_ISL_414556
ST31	EPI_ISL_414560
ST31	EPI_ISL_414566
ST31	EPI_ISL_414580
ST31	EPI_ISL_414584|by-EPI_ISL_415703	81-89-90
ST31	EPI_ISL_414644|by-EPI_ISL_417258	127
ST31	EPI_ISL_415041|by-EPI_ISL_414548	89-90
ST31	EPI_ISL_415129
ST31	EPI_ISL_415138|by-EPI_ISL_415699	81
ST31	EPI_ISL_415145|by-EPI_ISL_417642	81
ST31	EPI_ISL_415454
ST31	EPI_ISL_415457
ST31	EPI_ISL_415459
ST31	EPI_ISL_415476
ST31	EPI_ISL_415532
ST31	EPI_ISL_415632|by-EPI_ISL_418167	89-90
ST31	EPI_ISL_415633|by-EPI_ISL_417464	89-90
ST31	EPI_ISL_415634|by-EPI_ISL_417422	89-90
ST31	EPI_ISL_415635|by-EPI_ISL_418002	89-90
ST31	EPI_ISL_415636|by-EPI_ISL_415699	89-90
ST31	EPI_ISL_415656|by-EPI_ISL_414548	81
ST31	EPI_ISL_415698
ST31	EPI_ISL_415699
ST31	EPI_ISL_415700
ST31	EPI_ISL_415703
ST31	EPI_ISL_415787
ST31	EPI_ISL_415916|by-EPI_ISL_417428	81-89-90
ST31	EPI_ISL_415977|by-EPI_ISL_416142	89-90
ST31	EPI_ISL_415991|by-EPI_ISL_417813	81-89-90
ST31	EPI_ISL_416036
ST31	EPI_ISL_416140
ST31	EPI_ISL_416142
ST31	EPI_ISL_416428
ST31	EPI_ISL_416430
ST31	EPI_ISL_416431
ST31	EPI_ISL_416472
ST31	EPI_ISL_416519
ST31	EPI_ISL_416520|by-EPI_ISL_416997	89-90
ST31	EPI_ISL_416676
ST31	EPI_ISL_416697
ST31	EPI_ISL_416732
ST31	EPI_ISL_416734
ST31	EPI_ISL_416736|by-EPI_ISL_417738	57-113-114-115
ST31	EPI_ISL_416737
ST31	EPI_ISL_416743
ST31	EPI_ISL_416997
ST31	EPI_ISL_417004
ST31	EPI_ISL_417012
ST31	EPI_ISL_417015
ST31	EPI_ISL_417196|by-EPI_ISL_417796	141-142-143-144-145
ST31	EPI_ISL_417225|by-EPI_ISL_416997	81-87
ST31	EPI_ISL_417229|by-EPI_ISL_415457	81
ST31	EPI_ISL_417230|by-EPI_ISL_417567	81
ST31	EPI_ISL_417241|by-EPI_ISL_417826	81
ST31	EPI_ISL_417242|by-EPI_ISL_417769	51-52-53-54-55-60
ST31	EPI_ISL_417243|by-EPI_ISL_417015	81
ST31	EPI_ISL_417244
ST31	EPI_ISL_417249|by-EPI_ISL_417004	81-82
ST31	EPI_ISL_417250|by-EPI_ISL_413571	81-87
ST31	EPI_ISL_417258
ST31	EPI_ISL_417260
ST31	EPI_ISL_417265
ST31	EPI_ISL_417271|by-EPI_ISL_417012	81
ST31	EPI_ISL_417273|by-EPI_ISL_414471	81
ST31	EPI_ISL_417274|by-EPI_ISL_415459	81
ST31	EPI_ISL_417278
ST31	EPI_ISL_417294|by-EPI_ISL_414440	81
ST31	EPI_ISL_417297
ST31	EPI_ISL_417307
ST31	EPI_ISL_417308|by-EPI_ISL_415699	52-81-82-143-144-145
ST31	EPI_ISL_417309|by-EPI_ISL_417769	81
ST31	EPI_ISL_417311
ST31	EPI_ISL_417362
ST31	EPI_ISL_417407|by-EPI_ISL_417769	9-10-11-12-141-142-143-144-145
ST31	EPI_ISL_417422
ST31	EPI_ISL_417425
ST31	EPI_ISL_417428
ST31	EPI_ISL_417458
ST31	EPI_ISL_417464
ST31	EPI_ISL_417509
ST31	EPI_ISL_417525
ST31	EPI_ISL_417538
ST31	EPI_ISL_417539
ST31	EPI_ISL_417546|by-EPI_ISL_418004	41-42
ST31	EPI_ISL_417547|by-EPI_ISL_417012	55-56-57-58-87-113-114
ST31	EPI_ISL_417564
ST31	EPI_ISL_417567
ST31	EPI_ISL_417581
ST31	EPI_ISL_417585
ST31	EPI_ISL_417595
ST31	EPI_ISL_417608|by-EPI_ISL_413021	143-144-145
ST31	EPI_ISL_417619
ST31	EPI_ISL_417642
ST31	EPI_ISL_417643|by-EPI_ISL_418004	142
ST31	EPI_ISL_417662
ST31	EPI_ISL_417663
ST31	EPI_ISL_417664
ST31	EPI_ISL_417674|by-EPI_ISL_417244	9-10-11-12-20
ST31	EPI_ISL_417679
ST31	EPI_ISL_417697|by-EPI_ISL_417525	9-10-11-12-13-20-142-143-144-145
ST31	EPI_ISL_417718|by-EPI_ISL_417567	9-10-11-12-13-142-143-144-145
ST31	EPI_ISL_417729|by-EPI_ISL_413569	9-10-11-81-143-144-145
ST31	EPI_ISL_417733
ST31	EPI_ISL_417738
ST31	EPI_ISL_417747|by-EPI_ISL_413569	142-143-144-145
ST31	EPI_ISL_417751|by-EPI_ISL_417362	20-22-23
ST31	EPI_ISL_417768|by-EPI_ISL_413587	9-10-11-12-20-22-142
ST31	EPI_ISL_417769
ST31	EPI_ISL_417776|by-EPI_ISL_415476	9-10-11-12-13-20-88-142-143-144-145
ST31	EPI_ISL_417781
ST31	EPI_ISL_417782|by-EPI_ISL_417679	20
ST31	EPI_ISL_417783
ST31	EPI_ISL_417796
ST31	EPI_ISL_417807|by-EPI_ISL_417783	9-10-11-12-13-81-142-143-144-145
ST31	EPI_ISL_417811|by-EPI_ISL_417458	26-27-28-41-42-57-142-143-144-145
ST31	EPI_ISL_417813
ST31	EPI_ISL_417826
ST31	EPI_ISL_417843|by-EPI_ISL_418023	20
ST31	EPI_ISL_417845|by-EPI_ISL_414463	41-42
ST31	EPI_ISL_417870|by-EPI_ISL_413570	9-10-11-12-13-20-81-82-88-142-143-144-145
ST31	EPI_ISL_417922
ST31	EPI_ISL_417933
ST31	EPI_ISL_417993
ST31	EPI_ISL_418002
ST31	EPI_ISL_418004
ST31	EPI_ISL_418007
ST31	EPI_ISL_418008
ST31	EPI_ISL_418018
ST31	EPI_ISL_418019
ST31	EPI_ISL_418023
ST31	EPI_ISL_418056
ST31	EPI_ISL_418086|by-EPI_ISL_416737	57-81-89-90-145
ST31	EPI_ISL_418088|by-EPI_ISL_416431	57-81-138-143-144-145
ST31	EPI_ISL_418089|by-EPI_ISL_417679	57-81-89-90-96-138-139-140-141-142-143-144-145
ST31	EPI_ISL_418090|by-EPI_ISL_414469	81-141-142-143-144-145
ST31	EPI_ISL_418091|by-EPI_ISL_417564	36-57-81-89-90-138-140-141-142-143-144-145
ST31	EPI_ISL_418093|by-EPI_ISL_413570	81
ST31	EPI_ISL_418094|by-EPI_ISL_413021	57-81-89-90-141-142-143-144-145
ST31	EPI_ISL_418096|by-EPI_ISL_417539	81-141-142-143-144-145
ST31	EPI_ISL_418114|by-EPI_ISL_414438	57-81
ST31	EPI_ISL_418118|by-EPI_ISL_415700	57-81-138
ST31	EPI_ISL_418167
ST32	EPI_ISL_412964
ST32	EPI_ISL_412971|by-EPI_ISL_417495	78-82
ST32	EPI_ISL_412973
ST32	EPI_ISL_413555
ST32	EPI_ISL_413566
ST32	EPI_ISL_413575
ST32	EPI_ISL_413591
ST32	EPI_ISL_413602
ST32	EPI_ISL_414015
ST32	EPI_ISL_414016
ST32	EPI_ISL_414025|by-EPI_ISL_418210	89-90
ST32	EPI_ISL_414045
ST32	EPI_ISL_414437
ST32	EPI_ISL_414441
ST32	EPI_ISL_414443
ST32	EPI_ISL_414445
ST32	EPI_ISL_414450|by-EPI_ISL_417257	44
ST32	EPI_ISL_414453|by-EPI_ISL_415629	101
ST32	EPI_ISL_414456
ST32	EPI_ISL_414457
ST32	EPI_ISL_414465
ST32	EPI_ISL_414477|by-EPI_ISL_417227	145
ST32	EPI_ISL_414495|by-EPI_ISL_417921	32-33-141-142-143-144-145
ST32	EPI_ISL_414525
ST32	EPI_ISL_414530
ST32	EPI_ISL_414585|by-EPI_ISL_415642	81-89-90
ST32	EPI_ISL_414586
ST32	EPI_ISL_414587
ST32	EPI_ISL_414631
ST32	EPI_ISL_414648
ST32	EPI_ISL_414949|by-EPI_ISL_417421	89-90
ST32	EPI_ISL_415131|by-EPI_ISL_418017	81
ST32	EPI_ISL_415133|by-EPI_ISL_415647	81
ST32	EPI_ISL_415135|by-EPI_ISL_418017	81
ST32	EPI_ISL_415136
ST32	EPI_ISL_415140|by-EPI_ISL_417257	81
ST32	EPI_ISL_415146|by-EPI_ISL_415474	81
ST32	EPI_ISL_415147|by-EPI_ISL_416144	81
ST32	EPI_ISL_415150
ST32	EPI_ISL_415152|by-EPI_ISL_415647	45
ST32	EPI_ISL_415156
ST32	EPI_ISL_415435|by-EPI_ISL_415655	81
ST32	EPI_ISL_415453|by-EPI_ISL_417972	89-90-141-142-143-144-145
ST32	EPI_ISL_415472
ST32	EPI_ISL_415473
ST32	EPI_ISL_415474
ST32	EPI_ISL_415480
ST32	EPI_ISL_415485
ST32	EPI_ISL_415499
ST32	EPI_ISL_415536|by-EPI_ISL_414045	57-89-90-141-142-143-144-145
ST32	EPI_ISL_415601
ST32	EPI_ISL_415629
ST32	EPI_ISL_415637|by-EPI_ISL_418211	89-90
ST32	EPI_ISL_415639|by-EPI_ISL_416470	89-90
ST32	EPI_ISL_415642
ST32	EPI_ISL_415647
ST32	EPI_ISL_415653|by-EPI_ISL_415472	37-46-47-48-51-139-140-141-142-143-144-145
ST32	EPI_ISL_415655
ST32	EPI_ISL_415696|by-EPI_ISL_412973	37-46-47-48-51-139-140-141-142-143-144-145
ST32	EPI_ISL_415708
ST32	EPI_ISL_415978|by-EPI_ISL_415642	57-81-89-90-141-142-143-144-145
ST32	EPI_ISL_416026|by-EPI_ISL_417202	89-90-141-142-143-144-145
ST32	EPI_ISL_416031
ST32	EPI_ISL_416141
ST32	EPI_ISL_416144
ST32	EPI_ISL_416420|by-EPI_ISL_415601	81
ST32	EPI_ISL_416470
ST32	EPI_ISL_416524
ST32	EPI_ISL_416525
ST32	EPI_ISL_416658
ST32	EPI_ISL_416673|by-EPI_ISL_417972	9-10-11-12
ST32	EPI_ISL_416735|by-EPI_ISL_416470	57-113-114-115
ST32	EPI_ISL_416742
ST32	EPI_ISL_416832
ST32	EPI_ISL_417013
ST32	EPI_ISL_417024
ST32	EPI_ISL_417026|by-EPI_ISL_414437	81
ST32	EPI_ISL_417027|by-EPI_ISL_417495	81
ST32	EPI_ISL_417032
ST32	EPI_ISL_417186
ST32	EPI_ISL_417198|by-EPI_ISL_414465	141-142-143-144-145
ST32	EPI_ISL_417202
ST32	EPI_ISL_417214|by-EPI_ISL_417228	81
ST32	EPI_ISL_417220
ST32	EPI_ISL_417221|by-EPI_ISL_417227	81
ST32	EPI_ISL_417222
ST32	EPI_ISL_417223|by-EPI_ISL_417481	81
ST32	EPI_ISL_417224|by-EPI_ISL_415480	81-82
ST32	EPI_ISL_417227
ST32	EPI_ISL_417228
ST32	EPI_ISL_417237|by-EPI_ISL_417419	111
ST32	EPI_ISL_417245|by-EPI_ISL_415708	81-111-139
ST32	EPI_ISL_417247|by-EPI_ISL_417495	81-82
ST32	EPI_ISL_417251|by-EPI_ISL_417418	81
ST32	EPI_ISL_417257
ST32	EPI_ISL_417266|by-EPI_ISL_417572	103
ST32	EPI_ISL_417304|by-EPI_ISL_416524	81
ST32	EPI_ISL_417310|by-EPI_ISL_417202	81-82
ST32	EPI_ISL_417397|by-EPI_ISL_417418	9-10-11-12-141-142-143-144-145
ST32	EPI_ISL_417418
ST32	EPI_ISL_417419
ST32	EPI_ISL_417421
ST32	EPI_ISL_417423
ST32	EPI_ISL_417430
ST32	EPI_ISL_417434|by-EPI_ISL_417423	81-89-90
ST32	EPI_ISL_417441|by-EPI_ISL_418017	57-89-90-113-142-143-144-145
ST32	EPI_ISL_417445
ST32	EPI_ISL_417446
ST32	EPI_ISL_417447
ST32	EPI_ISL_417470
ST32	EPI_ISL_417472
ST32	EPI_ISL_417473
ST32	EPI_ISL_417479|by-EPI_ISL_417228	32-92
ST32	EPI_ISL_417481
ST32	EPI_ISL_417493
ST32	EPI_ISL_417495
ST32	EPI_ISL_417496
ST32	EPI_ISL_417502|by-EPI_ISL_414525	32-92
ST32	EPI_ISL_417515
ST32	EPI_ISL_417535
ST32	EPI_ISL_417572
ST32	EPI_ISL_417592
ST32	EPI_ISL_417638|by-EPI_ISL_415642	139-140-141-142-144
ST32	EPI_ISL_417691
ST32	EPI_ISL_417708|by-EPI_ISL_418211	9-10-11-12-13-20
ST32	EPI_ISL_417727
ST32	EPI_ISL_417730|by-EPI_ISL_417473	142
ST32	EPI_ISL_417780|by-EPI_ISL_417473	9-10-11-12-13-20-22-23-24-142-143-144-145
ST32	EPI_ISL_417821|by-EPI_ISL_415150	82-87-113-139-140-141-142-143-144-145
ST32	EPI_ISL_417831
ST32	EPI_ISL_417921
ST32	EPI_ISL_417941|by-EPI_ISL_415642	81
ST32	EPI_ISL_417959|by-EPI_ISL_412973	33-81
ST32	EPI_ISL_417972
ST32	EPI_ISL_417973|by-EPI_ISL_417227	81
ST32	EPI_ISL_417974
ST32	EPI_ISL_417990
ST32	EPI_ISL_418017
ST32	EPI_ISL_418116|by-EPI_ISL_415642	57-81-83-84-138
ST32	EPI_ISL_418122|by-EPI_ISL_415642	81
ST32	EPI_ISL_418138|by-EPI_ISL_417032	57-142-143-144-145
ST32	EPI_ISL_418139
ST32	EPI_ISL_418152|by-EPI_ISL_416031	138
ST32	EPI_ISL_418166
ST32	EPI_ISL_418210
ST32	EPI_ISL_418211
ST32	EPI_ISL_418212|by-EPI_ISL_415642	145
ST32	EPI_ISL_418213
ST32	EPI_ISL_418214|by-EPI_ISL_417473	81-142-143-144-145
ST32	EPI_ISL_418215|by-EPI_ISL_415474	81
ST33	EPI_ISL_412969
ST33	EPI_ISL_413459|by-EPI_ISL_416610	9-10-11
ST33	EPI_ISL_416582
ST33	EPI_ISL_416587
ST33	EPI_ISL_416598
ST33	EPI_ISL_416610
ST34	EPI_ISL_412970
ST34	EPI_ISL_413486
ST34	EPI_ISL_413487|by-EPI_ISL_417100	9-10-11-12-13-14
ST34	EPI_ISL_415600|by-EPI_ISL_417101	12
ST34	EPI_ISL_416435
ST34	EPI_ISL_416462
ST34	EPI_ISL_417095
ST34	EPI_ISL_417100
ST34	EPI_ISL_417101
ST34	EPI_ISL_417347
ST35	EPI_ISL_412982
ST36	EPI_ISL_413016
ST36	EPI_ISL_413019
ST36	EPI_ISL_414011
ST36	EPI_ISL_414013|by-EPI_ISL_415512	52
ST36	EPI_ISL_414451
ST36	EPI_ISL_414468
ST36	EPI_ISL_415142
ST36	EPI_ISL_415486
ST36	EPI_ISL_415491
ST36	EPI_ISL_415512
ST36	EPI_ISL_415527
ST36	EPI_ISL_417008
ST36	EPI_ISL_417009
ST36	EPI_ISL_417189|by-EPI_ISL_417009	32-52-109-141-142-143-144-145
ST36	EPI_ISL_417246
ST36	EPI_ISL_417290
ST36	EPI_ISL_417291
ST36	EPI_ISL_417346
ST36	EPI_ISL_417405|by-EPI_ISL_413016	9-10-11-12-141-142-143-144-145
ST36	EPI_ISL_417522
ST36	EPI_ISL_417528
ST36	EPI_ISL_417825
ST36	EPI_ISL_417931
ST36	EPI_ISL_417975
ST36	EPI_ISL_418005
ST36	EPI_ISL_418149
ST37	EPI_ISL_413017
ST38	EPI_ISL_413020
ST38	EPI_ISL_416486
ST38	EPI_ISL_417298
ST38	EPI_ISL_417299
ST38	EPI_ISL_417992
ST38	EPI_ISL_417995
ST38	EPI_ISL_418001
ST38	EPI_ISL_418013
ST39	EPI_ISL_413023
ST39	EPI_ISL_415105
ST39	EPI_ISL_415458
ST39	EPI_ISL_416029
ST39	EPI_ISL_416035
ST39	EPI_ISL_417404|by-EPI_ISL_417512	9-10-11-12-141-142-143-144-145
ST39	EPI_ISL_417512
ST39	EPI_ISL_417561
ST39	EPI_ISL_418043|by-EPI_ISL_413023	9-10-11
ST40	EPI_ISL_413024
ST40	EPI_ISL_413997
ST40	EPI_ISL_414021
ST40	EPI_ISL_414022
ST40	EPI_ISL_415455
ST40	EPI_ISL_415456
ST40	EPI_ISL_415701
ST40	EPI_ISL_416744
ST40	EPI_ISL_417390
ST40	EPI_ISL_417551
ST40	EPI_ISL_417816|by-EPI_ISL_417390	139-140-141-142-143-144-145
ST41	EPI_ISL_413025
ST41	EPI_ISL_413603
ST41	EPI_ISL_414009|by-EPI_ISL_413603	52
ST41	EPI_ISL_417212|by-EPI_ISL_413025	52
ST41	EPI_ISL_417483
ST41	EPI_ISL_418080
ST42	EPI_ISL_413213
ST42	EPI_ISL_413595|by-EPI_ISL_417484	9-10-11-12-141-142-143-144-145
ST42	EPI_ISL_413597|by-EPI_ISL_416541	9-10-11-12-141-142-143-144-145
ST42	EPI_ISL_413598|by-EPI_ISL_417387	9-10-11-12-141-142-143-144-145
ST42	EPI_ISL_415644
ST42	EPI_ISL_416412
ST42	EPI_ISL_416458
ST42	EPI_ISL_416541
ST42	EPI_ISL_416543
ST42	EPI_ISL_417387
ST42	EPI_ISL_417484
ST43	EPI_ISL_413214
ST43	EPI_ISL_414414
ST43	EPI_ISL_417386
ST44	EPI_ISL_413455
ST44	EPI_ISL_413456
ST44	EPI_ISL_413457
ST44	EPI_ISL_413458
ST44	EPI_ISL_413557
ST44	EPI_ISL_413560
ST44	EPI_ISL_413562|by-EPI_ISL_417164	13
ST44	EPI_ISL_413563
ST44	EPI_ISL_413601|by-EPI_ISL_418046	9-10-11-12-13-14
ST44	EPI_ISL_413649|by-EPI_ISL_416662	9-10-11-12-13-99-100
ST44	EPI_ISL_413652|by-EPI_ISL_417125	9-10-12
ST44	EPI_ISL_413653
ST44	EPI_ISL_413922|by-EPI_ISL_417115	9-10-11-116-139-140-141-142-143-144-145
ST44	EPI_ISL_413924|by-EPI_ISL_413563	141-142
ST44	EPI_ISL_414363
ST44	EPI_ISL_414364|by-EPI_ISL_418061	9-10-11-12-13
ST44	EPI_ISL_414365|by-EPI_ISL_416702	9-10-11-12
ST44	EPI_ISL_414366
ST44	EPI_ISL_414367|by-EPI_ISL_416681	12
ST44	EPI_ISL_414368
ST44	EPI_ISL_414369
ST44	EPI_ISL_414590
ST44	EPI_ISL_414592
ST44	EPI_ISL_414593
ST44	EPI_ISL_414596|by-EPI_ISL_416644	9-10-12
ST44	EPI_ISL_414597
ST44	EPI_ISL_414619|by-EPI_ISL_417143	9-10-11-12
ST44	EPI_ISL_414620|by-EPI_ISL_416685	9-10-11-12
ST44	EPI_ISL_414621|by-EPI_ISL_417162	9-10
ST44	EPI_ISL_415541
ST44	EPI_ISL_415542
ST44	EPI_ISL_415586
ST44	EPI_ISL_415589
ST44	EPI_ISL_415591
ST44	EPI_ISL_415592
ST44	EPI_ISL_415593|by-EPI_ISL_417134	11-12-25-81
ST44	EPI_ISL_415594
ST44	EPI_ISL_415595|by-EPI_ISL_414593	12
ST44	EPI_ISL_415598
ST44	EPI_ISL_415599
ST44	EPI_ISL_415603
ST44	EPI_ISL_415604
ST44	EPI_ISL_415606|by-EPI_ISL_417456	12
ST44	EPI_ISL_415607
ST44	EPI_ISL_415610|by-EPI_ISL_417115	9-10-11-12-13
ST44	EPI_ISL_415612
ST44	EPI_ISL_415613|by-EPI_ISL_416665	9-10-11
ST44	EPI_ISL_415614|by-EPI_ISL_414366	9-10-11
ST44	EPI_ISL_415615
ST44	EPI_ISL_415616|by-EPI_ISL_418047	9-10-11
ST44	EPI_ISL_415617
ST44	EPI_ISL_415618|by-EPI_ISL_415598	102-123
ST44	EPI_ISL_415619
ST44	EPI_ISL_415621
ST44	EPI_ISL_415622
ST44	EPI_ISL_415623|by-EPI_ISL_417144	11-12
ST44	EPI_ISL_415626
ST44	EPI_ISL_415627
ST44	EPI_ISL_416417|by-EPI_ISL_415598	57-81-89-90
ST44	EPI_ISL_416422|by-EPI_ISL_418038	9-10-11-12-13-57-81-83-84-113-114-115
ST44	EPI_ISL_416423|by-EPI_ISL_415612	81
ST44	EPI_ISL_416424|by-EPI_ISL_415621	57-81-89-90
ST44	EPI_ISL_416433
ST44	EPI_ISL_416436
ST44	EPI_ISL_416437
ST44	EPI_ISL_416440
ST44	EPI_ISL_416441
ST44	EPI_ISL_416442
ST44	EPI_ISL_416443
ST44	EPI_ISL_416444
ST44	EPI_ISL_416445
ST44	EPI_ISL_416446
ST44	EPI_ISL_416448
ST44	EPI_ISL_416450
ST44	EPI_ISL_416451
ST44	EPI_ISL_416454
ST44	EPI_ISL_416455
ST44	EPI_ISL_416456|by-EPI_ISL_417092	11-12
ST44	EPI_ISL_416460
ST44	EPI_ISL_416461
ST44	EPI_ISL_416463|by-EPI_ISL_416663	9-10-11-12-23-29-33-34-39-57-60-104-111
ST44	EPI_ISL_416465
ST44	EPI_ISL_416514
ST44	EPI_ISL_416636
ST44	EPI_ISL_416637
ST44	EPI_ISL_416638
ST44	EPI_ISL_416639|by-EPI_ISL_417130	9-10-11-12-13
ST44	EPI_ISL_416640|by-EPI_ISL_416702	12
ST44	EPI_ISL_416641
ST44	EPI_ISL_416643
ST44	EPI_ISL_416644
ST44	EPI_ISL_416645|by-EPI_ISL_417507	9-10-11-12-23
ST44	EPI_ISL_416652
ST44	EPI_ISL_416654
ST44	EPI_ISL_416656
ST44	EPI_ISL_416659
ST44	EPI_ISL_416662
ST44	EPI_ISL_416663
ST44	EPI_ISL_416665
ST44	EPI_ISL_416666
ST44	EPI_ISL_416669
ST44	EPI_ISL_416670|by-EPI_ISL_417093	9-10-101-141-142-143
ST44	EPI_ISL_416679
ST44	EPI_ISL_416680
ST44	EPI_ISL_416681
ST44	EPI_ISL_416683
ST44	EPI_ISL_416685
ST44	EPI_ISL_416686
ST44	EPI_ISL_416687
ST44	EPI_ISL_416688
ST44	EPI_ISL_416689
ST44	EPI_ISL_416690
ST44	EPI_ISL_416692|by-EPI_ISL_416703	12
ST44	EPI_ISL_416695
ST44	EPI_ISL_416701
ST44	EPI_ISL_416702
ST44	EPI_ISL_416703
ST44	EPI_ISL_416705
ST44	EPI_ISL_416709
ST44	EPI_ISL_416710
ST44	EPI_ISL_416711
ST44	EPI_ISL_416712
ST44	EPI_ISL_416714
ST44	EPI_ISL_416715
ST44	EPI_ISL_416717
ST44	EPI_ISL_416718
ST44	EPI_ISL_416720
ST44	EPI_ISL_416721
ST44	EPI_ISL_416722
ST44	EPI_ISL_416726
ST44	EPI_ISL_416727
ST44	EPI_ISL_417028
ST44	EPI_ISL_417065
ST44	EPI_ISL_417066
ST44	EPI_ISL_417067|by-EPI_ISL_416442	46-47-51-73-104-113-114
ST44	EPI_ISL_417068
ST44	EPI_ISL_417069
ST44	EPI_ISL_417070
ST44	EPI_ISL_417071
ST44	EPI_ISL_417074
ST44	EPI_ISL_417077
ST44	EPI_ISL_417078|by-EPI_ISL_414590	23-44-60-74-90
ST44	EPI_ISL_417079
ST44	EPI_ISL_417080|by-EPI_ISL_417071	21
ST44	EPI_ISL_417082
ST44	EPI_ISL_417083|by-EPI_ISL_415619	20-24-44-49-76
ST44	EPI_ISL_417084|by-EPI_ISL_417129	20-30-52-73-109-120
ST44	EPI_ISL_417086
ST44	EPI_ISL_417087
ST44	EPI_ISL_417088|by-EPI_ISL_418066	44
ST44	EPI_ISL_417089
ST44	EPI_ISL_417090|by-EPI_ISL_416444	22
ST44	EPI_ISL_417091
ST44	EPI_ISL_417092
ST44	EPI_ISL_417093
ST44	EPI_ISL_417094|by-EPI_ISL_416652	20-74-76-101
ST44	EPI_ISL_417096
ST44	EPI_ISL_417097
ST44	EPI_ISL_417098
ST44	EPI_ISL_417099
ST44	EPI_ISL_417102
ST44	EPI_ISL_417103
ST44	EPI_ISL_417104
ST44	EPI_ISL_417105
ST44	EPI_ISL_417106
ST44	EPI_ISL_417107
ST44	EPI_ISL_417108
ST44	EPI_ISL_417109|by-EPI_ISL_416689	44-76
ST44	EPI_ISL_417110
ST44	EPI_ISL_417112
ST44	EPI_ISL_417113|by-EPI_ISL_417165	12-13-44-48-120-142-143-144-145
ST44	EPI_ISL_417114
ST44	EPI_ISL_417115
ST44	EPI_ISL_417116
ST44	EPI_ISL_417117
ST44	EPI_ISL_417118
ST44	EPI_ISL_417119
ST44	EPI_ISL_417120
ST44	EPI_ISL_417121
ST44	EPI_ISL_417122
ST44	EPI_ISL_417123
ST44	EPI_ISL_417124
ST44	EPI_ISL_417125
ST44	EPI_ISL_417127
ST44	EPI_ISL_417128
ST44	EPI_ISL_417129
ST44	EPI_ISL_417130
ST44	EPI_ISL_417131|by-EPI_ISL_418070	79
ST44	EPI_ISL_417132
ST44	EPI_ISL_417133
ST44	EPI_ISL_417134
ST44	EPI_ISL_417135
ST44	EPI_ISL_417136
ST44	EPI_ISL_417137
ST44	EPI_ISL_417138|by-EPI_ISL_417143	28-29-30-44-62-76-120
ST44	EPI_ISL_417140
ST44	EPI_ISL_417141
ST44	EPI_ISL_417142
ST44	EPI_ISL_417143
ST44	EPI_ISL_417144
ST44	EPI_ISL_417145
ST44	EPI_ISL_417146
ST44	EPI_ISL_417148
ST44	EPI_ISL_417149
ST44	EPI_ISL_417150
ST44	EPI_ISL_417151
ST44	EPI_ISL_417152
ST44	EPI_ISL_417153
ST44	EPI_ISL_417154
ST44	EPI_ISL_417155
ST44	EPI_ISL_417156
ST44	EPI_ISL_417157
ST44	EPI_ISL_417158
ST44	EPI_ISL_417161
ST44	EPI_ISL_417162
ST44	EPI_ISL_417164
ST44	EPI_ISL_417165
ST44	EPI_ISL_417166|by-EPI_ISL_417161	58-73
ST44	EPI_ISL_417167
ST44	EPI_ISL_417168
ST44	EPI_ISL_417169
ST44	EPI_ISL_417170
ST44	EPI_ISL_417171
ST44	EPI_ISL_417172
ST44	EPI_ISL_417173|by-EPI_ISL_414593	9-10-11-12-13-24-40-41-42-45-66-95-108
ST44	EPI_ISL_417174|by-EPI_ISL_416643	14-20-22-31-32-114
ST44	EPI_ISL_417175
ST44	EPI_ISL_417203
ST44	EPI_ISL_417323|by-EPI_ISL_416683	9-10-11-26-139-140
ST44	EPI_ISL_417324|by-EPI_ISL_418038	141-142-143-144-145
ST44	EPI_ISL_417332|by-EPI_ISL_414593	52
ST44	EPI_ISL_417344
ST44	EPI_ISL_417349
ST44	EPI_ISL_417350
ST44	EPI_ISL_417351
ST44	EPI_ISL_417354
ST44	EPI_ISL_417355|by-EPI_ISL_417175	94-95
ST44	EPI_ISL_417357|by-EPI_ISL_417146	13-95
ST44	EPI_ISL_417358
ST44	EPI_ISL_417360|by-EPI_ISL_416654	12
ST44	EPI_ISL_417361
ST44	EPI_ISL_417364
ST44	EPI_ISL_417365
ST44	EPI_ISL_417366
ST44	EPI_ISL_417368
ST44	EPI_ISL_417371
ST44	EPI_ISL_417375|by-EPI_ISL_416702	12-13
ST44	EPI_ISL_417377|by-EPI_ISL_416714	12
ST44	EPI_ISL_417449
ST44	EPI_ISL_417450
ST44	EPI_ISL_417456
ST44	EPI_ISL_417507
ST44	EPI_ISL_417960
ST44	EPI_ISL_417962|by-EPI_ISL_417070	81
ST44	EPI_ISL_417964
ST44	EPI_ISL_417965
ST44	EPI_ISL_417966
ST44	EPI_ISL_417968
ST44	EPI_ISL_418030
ST44	EPI_ISL_418034|by-EPI_ISL_415627	9-10-11
ST44	EPI_ISL_418038
ST44	EPI_ISL_418040|by-EPI_ISL_417074	9-10-11-12
ST44	EPI_ISL_418046
ST44	EPI_ISL_418047
ST44	EPI_ISL_418048|by-EPI_ISL_416436	9-10-11-12-13-29-111
ST44	EPI_ISL_418050
ST44	EPI_ISL_418059
ST44	EPI_ISL_418061
ST44	EPI_ISL_418063|by-EPI_ISL_417092	9-10-11-12-13-19
ST44	EPI_ISL_418064
ST44	EPI_ISL_418065|by-EPI_ISL_414366	9-10-11-12-13-111-115
ST44	EPI_ISL_418066
ST44	EPI_ISL_418069
ST44	EPI_ISL_418070
ST44	EPI_ISL_418074|by-EPI_ISL_414369	9-10-11-12-13-116
ST44	EPI_ISL_418075|by-EPI_ISL_416433	9-10-11-12
ST44	EPI_ISL_418078|by-EPI_ISL_415619	9-10-11-12-13-14-23-112
ST44	EPI_ISL_418079|by-EPI_ISL_417150	9-10-11-12-13
ST44	EPI_ISL_418082
ST44	EPI_ISL_418113|by-EPI_ISL_418064	57-81-83-84-138
ST44	EPI_ISL_418187
ST44	EPI_ISL_418189|by-EPI_ISL_417172	86
ST45	EPI_ISL_413488|by-EPI_ISL_416033	142
ST45	EPI_ISL_414497
ST45	EPI_ISL_414499
ST45	EPI_ISL_414505
ST45	EPI_ISL_414509
ST45	EPI_ISL_415464
ST45	EPI_ISL_415495
ST45	EPI_ISL_415531
ST45	EPI_ISL_416033
ST45	EPI_ISL_416488
ST45	EPI_ISL_417412|by-EPI_ISL_417461	9-10-11-12-141-142-143-144-145
ST45	EPI_ISL_417459
ST45	EPI_ISL_417461
ST45	EPI_ISL_417462
ST45	EPI_ISL_417759
ST45	EPI_ISL_417793
ST45	EPI_ISL_417958
ST45	EPI_ISL_418117
ST46	EPI_ISL_413489
ST46	EPI_ISL_413996
ST46	EPI_ISL_414594|by-EPI_ISL_413489	9-10-11-12
ST46	EPI_ISL_414601
ST46	EPI_ISL_414624
ST46	EPI_ISL_416494
ST46	EPI_ISL_417529
ST46	EPI_ISL_417530
ST46	EPI_ISL_417533
ST46	EPI_ISL_417569
ST46	EPI_ISL_417610
ST46	EPI_ISL_417711
ST46	EPI_ISL_417764
ST46	EPI_ISL_417803
ST46	EPI_ISL_417851
ST47	EPI_ISL_413572
ST47	EPI_ISL_414625
ST47	EPI_ISL_414627
ST47	EPI_ISL_414634
ST47	EPI_ISL_414635
ST47	EPI_ISL_414636
ST47	EPI_ISL_414642
ST47	EPI_ISL_415477
ST47	EPI_ISL_415487
ST47	EPI_ISL_415543
ST47	EPI_ISL_415544
ST47	EPI_ISL_415649
ST47	EPI_ISL_415650
ST47	EPI_ISL_415692
ST47	EPI_ISL_415693
ST47	EPI_ISL_416457
ST47	EPI_ISL_416478
ST47	EPI_ISL_416491
ST47	EPI_ISL_416492
ST47	EPI_ISL_416495
ST47	EPI_ISL_416496
ST47	EPI_ISL_416501
ST47	EPI_ISL_416502
ST47	EPI_ISL_416504
ST47	EPI_ISL_416505
ST47	EPI_ISL_416506
ST47	EPI_ISL_416508
ST47	EPI_ISL_416509
ST47	EPI_ISL_416510
ST47	EPI_ISL_416511
ST47	EPI_ISL_416512
ST47	EPI_ISL_416642
ST47	EPI_ISL_416655
ST47	EPI_ISL_416660
ST47	EPI_ISL_416672
ST47	EPI_ISL_416678
ST47	EPI_ISL_416704|by-EPI_ISL_417832	9-10-11-12
ST47	EPI_ISL_416748
ST47	EPI_ISL_416753
ST47	EPI_ISL_416830
ST47	EPI_ISL_417006
ST47	EPI_ISL_417020
ST47	EPI_ISL_417204
ST47	EPI_ISL_417330
ST47	EPI_ISL_417338
ST47	EPI_ISL_417340
ST47	EPI_ISL_417352
ST47	EPI_ISL_417359
ST47	EPI_ISL_417373
ST47	EPI_ISL_417457
ST47	EPI_ISL_417463
ST47	EPI_ISL_417465
ST47	EPI_ISL_417466
ST47	EPI_ISL_417467
ST47	EPI_ISL_417468
ST47	EPI_ISL_417469
ST47	EPI_ISL_417474
ST47	EPI_ISL_417476
ST47	EPI_ISL_417492
ST47	EPI_ISL_417497
ST47	EPI_ISL_417499
ST47	EPI_ISL_417505
ST47	EPI_ISL_417516
ST47	EPI_ISL_417559|by-EPI_ISL_417721	118-119-120
ST47	EPI_ISL_417562
ST47	EPI_ISL_417570
ST47	EPI_ISL_417579|by-EPI_ISL_418196	118-119-120
ST47	EPI_ISL_417593
ST47	EPI_ISL_417594
ST47	EPI_ISL_417596|by-EPI_ISL_418236	139-140-141-142
ST47	EPI_ISL_417614
ST47	EPI_ISL_417620|by-EPI_ISL_417872	139-142
ST47	EPI_ISL_417631|by-EPI_ISL_417722	139-140-141-142-143-144-145
ST47	EPI_ISL_417654
ST47	EPI_ISL_417656|by-EPI_ISL_417844	118-119-120
ST47	EPI_ISL_417665
ST47	EPI_ISL_417673|by-EPI_ISL_417499	9-10-20-22-23-24-25-26-27-28-41-42-57
ST47	EPI_ISL_417675|by-EPI_ISL_417731	142-143-144-145
ST47	EPI_ISL_417677
ST47	EPI_ISL_417682|by-EPI_ISL_417722	142
ST47	EPI_ISL_417683
ST47	EPI_ISL_417685
ST47	EPI_ISL_417687|by-EPI_ISL_417935	9-10-11-12-13-142-143-144-145
ST47	EPI_ISL_417692
ST47	EPI_ISL_417693
ST47	EPI_ISL_417700
ST47	EPI_ISL_417701
ST47	EPI_ISL_417705
ST47	EPI_ISL_417707|by-EPI_ISL_414635	9-10-11-12-13-20-22-23-24-142-143-144-145
ST47	EPI_ISL_417710|by-EPI_ISL_417516	9-10-11-12-20-22-23-140-141-142-143-144-145
ST47	EPI_ISL_417715
ST47	EPI_ISL_417721
ST47	EPI_ISL_417722
ST47	EPI_ISL_417723|by-EPI_ISL_417476	9-10-11-20
ST47	EPI_ISL_417725
ST47	EPI_ISL_417726
ST47	EPI_ISL_417731
ST47	EPI_ISL_417735
ST47	EPI_ISL_417742
ST47	EPI_ISL_417748
ST47	EPI_ISL_417761
ST47	EPI_ISL_417773
ST47	EPI_ISL_417779
ST47	EPI_ISL_417784
ST47	EPI_ISL_417787
ST47	EPI_ISL_417805
ST47	EPI_ISL_417832
ST47	EPI_ISL_417833
ST47	EPI_ISL_417835
ST47	EPI_ISL_417842
ST47	EPI_ISL_417844
ST47	EPI_ISL_417846
ST47	EPI_ISL_417848|by-EPI_ISL_416505	20-22-23-143-144-145
ST47	EPI_ISL_417849|by-EPI_ISL_417614	142-143-144-145
ST47	EPI_ISL_417850
ST47	EPI_ISL_417853
ST47	EPI_ISL_417854
ST47	EPI_ISL_417855
ST47	EPI_ISL_417856|by-EPI_ISL_416748	142-143-144
ST47	EPI_ISL_417857|by-EPI_ISL_417340	142-143-144-145
ST47	EPI_ISL_417865
ST47	EPI_ISL_417866
ST47	EPI_ISL_417872
ST47	EPI_ISL_417873|by-EPI_ISL_416642	142-143-144-145
ST47	EPI_ISL_417874
ST47	EPI_ISL_417875
ST47	EPI_ISL_417935
ST47	EPI_ISL_417937|by-EPI_ISL_416478	92
ST47	EPI_ISL_417938
ST47	EPI_ISL_417939
ST47	EPI_ISL_417970|by-EPI_ISL_416748	81-89-90
ST47	EPI_ISL_417977
ST47	EPI_ISL_418022
ST47	EPI_ISL_418039
ST47	EPI_ISL_418041
ST47	EPI_ISL_418044
ST47	EPI_ISL_418057
ST47	EPI_ISL_418058|by-EPI_ISL_417594	9-10-11-12-13
ST47	EPI_ISL_418076
ST47	EPI_ISL_418095|by-EPI_ISL_416672	57-81-89-90-138-141-142-143-144-145
ST47	EPI_ISL_418097|by-EPI_ISL_417773	57-81-108-113-115-138-140-141-142-143-144-145
ST47	EPI_ISL_418098|by-EPI_ISL_417742	57-81-89-90-138
ST47	EPI_ISL_418109|by-EPI_ISL_416506	57-81-108-113-115-138-140-141-142-143-144-145
ST47	EPI_ISL_418119|by-EPI_ISL_417685	57-81-83-84-138-141-142-143-144-145
ST47	EPI_ISL_418184
ST47	EPI_ISL_418188
ST47	EPI_ISL_418190|by-EPI_ISL_417722	39-81-94-95
ST47	EPI_ISL_418192
ST47	EPI_ISL_418193
ST47	EPI_ISL_418196
ST47	EPI_ISL_418197
ST47	EPI_ISL_418198
ST47	EPI_ISL_418199
ST47	EPI_ISL_418200
ST47	EPI_ISL_418202|by-EPI_ISL_417204	15-68-111
ST47	EPI_ISL_418203
ST47	EPI_ISL_418204
ST47	EPI_ISL_418218
ST47	EPI_ISL_418220
ST47	EPI_ISL_418221|by-EPI_ISL_417492	9-10-11-12-13
ST47	EPI_ISL_418226
ST47	EPI_ISL_418228
ST47	EPI_ISL_418236
ST47	EPI_ISL_418239
ST48	EPI_ISL_413573
ST48	EPI_ISL_413577
ST48	EPI_ISL_413583
ST48	EPI_ISL_413623|by-EPI_ISL_413573	14
ST48	EPI_ISL_414452
ST48	EPI_ISL_414500
ST48	EPI_ISL_414543
ST48	EPI_ISL_414551
ST48	EPI_ISL_415479
ST48	EPI_ISL_415489
ST48	EPI_ISL_415505
ST48	EPI_ISL_415507
ST48	EPI_ISL_415510
ST48	EPI_ISL_415517
ST48	EPI_ISL_415519
ST48	EPI_ISL_416740
ST48	EPI_ISL_417211
ST48	EPI_ISL_417264
ST48	EPI_ISL_417283
ST48	EPI_ISL_418026
ST49	EPI_ISL_413584
ST49	EPI_ISL_413604
ST49	EPI_ISL_413647
ST49	EPI_ISL_414014
ST49	EPI_ISL_414017
ST49	EPI_ISL_414423
ST49	EPI_ISL_414433
ST49	EPI_ISL_414435
ST49	EPI_ISL_414439
ST49	EPI_ISL_414446
ST49	EPI_ISL_414552
ST49	EPI_ISL_414564
ST49	EPI_ISL_414643
ST49	EPI_ISL_415463
ST49	EPI_ISL_415471
ST49	EPI_ISL_415482
ST49	EPI_ISL_415496
ST49	EPI_ISL_415502
ST49	EPI_ISL_415514
ST49	EPI_ISL_415523
ST49	EPI_ISL_415529
ST49	EPI_ISL_415533
ST49	EPI_ISL_416028
ST49	EPI_ISL_416475
ST49	EPI_ISL_416730
ST49	EPI_ISL_416746
ST49	EPI_ISL_417014
ST49	EPI_ISL_417232
ST49	EPI_ISL_417234
ST49	EPI_ISL_417235
ST49	EPI_ISL_417236|by-EPI_ISL_417681	132-133-134
ST49	EPI_ISL_417252
ST49	EPI_ISL_417256
ST49	EPI_ISL_417272
ST49	EPI_ISL_417279
ST49	EPI_ISL_417287
ST49	EPI_ISL_417293
ST49	EPI_ISL_417295
ST49	EPI_ISL_417343
ST49	EPI_ISL_417426
ST49	EPI_ISL_417427
ST49	EPI_ISL_417429
ST49	EPI_ISL_417571
ST49	EPI_ISL_417575
ST49	EPI_ISL_417681
ST49	EPI_ISL_417702
ST49	EPI_ISL_417704|by-EPI_ISL_417986	11-13-142-143-144-145
ST49	EPI_ISL_417728
ST49	EPI_ISL_417734
ST49	EPI_ISL_417815
ST49	EPI_ISL_417817
ST49	EPI_ISL_417829
ST49	EPI_ISL_417841|by-EPI_ISL_417279	9-10-11-12-13-142-143-144-145
ST49	EPI_ISL_417860|by-EPI_ISL_417702	142-143-144-145
ST49	EPI_ISL_417861
ST49	EPI_ISL_417863
ST49	EPI_ISL_417867
ST49	EPI_ISL_417868
ST49	EPI_ISL_417986
ST50	EPI_ISL_413588
ST50	EPI_ISL_413589
ST50	EPI_ISL_414461
ST51	EPI_ISL_413592
ST51	EPI_ISL_416521
ST51	EPI_ISL_416522
ST51	EPI_ISL_416671
ST51	EPI_ISL_416674
ST51	EPI_ISL_416831
ST51	EPI_ISL_417192|by-EPI_ISL_417506	33-141-142-143-144-145
ST51	EPI_ISL_417372
ST51	EPI_ISL_417452
ST51	EPI_ISL_417506
ST51	EPI_ISL_417508
ST51	EPI_ISL_417510
ST51	EPI_ISL_417513
ST51	EPI_ISL_417944|by-EPI_ISL_416521	142-143-144-145
ST51	EPI_ISL_418006
ST52	EPI_ISL_413593
ST52	EPI_ISL_415640
ST52	EPI_ISL_415646
ST52	EPI_ISL_417485
ST52	EPI_ISL_417556
ST53	EPI_ISL_413594|by-EPI_ISL_413607	9-10-11-12-141-142-143-144-145
ST53	EPI_ISL_413607
ST54	EPI_ISL_413599|by-EPI_ISL_417389	9-10-11-12-141-142-143-144-145
ST54	EPI_ISL_417383
ST54	EPI_ISL_417389
ST54	EPI_ISL_417391
ST54	EPI_ISL_417392
ST54	EPI_ISL_417393|by-EPI_ISL_417383	9-10-11-12-141-142-143-144-145
ST54	EPI_ISL_417398|by-EPI_ISL_417389	9-10-11-12-141-142-143-144-145
ST55	EPI_ISL_413609
ST55	EPI_ISL_413617
ST56	EPI_ISL_413611
ST56	EPI_ISL_413612
ST57	EPI_ISL_413648
ST57	EPI_ISL_417987
ST57	EPI_ISL_417988
ST57	EPI_ISL_417991
ST57	EPI_ISL_417996
ST57	EPI_ISL_418010
ST57	EPI_ISL_418012
ST58	EPI_ISL_413650
ST58	EPI_ISL_413651
ST58	EPI_ISL_414618
ST58	EPI_ISL_415596
ST58	EPI_ISL_415605|by-EPI_ISL_417160	9-10-11
ST58	EPI_ISL_417072
ST58	EPI_ISL_417073
ST58	EPI_ISL_417075
ST58	EPI_ISL_417076
ST58	EPI_ISL_417111
ST58	EPI_ISL_417139
ST58	EPI_ISL_417159
ST58	EPI_ISL_417160
ST58	EPI_ISL_418029
ST58	EPI_ISL_418071|by-EPI_ISL_418029	12
ST59	EPI_ISL_413697
ST59	EPI_ISL_413761
ST59	EPI_ISL_413791
ST59	EPI_ISL_416335
ST59	EPI_ISL_416350|by-EPI_ISL_413697	46-47-48
ST60	EPI_ISL_413711
ST61	EPI_ISL_413925
ST61	EPI_ISL_413926|by-EPI_ISL_414588	13-19-64-141-142
ST61	EPI_ISL_413928
ST61	EPI_ISL_413931
ST61	EPI_ISL_414588
ST62	EPI_ISL_413999
ST62	EPI_ISL_414010
ST62	EPI_ISL_414027
ST62	EPI_ISL_414524
ST62	EPI_ISL_414646
ST62	EPI_ISL_416741
ST62	EPI_ISL_417016
ST62	EPI_ISL_417019
ST62	EPI_ISL_417424
ST62	EPI_ISL_417491
ST62	EPI_ISL_417550
ST62	EPI_ISL_417560
ST62	EPI_ISL_417563
ST62	EPI_ISL_417652
ST62	EPI_ISL_417694
ST62	EPI_ISL_417740
ST62	EPI_ISL_417746
ST62	EPI_ISL_417758
ST62	EPI_ISL_417763
ST62	EPI_ISL_417775
ST62	EPI_ISL_417799
ST62	EPI_ISL_417812
ST62	EPI_ISL_417948
ST62	EPI_ISL_417955
ST62	EPI_ISL_417989
ST63	EPI_ISL_414019
ST63	EPI_ISL_414020
ST63	EPI_ISL_416426
ST63	EPI_ISL_416481
ST63	EPI_ISL_417007
ST63	EPI_ISL_417010
ST63	EPI_ISL_417402|by-EPI_ISL_417923	9-10-11-12-141-142-143-144-145
ST63	EPI_ISL_417639
ST63	EPI_ISL_417814
ST63	EPI_ISL_417820
ST63	EPI_ISL_417923
ST63	EPI_ISL_417954
ST63	EPI_ISL_417963
ST63	EPI_ISL_417978
ST63	EPI_ISL_418168
ST63	EPI_ISL_418183
ST64	EPI_ISL_414428
ST65	EPI_ISL_414429
ST65	EPI_ISL_415467
ST65	EPI_ISL_415483
ST65	EPI_ISL_415498
ST65	EPI_ISL_417644
ST65	EPI_ISL_417684
ST65	EPI_ISL_417688
ST65	EPI_ISL_417828
ST65	EPI_ISL_417834
ST65	EPI_ISL_417840
ST65	EPI_ISL_417862
ST66	EPI_ISL_414430
ST67	EPI_ISL_414480
ST68	EPI_ISL_414482
ST68	EPI_ISL_416570
ST69	EPI_ISL_414517
ST69	EPI_ISL_414519
ST70	EPI_ISL_414523
ST70	EPI_ISL_414526
ST70	EPI_ISL_415134|by-EPI_ISL_417589	81
ST70	EPI_ISL_415141|by-EPI_ISL_417226	81
ST70	EPI_ISL_416731
ST70	EPI_ISL_417217
ST70	EPI_ISL_417226
ST70	EPI_ISL_417231
ST70	EPI_ISL_417240
ST70	EPI_ISL_417255
ST70	EPI_ISL_417589
ST70	EPI_ISL_417754
ST71	EPI_ISL_414536
ST71	EPI_ISL_414544
ST71	EPI_ISL_415521
ST72	EPI_ISL_414537
ST72	EPI_ISL_414539
ST73	EPI_ISL_414545
ST73	EPI_ISL_414557
ST73	EPI_ISL_414561
ST73	EPI_ISL_414562
ST74	EPI_ISL_414549
ST75	EPI_ISL_414554
ST75	EPI_ISL_414641
ST75	EPI_ISL_415468
ST75	EPI_ISL_415497
ST75	EPI_ISL_415511
ST75	EPI_ISL_415530
ST76	EPI_ISL_414555
ST77	EPI_ISL_414558
ST78	EPI_ISL_414559
ST79	EPI_ISL_414563
ST80	EPI_ISL_414579
ST80	EPI_ISL_414598
ST80	EPI_ISL_414600
ST80	EPI_ISL_414623
ST80	EPI_ISL_415151
ST80	EPI_ISL_415503
ST80	EPI_ISL_415658
ST80	EPI_ISL_415660
ST80	EPI_ISL_415661
ST80	EPI_ISL_416477
ST80	EPI_ISL_416484
ST80	EPI_ISL_416487
ST80	EPI_ISL_416994
ST80	EPI_ISL_417034
ST80	EPI_ISL_417961
ST80	EPI_ISL_418216
ST81	EPI_ISL_414589
ST81	EPI_ISL_415500
ST81	EPI_ISL_415501
ST81	EPI_ISL_415506
ST81	EPI_ISL_415508
ST81	EPI_ISL_415509
ST81	EPI_ISL_415524
ST81	EPI_ISL_417460|by-EPI_ISL_417880	12-14-20-32-60-92-104
ST81	EPI_ISL_417880
ST82	EPI_ISL_414595
ST82	EPI_ISL_414622|by-EPI_ISL_414595	9-10-11-12
ST82	EPI_ISL_415602
ST82	EPI_ISL_416439
ST82	EPI_ISL_416453|by-EPI_ISL_415602	9-10-11-12
ST82	EPI_ISL_417448
ST83	EPI_ISL_414616
ST83	EPI_ISL_415597
ST83	EPI_ISL_415625
ST83	EPI_ISL_416434
ST83	EPI_ISL_416438
ST83	EPI_ISL_416452
ST83	EPI_ISL_416647
ST83	EPI_ISL_416648
ST83	EPI_ISL_416653
ST83	EPI_ISL_416691
ST83	EPI_ISL_416693
ST83	EPI_ISL_416698
ST83	EPI_ISL_416699
ST83	EPI_ISL_416707
ST83	EPI_ISL_416708
ST83	EPI_ISL_416716
ST83	EPI_ISL_416719|by-EPI_ISL_416725	12
ST83	EPI_ISL_416724
ST83	EPI_ISL_416725
ST83	EPI_ISL_416729
ST83	EPI_ISL_417341
ST83	EPI_ISL_417342
ST83	EPI_ISL_417379
ST83	EPI_ISL_417382
ST83	EPI_ISL_417451
ST83	EPI_ISL_417454
ST83	EPI_ISL_417455
ST83	EPI_ISL_417690
ST83	EPI_ISL_418032|by-EPI_ISL_417382	9-10-11-12
ST83	EPI_ISL_418033|by-EPI_ISL_417454	9-10-11-12
ST83	EPI_ISL_418053
ST83	EPI_ISL_418054
ST83	EPI_ISL_418067
ST83	EPI_ISL_418068|by-EPI_ISL_416452	9-10-11
ST83	EPI_ISL_418073
ST83	EPI_ISL_418081
ST84	EPI_ISL_414617
ST85	EPI_ISL_414626
ST85	EPI_ISL_414632
ST85	EPI_ISL_414633
ST85	EPI_ISL_414637
ST85	EPI_ISL_414638
ST85	EPI_ISL_415654
ST85	EPI_ISL_415697
ST85	EPI_ISL_416497
ST85	EPI_ISL_417411|by-EPI_ISL_418233	9-10-11-12-141-142-143-144-145
ST85	EPI_ISL_417440|by-EPI_ISL_418232	90
ST85	EPI_ISL_417517|by-EPI_ISL_418229	141-142-143-144-145
ST85	EPI_ISL_417648|by-EPI_ISL_418223	139-140-141-142-143-144-145
ST85	EPI_ISL_417878
ST85	EPI_ISL_417879
ST85	EPI_ISL_418035|by-EPI_ISL_415697	9-10-11-12-13-14-22-104
ST85	EPI_ISL_418223
ST85	EPI_ISL_418225
ST85	EPI_ISL_418227
ST85	EPI_ISL_418229
ST85	EPI_ISL_418232
ST85	EPI_ISL_418233
ST85	EPI_ISL_418238
ST86	EPI_ISL_414628|by-EPI_ISL_418219	142-143-144-145
ST86	EPI_ISL_414647|by-EPI_ISL_416758	81-138-139-140-141-142-143-144-145
ST86	EPI_ISL_415710|by-EPI_ISL_418219	143-144-145
ST86	EPI_ISL_416517|by-EPI_ISL_417336	89-90
ST86	EPI_ISL_416758
ST86	EPI_ISL_417336
ST86	EPI_ISL_417760|by-EPI_ISL_418219	9-10-11-12-13-20-22-23-24-142
ST86	EPI_ISL_418219
ST87	EPI_ISL_414629
ST87	EPI_ISL_415651
ST87	EPI_ISL_415652
ST87	EPI_ISL_415694
ST87	EPI_ISL_415695
ST87	EPI_ISL_415704
ST87	EPI_ISL_415705
ST87	EPI_ISL_415706
ST87	EPI_ISL_415707
ST87	EPI_ISL_416493
ST87	EPI_ISL_416499
ST87	EPI_ISL_416500|by-EPI_ISL_417947	111-116-143-144-145
ST87	EPI_ISL_416745
ST87	EPI_ISL_416747
ST87	EPI_ISL_416749
ST87	EPI_ISL_416750
ST87	EPI_ISL_416751
ST87	EPI_ISL_416752
ST87	EPI_ISL_416754
ST87	EPI_ISL_416756
ST87	EPI_ISL_416757
ST87	EPI_ISL_417333|by-EPI_ISL_418230	110
ST87	EPI_ISL_417334
ST87	EPI_ISL_417337
ST87	EPI_ISL_417339
ST87	EPI_ISL_417437
ST87	EPI_ISL_417438|by-EPI_ISL_417334	143-144-145
ST87	EPI_ISL_417442
ST87	EPI_ISL_417526
ST87	EPI_ISL_417527
ST87	EPI_ISL_417942|by-EPI_ISL_415695	143-144-145
ST87	EPI_ISL_417946
ST87	EPI_ISL_417947
ST87	EPI_ISL_418024
ST87	EPI_ISL_418230
ST87	EPI_ISL_418231
ST87	EPI_ISL_418234
ST87	EPI_ISL_418240
ST88	EPI_ISL_414630
ST88	EPI_ISL_416498
ST88	EPI_ISL_418237
ST88	EPI_ISL_418241
ST88	EPI_ISL_418242
ST89	EPI_ISL_414936|by-EPI_ISL_414940	139-140-141-142-143-144-145
ST89	EPI_ISL_414937|by-EPI_ISL_414940	139-140-141-142-143-144-145
ST89	EPI_ISL_414938
ST89	EPI_ISL_414939|by-EPI_ISL_414938	28-138-139-140-141-142-143-144-145
ST89	EPI_ISL_414940
ST89	EPI_ISL_414941
ST90	EPI_ISL_415153
ST90	EPI_ISL_416143
ST91	EPI_ISL_415154
ST91	EPI_ISL_416469
ST92	EPI_ISL_415155
ST93	EPI_ISL_415157
ST94	EPI_ISL_415158
ST94	EPI_ISL_416471
ST95	EPI_ISL_415159
ST96	EPI_ISL_415460
ST96	EPI_ISL_415465
ST96	EPI_ISL_415466
ST96	EPI_ISL_415469
ST96	EPI_ISL_415515
ST96	EPI_ISL_415525
ST96	EPI_ISL_415534
ST97	EPI_ISL_415461
ST97	EPI_ISL_415526
ST97	EPI_ISL_417200
ST97	EPI_ISL_417201
ST97	EPI_ISL_417514
ST98	EPI_ISL_415462
ST98	EPI_ISL_415488
ST98	EPI_ISL_415518
ST98	EPI_ISL_415520
ST98	EPI_ISL_417582
ST98	EPI_ISL_417641
ST99	EPI_ISL_415475
ST100	EPI_ISL_415481
ST101	EPI_ISL_415492
ST102	EPI_ISL_415535
ST102	EPI_ISL_417617|by-EPI_ISL_415535	139-140-141-142-143-144-145
ST102	EPI_ISL_417622
ST102	EPI_ISL_417706
ST102	EPI_ISL_417743
ST102	EPI_ISL_417804
ST102	EPI_ISL_417823
ST102	EPI_ISL_417837
ST103	EPI_ISL_415539
ST104	EPI_ISL_415540
ST105	EPI_ISL_415584
ST105	EPI_ISL_415588
ST106	EPI_ISL_415608
ST106	EPI_ISL_415609
ST106	EPI_ISL_415624
ST106	EPI_ISL_416650
ST106	EPI_ISL_416651
ST106	EPI_ISL_416684
ST106	EPI_ISL_417378
ST107	EPI_ISL_415611
ST107	EPI_ISL_415620
ST107	EPI_ISL_416635
ST107	EPI_ISL_416649
ST107	EPI_ISL_416668
ST107	EPI_ISL_416682
ST107	EPI_ISL_416694
ST107	EPI_ISL_416713
ST107	EPI_ISL_417356
ST107	EPI_ISL_417370
ST107	EPI_ISL_417381
ST107	EPI_ISL_417453
ST108	EPI_ISL_415631
ST109	EPI_ISL_415648
ST110	EPI_ISL_415657
ST110	EPI_ISL_415920
ST110	EPI_ISL_418110
ST110	EPI_ISL_418136
ST110	EPI_ISL_418144
ST110	EPI_ISL_418145
ST110	EPI_ISL_418147
ST110	EPI_ISL_418151
ST110	EPI_ISL_418155
ST110	EPI_ISL_418156
ST110	EPI_ISL_418158
ST110	EPI_ISL_418159
ST110	EPI_ISL_418163
ST111	EPI_ISL_415702
ST112	EPI_ISL_415741
ST112	EPI_ISL_415743
ST112	EPI_ISL_417519
ST112	EPI_ISL_417520
ST112	EPI_ISL_417521
ST113	EPI_ISL_415742|by-EPI_ISL_416579	9-10-11-12-13
ST114	EPI_ISL_416024
ST114	EPI_ISL_416739
ST114	EPI_ISL_417239
ST114	EPI_ISL_417286
ST114	EPI_ISL_417604|by-EPI_ISL_417239	141-142
ST114	EPI_ISL_417627
ST114	EPI_ISL_417628|by-EPI_ISL_417286	139-141-142
ST114	EPI_ISL_417649
ST114	EPI_ISL_418000
ST115	EPI_ISL_416032
ST115	EPI_ISL_417672
ST116	EPI_ISL_416034
ST117	EPI_ISL_416153
ST118	EPI_ISL_416331
ST118	EPI_ISL_416332
ST119	EPI_ISL_416372
ST120	EPI_ISL_416389
ST121	EPI_ISL_416397
ST122	EPI_ISL_416399
ST123	EPI_ISL_416406
ST123	EPI_ISL_416407
ST124	EPI_ISL_416413
ST124	EPI_ISL_417031
ST124	EPI_ISL_417194|by-EPI_ISL_417587	141-142-143-144-145
ST124	EPI_ISL_417395|by-EPI_ISL_417587	9-10-11-12-141-142-143-144-145
ST124	EPI_ISL_417477|by-EPI_ISL_417504	76
ST124	EPI_ISL_417500|by-EPI_ISL_417031	76
ST124	EPI_ISL_417504
ST124	EPI_ISL_417587
ST124	EPI_ISL_418062
ST125	EPI_ISL_416419|by-EPI_ISL_416690	57-81-83-84-89-90
ST125	EPI_ISL_416421|by-EPI_ISL_414369	81-89-90
ST126	EPI_ISL_416432
ST126	EPI_ISL_416449|by-EPI_ISL_416706	9-10-11-12
ST126	EPI_ISL_416706
ST126	EPI_ISL_417033
ST126	EPI_ISL_417388
ST126	EPI_ISL_417396|by-EPI_ISL_417388	9-10-11-12-141-142-143-144-145
ST126	EPI_ISL_417400|by-EPI_ISL_417918	9-10-11-12-141-142-143-144-145
ST126	EPI_ISL_417401|by-EPI_ISL_417917	9-10-11-12-141-142-143-144-145
ST126	EPI_ISL_417403|by-EPI_ISL_417918	9-10-11-12-141-142-143-144-145
ST126	EPI_ISL_417917
ST126	EPI_ISL_417918
ST127	EPI_ISL_416447
ST127	EPI_ISL_417081
ST127	EPI_ISL_417085
ST127	EPI_ISL_418055|by-EPI_ISL_417085	9-10-11-12
ST127	EPI_ISL_418077
ST128	EPI_ISL_416466
ST128	EPI_ISL_416667
ST128	EPI_ISL_416677
ST128	EPI_ISL_417163
ST128	EPI_ISL_417374
ST128	EPI_ISL_417480
ST128	EPI_ISL_417503
ST129	EPI_ISL_416467
ST130	EPI_ISL_416468
ST131	EPI_ISL_416476
ST132	EPI_ISL_416479|by-EPI_ISL_417220	109
ST133	EPI_ISL_416482
ST133	EPI_ISL_417233
ST133	EPI_ISL_417248
ST133	EPI_ISL_417301
ST133	EPI_ISL_417302
ST133	EPI_ISL_417695
ST133	EPI_ISL_417698
ST133	EPI_ISL_417736
ST133	EPI_ISL_417749
ST133	EPI_ISL_417997
ST133	EPI_ISL_417998
ST133	EPI_ISL_417999
ST133	EPI_ISL_418003
ST134	EPI_ISL_416489
ST134	EPI_ISL_417967
ST135	EPI_ISL_416513
ST136	EPI_ISL_416523
ST136	EPI_ISL_417598
ST136	EPI_ISL_417830
ST137	EPI_ISL_416538
ST137	EPI_ISL_418045
ST138	EPI_ISL_416539
ST139	EPI_ISL_416565
ST139	EPI_ISL_416603
ST139	EPI_ISL_416613
ST139	EPI_ISL_416619|by-EPI_ISL_416565	142-143-144-145
ST139	EPI_ISL_416624
ST140	EPI_ISL_416567
ST140	EPI_ISL_416584
ST140	EPI_ISL_416599
ST141	EPI_ISL_416585
ST142	EPI_ISL_416604
ST143	EPI_ISL_416615|by-EPI_ISL_414484	89-90
ST144	EPI_ISL_416625
ST145	EPI_ISL_416646
ST145	EPI_ISL_416675
ST145	EPI_ISL_416723
ST145	EPI_ISL_416733
ST145	EPI_ISL_417280
ST145	EPI_ISL_417289
ST145	EPI_ISL_417408|by-EPI_ISL_416675	9-10-11-12-141-142-143-144-145
ST145	EPI_ISL_417478|by-EPI_ISL_417289	45-52-68
ST145	EPI_ISL_417501|by-EPI_ISL_417280	45-52-68
ST145	EPI_ISL_417574
ST145	EPI_ISL_417670
ST145	EPI_ISL_417732
ST146	EPI_ISL_416657|by-EPI_ISL_416644	145
ST147	EPI_ISL_416661
ST147	EPI_ISL_417345
ST147	EPI_ISL_417932
ST147	EPI_ISL_418037
ST147	EPI_ISL_418072
ST148	EPI_ISL_416664
ST149	EPI_ISL_416700
ST150	EPI_ISL_416728
ST151	EPI_ISL_417017
ST152	EPI_ISL_417018
ST153	EPI_ISL_417021
ST153	EPI_ISL_417022
ST153	EPI_ISL_417023
ST154	EPI_ISL_417025
ST155	EPI_ISL_417126
ST156	EPI_ISL_417147
ST157	EPI_ISL_417191
ST157	EPI_ISL_418087|by-EPI_ISL_417191	36-57-81-83-84-89-90-113-141-142-143-144-145
ST158	EPI_ISL_417267
ST158	EPI_ISL_417268
ST158	EPI_ISL_417269
ST158	EPI_ISL_417399|by-EPI_ISL_417267	9-10-11-12-141-142-143-144-145
ST159	EPI_ISL_417292|by-EPI_ISL_418005	81
ST160	EPI_ISL_417348
ST161	EPI_ISL_417353
ST161	EPI_ISL_417380
ST162	EPI_ISL_417363
ST163	EPI_ISL_417367
ST164	EPI_ISL_417369
ST165	EPI_ISL_417376
ST165	EPI_ISL_417971
ST165	EPI_ISL_418028
ST165	EPI_ISL_418036
ST165	EPI_ISL_418042
ST165	EPI_ISL_418049
ST165	EPI_ISL_418051|by-EPI_ISL_418028	9-10-11-12
ST166	EPI_ISL_417406|by-EPI_ISL_408482	9-10-11-12-141-142-143-144-145
ST167	EPI_ISL_417413
ST168	EPI_ISL_417420
ST169	EPI_ISL_417444
ST170	EPI_ISL_417531
ST170	EPI_ISL_417532
ST171	EPI_ISL_417534
ST172	EPI_ISL_417536
ST172	EPI_ISL_417537
ST172	EPI_ISL_417542
ST172	EPI_ISL_417543
ST172	EPI_ISL_417549
ST172	EPI_ISL_417552|by-EPI_ISL_417630	142
ST172	EPI_ISL_417573
ST172	EPI_ISL_417583
ST172	EPI_ISL_417586
ST172	EPI_ISL_417588
ST172	EPI_ISL_417597
ST172	EPI_ISL_417599|by-EPI_ISL_417810	140-141-142-143-144-145
ST172	EPI_ISL_417600
ST172	EPI_ISL_417612
ST172	EPI_ISL_417613|by-EPI_ISL_417824	141-142
ST172	EPI_ISL_417623|by-EPI_ISL_417583	141-142
ST172	EPI_ISL_417625
ST172	EPI_ISL_417626
ST172	EPI_ISL_417630
ST172	EPI_ISL_417633|by-EPI_ISL_417712	142
ST172	EPI_ISL_417634
ST172	EPI_ISL_417635
ST172	EPI_ISL_417636
ST172	EPI_ISL_417640|by-EPI_ISL_417586	140-141-142-143-144-145
ST172	EPI_ISL_417645
ST172	EPI_ISL_417650
ST172	EPI_ISL_417676
ST172	EPI_ISL_417678
ST172	EPI_ISL_417680
ST172	EPI_ISL_417703
ST172	EPI_ISL_417709
ST172	EPI_ISL_417712
ST172	EPI_ISL_417739
ST172	EPI_ISL_417741
ST172	EPI_ISL_417745
ST172	EPI_ISL_417753
ST172	EPI_ISL_417755
ST172	EPI_ISL_417774
ST172	EPI_ISL_417786
ST172	EPI_ISL_417790
ST172	EPI_ISL_417808
ST172	EPI_ISL_417809
ST172	EPI_ISL_417810
ST172	EPI_ISL_417824
ST172	EPI_ISL_417827
ST172	EPI_ISL_417836
ST173	EPI_ISL_417540
ST173	EPI_ISL_417541
ST173	EPI_ISL_417545
ST173	EPI_ISL_417603
ST173	EPI_ISL_417801
ST174	EPI_ISL_417544
ST174	EPI_ISL_417548
ST174	EPI_ISL_417557
ST174	EPI_ISL_417558
ST174	EPI_ISL_417568
ST174	EPI_ISL_417606|by-EPI_ISL_417544	139-140-141-142-143-144-145
ST174	EPI_ISL_417607
ST174	EPI_ISL_417653
ST174	EPI_ISL_417696
ST174	EPI_ISL_417716
ST174	EPI_ISL_417750
ST174	EPI_ISL_417771
ST174	EPI_ISL_417772
ST174	EPI_ISL_417838
ST174	EPI_ISL_417864
ST175	EPI_ISL_417555
ST175	EPI_ISL_417797
ST176	EPI_ISL_417565
ST176	EPI_ISL_417637
ST176	EPI_ISL_417646|by-EPI_ISL_417839	141-142-143-144-145
ST176	EPI_ISL_417651|by-EPI_ISL_417839	141-142
ST176	EPI_ISL_417839
ST177	EPI_ISL_417566
ST177	EPI_ISL_417632
ST177	EPI_ISL_417713
ST177	EPI_ISL_417714
ST177	EPI_ISL_417757
ST177	EPI_ISL_417785
ST177	EPI_ISL_417795
ST177	EPI_ISL_417802
ST177	EPI_ISL_417876
ST178	EPI_ISL_417577
ST178	EPI_ISL_417615
ST178	EPI_ISL_417717
ST178	EPI_ISL_417724
ST178	EPI_ISL_417762
ST178	EPI_ISL_417789
ST178	EPI_ISL_417791
ST178	EPI_ISL_417818
ST179	EPI_ISL_417580
ST179	EPI_ISL_417590
ST179	EPI_ISL_417611|by-EPI_ISL_417660	141-142
ST179	EPI_ISL_417621
ST179	EPI_ISL_417655
ST179	EPI_ISL_417660
ST179	EPI_ISL_417699
ST179	EPI_ISL_417822
ST180	EPI_ISL_417609
ST180	EPI_ISL_417647|by-EPI_ISL_417609	142
ST180	EPI_ISL_417956|by-EPI_ISL_417609	139
ST181	EPI_ISL_417618
ST181	EPI_ISL_417720
ST182	EPI_ISL_417624|by-EPI_ISL_417819	140-141-142-143-144-145
ST182	EPI_ISL_417737
ST182	EPI_ISL_417788
ST182	EPI_ISL_417819
ST183	EPI_ISL_417629
ST183	EPI_ISL_417806
ST183	EPI_ISL_418206
ST183	EPI_ISL_418207
ST183	EPI_ISL_418208
ST183	EPI_ISL_418209
ST184	EPI_ISL_417666
ST184	EPI_ISL_417667
ST185	EPI_ISL_417689|by-EPI_ISL_417580	139-140-141-142-143-144-145
ST186	EPI_ISL_417744
ST187	EPI_ISL_417752
ST188	EPI_ISL_417766
ST188	EPI_ISL_417770
ST188	EPI_ISL_417777|by-EPI_ISL_417798	142
ST188	EPI_ISL_417798
ST189	EPI_ISL_417800
ST190	EPI_ISL_417852
ST191	EPI_ISL_417871
ST192	EPI_ISL_417877
ST193	EPI_ISL_417957|by-EPI_ISL_417609	139
ST193	EPI_ISL_418182|by-EPI_ISL_417609	139
ST194	EPI_ISL_417969
ST195	EPI_ISL_417976
ST196	EPI_ISL_417981
ST197	EPI_ISL_417994
ST197	EPI_ISL_418011
ST197	EPI_ISL_418014
ST197	EPI_ISL_418015
ST197	EPI_ISL_418016
ST198	EPI_ISL_418009
ST199	EPI_ISL_418060
ST200	EPI_ISL_418222
ST201	EPI_ISL_418224
ST202	EPI_ISL_418235
ST203	EPI_ISL_418243
ST204	EPI_ISL_418251
