
--------------------- WARNING ---------------------
MSG: Got a sequence without letters. Could not guess alphabet
---------------------------------------------------

--------------------- WARNING ---------------------
MSG: Got a sequence without letters. Could not guess alphabet
---------------------------------------------------

--------------------- WARNING ---------------------
MSG: Got a sequence without letters. Could not guess alphabet
---------------------------------------------------

--------------------- WARNING ---------------------
MSG: Got a sequence without letters. Could not guess alphabet
---------------------------------------------------

--------------------- WARNING ---------------------
MSG: Got a sequence without letters. Could not guess alphabet
---------------------------------------------------

--------------------- WARNING ---------------------
MSG: Got a sequence without letters. Could not guess alphabet
---------------------------------------------------

--------------------- WARNING ---------------------
MSG: Got a sequence without letters. Could not guess alphabet
---------------------------------------------------

--------------------- WARNING ---------------------
MSG: Got a sequence without letters. Could not guess alphabet
---------------------------------------------------

--------------------- WARNING ---------------------
MSG: Got a sequence without letters. Could not guess alphabet
---------------------------------------------------

--------------------- WARNING ---------------------
MSG: Got a sequence without letters. Could not guess alphabet
---------------------------------------------------

--------------------- WARNING ---------------------
MSG: Got a sequence without letters. Could not guess alphabet
---------------------------------------------------

--------------------- WARNING ---------------------
MSG: Got a sequence without letters. Could not guess alphabet
---------------------------------------------------

--------------------- WARNING ---------------------
MSG: Got a sequence without letters. Could not guess alphabet
---------------------------------------------------

--------------------- WARNING ---------------------
MSG: Got a sequence without letters. Could not guess alphabet
---------------------------------------------------

--------------------- WARNING ---------------------
MSG: Got a sequence without letters. Could not guess alphabet
---------------------------------------------------

--------------------- WARNING ---------------------
MSG: Got a sequence without letters. Could not guess alphabet
---------------------------------------------------

--------------------- WARNING ---------------------
MSG: Got a sequence without letters. Could not guess alphabet
---------------------------------------------------

--------------------- WARNING ---------------------
MSG: Got a sequence without letters. Could not guess alphabet
---------------------------------------------------

--------------------- WARNING ---------------------
MSG: Got a sequence without letters. Could not guess alphabet
---------------------------------------------------

--------------------- WARNING ---------------------
MSG: Got a sequence without letters. Could not guess alphabet
---------------------------------------------------

--------------------- WARNING ---------------------
MSG: Got a sequence without letters. Could not guess alphabet
---------------------------------------------------

--------------------- WARNING ---------------------
MSG: Got a sequence without letters. Could not guess alphabet
---------------------------------------------------

--------------------- WARNING ---------------------
MSG: Got a sequence without letters. Could not guess alphabet
---------------------------------------------------

--------------------- WARNING ---------------------
MSG: Got a sequence without letters. Could not guess alphabet
---------------------------------------------------

--------------------- WARNING ---------------------
MSG: Got a sequence without letters. Could not guess alphabet
---------------------------------------------------

--------------------- WARNING ---------------------
MSG: Got a sequence without letters. Could not guess alphabet
---------------------------------------------------

--------------------- WARNING ---------------------
MSG: Got a sequence without letters. Could not guess alphabet
---------------------------------------------------

--------------------- WARNING ---------------------
MSG: Got a sequence without letters. Could not guess alphabet
---------------------------------------------------

--------------------- WARNING ---------------------
MSG: Got a sequence without letters. Could not guess alphabet
---------------------------------------------------

--------------------- WARNING ---------------------
MSG: Got a sequence without letters. Could not guess alphabet
---------------------------------------------------
removed EPI_ISL_402126 for having >= 10% non-ATCGs: 142
removed EPI_ISL_406799 for having >= 10% non-ATCGs: 50
removed EPI_ISL_406959 for having >= 10% non-ATCGs: 144
removed EPI_ISL_406960 for having >= 10% non-ATCGs: 144
removed EPI_ISL_408068 for having >= 10% non-ATCGs: 140
removed EPI_ISL_408975 for having >= 10% non-ATCGs: 126
removed EPI_ISL_408994 for having >= 10% non-ATCGs: 126
removed EPI_ISL_408995 for having >= 10% non-ATCGs: 126
removed EPI_ISL_408996 for having >= 10% non-ATCGs: 126
removed EPI_ISL_408997 for having >= 10% non-ATCGs: 126
removed EPI_ISL_408998 for having >= 10% non-ATCGs: 126
removed EPI_ISL_408999 for having >= 10% non-ATCGs: 126
removed EPI_ISL_409000 for having >= 10% non-ATCGs: 126
removed EPI_ISL_409001 for having >= 10% non-ATCGs: 126
removed EPI_ISL_409002 for having >= 10% non-ATCGs: 126
removed EPI_ISL_409020 for having >= 10% non-ATCGs: 126
removed EPI_ISL_409022 for having >= 10% non-ATCGs: 126
removed EPI_ISL_409023 for having >= 10% non-ATCGs: 126
removed EPI_ISL_409024 for having >= 10% non-ATCGs: 126
removed EPI_ISL_409025 for having >= 10% non-ATCGs: 126
removed EPI_ISL_409026 for having >= 10% non-ATCGs: 126
removed EPI_ISL_409027 for having >= 10% non-ATCGs: 126
removed EPI_ISL_410302 for having >= 10% non-ATCGs: 146
removed EPI_ISL_410314 for having >= 10% non-ATCGs: 140
removed EPI_ISL_410344 for having >= 10% non-ATCGs: 140
removed EPI_ISL_410345 for having >= 10% non-ATCGs: 140
removed EPI_ISL_410487 for having >= 10% non-ATCGs: 144
removed EPI_ISL_410488 for having >= 10% non-ATCGs: 144
removed EPI_ISL_410489 for having >= 10% non-ATCGs: 144
removed EPI_ISL_411949 for having >= 10% non-ATCGs: 128
removed EPI_ISL_411958 for having >= 10% non-ATCGs: 128
removed EPI_ISL_411959 for having >= 10% non-ATCGs: 128
removed EPI_ISL_411960 for having >= 10% non-ATCGs: 128
removed EPI_ISL_411961 for having >= 10% non-ATCGs: 128
removed EPI_ISL_411962 for having >= 10% non-ATCGs: 128
removed EPI_ISL_411963 for having >= 10% non-ATCGs: 128
removed EPI_ISL_411964 for having >= 10% non-ATCGs: 128
removed EPI_ISL_411965 for having >= 10% non-ATCGs: 128
removed EPI_ISL_411966 for having >= 10% non-ATCGs: 128
removed EPI_ISL_411967 for having >= 10% non-ATCGs: 128
removed EPI_ISL_412034 for having >= 10% non-ATCGs: 146
removed EPI_ISL_412035 for having >= 10% non-ATCGs: 146
removed EPI_ISL_412036 for having >= 10% non-ATCGs: 146
removed EPI_ISL_412037 for having >= 10% non-ATCGs: 146
removed EPI_ISL_412038 for having >= 10% non-ATCGs: 146
removed EPI_ISL_412039 for having >= 10% non-ATCGs: 146
removed EPI_ISL_412041 for having >= 10% non-ATCGs: 146
removed EPI_ISL_412042 for having >= 10% non-ATCGs: 146
removed EPI_ISL_412043 for having >= 10% non-ATCGs: 146
removed EPI_ISL_412044 for having >= 10% non-ATCGs: 146
removed EPI_ISL_412045 for having >= 10% non-ATCGs: 146
removed EPI_ISL_412046 for having >= 10% non-ATCGs: 146
removed EPI_ISL_412049 for having >= 10% non-ATCGs: 146
removed EPI_ISL_412050 for having >= 10% non-ATCGs: 146
removed EPI_ISL_412051 for having >= 10% non-ATCGs: 146
removed EPI_ISL_412052 for having >= 10% non-ATCGs: 146
removed EPI_ISL_412053 for having >= 10% non-ATCGs: 146
removed EPI_ISL_412054 for having >= 10% non-ATCGs: 146
removed EPI_ISL_412387 for having >= 10% non-ATCGs: 146
removed EPI_ISL_412418 for having >= 10% non-ATCGs: 146
removed EPI_ISL_412419 for having >= 10% non-ATCGs: 146
removed EPI_ISL_412420 for having >= 10% non-ATCGs: 146
removed EPI_ISL_412421 for having >= 10% non-ATCGs: 146
removed EPI_ISL_412422 for having >= 10% non-ATCGs: 146
removed EPI_ISL_412423 for having >= 10% non-ATCGs: 146
removed EPI_ISL_412424 for having >= 10% non-ATCGs: 146
removed EPI_ISL_413219 for having >= 10% non-ATCGs: 142
removed EPI_ISL_413491 for having >= 10% non-ATCGs: 126
removed EPI_ISL_413492 for having >= 10% non-ATCGs: 126
removed EPI_ISL_413493 for having >= 10% non-ATCGs: 126
removed EPI_ISL_413494 for having >= 10% non-ATCGs: 126
removed EPI_ISL_413495 for having >= 10% non-ATCGs: 126
removed EPI_ISL_413496 for having >= 10% non-ATCGs: 126
removed EPI_ISL_413497 for having >= 10% non-ATCGs: 126
removed EPI_ISL_413498 for having >= 10% non-ATCGs: 126
removed EPI_ISL_413517 for having >= 10% non-ATCGs: 144
removed EPI_ISL_413553 for having >= 10% non-ATCGs: 142
removed EPI_ISL_413554 for having >= 10% non-ATCGs: 142
removed EPI_ISL_413696 for having >= 10% non-ATCGs: 18
removed EPI_ISL_413865 for having >= 10% non-ATCGs: 32
removed EPI_ISL_413871 for having >= 10% non-ATCGs: 15
removed EPI_ISL_413876 for having >= 10% non-ATCGs: 20
removed EPI_ISL_413877 for having >= 10% non-ATCGs: 26
removed EPI_ISL_413878 for having >= 10% non-ATCGs: 22
removed EPI_ISL_413880 for having >= 10% non-ATCGs: 18
removed EPI_ISL_413881 for having >= 10% non-ATCGs: 20
removed EPI_ISL_413885 for having >= 10% non-ATCGs: 56
removed EPI_ISL_413886 for having >= 10% non-ATCGs: 51
removed EPI_ISL_413887 for having >= 10% non-ATCGs: 65
removed EPI_ISL_413890 for having >= 10% non-ATCGs: 40
removed EPI_ISL_413891 for having >= 10% non-ATCGs: 28
removed EPI_ISL_413892 for having >= 10% non-ATCGs: 17
removed EPI_ISL_413894 for having >= 10% non-ATCGs: 19
removed EPI_ISL_413895 for having >= 10% non-ATCGs: 40
removed EPI_ISL_413899 for having >= 10% non-ATCGs: 30
removed EPI_ISL_413900 for having >= 10% non-ATCGs: 17
removed EPI_ISL_413901 for having >= 10% non-ATCGs: 48
removed EPI_ISL_413904 for having >= 10% non-ATCGs: 142
removed EPI_ISL_413905 for having >= 10% non-ATCGs: 142
removed EPI_ISL_413906 for having >= 10% non-ATCGs: 142
removed EPI_ISL_413949 for having >= 10% non-ATCGs: 142
removed EPI_ISL_413955 for having >= 10% non-ATCGs: 142
removed EPI_ISL_414371 for having >= 10% non-ATCGs: 140
removed EPI_ISL_414372 for having >= 10% non-ATCGs: 140
removed EPI_ISL_414373 for having >= 10% non-ATCGs: 140
removed EPI_ISL_414374 for having >= 10% non-ATCGs: 140
removed EPI_ISL_414375 for having >= 10% non-ATCGs: 140
removed EPI_ISL_414376 for having >= 10% non-ATCGs: 140
removed EPI_ISL_414377 for having >= 10% non-ATCGs: 140
removed EPI_ISL_414475 for having >= 10% non-ATCGs: 140
removed EPI_ISL_414503 for having >= 10% non-ATCGs: 133
removed EPI_ISL_414512 for having >= 10% non-ATCGs: 139
removed EPI_ISL_414513 for having >= 10% non-ATCGs: 144
removed EPI_ISL_414514 for having >= 10% non-ATCGs: 144
removed EPI_ISL_414515 for having >= 10% non-ATCGs: 137
removed EPI_ISL_414516 for having >= 10% non-ATCGs: 145
removed EPI_ISL_414546 for having >= 10% non-ATCGs: 23
removed EPI_ISL_414565 for having >= 10% non-ATCGs: 19
removed EPI_ISL_414567 for having >= 10% non-ATCGs: 19
removed EPI_ISL_414568 for having >= 10% non-ATCGs: 145
removed EPI_ISL_414572 for having >= 10% non-ATCGs: 146
removed EPI_ISL_414573 for having >= 10% non-ATCGs: 145
removed EPI_ISL_414575 for having >= 10% non-ATCGs: 145
removed EPI_ISL_414599 for having >= 10% non-ATCGs: 139
removed EPI_ISL_414639 for having >= 10% non-ATCGs: 21
removed EPI_ISL_414935 for having >= 10% non-ATCGs: 17
removed EPI_ISL_414945 for having >= 10% non-ATCGs: 140
removed EPI_ISL_414946 for having >= 10% non-ATCGs: 140
removed EPI_ISL_414948 for having >= 10% non-ATCGs: 140
removed EPI_ISL_415045 for having >= 10% non-ATCGs: 67
removed EPI_ISL_415046 for having >= 10% non-ATCGs: 29
removed EPI_ISL_415047 for having >= 10% non-ATCGs: 33
removed EPI_ISL_415537 for having >= 10% non-ATCGs: 16
removed EPI_ISL_416025 for having >= 10% non-ATCGs: 39
removed EPI_ISL_416027 for having >= 10% non-ATCGs: 33
removed EPI_ISL_416356 for having >= 10% non-ATCGs: 17
removed EPI_ISL_416418 for having >= 10% non-ATCGs: 21
removed EPI_ISL_416422 for having >= 10% non-ATCGs: 16
removed EPI_ISL_416459 for having >= 10% non-ATCGs: 52
removed EPI_ISL_416463 for having >= 10% non-ATCGs: 16
removed EPI_ISL_416464 for having >= 10% non-ATCGs: 43
removed EPI_ISL_417005 for having >= 10% non-ATCGs: 15
removed EPI_ISL_417261 for having >= 10% non-ATCGs: 15
removed EPI_ISL_417277 for having >= 10% non-ATCGs: 16
removed EPI_ISL_417316 for having >= 10% non-ATCGs: 36
removed EPI_ISL_417317 for having >= 10% non-ATCGs: 50
removed EPI_ISL_417319 for having >= 10% non-ATCGs: 46
removed EPI_ISL_417321 for having >= 10% non-ATCGs: 62
removed EPI_ISL_417322 for having >= 10% non-ATCGs: 50
removed EPI_ISL_417326 for having >= 10% non-ATCGs: 46
removed EPI_ISL_417327 for having >= 10% non-ATCGs: 20
removed EPI_ISL_417328 for having >= 10% non-ATCGs: 25
removed EPI_ISL_417329 for having >= 10% non-ATCGs: 33
removed EPI_ISL_417331 for having >= 10% non-ATCGs: 19
removed EPI_ISL_417433 for having >= 10% non-ATCGs: 21
removed EPI_ISL_417435 for having >= 10% non-ATCGs: 18
removed EPI_ISL_417436 for having >= 10% non-ATCGs: 21
removed EPI_ISL_417439 for having >= 10% non-ATCGs: 18
removed EPI_ISL_417578 for having >= 10% non-ATCGs: 16
removed EPI_ISL_417671 for having >= 10% non-ATCGs: 51
removed EPI_ISL_417686 for having >= 10% non-ATCGs: 39
removed EPI_ISL_417707 for having >= 10% non-ATCGs: 16
removed EPI_ISL_417710 for having >= 10% non-ATCGs: 16
removed EPI_ISL_417719 for having >= 10% non-ATCGs: 28
removed EPI_ISL_417756 for having >= 10% non-ATCGs: 48
removed EPI_ISL_417767 for having >= 10% non-ATCGs: 18
removed EPI_ISL_417778 for having >= 10% non-ATCGs: 47
removed EPI_ISL_417780 for having >= 10% non-ATCGs: 16
removed EPI_ISL_417794 for having >= 10% non-ATCGs: 24
removed EPI_ISL_417847 for having >= 10% non-ATCGs: 28
removed EPI_ISL_417858 for having >= 10% non-ATCGs: 35
removed EPI_ISL_417859 for having >= 10% non-ATCGs: 35
removed EPI_ISL_417869 for having >= 10% non-ATCGs: 44
removed EPI_ISL_417870 for having >= 10% non-ATCGs: 16
removed EPI_ISL_417925 for having >= 10% non-ATCGs: 30
removed EPI_ISL_417926 for having >= 10% non-ATCGs: 33
removed EPI_ISL_417928 for having >= 10% non-ATCGs: 28
removed EPI_ISL_417929 for having >= 10% non-ATCGs: 25
removed EPI_ISL_417930 for having >= 10% non-ATCGs: 35
removed EPI_ISL_417934 for having >= 10% non-ATCGs: 30
removed EPI_ISL_417936 for having >= 10% non-ATCGs: 26
removed EPI_ISL_417940 for having >= 10% non-ATCGs: 56
removed EPI_ISL_417943 for having >= 10% non-ATCGs: 43
removed EPI_ISL_417945 for having >= 10% non-ATCGs: 50
removed EPI_ISL_417949 for having >= 10% non-ATCGs: 25
removed EPI_ISL_417951 for having >= 10% non-ATCGs: 42
removed EPI_ISL_417953 for having >= 10% non-ATCGs: 42
removed EPI_ISL_417982 for having >= 10% non-ATCGs: 30
removed EPI_ISL_417983 for having >= 10% non-ATCGs: 43
removed EPI_ISL_417984 for having >= 10% non-ATCGs: 37
removed EPI_ISL_417985 for having >= 10% non-ATCGs: 46
removed EPI_ISL_418031 for having >= 10% non-ATCGs: 24
removed EPI_ISL_418052 for having >= 10% non-ATCGs: 18
removed EPI_ISL_418099 for having >= 10% non-ATCGs: 16
removed EPI_ISL_418105 for having >= 10% non-ATCGs: 17
removed EPI_ISL_418185 for having >= 10% non-ATCGs: 18
removed EPI_ISL_418186 for having >= 10% non-ATCGs: 17
removed EPI_ISL_418191 for having >= 10% non-ATCGs: 39
removed EPI_ISL_418194 for having >= 10% non-ATCGs: 17
removed EPI_ISL_418195 for having >= 10% non-ATCGs: 52
removed EPI_ISL_418201 for having >= 10% non-ATCGs: 29
removed EPI_ISL_418205 for having >= 10% non-ATCGs: 18
removed EPI_ISL_408512 for having >= 10% non-ATCGs: 26
removed EPI_ISL_408513 for having >= 10% non-ATCGs: 145
removed EPI_ISL_412425 for having >= 10% non-ATCGs: 146
removed EPI_ISL_412426 for having >= 10% non-ATCGs: 146
processing seq 26 ... 
40: . by T
97: . by C
113: . by T
120: . by G
121: . by C
130: . by C
impute EPI_ISL_404253 by EPI_ISL_404253|by-EPI_ISL_416885
processing seq 51 ... 
146: . by G
impute EPI_ISL_406844 by EPI_ISL_406844|by-EPI_ISL_416411
processing seq 57 ... 
86: . by C
impute EPI_ISL_407079 by EPI_ISL_407079|by-EPI_ISL_411927
processing seq 83 ... 
9: . by T
111: . by C
136: . by C
137: . by C
impute EPI_ISL_408487 by EPI_ISL_408487|by-EPI_ISL_411060
processing seq 85 ... 
1: . by T
2: . by T
3: . by C
4: . by A
142: . by A
143: . by A
144: . by G
145: . by G
146: . by G
impute EPI_ISL_408489 by EPI_ISL_408489|by-EPI_ISL_417979
processing seq 86 ... 
1: . by T
2: . by T
3: . by C
4: . by A
5: . by C
6: . by C
7: . by C
8: . by C
9: . by T
32: . by G
124: . by T
136: . by C
137: . by C
138: . by C
impute EPI_ISL_408511 by EPI_ISL_408511|by-EPI_ISL_417335
processing seq 95 ... 
146: . by G
impute EPI_ISL_408976 by EPI_ISL_408976|by-EPI_ISL_416401
processing seq 97 ... 
3: . by C
4: . by A
50: . by T
51: . by C
111: . by C
139: . by G
141: . by C
142: . by A
143: . by A
144: . by G
145: . by G
146: . by G
impute EPI_ISL_408978 by EPI_ISL_408978|by-EPI_ISL_418025
processing seq 99 ... 
9: . by T
impute EPI_ISL_410044 by EPI_ISL_410044|by-EPI_ISL_417553
processing seq 106 ... 
1: . by T
2: . by T
3: . by C
4: . by A
5: . by C
6: . by C
7: . by C
142: . by A
143: . by A
144: . by G
145: . by G
146: . by G
impute EPI_ISL_410535 by EPI_ISL_410535|by-EPI_ISL_416317
processing seq 109 ... 
50: . by G
impute EPI_ISL_410545 by EPI_ISL_410545|by-EPI_ISL_410536
processing seq 139 ... 
97: . by T
impute EPI_ISL_412028 by EPI_ISL_412028|by-EPI_ISL_408668
processing seq 142 ... 
50: . by T
impute EPI_ISL_412116 by EPI_ISL_412116|by-EPI_ISL_417270
processing seq 152 ... 
1: . by T
2: . by T
3: . by C
4: . by A
5: . by C
6: . by C
7: . by C
8: . by C
9: . by T
impute EPI_ISL_412900 by EPI_ISL_412900|by-EPI_ISL_406538
processing seq 155 ... 
50: . by G
89: . by G
90: . by T
91: . by C
impute EPI_ISL_412965 by EPI_ISL_412965|by-EPI_ISL_415494
processing seq 161 ... 
77: . by G
81: . by T
82: . by C
impute EPI_ISL_412971 by EPI_ISL_412971|by-EPI_ISL_418139
processing seq 171 ... 
1: . by T
2: . by T
impute EPI_ISL_412983 by EPI_ISL_412983|by-EPI_ISL_413747
processing seq 186 ... 
89: . by G
90: . by T
91: . by C
impute EPI_ISL_413221 by EPI_ISL_413221|by-EPI_ISL_418018
processing seq 191 ... 
1: . by T
2: . by T
3: . by C
4: . by A
5: . by C
impute EPI_ISL_413459 by EPI_ISL_413459|by-EPI_ISL_416587
processing seq 192 ... 
50: . by G
impute EPI_ISL_413485 by EPI_ISL_413485|by-EPI_ISL_416402
processing seq 193 ... 
1: . by T
2: . by T
impute EPI_ISL_413486 by EPI_ISL_413486|by-EPI_ISL_416462
processing seq 194 ... 
1: . by T
2: . by T
3: . by C
4: . by A
5: . by C
6: . by C
7: . by C
8: . by C
9: . by T
impute EPI_ISL_413487 by EPI_ISL_413487|by-EPI_ISL_416435
processing seq 195 ... 
143: . by A
impute EPI_ISL_413488 by EPI_ISL_413488|by-EPI_ISL_415531
processing seq 208 ... 
95: . by C
96: . by C
impute EPI_ISL_413550 by EPI_ISL_413550|by-EPI_ISL_418018
processing seq 210 ... 
89: . by G
90: . by T
91: . by C
impute EPI_ISL_413556 by EPI_ISL_413556|by-EPI_ISL_418018
processing seq 216 ... 
1: . by T
2: . by T
8: . by C
impute EPI_ISL_413562 by EPI_ISL_413562|by-EPI_ISL_416718
processing seq 218 ... 
82: . by C
impute EPI_ISL_413564 by EPI_ISL_413564|by-EPI_ISL_411953
processing seq 219 ... 
67: . by T
68: . by C
95: . by C
96: . by C
97: . by C
impute EPI_ISL_413565 by EPI_ISL_413565|by-EPI_ISL_416737
processing seq 221 ... 
70: . by T
71: . by C
72: . by C
82: . by C
impute EPI_ISL_413567 by EPI_ISL_413567|by-EPI_ISL_417253
processing seq 222 ... 
82: . by C
impute EPI_ISL_413568 by EPI_ISL_413568|by-EPI_ISL_407084
processing seq 225 ... 
82: . by C
impute EPI_ISL_413571 by EPI_ISL_413571|by-EPI_ISL_417244
processing seq 228 ... 
82: . by C
impute EPI_ISL_413574 by EPI_ISL_413574|by-EPI_ISL_418019
processing seq 230 ... 
70: . by T
71: . by C
72: . by C
82: . by C
impute EPI_ISL_413576 by EPI_ISL_413576|by-EPI_ISL_406717
processing seq 232 ... 
140: . by G
141: . by C
142: . by A
143: . by A
144: . by G
145: . by G
146: . by G
impute EPI_ISL_413578 by EPI_ISL_413578|by-EPI_ISL_402128
processing seq 235 ... 
82: . by C
impute EPI_ISL_413581 by EPI_ISL_413581|by-EPI_ISL_413582
processing seq 239 ... 
70: . by T
71: . by C
72: . by C
82: . by C
102: . by A
impute EPI_ISL_413585 by EPI_ISL_413585|by-EPI_ISL_407313
processing seq 240 ... 
66: . by C
71: . by C
72: . by C
82: . by C
impute EPI_ISL_413586 by EPI_ISL_413586|by-EPI_ISL_406538
processing seq 242 ... 
82: . by C
impute EPI_ISL_413588 by EPI_ISL_413588|by-EPI_ISL_413589
processing seq 248 ... 
1: . by T
2: . by T
3: . by C
4: . by A
5: . by C
6: . by C
7: . by C
142: . by A
143: . by A
144: . by G
145: . by G
146: . by G
impute EPI_ISL_413594 by EPI_ISL_413594|by-EPI_ISL_416358
processing seq 249 ... 
1: . by T
2: . by T
3: . by C
4: . by A
5: . by C
6: . by C
7: . by C
142: . by A
143: . by A
144: . by G
145: . by G
146: . by G
impute EPI_ISL_413595 by EPI_ISL_413595|by-EPI_ISL_417484
processing seq 250 ... 
1: . by T
2: . by T
3: . by C
4: . by A
5: . by C
6: . by C
7: . by C
142: . by A
143: . by A
144: . by G
145: . by G
146: . by G
impute EPI_ISL_413596 by EPI_ISL_413596|by-EPI_ISL_417276
processing seq 251 ... 
1: . by T
2: . by T
3: . by C
4: . by A
5: . by C
6: . by C
7: . by C
142: . by A
143: . by A
144: . by G
145: . by G
146: . by G
impute EPI_ISL_413597 by EPI_ISL_413597|by-EPI_ISL_416412
processing seq 252 ... 
1: . by T
2: . by T
3: . by C
4: . by A
5: . by C
6: . by C
7: . by C
142: . by A
143: . by A
144: . by G
145: . by G
146: . by G
impute EPI_ISL_413598 by EPI_ISL_413598|by-EPI_ISL_416541
processing seq 253 ... 
1: . by T
2: . by T
3: . by C
4: . by A
5: . by C
6: . by C
7: . by C
142: . by A
143: . by A
144: . by G
145: . by G
146: . by G
impute EPI_ISL_413599 by EPI_ISL_413599|by-EPI_ISL_417389
processing seq 254 ... 
1: . by T
2: . by T
3: . by C
4: . by A
5: . by C
6: . by C
7: . by C
142: . by A
143: . by A
144: . by G
145: . by G
146: . by G
impute EPI_ISL_413600 by EPI_ISL_413600|by-EPI_ISL_416542
processing seq 255 ... 
1: . by T
2: . by T
3: . by C
4: . by A
5: . by C
6: . by C
7: . by C
8: . by C
9: . by T
impute EPI_ISL_413601 by EPI_ISL_413601|by-EPI_ISL_417104
processing seq 259 ... 
81: . by T
82: . by C
impute EPI_ISL_413605 by EPI_ISL_413605|by-EPI_ISL_417486
processing seq 277 ... 
9: . by C
impute EPI_ISL_413623 by EPI_ISL_413623|by-EPI_ISL_415505
processing seq 280 ... 
1: . by T
2: . by T
3: . by C
4: . by A
5: . by C
6: . by C
7: . by C
8: . by C
100: . by A
101: . by G
impute EPI_ISL_413649 by EPI_ISL_413649|by-EPI_ISL_417148
processing seq 283 ... 
1: . by T
2: . by T
3: . by C
4: . by A
6: . by C
7: . by C
impute EPI_ISL_413652 by EPI_ISL_413652|by-EPI_ISL_417449
processing seq 289 ... 
89: . by G
impute EPI_ISL_413695 by EPI_ISL_413695|by-EPI_ISL_406801
processing seq 299 ... 
9: . by T
impute EPI_ISL_413752 by EPI_ISL_413752|by-EPI_ISL_413854
processing seq 304 ... 
15: . by C
50: . by G
51: . by C
57: . by C
86: . by C
impute EPI_ISL_413850 by EPI_ISL_413850|by-EPI_ISL_413613
processing seq 310 ... 
50: . by G
impute EPI_ISL_413856 by EPI_ISL_413856|by-EPI_ISL_413867
processing seq 313 ... 
42: . by C
43: . by T
50: . by G
57: . by C
86: . by C
impute EPI_ISL_413859 by EPI_ISL_413859|by-EPI_ISL_416330
processing seq 321 ... 
41: . by C
56: . by T
80: . by G
89: . by G
90: . by T
91: . by C
114: . by C
115: . by C
116: . by G
142: . by A
143: . by A
144: . by G
145: . by G
146: . by G
impute EPI_ISL_413868 by EPI_ISL_413868|by-EPI_ISL_406716
processing seq 322 ... 
41: . by C
89: . by G
90: . by T
91: . by C
impute EPI_ISL_413869 by EPI_ISL_413869|by-EPI_ISL_416044
processing seq 323 ... 
41: . by C
89: . by G
90: . by T
91: . by C
114: . by C
115: . by C
116: . by G
impute EPI_ISL_413870 by EPI_ISL_413870|by-EPI_ISL_416595
processing seq 324 ... 
41: . by C
80: . by G
89: . by G
90: . by T
91: . by C
impute EPI_ISL_413872 by EPI_ISL_413872|by-EPI_ISL_403962
processing seq 325 ... 
9: . by T
10: . by T
41: . by C
89: . by G
90: . by T
91: . by C
114: . by C
115: . by C
116: . by G
142: . by A
143: . by A
144: . by G
145: . by G
146: . by G
impute EPI_ISL_413873 by EPI_ISL_413873|by-EPI_ISL_413867
processing seq 326 ... 
41: . by C
80: . by G
89: . by G
90: . by T
91: . by C
impute EPI_ISL_413874 by EPI_ISL_413874|by-EPI_ISL_414040
processing seq 327 ... 
89: . by G
90: . by T
91: . by C
impute EPI_ISL_413875 by EPI_ISL_413875|by-EPI_ISL_404227
processing seq 328 ... 
9: . by T
10: . by T
41: . by C
56: . by T
80: . by G
82: . by C
83: . by A
84: . by C
89: . by G
90: . by T
91: . by C
114: . by C
115: . by C
116: . by G
impute EPI_ISL_413879 by EPI_ISL_413879|by-EPI_ISL_412899
processing seq 329 ... 
89: . by G
90: . by T
91: . by C
impute EPI_ISL_413882 by EPI_ISL_413882|by-EPI_ISL_415516
processing seq 330 ... 
35: . by C
36: . by C
37: . by C
41: . by C
56: . by T
83: . by A
84: . by C
89: . by G
90: . by T
91: . by C
114: . by C
115: . by C
116: . by G
impute EPI_ISL_413883 by EPI_ISL_413883|by-EPI_ISL_416380
processing seq 331 ... 
41: . by C
impute EPI_ISL_413884 by EPI_ISL_413884|by-EPI_ISL_407313
processing seq 332 ... 
41: . by C
89: . by G
90: . by T
91: . by C
impute EPI_ISL_413888 by EPI_ISL_413888|by-EPI_ISL_406538
processing seq 333 ... 
41: . by C
89: . by G
90: . by T
91: . by C
impute EPI_ISL_413889 by EPI_ISL_413889|by-EPI_ISL_412978
processing seq 334 ... 
41: . by C
56: . by T
80: . by G
83: . by A
84: . by C
89: . by G
90: . by T
91: . by C
114: . by C
115: . by C
116: . by G
impute EPI_ISL_413893 by EPI_ISL_413893|by-EPI_ISL_412898
processing seq 335 ... 
41: . by C
56: . by T
80: . by G
82: . by C
83: . by A
84: . by C
89: . by G
90: . by T
91: . by C
114: . by C
115: . by C
116: . by G
139: . by G
impute EPI_ISL_413896 by EPI_ISL_413896|by-EPI_ISL_416614
processing seq 336 ... 
41: . by C
56: . by T
80: . by G
82: . by C
89: . by G
90: . by T
91: . by C
114: . by C
115: . by C
116: . by G
impute EPI_ISL_413897 by EPI_ISL_413897|by-EPI_ISL_407976
processing seq 337 ... 
41: . by C
56: . by T
80: . by G
82: . by C
83: . by A
84: . by C
89: . by G
90: . by T
91: . by C
114: . by C
115: . by C
116: . by G
impute EPI_ISL_413898 by EPI_ISL_413898|by-EPI_ISL_417285
processing seq 338 ... 
41: . by C
56: . by T
80: . by G
82: . by C
83: . by A
84: . by C
89: . by G
90: . by T
91: . by C
114: . by C
115: . by C
116: . by G
impute EPI_ISL_413902 by EPI_ISL_413902|by-EPI_ISL_407084
processing seq 339 ... 
1: . by T
2: . by T
3: . by C
4: . by A
5: . by C
117: . by G
140: . by G
141: . by C
142: . by A
143: . by A
144: . by G
145: . by G
146: . by G
impute EPI_ISL_413922 by EPI_ISL_413922|by-EPI_ISL_416717
processing seq 340 ... 
142: . by A
143: . by A
impute EPI_ISL_413924 by EPI_ISL_413924|by-EPI_ISL_417361
processing seq 342 ... 
8: . by C
14: . by T
63: . by C
142: . by A
143: . by A
impute EPI_ISL_413926 by EPI_ISL_413926|by-EPI_ISL_414588
processing seq 348 ... 
50: . by T
impute EPI_ISL_414005 by EPI_ISL_414005|by-EPI_ISL_418021
processing seq 349 ... 
50: . by T
impute EPI_ISL_414006 by EPI_ISL_414006|by-EPI_ISL_415478
processing seq 350 ... 
50: . by T
impute EPI_ISL_414007 by EPI_ISL_414007|by-EPI_ISL_418020
processing seq 352 ... 
50: . by T
impute EPI_ISL_414009 by EPI_ISL_414009|by-EPI_ISL_417483
processing seq 356 ... 
50: . by T
impute EPI_ISL_414013 by EPI_ISL_414013|by-EPI_ISL_417825
processing seq 366 ... 
89: . by G
90: . by T
91: . by C
impute EPI_ISL_414024 by EPI_ISL_414024|by-EPI_ISL_404227
processing seq 367 ... 
89: . by G
90: . by T
91: . by C
impute EPI_ISL_414025 by EPI_ISL_414025|by-EPI_ISL_412964
processing seq 368 ... 
89: . by G
90: . by T
91: . by C
impute EPI_ISL_414026 by EPI_ISL_414026|by-EPI_ISL_410486
processing seq 377 ... 
1: . by T
2: . by T
3: . by C
4: . by A
5: . by C
6: . by C
7: . by C
8: . by C
impute EPI_ISL_414364 by EPI_ISL_414364|by-EPI_ISL_417103
processing seq 378 ... 
1: . by T
2: . by T
3: . by C
4: . by A
5: . by C
6: . by C
7: . by C
impute EPI_ISL_414365 by EPI_ISL_414365|by-EPI_ISL_416460
processing seq 380 ... 
6: . by C
7: . by C
impute EPI_ISL_414367 by EPI_ISL_414367|by-EPI_ISL_417964
processing seq 383 ... 
119: . by C
120: . by G
121: . by C
impute EPI_ISL_414378 by EPI_ISL_414378|by-EPI_ISL_413750
processing seq 384 ... 
119: . by C
120: . by G
121: . by C
impute EPI_ISL_414379 by EPI_ISL_414379|by-EPI_ISL_412980
processing seq 385 ... 
119: . by C
120: . by G
121: . by C
impute EPI_ISL_414380 by EPI_ISL_414380|by-EPI_ISL_406801
processing seq 388 ... 
82: . by C
impute EPI_ISL_414424 by EPI_ISL_414424|by-EPI_ISL_417826
processing seq 389 ... 
82: . by C
impute EPI_ISL_414425 by EPI_ISL_414425|by-EPI_ISL_418019
processing seq 390 ... 
82: . by C
impute EPI_ISL_414426 by EPI_ISL_414426|by-EPI_ISL_403962
processing seq 391 ... 
31: . by T
38: . by G
82: . by C
94: . by C
impute EPI_ISL_414427 by EPI_ISL_414427|by-EPI_ISL_416340
processing seq 394 ... 
82: . by C
impute EPI_ISL_414430 by EPI_ISL_414430|by-EPI_ISL_416573
processing seq 395 ... 
40: . by C
82: . by C
impute EPI_ISL_414431 by EPI_ISL_414431|by-EPI_ISL_414042
processing seq 396 ... 
82: . by C
impute EPI_ISL_414432 by EPI_ISL_414432|by-EPI_ISL_413613
processing seq 398 ... 
82: . by C
impute EPI_ISL_414434 by EPI_ISL_414434|by-EPI_ISL_417425
processing seq 400 ... 
82: . by C
impute EPI_ISL_414436 by EPI_ISL_414436|by-EPI_ISL_413579
processing seq 401 ... 
82: . by C
impute EPI_ISL_414437 by EPI_ISL_414437|by-EPI_ISL_413566
processing seq 402 ... 
82: . by C
impute EPI_ISL_414438 by EPI_ISL_414438|by-EPI_ISL_412972
processing seq 404 ... 
82: . by C
impute EPI_ISL_414440 by EPI_ISL_414440|by-EPI_ISL_418019
processing seq 405 ... 
82: . by C
impute EPI_ISL_414441 by EPI_ISL_414441|by-EPI_ISL_416144
processing seq 406 ... 
82: . by C
impute EPI_ISL_414442 by EPI_ISL_414442|by-EPI_ISL_416997
processing seq 408 ... 
82: . by C
impute EPI_ISL_414444 by EPI_ISL_414444|by-EPI_ISL_417679
processing seq 411 ... 
82: . by C
impute EPI_ISL_414448 by EPI_ISL_414448|by-EPI_ISL_415787
processing seq 412 ... 
82: . by C
impute EPI_ISL_414449 by EPI_ISL_414449|by-EPI_ISL_417244
processing seq 413 ... 
40: . by C
82: . by C
impute EPI_ISL_414450 by EPI_ISL_414450|by-EPI_ISL_418210
processing seq 416 ... 
82: . by C
102: . by A
impute EPI_ISL_414453 by EPI_ISL_414453|by-EPI_ISL_413591
processing seq 417 ... 
82: . by C
impute EPI_ISL_414454 by EPI_ISL_414454|by-EPI_ISL_416732
processing seq 418 ... 
82: . by C
impute EPI_ISL_414455 by EPI_ISL_414455|by-EPI_ISL_416734
processing seq 419 ... 
82: . by C
impute EPI_ISL_414456 by EPI_ISL_414456|by-EPI_ISL_417493
processing seq 421 ... 
82: . by C
impute EPI_ISL_414458 by EPI_ISL_414458|by-EPI_ISL_413613
processing seq 422 ... 
40: . by C
70: . by T
71: . by C
72: . by C
82: . by C
102: . by A
impute EPI_ISL_414459 by EPI_ISL_414459|by-EPI_ISL_416367
processing seq 423 ... 
82: . by C
impute EPI_ISL_414460 by EPI_ISL_414460|by-EPI_ISL_417260
processing seq 424 ... 
82: . by C
impute EPI_ISL_414461 by EPI_ISL_414461|by-EPI_ISL_413589
processing seq 425 ... 
82: . by C
impute EPI_ISL_414462 by EPI_ISL_414462|by-EPI_ISL_416907
processing seq 426 ... 
82: . by C
impute EPI_ISL_414463 by EPI_ISL_414463|by-EPI_ISL_416676
processing seq 427 ... 
82: . by C
impute EPI_ISL_414464 by EPI_ISL_414464|by-EPI_ISL_417781
processing seq 428 ... 
82: . by C
impute EPI_ISL_414465 by EPI_ISL_414465|by-EPI_ISL_415472
processing seq 429 ... 
82: . by C
102: . by A
impute EPI_ISL_414466 by EPI_ISL_414466|by-EPI_ISL_417015
processing seq 432 ... 
82: . by C
impute EPI_ISL_414469 by EPI_ISL_414469|by-EPI_ISL_416732
processing seq 434 ... 
82: . by C
impute EPI_ISL_414471 by EPI_ISL_414471|by-EPI_ISL_417258
processing seq 436 ... 
146: . by G
impute EPI_ISL_414477 by EPI_ISL_414477|by-EPI_ISL_417473
processing seq 444 ... 
89: . by G
90: . by T
91: . by C
impute EPI_ISL_414486 by EPI_ISL_414486|by-EPI_ISL_416997
processing seq 446 ... 
89: . by G
90: . by T
91: . by C
142: . by A
143: . by A
144: . by G
145: . by G
146: . by G
impute EPI_ISL_414488 by EPI_ISL_414488|by-EPI_ISL_417458
processing seq 447 ... 
27: . by T
28: . by G
142: . by A
143: . by A
144: . by G
145: . by G
146: . by G
impute EPI_ISL_414495 by EPI_ISL_414495|by-EPI_ISL_412973
processing seq 448 ... 
28: . by G
32: . by G
52: . by G
53: . by A
89: . by G
90: . by T
91: . by C
94: . by C
142: . by A
143: . by A
144: . by G
145: . by G
146: . by G
impute EPI_ISL_414496 by EPI_ISL_414496|by-EPI_ISL_413749
processing seq 453 ... 
89: . by G
90: . by T
91: . by C
impute EPI_ISL_414501 by EPI_ISL_414501|by-EPI_ISL_416614
processing seq 454 ... 
89: . by G
90: . by T
91: . by C
impute EPI_ISL_414504 by EPI_ISL_414504|by-EPI_ISL_416340
processing seq 456 ... 
89: . by G
90: . by T
91: . by C
impute EPI_ISL_414506 by EPI_ISL_414506|by-EPI_ISL_413582
processing seq 457 ... 
89: . by G
90: . by T
91: . by C
impute EPI_ISL_414507 by EPI_ISL_414507|by-EPI_ISL_413579
processing seq 466 ... 
50: . by T
impute EPI_ISL_414522 by EPI_ISL_414522|by-EPI_ISL_414520
processing seq 473 ... 
82: . by C
impute EPI_ISL_414529 by EPI_ISL_414529|by-EPI_ISL_417486
processing seq 474 ... 
82: . by C
impute EPI_ISL_414530 by EPI_ISL_414530|by-EPI_ISL_417472
processing seq 475 ... 
82: . by C
impute EPI_ISL_414531 by EPI_ISL_414531|by-EPI_ISL_416480
processing seq 476 ... 
82: . by C
impute EPI_ISL_414532 by EPI_ISL_414532|by-EPI_ISL_417486
processing seq 477 ... 
70: . by T
71: . by C
72: . by C
82: . by C
impute EPI_ISL_414533 by EPI_ISL_414533|by-EPI_ISL_412026
processing seq 478 ... 
82: . by C
impute EPI_ISL_414534 by EPI_ISL_414534|by-EPI_ISL_417314
processing seq 479 ... 
82: . by C
impute EPI_ISL_414535 by EPI_ISL_414535|by-EPI_ISL_417425
processing seq 482 ... 
20: . by C
42: . by C
43: . by T
44: . by T
45: . by G
47: . by A
70: . by T
71: . by C
72: . by C
87: . by C
impute EPI_ISL_414538 by EPI_ISL_414538|by-EPI_ISL_413852
processing seq 484 ... 
9: . by T
70: . by T
71: . by C
72: . by C
impute EPI_ISL_414540 by EPI_ISL_414540|by-EPI_ISL_403962
processing seq 490 ... 
38: . by G
39: . by G
40: . by C
42: . by C
43: . by T
44: . by T
45: . by G
70: . by T
71: . by C
72: . by C
81: . by T
82: . by C
102: . by A
impute EPI_ISL_414547 by EPI_ISL_414547|by-EPI_ISL_408488
processing seq 491 ... 
82: . by C
impute EPI_ISL_414548 by EPI_ISL_414548|by-EPI_ISL_413022
processing seq 493 ... 
82: . by C
95: . by C
96: . by C
97: . by C
98: . by C
impute EPI_ISL_414550 by EPI_ISL_414550|by-EPI_ISL_416355
processing seq 496 ... 
94: . by C
impute EPI_ISL_414553 by EPI_ISL_414553|by-EPI_ISL_406595
processing seq 499 ... 
82: . by C
impute EPI_ISL_414556 by EPI_ISL_414556|by-EPI_ISL_417244
processing seq 503 ... 
82: . by C
impute EPI_ISL_414560 by EPI_ISL_414560|by-EPI_ISL_413579
processing seq 508 ... 
82: . by C
impute EPI_ISL_414566 by EPI_ISL_414566|by-EPI_ISL_418167
processing seq 511 ... 
89: . by G
90: . by T
91: . by C
impute EPI_ISL_414574 by EPI_ISL_414574|by-EPI_ISL_402119
processing seq 516 ... 
80: . by G
89: . by G
90: . by T
91: . by C
impute EPI_ISL_414584 by EPI_ISL_414584|by-EPI_ISL_417244
processing seq 517 ... 
80: . by G
89: . by G
90: . by T
91: . by C
impute EPI_ISL_414585 by EPI_ISL_414585|by-EPI_ISL_413591
processing seq 525 ... 
1: . by T
impute EPI_ISL_414593 by EPI_ISL_414593|by-EPI_ISL_416702
processing seq 526 ... 
1: . by T
2: . by T
3: . by C
4: . by A
5: . by C
6: . by T
7: . by C
impute EPI_ISL_414594 by EPI_ISL_414594|by-EPI_ISL_417727
processing seq 528 ... 
1: . by T
2: . by T
3: . by C
4: . by A
6: . by C
7: . by C
impute EPI_ISL_414596 by EPI_ISL_414596|by-EPI_ISL_415617
processing seq 529 ... 
1: . by T
2: . by T
impute EPI_ISL_414597 by EPI_ISL_414597|by-EPI_ISL_415612
processing seq 533 ... 
1: . by T
2: . by T
impute EPI_ISL_414616 by EPI_ISL_414616|by-EPI_ISL_418073
processing seq 534 ... 
1: . by T
2: . by T
impute EPI_ISL_414617 by EPI_ISL_414617|by-EPI_ISL_417150
processing seq 536 ... 
1: . by T
2: . by T
3: . by C
4: . by A
5: . by C
6: . by C
7: . by C
impute EPI_ISL_414619 by EPI_ISL_414619|by-EPI_ISL_417104
processing seq 537 ... 
1: . by T
2: . by T
3: . by C
4: . by A
5: . by C
6: . by C
7: . by C
impute EPI_ISL_414620 by EPI_ISL_414620|by-EPI_ISL_417119
processing seq 538 ... 
1: . by T
2: . by T
3: . by C
4: . by A
impute EPI_ISL_414621 by EPI_ISL_414621|by-EPI_ISL_416656
processing seq 539 ... 
1: . by T
2: . by T
3: . by C
4: . by A
5: . by C
6: . by C
7: . by C
impute EPI_ISL_414622 by EPI_ISL_414622|by-EPI_ISL_414595
processing seq 545 ... 
143: . by A
144: . by G
145: . by G
146: . by G
impute EPI_ISL_414628 by EPI_ISL_414628|by-EPI_ISL_417336
processing seq 556 ... 
81: . by T
82: . by C
99: . by G
110: . by G
impute EPI_ISL_414640 by EPI_ISL_414640|by-EPI_ISL_417494
processing seq 560 ... 
128: . by T
impute EPI_ISL_414644 by EPI_ISL_414644|by-EPI_ISL_413569
processing seq 561 ... 
68: . by C
69: . by C
79: . by C
82: . by C
impute EPI_ISL_414645 by EPI_ISL_414645|by-EPI_ISL_412974
processing seq 563 ... 
80: . by G
139: . by G
140: . by G
141: . by C
142: . by A
143: . by A
144: . by G
145: . by G
146: . by G
impute EPI_ISL_414647 by EPI_ISL_414647|by-EPI_ISL_417336
processing seq 565 ... 
86: . by C
impute EPI_ISL_414684 by EPI_ISL_414684|by-EPI_ISL_411957
processing seq 566 ... 
86: . by C
impute EPI_ISL_414685 by EPI_ISL_414685|by-EPI_ISL_411957
processing seq 567 ... 
86: . by C
impute EPI_ISL_414686 by EPI_ISL_414686|by-EPI_ISL_411957
processing seq 568 ... 
86: . by C
impute EPI_ISL_414687 by EPI_ISL_414687|by-EPI_ISL_416404
processing seq 574 ... 
19: . by A
32: . by G
54: . by C
58: . by T
69: . by C
70: . by T
100: . by A
101: . by G
104: . by C
106: . by C
138: . by C
139: . by G
146: . by G
impute EPI_ISL_414934 by EPI_ISL_414934|by-EPI_ISL_407071
processing seq 575 ... 
140: . by G
141: . by C
142: . by A
143: . by A
144: . by G
145: . by G
146: . by G
impute EPI_ISL_414936 by EPI_ISL_414936|by-EPI_ISL_414938
processing seq 576 ... 
140: . by G
141: . by C
142: . by A
143: . by A
144: . by G
145: . by G
146: . by G
impute EPI_ISL_414937 by EPI_ISL_414937|by-EPI_ISL_414938
processing seq 578 ... 
23: . by A
139: . by G
140: . by G
141: . by C
142: . by A
143: . by A
144: . by G
145: . by G
146: . by G
impute EPI_ISL_414939 by EPI_ISL_414939|by-EPI_ISL_414938
processing seq 581 ... 
89: . by G
90: . by T
91: . by C
impute EPI_ISL_414949 by EPI_ISL_414949|by-EPI_ISL_418017
processing seq 582 ... 
89: . by G
90: . by T
91: . by C
impute EPI_ISL_415041 by EPI_ISL_415041|by-EPI_ISL_413022
processing seq 586 ... 
80: . by G
impute EPI_ISL_415130 by EPI_ISL_415130|by-EPI_ISL_415641
processing seq 587 ... 
80: . by G
impute EPI_ISL_415131 by EPI_ISL_415131|by-EPI_ISL_415708
processing seq 588 ... 
21: . by C
22: . by C
23: . by A
80: . by G
impute EPI_ISL_415132 by EPI_ISL_415132|by-EPI_ISL_417668
processing seq 589 ... 
80: . by G
impute EPI_ISL_415133 by EPI_ISL_415133|by-EPI_ISL_416742
processing seq 590 ... 
80: . by G
impute EPI_ISL_415134 by EPI_ISL_415134|by-EPI_ISL_417255
processing seq 591 ... 
80: . by G
impute EPI_ISL_415135 by EPI_ISL_415135|by-EPI_ISL_417447
processing seq 593 ... 
80: . by G
128: . by T
impute EPI_ISL_415137 by EPI_ISL_415137|by-EPI_ISL_416586
processing seq 594 ... 
80: . by G
impute EPI_ISL_415138 by EPI_ISL_415138|by-EPI_ISL_416732
processing seq 595 ... 
80: . by G
impute EPI_ISL_415139 by EPI_ISL_415139|by-EPI_ISL_417486
processing seq 596 ... 
80: . by G
impute EPI_ISL_415140 by EPI_ISL_415140|by-EPI_ISL_417202
processing seq 597 ... 
80: . by G
impute EPI_ISL_415141 by EPI_ISL_415141|by-EPI_ISL_417589
processing seq 599 ... 
80: . by G
impute EPI_ISL_415143 by EPI_ISL_415143|by-EPI_ISL_417314
processing seq 600 ... 
22: . by C
23: . by A
80: . by G
impute EPI_ISL_415144 by EPI_ISL_415144|by-EPI_ISL_415643
processing seq 601 ... 
80: . by G
impute EPI_ISL_415145 by EPI_ISL_415145|by-EPI_ISL_417311
processing seq 602 ... 
80: . by G
impute EPI_ISL_415146 by EPI_ISL_415146|by-EPI_ISL_417013
processing seq 603 ... 
80: . by G
impute EPI_ISL_415147 by EPI_ISL_415147|by-EPI_ISL_418210
processing seq 605 ... 
80: . by G
impute EPI_ISL_415149 by EPI_ISL_415149|by-EPI_ISL_415590
processing seq 608 ... 
38: . by G
41: . by C
impute EPI_ISL_415152 by EPI_ISL_415152|by-EPI_ISL_415642
processing seq 616 ... 
80: . by G
impute EPI_ISL_415435 by EPI_ISL_415435|by-EPI_ISL_414457
processing seq 617 ... 
89: . by G
90: . by T
91: . by C
142: . by A
143: . by A
144: . by G
145: . by G
146: . by G
impute EPI_ISL_415453 by EPI_ISL_415453|by-EPI_ISL_412964
processing seq 654 ... 
20: . by C
70: . by T
71: . by C
72: . by C
impute EPI_ISL_415490 by EPI_ISL_415490|by-EPI_ISL_417591
processing seq 668 ... 
87: . by C
impute EPI_ISL_415504 by EPI_ISL_415504|by-EPI_ISL_413753
processing seq 677 ... 
87: . by C
impute EPI_ISL_415513 by EPI_ISL_415513|by-EPI_ISL_411915
processing seq 692 ... 
20: . by C
impute EPI_ISL_415528 by EPI_ISL_415528|by-EPI_ISL_412898
processing seq 700 ... 
56: . by T
89: . by G
90: . by T
91: . by C
142: . by A
143: . by A
144: . by G
145: . by G
146: . by G
impute EPI_ISL_415536 by EPI_ISL_415536|by-EPI_ISL_417493
processing seq 701 ... 
80: . by G
85: . by C
impute EPI_ISL_415538 by EPI_ISL_415538|by-EPI_ISL_413852
processing seq 708 ... 
89: . by G
90: . by T
91: . by C
impute EPI_ISL_415577 by EPI_ISL_415577|by-EPI_ISL_416595
processing seq 709 ... 
82: . by C
impute EPI_ISL_415578 by EPI_ISL_415578|by-EPI_ISL_416594
processing seq 710 ... 
38: . by G
impute EPI_ISL_415579 by EPI_ISL_415579|by-EPI_ISL_415585
processing seq 711 ... 
89: . by G
90: . by T
91: . by C
impute EPI_ISL_415580 by EPI_ISL_415580|by-EPI_ISL_416609
processing seq 718 ... 
38: . by G
impute EPI_ISL_415587 by EPI_ISL_415587|by-EPI_ISL_416595
processing seq 724 ... 
5: . by C
6: . by C
7: . by C
20: . by C
80: . by G
impute EPI_ISL_415593 by EPI_ISL_415593|by-EPI_ISL_417152
processing seq 726 ... 
6: . by C
impute EPI_ISL_415595 by EPI_ISL_415595|by-EPI_ISL_417132
processing seq 731 ... 
6: . by C
7: . by C
impute EPI_ISL_415600 by EPI_ISL_415600|by-EPI_ISL_412970
processing seq 736 ... 
1: . by T
2: . by T
3: . by C
4: . by A
5: . by C
7: . by C
impute EPI_ISL_415605 by EPI_ISL_415605|by-EPI_ISL_418029
processing seq 737 ... 
6: . by C
7: . by C
impute EPI_ISL_415606 by EPI_ISL_415606|by-EPI_ISL_418066
processing seq 741 ... 
1: . by T
2: . by T
3: . by C
4: . by A
5: . by C
6: . by C
7: . by C
8: . by C
impute EPI_ISL_415610 by EPI_ISL_415610|by-EPI_ISL_417128
processing seq 744 ... 
1: . by T
2: . by T
3: . by C
4: . by A
5: . by C
impute EPI_ISL_415613 by EPI_ISL_415613|by-EPI_ISL_417116
processing seq 745 ... 
1: . by T
2: . by T
3: . by C
4: . by A
5: . by C
impute EPI_ISL_415614 by EPI_ISL_415614|by-EPI_ISL_417143
processing seq 747 ... 
1: . by T
2: . by T
3: . by C
4: . by A
5: . by C
impute EPI_ISL_415616 by EPI_ISL_415616|by-EPI_ISL_415542
processing seq 749 ... 
103: . by A
124: . by T
impute EPI_ISL_415618 by EPI_ISL_415618|by-EPI_ISL_417143
processing seq 754 ... 
5: . by C
6: . by C
7: . by C
impute EPI_ISL_415623 by EPI_ISL_415623|by-EPI_ISL_417167
processing seq 759 ... 
89: . by G
90: . by T
91: . by C
impute EPI_ISL_415628 by EPI_ISL_415628|by-EPI_ISL_416329
processing seq 763 ... 
89: . by G
90: . by T
91: . by C
impute EPI_ISL_415632 by EPI_ISL_415632|by-EPI_ISL_415703
processing seq 764 ... 
89: . by G
90: . by T
91: . by C
impute EPI_ISL_415633 by EPI_ISL_415633|by-EPI_ISL_416519
processing seq 765 ... 
89: . by G
90: . by T
91: . by C
impute EPI_ISL_415634 by EPI_ISL_415634|by-EPI_ISL_417538
processing seq 766 ... 
89: . by G
90: . by T
91: . by C
impute EPI_ISL_415635 by EPI_ISL_415635|by-EPI_ISL_417458
processing seq 767 ... 
89: . by G
90: . by T
91: . by C
impute EPI_ISL_415636 by EPI_ISL_415636|by-EPI_ISL_418167
processing seq 768 ... 
89: . by G
90: . by T
91: . by C
impute EPI_ISL_415637 by EPI_ISL_415637|by-EPI_ISL_417481
processing seq 769 ... 
89: . by G
90: . by T
91: . by C
impute EPI_ISL_415638 by EPI_ISL_415638|by-EPI_ISL_413614
processing seq 770 ... 
89: . by G
90: . by T
91: . by C
impute EPI_ISL_415639 by EPI_ISL_415639|by-EPI_ISL_416524
processing seq 783 ... 
32: . by G
42: . by C
43: . by T
44: . by T
45: . by G
49: . by C
140: . by G
141: . by C
142: . by A
143: . by A
144: . by G
145: . by G
146: . by G
impute EPI_ISL_415653 by EPI_ISL_415653|by-EPI_ISL_417496
processing seq 786 ... 
80: . by G
impute EPI_ISL_415656 by EPI_ISL_415656|by-EPI_ISL_417663
processing seq 789 ... 
80: . by G
impute EPI_ISL_415659 by EPI_ISL_415659|by-EPI_ISL_416320
processing seq 796 ... 
32: . by G
42: . by C
43: . by T
44: . by T
45: . by G
49: . by C
140: . by G
141: . by C
142: . by A
143: . by A
144: . by G
145: . by G
146: . by G
impute EPI_ISL_415696 by EPI_ISL_415696|by-EPI_ISL_414525
processing seq 810 ... 
144: . by G
145: . by G
146: . by G
impute EPI_ISL_415710 by EPI_ISL_415710|by-EPI_ISL_416758
processing seq 813 ... 
1: . by T
2: . by T
3: . by C
4: . by A
5: . by C
6: . by C
7: . by C
8: . by C
impute EPI_ISL_415742 by EPI_ISL_415742|by-EPI_ISL_416576
processing seq 816 ... 
80: . by G
89: . by G
90: . by T
91: . by C
impute EPI_ISL_415916 by EPI_ISL_415916|by-EPI_ISL_413569
processing seq 817 ... 
89: . by G
90: . by T
91: . by C
impute EPI_ISL_415918 by EPI_ISL_415918|by-EPI_ISL_416907
processing seq 818 ... 
80: . by G
89: . by G
90: . by T
91: . by C
142: . by A
143: . by A
144: . by G
145: . by G
146: . by G
impute EPI_ISL_415919 by EPI_ISL_415919|by-EPI_ISL_416340
processing seq 820 ... 
89: . by G
90: . by T
91: . by C
impute EPI_ISL_415977 by EPI_ISL_415977|by-EPI_ISL_417662
processing seq 821 ... 
56: . by T
80: . by G
89: . by G
90: . by T
91: . by C
142: . by A
143: . by A
144: . by G
145: . by G
146: . by G
impute EPI_ISL_415978 by EPI_ISL_415978|by-EPI_ISL_417495
processing seq 822 ... 
80: . by G
89: . by G
90: . by T
91: . by C
impute EPI_ISL_415991 by EPI_ISL_415991|by-EPI_ISL_415703
processing seq 824 ... 
89: . by G
90: . by T
91: . by C
142: . by A
143: . by A
144: . by G
145: . by G
146: . by G
impute EPI_ISL_416026 by EPI_ISL_416026|by-EPI_ISL_414587
processing seq 844 ... 
57: . by C
85: . by C
impute EPI_ISL_416315 by EPI_ISL_416315|by-EPI_ISL_417185
processing seq 856 ... 
42: . by C
43: . by T
impute EPI_ISL_416327 by EPI_ISL_416327|by-EPI_ISL_417494
processing seq 857 ... 
42: . by C
43: . by T
44: . by T
impute EPI_ISL_416328 by EPI_ISL_416328|by-EPI_ISL_416339
processing seq 872 ... 
42: . by C
43: . by T
44: . by T
impute EPI_ISL_416343 by EPI_ISL_416343|by-EPI_ISL_413747
processing seq 873 ... 
1: . by T
2: . by T
42: . by C
43: . by T
87: . by C
impute EPI_ISL_416344 by EPI_ISL_416344|by-EPI_ISL_416326
processing seq 874 ... 
42: . by C
43: . by T
impute EPI_ISL_416345 by EPI_ISL_416345|by-EPI_ISL_414467
processing seq 875 ... 
40: . by C
41: . by C
42: . by C
43: . by T
44: . by T
50: . by T
51: . by C
impute EPI_ISL_416346 by EPI_ISL_416346|by-EPI_ISL_416480
processing seq 876 ... 
42: . by C
43: . by T
44: . by T
impute EPI_ISL_416347 by EPI_ISL_416347|by-EPI_ISL_406716
processing seq 877 ... 
42: . by C
43: . by T
44: . by T
impute EPI_ISL_416348 by EPI_ISL_416348|by-EPI_ISL_414043
processing seq 879 ... 
42: . by C
43: . by T
44: . by T
impute EPI_ISL_416350 by EPI_ISL_416350|by-EPI_ISL_413791
processing seq 880 ... 
42: . by T
43: . by T
impute EPI_ISL_416351 by EPI_ISL_416351|by-EPI_ISL_410984
processing seq 883 ... 
42: . by C
43: . by T
impute EPI_ISL_416354 by EPI_ISL_416354|by-EPI_ISL_416583
processing seq 887 ... 
42: . by C
43: . by T
impute EPI_ISL_416359 by EPI_ISL_416359|by-EPI_ISL_402123
processing seq 888 ... 
1: . by T
2: . by T
3: . by C
4: . by A
5: . by C
6: . by C
7: . by C
8: . by C
42: . by C
43: . by T
impute EPI_ISL_416360 by EPI_ISL_416360|by-EPI_ISL_416390
processing seq 892 ... 
42: . by C
43: . by T
impute EPI_ISL_416364 by EPI_ISL_416364|by-EPI_ISL_410536
processing seq 896 ... 
42: . by C
43: . by T
impute EPI_ISL_416368 by EPI_ISL_416368|by-EPI_ISL_417176
processing seq 897 ... 
42: . by C
43: . by T
44: . by T
impute EPI_ISL_416369 by EPI_ISL_416369|by-EPI_ISL_415148
processing seq 899 ... 
17: . by G
18: . by G
19: . by A
40: . by C
41: . by C
42: . by C
43: . by T
50: . by T
51: . by C
impute EPI_ISL_416371 by EPI_ISL_416371|by-EPI_ISL_416573
processing seq 902 ... 
42: . by C
43: . by T
95: . by C
96: . by C
impute EPI_ISL_416374 by EPI_ISL_416374|by-EPI_ISL_416362
processing seq 906 ... 
42: . by C
43: . by T
impute EPI_ISL_416378 by EPI_ISL_416378|by-EPI_ISL_416042
processing seq 911 ... 
42: . by C
43: . by T
97: . by C
98: . by C
99: . by G
impute EPI_ISL_416383 by EPI_ISL_416383|by-EPI_ISL_415585
processing seq 913 ... 
66: . by C
100: . by A
101: . by G
impute EPI_ISL_416385 by EPI_ISL_416385|by-EPI_ISL_413851
processing seq 914 ... 
42: . by C
43: . by T
85: . by C
impute EPI_ISL_416386 by EPI_ISL_416386|by-EPI_ISL_406862
processing seq 916 ... 
42: . by C
43: . by T
64: . by G
65: . by A
66: . by C
97: . by C
98: . by C
99: . by G
impute EPI_ISL_416388 by EPI_ISL_416388|by-EPI_ISL_413606
processing seq 919 ... 
21: . by C
22: . by C
23: . by A
42: . by C
43: . by T
44: . by T
impute EPI_ISL_416391 by EPI_ISL_416391|by-EPI_ISL_410715
processing seq 920 ... 
42: . by C
43: . by T
impute EPI_ISL_416392 by EPI_ISL_416392|by-EPI_ISL_408480
processing seq 923 ... 
21: . by C
22: . by C
23: . by A
24: . by C
25: . by G
26: . by T
27: . by C
39: . by G
40: . by C
41: . by C
64: . by G
65: . by A
66: . by C
impute EPI_ISL_416395 by EPI_ISL_416395|by-EPI_ISL_402127
processing seq 924 ... 
131: . by C
132: . by G
133: . by G
134: . by G
135: . by G
impute EPI_ISL_416396 by EPI_ISL_416396|by-EPI_ISL_416379
processing seq 928 ... 
42: . by C
43: . by T
44: . by T
impute EPI_ISL_416400 by EPI_ISL_416400|by-EPI_ISL_416411
processing seq 936 ... 
42: . by C
43: . by T
44: . by T
impute EPI_ISL_416408 by EPI_ISL_416408|by-EPI_ISL_410536
processing seq 938 ... 
89: . by G
90: . by T
91: . by C
impute EPI_ISL_416410 by EPI_ISL_416410|by-EPI_ISL_410714
processing seq 941 ... 
91: . by C
impute EPI_ISL_416413 by EPI_ISL_416413|by-EPI_ISL_417031
processing seq 942 ... 
21: . by C
22: . by C
23: . by A
89: . by G
90: . by T
91: . by C
impute EPI_ISL_416414 by EPI_ISL_416414|by-EPI_ISL_416606
processing seq 944 ... 
1: . by T
2: . by T
3: . by C
4: . by A
5: . by C
6: . by C
7: . by C
8: . by C
56: . by T
80: . by G
89: . by G
90: . by T
91: . by C
impute EPI_ISL_416416 by EPI_ISL_416416|by-EPI_ISL_417576
processing seq 945 ... 
56: . by T
80: . by G
89: . by G
90: . by T
91: . by C
impute EPI_ISL_416417 by EPI_ISL_416417|by-EPI_ISL_417968
processing seq 946 ... 
56: . by T
80: . by G
83: . by A
84: . by C
89: . by G
90: . by T
91: . by C
impute EPI_ISL_416419 by EPI_ISL_416419|by-EPI_ISL_417089
processing seq 947 ... 
80: . by G
impute EPI_ISL_416420 by EPI_ISL_416420|by-EPI_ISL_417423
processing seq 948 ... 
80: . by G
89: . by G
90: . by T
91: . by C
impute EPI_ISL_416421 by EPI_ISL_416421|by-EPI_ISL_413455
processing seq 949 ... 
80: . by G
impute EPI_ISL_416423 by EPI_ISL_416423|by-EPI_ISL_417368
processing seq 950 ... 
56: . by T
80: . by G
89: . by G
90: . by T
91: . by C
impute EPI_ISL_416424 by EPI_ISL_416424|by-EPI_ISL_415619
processing seq 975 ... 
1: . by T
2: . by T
3: . by C
4: . by A
5: . by C
6: . by C
7: . by C
impute EPI_ISL_416449 by EPI_ISL_416449|by-EPI_ISL_416706
processing seq 979 ... 
1: . by T
2: . by T
3: . by C
4: . by A
5: . by C
6: . by C
7: . by C
impute EPI_ISL_416453 by EPI_ISL_416453|by-EPI_ISL_415602
processing seq 980 ... 
1: . by T
2: . by T
impute EPI_ISL_416454 by EPI_ISL_416454|by-EPI_ISL_417152
processing seq 982 ... 
5: . by C
6: . by C
7: . by C
impute EPI_ISL_416456 by EPI_ISL_416456|by-EPI_ISL_417098
processing seq 1002 ... 
110: . by G
impute EPI_ISL_416479 by EPI_ISL_416479|by-EPI_ISL_415472
processing seq 1006 ... 
89: . by G
90: . by T
91: . by C
impute EPI_ISL_416483 by EPI_ISL_416483|by-EPI_ISL_416042
processing seq 1008 ... 
106: . by C
107: . by C
impute EPI_ISL_416485 by EPI_ISL_416485|by-EPI_ISL_413750
processing seq 1009 ... 
91: . by C
impute EPI_ISL_416486 by EPI_ISL_416486|by-EPI_ISL_417299
processing seq 1022 ... 
112: . by A
117: . by G
144: . by G
145: . by G
146: . by G
impute EPI_ISL_416500 by EPI_ISL_416500|by-EPI_ISL_417437
processing seq 1037 ... 
89: . by G
90: . by T
91: . by C
146: . by G
impute EPI_ISL_416515 by EPI_ISL_416515|by-EPI_ISL_417487
processing seq 1038 ... 
89: . by G
90: . by T
91: . by C
146: . by G
impute EPI_ISL_416516 by EPI_ISL_416516|by-EPI_ISL_417668
processing seq 1039 ... 
89: . by G
90: . by T
91: . by C
impute EPI_ISL_416517 by EPI_ISL_416517|by-EPI_ISL_416758
processing seq 1040 ... 
89: . by G
90: . by T
91: . by C
impute EPI_ISL_416518 by EPI_ISL_416518|by-EPI_ISL_417487
processing seq 1042 ... 
89: . by G
90: . by T
91: . by C
impute EPI_ISL_416520 by EPI_ISL_416520|by-EPI_ISL_416732
processing seq 1048 ... 
89: . by G
90: . by T
91: . by C
impute EPI_ISL_416526 by EPI_ISL_416526|by-EPI_ISL_416597
processing seq 1057 ... 
9: . by T
impute EPI_ISL_416568 by EPI_ISL_416568|by-EPI_ISL_416605
processing seq 1077 ... 
9: . by T
impute EPI_ISL_416588 by EPI_ISL_416588|by-EPI_ISL_416591
processing seq 1091 ... 
89: . by G
90: . by T
91: . by C
impute EPI_ISL_416602 by EPI_ISL_416602|by-EPI_ISL_414485
processing seq 1104 ... 
89: . by G
90: . by T
91: . by C
impute EPI_ISL_416615 by EPI_ISL_416615|by-EPI_ISL_416621
processing seq 1105 ... 
89: . by G
90: . by T
91: . by C
impute EPI_ISL_416616 by EPI_ISL_416616|by-EPI_ISL_416614
processing seq 1107 ... 
89: . by G
90: . by T
91: . by C
143: . by A
144: . by G
145: . by G
146: . by G
impute EPI_ISL_416618 by EPI_ISL_416618|by-EPI_ISL_416614
processing seq 1108 ... 
143: . by A
144: . by G
145: . by G
146: . by G
impute EPI_ISL_416619 by EPI_ISL_416619|by-EPI_ISL_416603
processing seq 1112 ... 
47: . by A
89: . by G
90: . by T
91: . by C
143: . by A
144: . by G
145: . by G
146: . by G
impute EPI_ISL_416623 by EPI_ISL_416623|by-EPI_ISL_416342
processing seq 1115 ... 
89: . by G
90: . by T
91: . by C
impute EPI_ISL_416626 by EPI_ISL_416626|by-EPI_ISL_416620
processing seq 1128 ... 
1: . by T
2: . by T
3: . by C
4: . by A
5: . by C
6: . by C
7: . by C
8: . by C
impute EPI_ISL_416639 by EPI_ISL_416639|by-EPI_ISL_417077
processing seq 1129 ... 
6: . by C
7: . by C
impute EPI_ISL_416640 by EPI_ISL_416640|by-EPI_ISL_417128
processing seq 1134 ... 
1: . by T
2: . by T
3: . by C
4: . by A
5: . by C
6: . by C
7: . by C
18: . by G
impute EPI_ISL_416645 by EPI_ISL_416645|by-EPI_ISL_417089
processing seq 1136 ... 
1: . by T
2: . by T
impute EPI_ISL_416647 by EPI_ISL_416647|by-EPI_ISL_418073
processing seq 1146 ... 
146: . by G
impute EPI_ISL_416657 by EPI_ISL_416657|by-EPI_ISL_417153
processing seq 1159 ... 
3: . by C
4: . by A
102: . by A
142: . by A
143: . by A
144: . by G
impute EPI_ISL_416670 by EPI_ISL_416670|by-EPI_ISL_417077
processing seq 1162 ... 
3: . by C
4: . by A
5: . by C
6: . by T
7: . by C
impute EPI_ISL_416673 by EPI_ISL_416673|by-EPI_ISL_416141
processing seq 1173 ... 
7: . by C
impute EPI_ISL_416684 by EPI_ISL_416684|by-EPI_ISL_415608
processing seq 1181 ... 
6: . by C
impute EPI_ISL_416692 by EPI_ISL_416692|by-EPI_ISL_415626
processing seq 1193 ... 
1: . by T
2: . by T
3: . by C
4: . by A
5: . by C
6: . by T
7: . by C
impute EPI_ISL_416704 by EPI_ISL_416704|by-EPI_ISL_417683
processing seq 1208 ... 
1: . by T
2: . by T
6: . by T
7: . by C
impute EPI_ISL_416719 by EPI_ISL_416719|by-EPI_ISL_418053
processing seq 1224 ... 
56: . by T
114: . by C
115: . by C
116: . by G
impute EPI_ISL_416735 by EPI_ISL_416735|by-EPI_ISL_414587
processing seq 1225 ... 
56: . by T
114: . by C
115: . by T
116: . by G
impute EPI_ISL_416736 by EPI_ISL_416736|by-EPI_ISL_414564
processing seq 1264 ... 
89: . by G
90: . by T
91: . by C
impute EPI_ISL_417011 by EPI_ISL_417011|by-EPI_ISL_412974
processing seq 1279 ... 
80: . by G
impute EPI_ISL_417026 by EPI_ISL_417026|by-EPI_ISL_417032
processing seq 1280 ... 
80: . by G
impute EPI_ISL_417027 by EPI_ISL_417027|by-EPI_ISL_414443
processing seq 1290 ... 
42: . by C
43: . by T
49: . by C
72: . by T
105: . by G
114: . by C
115: . by C
impute EPI_ISL_417067 by EPI_ISL_417067|by-EPI_ISL_417155
processing seq 1301 ... 
18: . by G
40: . by T
59: . by C
73: . by G
90: . by T
impute EPI_ISL_417078 by EPI_ISL_417078|by-EPI_ISL_417149
processing seq 1303 ... 
16: . by A
impute EPI_ISL_417080 by EPI_ISL_417080|by-EPI_ISL_417133
processing seq 1306 ... 
15: . by C
19: . by A
40: . by T
47: . by A
75: . by T
impute EPI_ISL_417083 by EPI_ISL_417083|by-EPI_ISL_415615
processing seq 1307 ... 
15: . by C
25: . by G
50: . by G
72: . by T
110: . by G
121: . by C
impute EPI_ISL_417084 by EPI_ISL_417084|by-EPI_ISL_417960
processing seq 1311 ... 
40: . by T
impute EPI_ISL_417088 by EPI_ISL_417088|by-EPI_ISL_417028
processing seq 1313 ... 
17: . by G
impute EPI_ISL_417090 by EPI_ISL_417090|by-EPI_ISL_416460
processing seq 1317 ... 
15: . by C
73: . by G
75: . by T
102: . by A
impute EPI_ISL_417094 by EPI_ISL_417094|by-EPI_ISL_413457
processing seq 1332 ... 
40: . by T
75: . by T
impute EPI_ISL_417109 by EPI_ISL_417109|by-EPI_ISL_416656
processing seq 1336 ... 
6: . by C
7: . by C
8: . by C
40: . by T
44: . by T
45: . by G
46: . by C
121: . by C
143: . by A
144: . by G
145: . by G
146: . by G
impute EPI_ISL_417113 by EPI_ISL_417113|by-EPI_ISL_417079
processing seq 1354 ... 
78: . by C
impute EPI_ISL_417131 by EPI_ISL_417131|by-EPI_ISL_415612
processing seq 1361 ... 
23: . by A
24: . by C
25: . by G
40: . by T
61: . by C
75: . by T
121: . by C
impute EPI_ISL_417138 by EPI_ISL_417138|by-EPI_ISL_416715
processing seq 1389 ... 
1: . by T
2: . by T
57: . by C
72: . by T
impute EPI_ISL_417166 by EPI_ISL_417166|by-EPI_ISL_417960
processing seq 1396 ... 
3: . by C
4: . by A
5: . by C
6: . by C
7: . by C
8: . by C
19: . by A
35: . by C
36: . by C
37: . by C
41: . by C
65: . by A
96: . by C
109: . by G
impute EPI_ISL_417173 by EPI_ISL_417173|by-EPI_ISL_417132
processing seq 1397 ... 
9: . by T
15: . by C
17: . by G
26: . by T
27: . by C
115: . by C
impute EPI_ISL_417174 by EPI_ISL_417174|by-EPI_ISL_413563
processing seq 1400 ... 
89: . by G
90: . by T
91: . by C
impute EPI_ISL_417177 by EPI_ISL_417177|by-EPI_ISL_410713
processing seq 1402 ... 
35: . by C
36: . by C
37: . by C
89: . by G
90: . by T
91: . by C
106: . by C
impute EPI_ISL_417179 by EPI_ISL_417179|by-EPI_ISL_413863
processing seq 1403 ... 
89: . by G
90: . by T
91: . by C
impute EPI_ISL_417180 by EPI_ISL_417180|by-EPI_ISL_410716
processing seq 1404 ... 
89: . by G
91: . by C
impute EPI_ISL_417181 by EPI_ISL_417181|by-EPI_ISL_417188
processing seq 1405 ... 
89: . by G
90: . by T
91: . by C
impute EPI_ISL_417182 by EPI_ISL_417182|by-EPI_ISL_410715
processing seq 1406 ... 
89: . by G
90: . by T
91: . by C
impute EPI_ISL_417183 by EPI_ISL_417183|by-EPI_ISL_416325
processing seq 1407 ... 
56: . by T
89: . by G
90: . by T
91: . by C
impute EPI_ISL_417184 by EPI_ISL_417184|by-EPI_ISL_410715
processing seq 1412 ... 
27: . by C
50: . by T
110: . by T
142: . by A
143: . by A
144: . by G
145: . by G
146: . by G
impute EPI_ISL_417189 by EPI_ISL_417189|by-EPI_ISL_417975
processing seq 1413 ... 
56: . by T
89: . by G
90: . by T
91: . by C
impute EPI_ISL_417190 by EPI_ISL_417190|by-EPI_ISL_410713
processing seq 1415 ... 
28: . by G
142: . by A
143: . by A
144: . by G
145: . by G
146: . by G
impute EPI_ISL_417192 by EPI_ISL_417192|by-EPI_ISL_413592
processing seq 1417 ... 
142: . by A
143: . by A
144: . by G
145: . by G
146: . by G
impute EPI_ISL_417194 by EPI_ISL_417194|by-EPI_ISL_418062
processing seq 1418 ... 
89: . by G
90: . by T
91: . by C
impute EPI_ISL_417195 by EPI_ISL_417195|by-EPI_ISL_416411
processing seq 1419 ... 
142: . by A
143: . by A
144: . by G
145: . by G
146: . by G
impute EPI_ISL_417196 by EPI_ISL_417196|by-EPI_ISL_418023
processing seq 1421 ... 
142: . by A
143: . by A
144: . by G
145: . by G
146: . by G
impute EPI_ISL_417198 by EPI_ISL_417198|by-EPI_ISL_417535
processing seq 1422 ... 
89: . by G
90: . by T
91: . by C
impute EPI_ISL_417199 by EPI_ISL_417199|by-EPI_ISL_410715
processing seq 1428 ... 
15: . by C
21: . by C
22: . by C
23: . by A
56: . by T
80: . by G
83: . by A
84: . by C
106: . by C
107: . by C
119: . by C
120: . by G
impute EPI_ISL_417205 by EPI_ISL_417205|by-EPI_ISL_416357
processing seq 1429 ... 
21: . by C
22: . by C
23: . by A
35: . by C
47: . by A
48: . by C
49: . by C
56: . by T
80: . by G
83: . by A
84: . by C
87: . by C
119: . by C
120: . by G
impute EPI_ISL_417206 by EPI_ISL_417206|by-EPI_ISL_416042
processing seq 1430 ... 
1: . by T
2: . by T
impute EPI_ISL_417211 by EPI_ISL_417211|by-EPI_ISL_416740
processing seq 1431 ... 
1: . by T
2: . by T
50: . by T
impute EPI_ISL_417212 by EPI_ISL_417212|by-EPI_ISL_418080
processing seq 1432 ... 
80: . by G
impute EPI_ISL_417213 by EPI_ISL_417213|by-EPI_ISL_415630
processing seq 1433 ... 
80: . by G
impute EPI_ISL_417214 by EPI_ISL_417214|by-EPI_ISL_416658
processing seq 1434 ... 
80: . by G
impute EPI_ISL_417215 by EPI_ISL_417215|by-EPI_ISL_415641
processing seq 1435 ... 
143: . by A
144: . by G
145: . by G
146: . by G
impute EPI_ISL_417216 by EPI_ISL_417216|by-EPI_ISL_415641
processing seq 1437 ... 
80: . by G
impute EPI_ISL_417218 by EPI_ISL_417218|by-EPI_ISL_415493
processing seq 1438 ... 
80: . by G
81: . by T
impute EPI_ISL_417219 by EPI_ISL_417219|by-EPI_ISL_417486
processing seq 1440 ... 
80: . by G
impute EPI_ISL_417221 by EPI_ISL_417221|by-EPI_ISL_417220
processing seq 1442 ... 
80: . by G
impute EPI_ISL_417223 by EPI_ISL_417223|by-EPI_ISL_415136
processing seq 1443 ... 
80: . by G
81: . by T
impute EPI_ISL_417224 by EPI_ISL_417224|by-EPI_ISL_413566
processing seq 1444 ... 
80: . by G
87: . by C
impute EPI_ISL_417225 by EPI_ISL_417225|by-EPI_ISL_417260
processing seq 1448 ... 
80: . by G
impute EPI_ISL_417229 by EPI_ISL_417229|by-EPI_ISL_416732
processing seq 1449 ... 
80: . by G
impute EPI_ISL_417230 by EPI_ISL_417230|by-EPI_ISL_416519
processing seq 1455 ... 
82: . by C
133: . by A
134: . by A
135: . by C
impute EPI_ISL_417236 by EPI_ISL_417236|by-EPI_ISL_415523
processing seq 1456 ... 
112: . by G
impute EPI_ISL_417237 by EPI_ISL_417237|by-EPI_ISL_417652
processing seq 1457 ... 
128: . by C
impute EPI_ISL_417238 by EPI_ISL_417238|by-EPI_ISL_416542
processing seq 1460 ... 
80: . by G
impute EPI_ISL_417241 by EPI_ISL_417241|by-EPI_ISL_416743
processing seq 1461 ... 
49: . by C
50: . by G
51: . by C
52: . by G
53: . by A
54: . by C
59: . by T
impute EPI_ISL_417242 by EPI_ISL_417242|by-EPI_ISL_417311
processing seq 1462 ... 
80: . by G
impute EPI_ISL_417243 by EPI_ISL_417243|by-EPI_ISL_413569
processing seq 1464 ... 
80: . by G
112: . by G
140: . by G
impute EPI_ISL_417245 by EPI_ISL_417245|by-EPI_ISL_417746
processing seq 1466 ... 
80: . by G
81: . by T
impute EPI_ISL_417247 by EPI_ISL_417247|by-EPI_ISL_413566
processing seq 1468 ... 
80: . by G
81: . by T
impute EPI_ISL_417249 by EPI_ISL_417249|by-EPI_ISL_417458
processing seq 1469 ... 
80: . by G
87: . by C
91: . by C
impute EPI_ISL_417250 by EPI_ISL_417250|by-EPI_ISL_418008
processing seq 1470 ... 
80: . by G
impute EPI_ISL_417251 by EPI_ISL_417251|by-EPI_ISL_417220
processing seq 1478 ... 
80: . by G
81: . by T
impute EPI_ISL_417259 by EPI_ISL_417259|by-EPI_ISL_402121
processing seq 1480 ... 
80: . by G
impute EPI_ISL_417262 by EPI_ISL_417262|by-EPI_ISL_417314
processing seq 1484 ... 
104: . by C
impute EPI_ISL_417266 by EPI_ISL_417266|by-EPI_ISL_417418
processing seq 1489 ... 
80: . by G
impute EPI_ISL_417271 by EPI_ISL_417271|by-EPI_ISL_418019
processing seq 1491 ... 
80: . by G
impute EPI_ISL_417273 by EPI_ISL_417273|by-EPI_ISL_416997
processing seq 1492 ... 
80: . by G
impute EPI_ISL_417274 by EPI_ISL_417274|by-EPI_ISL_417769
processing seq 1493 ... 
80: . by G
impute EPI_ISL_417275 by EPI_ISL_417275|by-EPI_ISL_415641
processing seq 1498 ... 
80: . by G
impute EPI_ISL_417281 by EPI_ISL_417281|by-EPI_ISL_412974
processing seq 1501 ... 
80: . by G
impute EPI_ISL_417284 by EPI_ISL_417284|by-EPI_ISL_415590
processing seq 1505 ... 
80: . by G
impute EPI_ISL_417288 by EPI_ISL_417288|by-EPI_ISL_417553
processing seq 1509 ... 
80: . by G
impute EPI_ISL_417292 by EPI_ISL_417292|by-EPI_ISL_415527
processing seq 1511 ... 
80: . by G
impute EPI_ISL_417294 by EPI_ISL_417294|by-EPI_ISL_413569
processing seq 1513 ... 
143: . by A
144: . by G
145: . by G
146: . by G
impute EPI_ISL_417296 by EPI_ISL_417296|by-EPI_ISL_408486
processing seq 1517 ... 
15: . by C
22: . by C
23: . by A
80: . by G
81: . by T
83: . by A
84: . by C
144: . by G
145: . by G
146: . by G
impute EPI_ISL_417300 by EPI_ISL_417300|by-EPI_ISL_415590
processing seq 1520 ... 
80: . by G
impute EPI_ISL_417303 by EPI_ISL_417303|by-EPI_ISL_417486
processing seq 1521 ... 
80: . by G
impute EPI_ISL_417304 by EPI_ISL_417304|by-EPI_ISL_417257
processing seq 1522 ... 
80: . by G
impute EPI_ISL_417305 by EPI_ISL_417305|by-EPI_ISL_415643
processing seq 1523 ... 
80: . by G
impute EPI_ISL_417306 by EPI_ISL_417306|by-EPI_ISL_406717
processing seq 1525 ... 
50: . by G
80: . by G
81: . by T
144: . by G
145: . by G
146: . by G
impute EPI_ISL_417308 by EPI_ISL_417308|by-EPI_ISL_418019
processing seq 1526 ... 
80: . by G
impute EPI_ISL_417309 by EPI_ISL_417309|by-EPI_ISL_417311
processing seq 1527 ... 
80: . by G
81: . by T
impute EPI_ISL_417310 by EPI_ISL_417310|by-EPI_ISL_417024
processing seq 1533 ... 
146: . by G
impute EPI_ISL_417318 by EPI_ISL_417318|by-EPI_ISL_414042
processing seq 1535 ... 
1: . by T
2: . by T
3: . by C
4: . by A
5: . by C
21: . by C
140: . by G
141: . by C
impute EPI_ISL_417323 by EPI_ISL_417323|by-EPI_ISL_417135
processing seq 1536 ... 
142: . by A
143: . by A
144: . by G
145: . by G
146: . by G
impute EPI_ISL_417324 by EPI_ISL_417324|by-EPI_ISL_417154
processing seq 1537 ... 
1: . by T
2: . by T
35: . by C
107: . by C
140: . by G
142: . by A
impute EPI_ISL_417325 by EPI_ISL_417325|by-EPI_ISL_404227
processing seq 1539 ... 
50: . by G
impute EPI_ISL_417332 by EPI_ISL_417332|by-EPI_ISL_417105
processing seq 1540 ... 
111: . by C
impute EPI_ISL_417333 by EPI_ISL_417333|by-EPI_ISL_416757
processing seq 1555 ... 
7: . by C
impute EPI_ISL_417348 by EPI_ISL_417348|by-EPI_ISL_416652
processing seq 1562 ... 
95: . by C
96: . by C
impute EPI_ISL_417355 by EPI_ISL_417355|by-EPI_ISL_417103
processing seq 1564 ... 
8: . by C
96: . by C
impute EPI_ISL_417357 by EPI_ISL_417357|by-EPI_ISL_415589
processing seq 1567 ... 
6: . by C
7: . by C
impute EPI_ISL_417360 by EPI_ISL_417360|by-EPI_ISL_417155
processing seq 1582 ... 
6: . by C
7: . by C
8: . by C
impute EPI_ISL_417375 by EPI_ISL_417375|by-EPI_ISL_417960
processing seq 1584 ... 
6: . by C
7: . by C
impute EPI_ISL_417377 by EPI_ISL_417377|by-EPI_ISL_417082
processing seq 1600 ... 
1: . by T
2: . by T
3: . by C
4: . by A
5: . by C
6: . by C
7: . by C
142: . by A
143: . by A
144: . by G
145: . by G
146: . by G
impute EPI_ISL_417393 by EPI_ISL_417393|by-EPI_ISL_417392
processing seq 1601 ... 
1: . by T
2: . by T
3: . by C
4: . by A
5: . by C
6: . by C
7: . by C
142: . by A
143: . by A
144: . by G
145: . by G
146: . by G
impute EPI_ISL_417394 by EPI_ISL_417394|by-EPI_ISL_415630
processing seq 1602 ... 
1: . by T
2: . by T
3: . by C
4: . by A
5: . by C
6: . by C
7: . by C
142: . by A
143: . by A
144: . by G
145: . by G
146: . by G
impute EPI_ISL_417395 by EPI_ISL_417395|by-EPI_ISL_418062
processing seq 1603 ... 
1: . by T
2: . by T
3: . by C
4: . by A
5: . by C
6: . by C
7: . by C
142: . by A
143: . by A
144: . by G
145: . by G
146: . by G
impute EPI_ISL_417396 by EPI_ISL_417396|by-EPI_ISL_417918
processing seq 1604 ... 
1: . by T
2: . by T
3: . by C
4: . by A
5: . by C
6: . by T
7: . by C
142: . by A
143: . by A
144: . by G
145: . by G
146: . by G
impute EPI_ISL_417397 by EPI_ISL_417397|by-EPI_ISL_417921
processing seq 1605 ... 
1: . by T
2: . by T
3: . by C
4: . by A
5: . by C
6: . by C
7: . by C
142: . by A
143: . by A
144: . by G
145: . by G
146: . by G
impute EPI_ISL_417398 by EPI_ISL_417398|by-EPI_ISL_417392
processing seq 1606 ... 
1: . by T
2: . by T
3: . by C
4: . by A
5: . by C
6: . by C
7: . by C
142: . by A
143: . by A
144: . by G
145: . by G
146: . by G
impute EPI_ISL_417399 by EPI_ISL_417399|by-EPI_ISL_417269
processing seq 1607 ... 
1: . by T
2: . by T
3: . by C
4: . by A
5: . by C
6: . by C
7: . by C
142: . by A
143: . by A
144: . by G
145: . by G
146: . by G
impute EPI_ISL_417400 by EPI_ISL_417400|by-EPI_ISL_417917
processing seq 1608 ... 
1: . by T
2: . by T
3: . by C
4: . by A
5: . by C
6: . by C
7: . by C
142: . by A
143: . by A
144: . by G
145: . by G
146: . by G
impute EPI_ISL_417401 by EPI_ISL_417401|by-EPI_ISL_417918
processing seq 1609 ... 
1: . by T
2: . by T
3: . by C
4: . by A
5: . by C
6: . by T
7: . by C
142: . by A
143: . by A
144: . by G
145: . by G
146: . by G
impute EPI_ISL_417402 by EPI_ISL_417402|by-EPI_ISL_417963
processing seq 1610 ... 
1: . by T
2: . by T
3: . by C
4: . by A
5: . by C
6: . by C
7: . by C
142: . by A
143: . by A
144: . by G
145: . by G
146: . by G
impute EPI_ISL_417403 by EPI_ISL_417403|by-EPI_ISL_417388
processing seq 1611 ... 
1: . by T
2: . by T
3: . by C
4: . by A
5: . by C
6: . by T
7: . by C
142: . by A
143: . by A
144: . by G
145: . by G
146: . by G
impute EPI_ISL_417404 by EPI_ISL_417404|by-EPI_ISL_415105
processing seq 1612 ... 
1: . by T
2: . by T
3: . by C
4: . by A
5: . by C
6: . by C
7: . by C
142: . by A
143: . by A
144: . by G
145: . by G
146: . by G
impute EPI_ISL_417405 by EPI_ISL_417405|by-EPI_ISL_417290
processing seq 1613 ... 
1: . by T
2: . by T
3: . by C
4: . by A
5: . by C
6: . by C
7: . by C
142: . by A
143: . by A
144: . by G
145: . by G
146: . by G
impute EPI_ISL_417406 by EPI_ISL_417406|by-EPI_ISL_416382
processing seq 1614 ... 
1: . by T
2: . by T
3: . by C
4: . by A
5: . by C
6: . by T
7: . by C
142: . by A
143: . by A
144: . by G
145: . by G
146: . by G
impute EPI_ISL_417407 by EPI_ISL_417407|by-EPI_ISL_416036
processing seq 1615 ... 
1: . by T
2: . by T
3: . by C
4: . by A
5: . by C
6: . by C
7: . by C
142: . by A
143: . by A
144: . by G
145: . by G
146: . by G
impute EPI_ISL_417408 by EPI_ISL_417408|by-EPI_ISL_417670
processing seq 1616 ... 
1: . by T
2: . by T
3: . by C
4: . by A
5: . by C
6: . by C
7: . by C
142: . by A
143: . by A
144: . by G
145: . by G
146: . by G
impute EPI_ISL_417409 by EPI_ISL_417409|by-EPI_ISL_415478
processing seq 1617 ... 
1: . by T
2: . by T
3: . by C
4: . by A
5: . by C
6: . by C
7: . by C
142: . by A
143: . by A
144: . by G
145: . by G
146: . by G
impute EPI_ISL_417410 by EPI_ISL_417410|by-EPI_ISL_418021
processing seq 1618 ... 
1: . by T
2: . by T
3: . by C
4: . by A
5: . by C
6: . by T
7: . by C
142: . by A
143: . by A
144: . by G
145: . by G
146: . by G
impute EPI_ISL_417411 by EPI_ISL_417411|by-EPI_ISL_416497
processing seq 1619 ... 
1: . by T
2: . by T
3: . by C
4: . by A
5: . by C
6: . by C
7: . by C
142: . by A
143: . by A
144: . by G
145: . by G
146: . by G
impute EPI_ISL_417412 by EPI_ISL_417412|by-EPI_ISL_414509
processing seq 1634 ... 
80: . by G
89: . by G
90: . by T
91: . by C
impute EPI_ISL_417432 by EPI_ISL_417432|by-EPI_ISL_403934
processing seq 1635 ... 
80: . by G
89: . by G
90: . by T
91: . by C
impute EPI_ISL_417434 by EPI_ISL_417434|by-EPI_ISL_416525
processing seq 1637 ... 
91: . by C
144: . by G
145: . by G
146: . by G
impute EPI_ISL_417438 by EPI_ISL_417438|by-EPI_ISL_415651
processing seq 1638 ... 
90: . by T
impute EPI_ISL_417440 by EPI_ISL_417440|by-EPI_ISL_414632
processing seq 1639 ... 
56: . by T
89: . by G
90: . by T
91: . by C
114: . by C
143: . by A
144: . by G
145: . by G
146: . by G
impute EPI_ISL_417441 by EPI_ISL_417441|by-EPI_ISL_412973
processing seq 1657 ... 
6: . by C
9: . by C
15: . by C
27: . by C
59: . by C
93: . by A
105: . by G
impute EPI_ISL_417460 by EPI_ISL_417460|by-EPI_ISL_414589
processing seq 1672 ... 
50: . by T
85: . by C
impute EPI_ISL_417475 by EPI_ISL_417475|by-EPI_ISL_415630
processing seq 1674 ... 
75: . by T
impute EPI_ISL_417477 by EPI_ISL_417477|by-EPI_ISL_417587
processing seq 1675 ... 
41: . by T
50: . by T
67: . by C
impute EPI_ISL_417478 by EPI_ISL_417478|by-EPI_ISL_416675
processing seq 1676 ... 
27: . by T
93: . by G
impute EPI_ISL_417479 by EPI_ISL_417479|by-EPI_ISL_415708
processing seq 1679 ... 
38: . by G
80: . by G
83: . by A
84: . by C
142: . by A
143: . by A
144: . by G
145: . by G
146: . by G
impute EPI_ISL_417482 by EPI_ISL_417482|by-EPI_ISL_417591
processing seq 1687 ... 
88: . by G
impute EPI_ISL_417490 by EPI_ISL_417490|by-EPI_ISL_417486
processing seq 1695 ... 
50: . by T
85: . by C
impute EPI_ISL_417498 by EPI_ISL_417498|by-EPI_ISL_418021
processing seq 1697 ... 
75: . by T
impute EPI_ISL_417500 by EPI_ISL_417500|by-EPI_ISL_417031
processing seq 1698 ... 
41: . by T
50: . by T
67: . by C
impute EPI_ISL_417501 by EPI_ISL_417501|by-EPI_ISL_416733
processing seq 1699 ... 
27: . by T
93: . by G
impute EPI_ISL_417502 by EPI_ISL_417502|by-EPI_ISL_417990
processing seq 1713 ... 
142: . by A
143: . by A
144: . by G
145: . by G
146: . by G
impute EPI_ISL_417517 by EPI_ISL_417517|by-EPI_ISL_414632
processing seq 1714 ... 
119: . by C
120: . by G
121: . by C
impute EPI_ISL_417518 by EPI_ISL_417518|by-EPI_ISL_413747
processing seq 1742 ... 
36: . by C
37: . by C
impute EPI_ISL_417546 by EPI_ISL_417546|by-EPI_ISL_413022
processing seq 1743 ... 
54: . by C
55: . by T
56: . by T
57: . by C
87: . by C
114: . by C
115: . by C
impute EPI_ISL_417547 by EPI_ISL_417547|by-EPI_ISL_417662
processing seq 1748 ... 
143: . by A
impute EPI_ISL_417552 by EPI_ISL_417552|by-EPI_ISL_417597
processing seq 1750 ... 
25: . by G
26: . by T
27: . by C
40: . by C
76: . by C
77: . by G
78: . by C
140: . by G
141: . by C
142: . by A
143: . by A
144: . by G
145: . by G
146: . by G
impute EPI_ISL_417554 by EPI_ISL_417554|by-EPI_ISL_417314
processing seq 1755 ... 
119: . by C
120: . by G
121: . by T
impute EPI_ISL_417559 by EPI_ISL_417559|by-EPI_ISL_417977
processing seq 1774 ... 
119: . by C
120: . by G
121: . by T
impute EPI_ISL_417579 by EPI_ISL_417579|by-EPI_ISL_417721
processing seq 1791 ... 
140: . by G
141: . by C
142: . by A
143: . by A
impute EPI_ISL_417596 by EPI_ISL_417596|by-EPI_ISL_417977
processing seq 1794 ... 
141: . by C
142: . by A
143: . by A
144: . by G
145: . by G
146: . by G
impute EPI_ISL_417599 by EPI_ISL_417599|by-EPI_ISL_417790
processing seq 1796 ... 
140: . by G
141: . by C
142: . by A
143: . by A
impute EPI_ISL_417601 by EPI_ISL_417601|by-EPI_ISL_415470
processing seq 1799 ... 
142: . by T
143: . by A
impute EPI_ISL_417604 by EPI_ISL_417604|by-EPI_ISL_417649
processing seq 1800 ... 
140: . by G
141: . by C
142: . by A
143: . by A
impute EPI_ISL_417605 by EPI_ISL_417605|by-EPI_ISL_417314
processing seq 1801 ... 
140: . by G
141: . by C
142: . by A
143: . by A
144: . by G
145: . by G
146: . by G
impute EPI_ISL_417606 by EPI_ISL_417606|by-EPI_ISL_417568
processing seq 1803 ... 
144: . by G
145: . by G
146: . by G
impute EPI_ISL_417608 by EPI_ISL_417608|by-EPI_ISL_417662
processing seq 1806 ... 
142: . by A
143: . by A
impute EPI_ISL_417611 by EPI_ISL_417611|by-EPI_ISL_417621
processing seq 1808 ... 
142: . by A
143: . by A
impute EPI_ISL_417613 by EPI_ISL_417613|by-EPI_ISL_417625
processing seq 1811 ... 
142: . by A
143: . by A
144: . by G
145: . by G
146: . by G
impute EPI_ISL_417616 by EPI_ISL_417616|by-EPI_ISL_414041
processing seq 1812 ... 
140: . by G
141: . by C
142: . by A
143: . by A
144: . by G
145: . by G
146: . by G
impute EPI_ISL_417617 by EPI_ISL_417617|by-EPI_ISL_417823
processing seq 1815 ... 
140: . by G
143: . by A
impute EPI_ISL_417620 by EPI_ISL_417620|by-EPI_ISL_418204
processing seq 1818 ... 
142: . by A
143: . by A
impute EPI_ISL_417623 by EPI_ISL_417623|by-EPI_ISL_417625
processing seq 1819 ... 
141: . by C
142: . by A
143: . by A
144: . by G
145: . by G
146: . by G
impute EPI_ISL_417624 by EPI_ISL_417624|by-EPI_ISL_417788
processing seq 1823 ... 
140: . by G
142: . by T
143: . by A
impute EPI_ISL_417628 by EPI_ISL_417628|by-EPI_ISL_417239
processing seq 1826 ... 
140: . by G
141: . by C
142: . by A
143: . by A
144: . by G
145: . by G
146: . by G
impute EPI_ISL_417631 by EPI_ISL_417631|by-EPI_ISL_418197
processing seq 1828 ... 
143: . by A
impute EPI_ISL_417633 by EPI_ISL_417633|by-EPI_ISL_417709
processing seq 1833 ... 
140: . by G
141: . by C
142: . by A
143: . by A
145: . by G
impute EPI_ISL_417638 by EPI_ISL_417638|by-EPI_ISL_414443
processing seq 1835 ... 
141: . by C
142: . by A
143: . by A
144: . by G
145: . by G
146: . by G
impute EPI_ISL_417640 by EPI_ISL_417640|by-EPI_ISL_417542
processing seq 1838 ... 
143: . by G
impute EPI_ISL_417643 by EPI_ISL_417643|by-EPI_ISL_417191
processing seq 1841 ... 
142: . by A
143: . by A
144: . by G
145: . by G
146: . by G
impute EPI_ISL_417646 by EPI_ISL_417646|by-EPI_ISL_417565
processing seq 1842 ... 
143: . by A
impute EPI_ISL_417647 by EPI_ISL_417647|by-EPI_ISL_417609
processing seq 1843 ... 
140: . by G
141: . by C
142: . by A
143: . by A
144: . by G
145: . by G
146: . by G
impute EPI_ISL_417648 by EPI_ISL_417648|by-EPI_ISL_414632
processing seq 1846 ... 
142: . by A
143: . by A
impute EPI_ISL_417651 by EPI_ISL_417651|by-EPI_ISL_417565
processing seq 1851 ... 
119: . by C
120: . by G
121: . by T
impute EPI_ISL_417656 by EPI_ISL_417656|by-EPI_ISL_417693
processing seq 1852 ... 
143: . by A
144: . by G
145: . by G
146: . by G
impute EPI_ISL_417657 by EPI_ISL_417657|by-EPI_ISL_416480
processing seq 1853 ... 
15: . by C
21: . by C
22: . by C
23: . by A
impute EPI_ISL_417658 by EPI_ISL_417658|by-EPI_ISL_417668
processing seq 1856 ... 
15: . by C
21: . by C
impute EPI_ISL_417661 by EPI_ISL_417661|by-EPI_ISL_416507
processing seq 1864 ... 
3: . by C
4: . by A
15: . by C
21: . by C
22: . by C
23: . by A
56: . by T
impute EPI_ISL_417669 by EPI_ISL_417669|by-EPI_ISL_416503
processing seq 1867 ... 
3: . by C
4: . by A
15: . by T
17: . by G
18: . by G
19: . by A
20: . by C
21: . by C
22: . by C
23: . by A
36: . by C
37: . by C
56: . by T
impute EPI_ISL_417673 by EPI_ISL_417673|by-EPI_ISL_417204
processing seq 1868 ... 
3: . by C
4: . by A
5: . by C
6: . by T
15: . by C
impute EPI_ISL_417674 by EPI_ISL_417674|by-EPI_ISL_417664
processing seq 1869 ... 
143: . by A
144: . by G
145: . by G
146: . by G
impute EPI_ISL_417675 by EPI_ISL_417675|by-EPI_ISL_417693
processing seq 1876 ... 
143: . by A
impute EPI_ISL_417682 by EPI_ISL_417682|by-EPI_ISL_417731
processing seq 1880 ... 
3: . by C
4: . by A
5: . by C
6: . by T
7: . by C
8: . by C
143: . by A
144: . by G
145: . by G
146: . by G
impute EPI_ISL_417687 by EPI_ISL_417687|by-EPI_ISL_415477
processing seq 1882 ... 
140: . by G
141: . by C
142: . by A
143: . by A
144: . by G
145: . by G
146: . by G
impute EPI_ISL_417689 by EPI_ISL_417689|by-EPI_ISL_417590
processing seq 1890 ... 
1: . by T
2: . by T
3: . by C
4: . by A
5: . by C
6: . by T
7: . by C
8: . by T
15: . by C
143: . by A
144: . by G
145: . by G
146: . by G
impute EPI_ISL_417697 by EPI_ISL_417697|by-EPI_ISL_415105
processing seq 1897 ... 
5: . by C
8: . by C
143: . by A
144: . by G
145: . by G
146: . by G
impute EPI_ISL_417704 by EPI_ISL_417704|by-EPI_ISL_417815
processing seq 1900 ... 
1: . by T
2: . by T
3: . by C
4: . by A
5: . by C
6: . by T
7: . by C
8: . by C
15: . by C
impute EPI_ISL_417708 by EPI_ISL_417708|by-EPI_ISL_417481
processing seq 1909 ... 
1: . by T
2: . by T
3: . by C
4: . by A
5: . by C
6: . by T
7: . by C
8: . by C
143: . by G
144: . by G
145: . by G
146: . by G
impute EPI_ISL_417718 by EPI_ISL_417718|by-EPI_ISL_417191
processing seq 1913 ... 
3: . by C
4: . by A
5: . by C
15: . by T
impute EPI_ISL_417723 by EPI_ISL_417723|by-EPI_ISL_418076
processing seq 1919 ... 
3: . by C
4: . by A
5: . by C
7: . by C
80: . by G
144: . by G
145: . by G
146: . by G
impute EPI_ISL_417729 by EPI_ISL_417729|by-EPI_ISL_417258
processing seq 1920 ... 
143: . by A
impute EPI_ISL_417730 by EPI_ISL_417730|by-EPI_ISL_415647
processing seq 1937 ... 
143: . by A
144: . by G
145: . by G
146: . by G
impute EPI_ISL_417747 by EPI_ISL_417747|by-EPI_ISL_417826
processing seq 1941 ... 
15: . by C
17: . by G
18: . by G
impute EPI_ISL_417751 by EPI_ISL_417751|by-EPI_ISL_415703
processing seq 1949 ... 
1: . by T
2: . by T
3: . by C
4: . by A
5: . by C
6: . by T
7: . by C
8: . by C
15: . by T
17: . by G
18: . by G
19: . by A
143: . by A
impute EPI_ISL_417760 by EPI_ISL_417760|by-EPI_ISL_418057
processing seq 1954 ... 
1: . by T
2: . by T
3: . by C
4: . by A
5: . by C
6: . by C
7: . by C
8: . by C
143: . by A
144: . by G
145: . by G
146: . by G
impute EPI_ISL_417765 by EPI_ISL_417765|by-EPI_ISL_417486
processing seq 1956 ... 
3: . by C
4: . by A
5: . by C
6: . by T
15: . by C
17: . by G
143: . by A
impute EPI_ISL_417768 by EPI_ISL_417768|by-EPI_ISL_416732
processing seq 1964 ... 
1: . by T
2: . by T
3: . by C
4: . by A
5: . by C
6: . by T
7: . by C
8: . by C
15: . by C
88: . by G
143: . by A
144: . by G
145: . by G
146: . by G
impute EPI_ISL_417776 by EPI_ISL_417776|by-EPI_ISL_417769
processing seq 1965 ... 
143: . by A
impute EPI_ISL_417777 by EPI_ISL_417777|by-EPI_ISL_417798
processing seq 1968 ... 
15: . by C
impute EPI_ISL_417782 by EPI_ISL_417782|by-EPI_ISL_417425
processing seq 1992 ... 
1: . by T
2: . by T
3: . by C
4: . by A
5: . by C
6: . by T
7: . by C
8: . by C
80: . by G
143: . by A
144: . by G
145: . by G
146: . by G
impute EPI_ISL_417807 by EPI_ISL_417807|by-EPI_ISL_418004
processing seq 1996 ... 
21: . by C
22: . by C
23: . by A
36: . by C
37: . by C
56: . by T
143: . by A
144: . by G
145: . by G
146: . by G
impute EPI_ISL_417811 by EPI_ISL_417811|by-EPI_ISL_415454
processing seq 2001 ... 
140: . by G
141: . by C
142: . by A
143: . by A
144: . by G
145: . by G
146: . by G
impute EPI_ISL_417816 by EPI_ISL_417816|by-EPI_ISL_415456
processing seq 2006 ... 
81: . by T
87: . by C
114: . by C
140: . by G
141: . by C
142: . by A
143: . by A
144: . by G
145: . by G
146: . by G
impute EPI_ISL_417821 by EPI_ISL_417821|by-EPI_ISL_415647
processing seq 2026 ... 
1: . by T
2: . by T
3: . by C
4: . by A
5: . by C
6: . by T
7: . by C
8: . by C
143: . by A
144: . by G
145: . by G
146: . by G
impute EPI_ISL_417841 by EPI_ISL_417841|by-EPI_ISL_417728
processing seq 2028 ... 
15: . by C
impute EPI_ISL_417843 by EPI_ISL_417843|by-EPI_ISL_416036
processing seq 2030 ... 
36: . by C
37: . by C
impute EPI_ISL_417845 by EPI_ISL_417845|by-EPI_ISL_415703
processing seq 2032 ... 
15: . by T
17: . by G
18: . by G
144: . by G
145: . by G
146: . by G
impute EPI_ISL_417848 by EPI_ISL_417848|by-EPI_ISL_417938
processing seq 2033 ... 
143: . by A
144: . by G
145: . by G
146: . by G
impute EPI_ISL_417849 by EPI_ISL_417849|by-EPI_ISL_417467
processing seq 2040 ... 
143: . by A
144: . by G
145: . by G
impute EPI_ISL_417856 by EPI_ISL_417856|by-EPI_ISL_416753
processing seq 2041 ... 
143: . by A
144: . by G
145: . by G
146: . by G
impute EPI_ISL_417857 by EPI_ISL_417857|by-EPI_ISL_417352
processing seq 2042 ... 
143: . by A
144: . by G
145: . by G
146: . by G
impute EPI_ISL_417860 by EPI_ISL_417860|by-EPI_ISL_417815
processing seq 2053 ... 
143: . by A
144: . by G
145: . by G
146: . by G
impute EPI_ISL_417873 by EPI_ISL_417873|by-EPI_ISL_417562
processing seq 2063 ... 
56: . by T
91: . by C
impute EPI_ISL_417920 by EPI_ISL_417920|by-EPI_ISL_416593
processing seq 2067 ... 
89: . by G
90: . by T
91: . by C
impute EPI_ISL_417924 by EPI_ISL_417924|by-EPI_ISL_416402
processing seq 2072 ... 
93: . by G
impute EPI_ISL_417937 by EPI_ISL_417937|by-EPI_ISL_417725
processing seq 2075 ... 
80: . by G
impute EPI_ISL_417941 by EPI_ISL_417941|by-EPI_ISL_417032
processing seq 2076 ... 
144: . by G
145: . by G
146: . by G
impute EPI_ISL_417942 by EPI_ISL_417942|by-EPI_ISL_416749
processing seq 2077 ... 
143: . by A
144: . by G
145: . by G
146: . by G
impute EPI_ISL_417944 by EPI_ISL_417944|by-EPI_ISL_416671
processing seq 2082 ... 
118: . by T
impute EPI_ISL_417952 by EPI_ISL_417952|by-EPI_ISL_417314
processing seq 2085 ... 
140: . by G
impute EPI_ISL_417956 by EPI_ISL_417956|by-EPI_ISL_417609
processing seq 2086 ... 
140: . by G
impute EPI_ISL_417957 by EPI_ISL_417957|by-EPI_ISL_417609
processing seq 2088 ... 
28: . by G
38: . by G
80: . by G
impute EPI_ISL_417959 by EPI_ISL_417959|by-EPI_ISL_412973
processing seq 2091 ... 
80: . by G
impute EPI_ISL_417962 by EPI_ISL_417962|by-EPI_ISL_417105
processing seq 2099 ... 
80: . by G
89: . by G
90: . by T
91: . by C
impute EPI_ISL_417970 by EPI_ISL_417970|by-EPI_ISL_418199
processing seq 2102 ... 
80: . by G
impute EPI_ISL_417973 by EPI_ISL_417973|by-EPI_ISL_417990
processing seq 2156 ... 
1: . by T
2: . by T
3: . by C
4: . by A
5: . by C
6: . by T
7: . by C
impute EPI_ISL_418032 by EPI_ISL_418032|by-EPI_ISL_416716
processing seq 2157 ... 
1: . by T
2: . by T
3: . by C
4: . by A
5: . by C
6: . by T
7: . by C
impute EPI_ISL_418033 by EPI_ISL_418033|by-EPI_ISL_416691
processing seq 2158 ... 
1: . by T
2: . by T
3: . by C
4: . by A
5: . by C
impute EPI_ISL_418034 by EPI_ISL_418034|by-EPI_ISL_417450
processing seq 2159 ... 
1: . by T
2: . by T
3: . by C
4: . by A
5: . by C
6: . by T
7: . by C
8: . by C
9: . by T
17: . by G
105: . by T
impute EPI_ISL_418035 by EPI_ISL_418035|by-EPI_ISL_414633
processing seq 2164 ... 
1: . by T
2: . by T
3: . by C
4: . by A
5: . by C
6: . by C
7: . by C
impute EPI_ISL_418040 by EPI_ISL_418040|by-EPI_ISL_416443
processing seq 2167 ... 
1: . by T
2: . by T
3: . by C
4: . by A
5: . by C
impute EPI_ISL_418043 by EPI_ISL_418043|by-EPI_ISL_416035
processing seq 2172 ... 
1: . by T
2: . by T
3: . by C
4: . by A
5: . by C
6: . by C
7: . by C
8: . by C
24: . by C
112: . by A
impute EPI_ISL_418048 by EPI_ISL_418048|by-EPI_ISL_417114
processing seq 2175 ... 
1: . by T
2: . by T
3: . by C
4: . by A
5: . by C
6: . by T
7: . by C
impute EPI_ISL_418051 by EPI_ISL_418051|by-EPI_ISL_418036
processing seq 2178 ... 
1: . by T
2: . by T
3: . by C
4: . by A
5: . by C
6: . by C
impute EPI_ISL_418055 by EPI_ISL_418055|by-EPI_ISL_417085
processing seq 2181 ... 
1: . by T
2: . by T
3: . by C
4: . by A
5: . by C
6: . by T
7: . by C
8: . by C
impute EPI_ISL_418058 by EPI_ISL_418058|by-EPI_ISL_418203
processing seq 2186 ... 
1: . by T
2: . by T
3: . by C
4: . by A
5: . by C
6: . by C
7: . by C
8: . by C
14: . by T
impute EPI_ISL_418063 by EPI_ISL_418063|by-EPI_ISL_416637
processing seq 2188 ... 
1: . by T
2: . by T
3: . by C
4: . by A
5: . by C
6: . by C
7: . by C
8: . by C
112: . by A
116: . by G
impute EPI_ISL_418065 by EPI_ISL_418065|by-EPI_ISL_417136
processing seq 2191 ... 
1: . by T
2: . by T
3: . by C
4: . by A
5: . by C
38: . by G
impute EPI_ISL_418068 by EPI_ISL_418068|by-EPI_ISL_417454
processing seq 2194 ... 
6: . by C
7: . by C
impute EPI_ISL_418071 by EPI_ISL_418071|by-EPI_ISL_418029
processing seq 2197 ... 
1: . by T
2: . by T
3: . by C
4: . by A
5: . by C
6: . by C
7: . by C
8: . by C
117: . by G
impute EPI_ISL_418074 by EPI_ISL_418074|by-EPI_ISL_417366
processing seq 2198 ... 
1: . by T
2: . by T
3: . by C
4: . by A
5: . by C
6: . by C
7: . by C
impute EPI_ISL_418075 by EPI_ISL_418075|by-EPI_ISL_417097
processing seq 2201 ... 
1: . by T
2: . by T
3: . by C
4: . by A
5: . by C
6: . by C
7: . by C
8: . by C
9: . by T
18: . by G
113: . by T
impute EPI_ISL_418078 by EPI_ISL_418078|by-EPI_ISL_418070
processing seq 2202 ... 
1: . by T
2: . by T
3: . by C
4: . by A
5: . by C
6: . by C
7: . by C
8: . by C
impute EPI_ISL_418079 by EPI_ISL_418079|by-EPI_ISL_416656
processing seq 2205 ... 
1: . by T
2: . by T
impute EPI_ISL_418082 by EPI_ISL_418082|by-EPI_ISL_416718
processing seq 2206 ... 
80: . by G
142: . by A
143: . by A
144: . by G
145: . by G
146: . by G
impute EPI_ISL_418083 by EPI_ISL_418083|by-EPI_ISL_411915
processing seq 2207 ... 
56: . by T
80: . by G
89: . by G
90: . by T
91: . by C
139: . by G
140: . by G
141: . by C
142: . by A
143: . by A
144: . by G
145: . by G
146: . by G
impute EPI_ISL_418084 by EPI_ISL_418084|by-EPI_ISL_416320
processing seq 2208 ... 
80: . by G
impute EPI_ISL_418085 by EPI_ISL_418085|by-EPI_ISL_402121
processing seq 2209 ... 
56: . by T
80: . by G
89: . by G
90: . by T
91: . by C
146: . by G
impute EPI_ISL_418086 by EPI_ISL_418086|by-EPI_ISL_416472
processing seq 2210 ... 
31: . by T
56: . by T
80: . by G
83: . by A
84: . by C
89: . by G
90: . by T
91: . by C
114: . by C
142: . by A
143: . by A
144: . by G
145: . by G
146: . by G
impute EPI_ISL_418087 by EPI_ISL_418087|by-EPI_ISL_416676
processing seq 2211 ... 
56: . by T
80: . by G
139: . by G
144: . by G
145: . by G
146: . by G
impute EPI_ISL_418088 by EPI_ISL_418088|by-EPI_ISL_418018
processing seq 2212 ... 
56: . by T
80: . by G
89: . by G
90: . by T
91: . by C
97: . by C
139: . by G
140: . by G
141: . by C
142: . by A
143: . by A
144: . by G
145: . by G
146: . by G
impute EPI_ISL_418089 by EPI_ISL_418089|by-EPI_ISL_417781
processing seq 2213 ... 
80: . by G
142: . by A
143: . by A
144: . by G
145: . by G
146: . by G
impute EPI_ISL_418090 by EPI_ISL_418090|by-EPI_ISL_417422
processing seq 2214 ... 
31: . by T
56: . by T
80: . by G
89: . by G
90: . by T
91: . by C
139: . by G
141: . by C
142: . by A
143: . by A
144: . by G
145: . by G
146: . by G
impute EPI_ISL_418091 by EPI_ISL_418091|by-EPI_ISL_417244
processing seq 2215 ... 
56: . by T
80: . by G
89: . by G
90: . by T
91: . by C
139: . by G
impute EPI_ISL_418092 by EPI_ISL_418092|by-EPI_ISL_404227
processing seq 2216 ... 
80: . by G
impute EPI_ISL_418093 by EPI_ISL_418093|by-EPI_ISL_416737
processing seq 2217 ... 
56: . by T
80: . by G
89: . by G
90: . by T
91: . by C
142: . by A
143: . by A
144: . by G
145: . by G
146: . by G
impute EPI_ISL_418094 by EPI_ISL_418094|by-EPI_ISL_413587
processing seq 2218 ... 
56: . by T
80: . by G
89: . by G
90: . by T
91: . by C
139: . by G
142: . by A
143: . by A
144: . by G
145: . by G
146: . by G
impute EPI_ISL_418095 by EPI_ISL_418095|by-EPI_ISL_418198
processing seq 2219 ... 
80: . by G
142: . by A
143: . by A
144: . by G
145: . by G
146: . by G
impute EPI_ISL_418096 by EPI_ISL_418096|by-EPI_ISL_417933
processing seq 2220 ... 
56: . by T
80: . by G
109: . by G
114: . by C
116: . by G
139: . by G
141: . by C
142: . by A
143: . by A
144: . by G
145: . by G
146: . by G
impute EPI_ISL_418097 by EPI_ISL_418097|by-EPI_ISL_416753
processing seq 2221 ... 
56: . by T
80: . by G
89: . by G
90: . by T
91: . by C
139: . by G
impute EPI_ISL_418098 by EPI_ISL_418098|by-EPI_ISL_417570
processing seq 2222 ... 
56: . by T
80: . by G
143: . by A
144: . by G
145: . by G
146: . by G
impute EPI_ISL_418100 by EPI_ISL_418100|by-EPI_ISL_413614
processing seq 2223 ... 
80: . by G
impute EPI_ISL_418101 by EPI_ISL_418101|by-EPI_ISL_415711
processing seq 2224 ... 
56: . by T
80: . by G
83: . by A
84: . by C
impute EPI_ISL_418102 by EPI_ISL_418102|by-EPI_ISL_416384
processing seq 2226 ... 
31: . by T
56: . by T
80: . by G
83: . by A
84: . by C
impute EPI_ISL_418104 by EPI_ISL_418104|by-EPI_ISL_414479
processing seq 2227 ... 
56: . by T
80: . by G
83: . by A
84: . by C
139: . by G
impute EPI_ISL_418106 by EPI_ISL_418106|by-EPI_ISL_406800
processing seq 2228 ... 
56: . by T
83: . by A
84: . by C
impute EPI_ISL_418107 by EPI_ISL_418107|by-EPI_ISL_415583
processing seq 2229 ... 
56: . by T
80: . by G
83: . by A
84: . by C
144: . by G
145: . by G
146: . by G
impute EPI_ISL_418108 by EPI_ISL_418108|by-EPI_ISL_417335
processing seq 2230 ... 
56: . by T
80: . by G
109: . by G
114: . by C
116: . by G
139: . by G
141: . by C
142: . by A
143: . by A
144: . by G
145: . by G
146: . by G
impute EPI_ISL_418109 by EPI_ISL_418109|by-EPI_ISL_417875
processing seq 2232 ... 
56: . by T
80: . by G
impute EPI_ISL_418111 by EPI_ISL_418111|by-EPI_ISL_403929
processing seq 2233 ... 
56: . by T
80: . by G
impute EPI_ISL_418112 by EPI_ISL_418112|by-EPI_ISL_413852
processing seq 2234 ... 
56: . by T
80: . by G
83: . by A
84: . by C
139: . by G
impute EPI_ISL_418113 by EPI_ISL_418113|by-EPI_ISL_417097
processing seq 2235 ... 
56: . by T
80: . by G
impute EPI_ISL_418114 by EPI_ISL_418114|by-EPI_ISL_417922
processing seq 2236 ... 
56: . by T
impute EPI_ISL_418115 by EPI_ISL_418115|by-EPI_ISL_416047
processing seq 2237 ... 
56: . by T
80: . by G
83: . by A
84: . by C
139: . by G
impute EPI_ISL_418116 by EPI_ISL_418116|by-EPI_ISL_413575
processing seq 2239 ... 
56: . by T
80: . by G
139: . by G
impute EPI_ISL_418118 by EPI_ISL_418118|by-EPI_ISL_417265
processing seq 2240 ... 
56: . by T
80: . by G
83: . by A
84: . by C
139: . by G
142: . by A
143: . by A
144: . by G
145: . by G
146: . by G
impute EPI_ISL_418119 by EPI_ISL_418119|by-EPI_ISL_416511
processing seq 2241 ... 
80: . by G
impute EPI_ISL_418120 by EPI_ISL_418120|by-EPI_ISL_416358
processing seq 2242 ... 
56: . by T
80: . by G
impute EPI_ISL_418121 by EPI_ISL_418121|by-EPI_ISL_408488
processing seq 2243 ... 
80: . by G
impute EPI_ISL_418122 by EPI_ISL_418122|by-EPI_ISL_417418
processing seq 2244 ... 
50: . by G
56: . by T
80: . by G
impute EPI_ISL_418123 by EPI_ISL_418123|by-EPI_ISL_417185
processing seq 2245 ... 
56: . by T
impute EPI_ISL_418124 by EPI_ISL_418124|by-EPI_ISL_413861
processing seq 2246 ... 
80: . by G
impute EPI_ISL_418125 by EPI_ISL_418125|by-EPI_ISL_406717
processing seq 2247 ... 
146: . by G
impute EPI_ISL_418126 by EPI_ISL_418126|by-EPI_ISL_417254
processing seq 2248 ... 
56: . by T
80: . by G
impute EPI_ISL_418127 by EPI_ISL_418127|by-EPI_ISL_414542
processing seq 2249 ... 
56: . by T
80: . by G
114: . by C
143: . by A
144: . by G
145: . by G
146: . by G
impute EPI_ISL_418128 by EPI_ISL_418128|by-EPI_ISL_411915
processing seq 2250 ... 
56: . by T
80: . by G
impute EPI_ISL_418129 by EPI_ISL_418129|by-EPI_ISL_407313
processing seq 2251 ... 
80: . by G
impute EPI_ISL_418130 by EPI_ISL_418130|by-EPI_ISL_412872
processing seq 2252 ... 
56: . by T
80: . by G
impute EPI_ISL_418131 by EPI_ISL_418131|by-EPI_ISL_416046
processing seq 2253 ... 
80: . by G
82: . by C
impute EPI_ISL_418132 by EPI_ISL_418132|by-EPI_ISL_416404
processing seq 2254 ... 
66: . by C
80: . by G
impute EPI_ISL_418133 by EPI_ISL_418133|by-EPI_ISL_411915
processing seq 2255 ... 
56: . by T
80: . by G
impute EPI_ISL_418134 by EPI_ISL_418134|by-EPI_ISL_413582
processing seq 2256 ... 
80: . by G
impute EPI_ISL_418135 by EPI_ISL_418135|by-EPI_ISL_416379
processing seq 2259 ... 
56: . by T
143: . by A
144: . by G
145: . by G
146: . by G
impute EPI_ISL_418138 by EPI_ISL_418138|by-EPI_ISL_415647
processing seq 2261 ... 
80: . by G
impute EPI_ISL_418140 by EPI_ISL_418140|by-EPI_ISL_414044
processing seq 2262 ... 
80: . by G
139: . by G
impute EPI_ISL_418141 by EPI_ISL_418141|by-EPI_ISL_412872
processing seq 2263 ... 
80: . by G
impute EPI_ISL_418142 by EPI_ISL_418142|by-EPI_ISL_403929
processing seq 2267 ... 
56: . by T
80: . by G
106: . by C
107: . by C
114: . by C
impute EPI_ISL_418146 by EPI_ISL_418146|by-EPI_ISL_416885
processing seq 2269 ... 
34: . by C
56: . by T
80: . by G
114: . by C
138: . by C
139: . by G
140: . by G
142: . by A
143: . by A
144: . by G
145: . by G
146: . by G
impute EPI_ISL_418148 by EPI_ISL_418148|by-EPI_ISL_417591
processing seq 2273 ... 
139: . by G
impute EPI_ISL_418152 by EPI_ISL_418152|by-EPI_ISL_417470
processing seq 2274 ... 
56: . by T
impute EPI_ISL_418153 by EPI_ISL_418153|by-EPI_ISL_403962
processing seq 2275 ... 
31: . by T
56: . by T
57: . by C
impute EPI_ISL_418154 by EPI_ISL_418154|by-EPI_ISL_417178
processing seq 2278 ... 
56: . by T
impute EPI_ISL_418157 by EPI_ISL_418157|by-EPI_ISL_413582
processing seq 2281 ... 
56: . by T
impute EPI_ISL_418160 by EPI_ISL_418160|by-EPI_ISL_413852
processing seq 2282 ... 
56: . by T
impute EPI_ISL_418161 by EPI_ISL_418161|by-EPI_ISL_416474
processing seq 2283 ... 
56: . by T
impute EPI_ISL_418162 by EPI_ISL_418162|by-EPI_ISL_406716
processing seq 2285 ... 
9: . by T
139: . by G
impute EPI_ISL_418164 by EPI_ISL_418164|by-EPI_ISL_410218
processing seq 2286 ... 
31: . by T
56: . by T
80: . by G
142: . by A
143: . by A
144: . by G
145: . by G
146: . by G
impute EPI_ISL_418165 by EPI_ISL_418165|by-EPI_ISL_404228
processing seq 2290 ... 
140: . by G
impute EPI_ISL_418182 by EPI_ISL_418182|by-EPI_ISL_417609
processing seq 2295 ... 
86: . by C
impute EPI_ISL_418189 by EPI_ISL_418189|by-EPI_ISL_416689
processing seq 2296 ... 
34: . by C
80: . by G
95: . by C
96: . by C
impute EPI_ISL_418190 by EPI_ISL_418190|by-EPI_ISL_418057
processing seq 2304 ... 
10: . by T
67: . by T
112: . by A
impute EPI_ISL_418202 by EPI_ISL_418202|by-EPI_ISL_417850
processing seq 2313 ... 
146: . by G
impute EPI_ISL_418212 by EPI_ISL_418212|by-EPI_ISL_417972
processing seq 2315 ... 
80: . by G
143: . by A
144: . by G
145: . by G
146: . by G
impute EPI_ISL_418214 by EPI_ISL_418214|by-EPI_ISL_416742
processing seq 2316 ... 
80: . by G
impute EPI_ISL_418215 by EPI_ISL_418215|by-EPI_ISL_418017
processing seq 2321 ... 
1: . by T
2: . by T
3: . by C
4: . by A
5: . by C
6: . by T
7: . by C
8: . by C
impute EPI_ISL_418221 by EPI_ISL_418221|by-EPI_ISL_418198
