1	146
ST1	EPI_ISL_402119
ST1	EPI_ISL_402120
ST1	EPI_ISL_402121
ST1	EPI_ISL_402123
ST1	EPI_ISL_402124
ST1	EPI_ISL_402125
ST1	EPI_ISL_402127
ST1	EPI_ISL_402128
ST1	EPI_ISL_402129
ST1	EPI_ISL_402130
ST1	EPI_ISL_402132
ST1	EPI_ISL_403928
ST1	EPI_ISL_403929
ST1	EPI_ISL_403930
ST1	EPI_ISL_403931
ST1	EPI_ISL_403934
ST1	EPI_ISL_403962
ST1	EPI_ISL_403963
ST1	EPI_ISL_404227
ST1	EPI_ISL_404228
ST1	EPI_ISL_406538
ST1	EPI_ISL_406595
ST1	EPI_ISL_406716
ST1	EPI_ISL_406717
ST1	EPI_ISL_406798
ST1	EPI_ISL_406800
ST1	EPI_ISL_406970
ST1	EPI_ISL_406973
ST1	EPI_ISL_407079|by-EPI_ISL_411927	86
ST1	EPI_ISL_407084
ST1	EPI_ISL_407313
ST1	EPI_ISL_408431
ST1	EPI_ISL_408479
ST1	EPI_ISL_408486
ST1	EPI_ISL_408488
ST1	EPI_ISL_408511|by-EPI_ISL_417335	1-2-3-4-5-6-7-8-9-32-124-136-137-138
ST1	EPI_ISL_408514
ST1	EPI_ISL_408515
ST1	EPI_ISL_408976|by-EPI_ISL_416401	146
ST1	EPI_ISL_410044|by-EPI_ISL_417553	9
ST1	EPI_ISL_410218
ST1	EPI_ISL_410486
ST1	EPI_ISL_410531
ST1	EPI_ISL_410532
ST1	EPI_ISL_411902
ST1	EPI_ISL_411915
ST1	EPI_ISL_411927
ST1	EPI_ISL_411950
ST1	EPI_ISL_411953
ST1	EPI_ISL_411955
ST1	EPI_ISL_412026
ST1	EPI_ISL_412459
ST1	EPI_ISL_412872
ST1	EPI_ISL_412898
ST1	EPI_ISL_412899
ST1	EPI_ISL_412900|by-EPI_ISL_406538	1-2-3-4-5-6-7-8-9
ST1	EPI_ISL_412965|by-EPI_ISL_415494	50-89-90-91
ST1	EPI_ISL_413564|by-EPI_ISL_411953	82
ST1	EPI_ISL_413567|by-EPI_ISL_417253	70-71-72-82
ST1	EPI_ISL_413568|by-EPI_ISL_407084	82
ST1	EPI_ISL_413576|by-EPI_ISL_406717	70-71-72-82
ST1	EPI_ISL_413578|by-EPI_ISL_402128	140-141-142-143-144-145-146
ST1	EPI_ISL_413580
ST1	EPI_ISL_413581|by-EPI_ISL_413582	82
ST1	EPI_ISL_413582
ST1	EPI_ISL_413585|by-EPI_ISL_407313	70-71-72-82-102
ST1	EPI_ISL_413586|by-EPI_ISL_406538	66-71-72-82
ST1	EPI_ISL_413590
ST1	EPI_ISL_413594|by-EPI_ISL_416358	1-2-3-4-5-6-7-142-143-144-145-146
ST1	EPI_ISL_413596|by-EPI_ISL_417276	1-2-3-4-5-6-7-142-143-144-145-146
ST1	EPI_ISL_413606
ST1	EPI_ISL_413608
ST1	EPI_ISL_413610
ST1	EPI_ISL_413613
ST1	EPI_ISL_413614
ST1	EPI_ISL_413615
ST1	EPI_ISL_413616
ST1	EPI_ISL_413618
ST1	EPI_ISL_413619
ST1	EPI_ISL_413620
ST1	EPI_ISL_413621
ST1	EPI_ISL_413622
ST1	EPI_ISL_413692
ST1	EPI_ISL_413693
ST1	EPI_ISL_413694
ST1	EPI_ISL_413753
ST1	EPI_ISL_413850|by-EPI_ISL_413613	15-50-51-57-86
ST1	EPI_ISL_413851
ST1	EPI_ISL_413852
ST1	EPI_ISL_413857
ST1	EPI_ISL_413861
ST1	EPI_ISL_413866
ST1	EPI_ISL_413868|by-EPI_ISL_406716	41-56-80-89-90-91-114-115-116-142-143-144-145-146
ST1	EPI_ISL_413869|by-EPI_ISL_416044	41-89-90-91
ST1	EPI_ISL_413872|by-EPI_ISL_403962	41-80-89-90-91
ST1	EPI_ISL_413874|by-EPI_ISL_414040	41-80-89-90-91
ST1	EPI_ISL_413875|by-EPI_ISL_404227	89-90-91
ST1	EPI_ISL_413879|by-EPI_ISL_412899	9-10-41-56-80-82-83-84-89-90-91-114-115-116
ST1	EPI_ISL_413882|by-EPI_ISL_415516	89-90-91
ST1	EPI_ISL_413883|by-EPI_ISL_416380	35-36-37-41-56-83-84-89-90-91-114-115-116
ST1	EPI_ISL_413884|by-EPI_ISL_407313	41
ST1	EPI_ISL_413888|by-EPI_ISL_406538	41-89-90-91
ST1	EPI_ISL_413893|by-EPI_ISL_412898	41-56-80-83-84-89-90-91-114-115-116
ST1	EPI_ISL_413898|by-EPI_ISL_417285	41-56-80-82-83-84-89-90-91-114-115-116
ST1	EPI_ISL_413902|by-EPI_ISL_407084	41-56-80-82-83-84-89-90-91-114-115-116
ST1	EPI_ISL_414024|by-EPI_ISL_404227	89-90-91
ST1	EPI_ISL_414026|by-EPI_ISL_410486	89-90-91
ST1	EPI_ISL_414040
ST1	EPI_ISL_414041
ST1	EPI_ISL_414042
ST1	EPI_ISL_414043
ST1	EPI_ISL_414044
ST1	EPI_ISL_414426|by-EPI_ISL_403962	82
ST1	EPI_ISL_414427|by-EPI_ISL_416340	31-38-82-94
ST1	EPI_ISL_414431|by-EPI_ISL_414042	40-82
ST1	EPI_ISL_414432|by-EPI_ISL_413613	82
ST1	EPI_ISL_414458|by-EPI_ISL_413613	82
ST1	EPI_ISL_414459|by-EPI_ISL_416367	40-70-71-72-82-102
ST1	EPI_ISL_414462|by-EPI_ISL_416907	82
ST1	EPI_ISL_414467
ST1	EPI_ISL_414479
ST1	EPI_ISL_414481
ST1	EPI_ISL_414487
ST1	EPI_ISL_414498
ST1	EPI_ISL_414504|by-EPI_ISL_416340	89-90-91
ST1	EPI_ISL_414506|by-EPI_ISL_413582	89-90-91
ST1	EPI_ISL_414508
ST1	EPI_ISL_414510
ST1	EPI_ISL_414533|by-EPI_ISL_412026	70-71-72-82
ST1	EPI_ISL_414538|by-EPI_ISL_413852	20-42-43-44-45-47-70-71-72-87
ST1	EPI_ISL_414540|by-EPI_ISL_403962	9-70-71-72
ST1	EPI_ISL_414541
ST1	EPI_ISL_414542
ST1	EPI_ISL_414547|by-EPI_ISL_408488	38-39-40-42-43-44-45-70-71-72-81-82-102
ST1	EPI_ISL_414550|by-EPI_ISL_416355	82-95-96-97-98
ST1	EPI_ISL_414553|by-EPI_ISL_406595	94
ST1	EPI_ISL_414574|by-EPI_ISL_402119	89-90-91
ST1	EPI_ISL_414687|by-EPI_ISL_416404	86
ST1	EPI_ISL_414692
ST1	EPI_ISL_415148
ST1	EPI_ISL_415490|by-EPI_ISL_417591	20-70-71-72
ST1	EPI_ISL_415493
ST1	EPI_ISL_415494
ST1	EPI_ISL_415504|by-EPI_ISL_413753	87
ST1	EPI_ISL_415513|by-EPI_ISL_411915	87
ST1	EPI_ISL_415516
ST1	EPI_ISL_415522
ST1	EPI_ISL_415528|by-EPI_ISL_412898	20
ST1	EPI_ISL_415538|by-EPI_ISL_413852	80-85
ST1	EPI_ISL_415583
ST1	EPI_ISL_415628|by-EPI_ISL_416329	89-90-91
ST1	EPI_ISL_415638|by-EPI_ISL_413614	89-90-91
ST1	EPI_ISL_415659|by-EPI_ISL_416320	80
ST1	EPI_ISL_415711
ST1	EPI_ISL_415918|by-EPI_ISL_416907	89-90-91
ST1	EPI_ISL_415919|by-EPI_ISL_416340	80-89-90-91-142-143-144-145-146
ST1	EPI_ISL_416044
ST1	EPI_ISL_416046
ST1	EPI_ISL_416047
ST1	EPI_ISL_416320
ST1	EPI_ISL_416329
ST1	EPI_ISL_416336
ST1	EPI_ISL_416337
ST1	EPI_ISL_416340
ST1	EPI_ISL_416345|by-EPI_ISL_414467	42-43
ST1	EPI_ISL_416347|by-EPI_ISL_406716	42-43-44
ST1	EPI_ISL_416348|by-EPI_ISL_414043	42-43-44
ST1	EPI_ISL_416353
ST1	EPI_ISL_416355
ST1	EPI_ISL_416358
ST1	EPI_ISL_416359|by-EPI_ISL_402123	42-43
ST1	EPI_ISL_416360|by-EPI_ISL_416390	1-2-3-4-5-6-7-8-42-43
ST1	EPI_ISL_416362
ST1	EPI_ISL_416367
ST1	EPI_ISL_416369|by-EPI_ISL_415148	42-43-44
ST1	EPI_ISL_416370
ST1	EPI_ISL_416374|by-EPI_ISL_416362	42-43-95-96
ST1	EPI_ISL_416375
ST1	EPI_ISL_416376
ST1	EPI_ISL_416379
ST1	EPI_ISL_416380
ST1	EPI_ISL_416384
ST1	EPI_ISL_416385|by-EPI_ISL_413851	66-100-101
ST1	EPI_ISL_416388|by-EPI_ISL_413606	42-43-64-65-66-97-98-99
ST1	EPI_ISL_416390
ST1	EPI_ISL_416393
ST1	EPI_ISL_416394
ST1	EPI_ISL_416395|by-EPI_ISL_402127	21-22-23-24-25-26-27-39-40-41-64-65-66
ST1	EPI_ISL_416396|by-EPI_ISL_416379	131-132-133-134-135
ST1	EPI_ISL_416401
ST1	EPI_ISL_416404
ST1	EPI_ISL_416405
ST1	EPI_ISL_416416|by-EPI_ISL_417576	1-2-3-4-5-6-7-8-56-80-89-90-91
ST1	EPI_ISL_416425
ST1	EPI_ISL_416474
ST1	EPI_ISL_416738
ST1	EPI_ISL_416907
ST1	EPI_ISL_417064
ST1	EPI_ISL_417178
ST1	EPI_ISL_417218|by-EPI_ISL_415493	80
ST1	EPI_ISL_417253
ST1	EPI_ISL_417259|by-EPI_ISL_402121	80-81
ST1	EPI_ISL_417263
ST1	EPI_ISL_417276
ST1	EPI_ISL_417285
ST1	EPI_ISL_417288|by-EPI_ISL_417553	80
ST1	EPI_ISL_417296|by-EPI_ISL_408486	143-144-145-146
ST1	EPI_ISL_417306|by-EPI_ISL_406717	80
ST1	EPI_ISL_417312
ST1	EPI_ISL_417313
ST1	EPI_ISL_417318|by-EPI_ISL_414042	146
ST1	EPI_ISL_417320
ST1	EPI_ISL_417325|by-EPI_ISL_404227	1-2-35-107-140-142
ST1	EPI_ISL_417335
ST1	EPI_ISL_417432|by-EPI_ISL_403934	80-89-90-91
ST1	EPI_ISL_417482|by-EPI_ISL_417591	38-80-83-84-142-143-144-145-146
ST1	EPI_ISL_417553
ST1	EPI_ISL_417576
ST1	EPI_ISL_417591
ST1	EPI_ISL_417602
ST1	EPI_ISL_417616|by-EPI_ISL_414041	142-143-144-145-146
ST1	EPI_ISL_417792
ST1	EPI_ISL_418083|by-EPI_ISL_411915	80-142-143-144-145-146
ST1	EPI_ISL_418084|by-EPI_ISL_416320	56-80-89-90-91-139-140-141-142-143-144-145-146
ST1	EPI_ISL_418085|by-EPI_ISL_402121	80
ST1	EPI_ISL_418092|by-EPI_ISL_404227	56-80-89-90-91-139
ST1	EPI_ISL_418100|by-EPI_ISL_413614	56-80-143-144-145-146
ST1	EPI_ISL_418101|by-EPI_ISL_415711	80
ST1	EPI_ISL_418102|by-EPI_ISL_416384	56-80-83-84
ST1	EPI_ISL_418103
ST1	EPI_ISL_418104|by-EPI_ISL_414479	31-56-80-83-84
ST1	EPI_ISL_418106|by-EPI_ISL_406800	56-80-83-84-139
ST1	EPI_ISL_418107|by-EPI_ISL_415583	56-83-84
ST1	EPI_ISL_418108|by-EPI_ISL_417335	56-80-83-84-144-145-146
ST1	EPI_ISL_418111|by-EPI_ISL_403929	56-80
ST1	EPI_ISL_418112|by-EPI_ISL_413852	56-80
ST1	EPI_ISL_418115|by-EPI_ISL_416047	56
ST1	EPI_ISL_418120|by-EPI_ISL_416358	80
ST1	EPI_ISL_418121|by-EPI_ISL_408488	56-80
ST1	EPI_ISL_418124|by-EPI_ISL_413861	56
ST1	EPI_ISL_418125|by-EPI_ISL_406717	80
ST1	EPI_ISL_418127|by-EPI_ISL_414542	56-80
ST1	EPI_ISL_418128|by-EPI_ISL_411915	56-80-114-143-144-145-146
ST1	EPI_ISL_418129|by-EPI_ISL_407313	56-80
ST1	EPI_ISL_418130|by-EPI_ISL_412872	80
ST1	EPI_ISL_418131|by-EPI_ISL_416046	56-80
ST1	EPI_ISL_418132|by-EPI_ISL_416404	80-82
ST1	EPI_ISL_418133|by-EPI_ISL_411915	66-80
ST1	EPI_ISL_418134|by-EPI_ISL_413582	56-80
ST1	EPI_ISL_418135|by-EPI_ISL_416379	80
ST1	EPI_ISL_418137
ST1	EPI_ISL_418140|by-EPI_ISL_414044	80
ST1	EPI_ISL_418141|by-EPI_ISL_412872	80-139
ST1	EPI_ISL_418142|by-EPI_ISL_403929	80
ST1	EPI_ISL_418143
ST1	EPI_ISL_418148|by-EPI_ISL_417591	34-56-80-114-138-139-140-142-143-144-145-146
ST1	EPI_ISL_418150
ST1	EPI_ISL_418153|by-EPI_ISL_403962	56
ST1	EPI_ISL_418154|by-EPI_ISL_417178	31-56-57
ST1	EPI_ISL_418157|by-EPI_ISL_413582	56
ST1	EPI_ISL_418160|by-EPI_ISL_413852	56
ST1	EPI_ISL_418161|by-EPI_ISL_416474	56
ST1	EPI_ISL_418162|by-EPI_ISL_406716	56
ST1	EPI_ISL_418164|by-EPI_ISL_410218	9-139
ST1	EPI_ISL_418165|by-EPI_ISL_404228	31-56-80-142-143-144-145-146
ST2	EPI_ISL_403932
ST2	EPI_ISL_403933
ST2	EPI_ISL_403935
ST2	EPI_ISL_405839
ST2	EPI_ISL_406030
ST2	EPI_ISL_406593
ST2	EPI_ISL_408665
ST2	EPI_ISL_408666
ST2	EPI_ISL_408667
ST2	EPI_ISL_411956
ST2	EPI_ISL_413809
ST2	EPI_ISL_414521
ST2	EPI_ISL_414688
ST2	EPI_ISL_416318
ST2	EPI_ISL_416319
ST2	EPI_ISL_416366
ST2	EPI_ISL_416377
ST2	EPI_ISL_417030
ST3	EPI_ISL_403936
ST3	EPI_ISL_403937
ST3	EPI_ISL_406531
ST3	EPI_ISL_408010
ST3	EPI_ISL_411952
ST3	EPI_ISL_416321
ST4	EPI_ISL_404253|by-EPI_ISL_416885	40-97-113-120-121-130
ST4	EPI_ISL_406801
ST4	EPI_ISL_407071
ST4	EPI_ISL_407073
ST4	EPI_ISL_407893
ST4	EPI_ISL_407976
ST4	EPI_ISL_408483
ST4	EPI_ISL_408489|by-EPI_ISL_417979	1-2-3-4-142-143-144-145-146
ST4	EPI_ISL_411926
ST4	EPI_ISL_412869
ST4	EPI_ISL_412978
ST4	EPI_ISL_412979
ST4	EPI_ISL_412980
ST4	EPI_ISL_412983|by-EPI_ISL_413747	1-2
ST4	EPI_ISL_413485|by-EPI_ISL_416402	50
ST4	EPI_ISL_413523
ST4	EPI_ISL_413691
ST4	EPI_ISL_413695|by-EPI_ISL_406801	89
ST4	EPI_ISL_413729
ST4	EPI_ISL_413746
ST4	EPI_ISL_413747
ST4	EPI_ISL_413748
ST4	EPI_ISL_413749
ST4	EPI_ISL_413750
ST4	EPI_ISL_413751
ST4	EPI_ISL_413752|by-EPI_ISL_413854	9
ST4	EPI_ISL_413854
ST4	EPI_ISL_413856|by-EPI_ISL_413867	50
ST4	EPI_ISL_413858
ST4	EPI_ISL_413859|by-EPI_ISL_416330	42-43-50-57-86
ST4	EPI_ISL_413860
ST4	EPI_ISL_413867
ST4	EPI_ISL_413873|by-EPI_ISL_413867	9-10-41-89-90-91-114-115-116-142-143-144-145-146
ST4	EPI_ISL_413889|by-EPI_ISL_412978	41-89-90-91
ST4	EPI_ISL_413897|by-EPI_ISL_407976	41-56-80-82-89-90-91-114-115-116
ST4	EPI_ISL_414378|by-EPI_ISL_413750	119-120-121
ST4	EPI_ISL_414379|by-EPI_ISL_412980	119-120-121
ST4	EPI_ISL_414380|by-EPI_ISL_406801	119-120-121
ST4	EPI_ISL_414496|by-EPI_ISL_413749	28-32-52-53-89-90-91-94-142-143-144-145-146
ST4	EPI_ISL_414577
ST4	EPI_ISL_414578
ST4	EPI_ISL_414689
ST4	EPI_ISL_414690
ST4	EPI_ISL_414691
ST4	EPI_ISL_414934|by-EPI_ISL_407071	19-32-54-58-69-70-100-101-104-106-138-139-146
ST4	EPI_ISL_416042
ST4	EPI_ISL_416322
ST4	EPI_ISL_416323
ST4	EPI_ISL_416326
ST4	EPI_ISL_416328|by-EPI_ISL_416339	42-43-44
ST4	EPI_ISL_416330
ST4	EPI_ISL_416333
ST4	EPI_ISL_416339
ST4	EPI_ISL_416343|by-EPI_ISL_413747	42-43-44
ST4	EPI_ISL_416344|by-EPI_ISL_416326	1-2-42-43-87
ST4	EPI_ISL_416352
ST4	EPI_ISL_416357
ST4	EPI_ISL_416368|by-EPI_ISL_417176	42-43
ST4	EPI_ISL_416378|by-EPI_ISL_416042	42-43
ST4	EPI_ISL_416402
ST4	EPI_ISL_416483|by-EPI_ISL_416042	89-90-91
ST4	EPI_ISL_416485|by-EPI_ISL_413750	106-107
ST4	EPI_ISL_416885
ST4	EPI_ISL_417176
ST4	EPI_ISL_417205|by-EPI_ISL_416357	15-21-22-23-56-80-83-84-106-107-119-120
ST4	EPI_ISL_417206|by-EPI_ISL_416042	21-22-23-35-47-48-49-56-80-83-84-87-119-120
ST4	EPI_ISL_417518|by-EPI_ISL_413747	119-120-121
ST4	EPI_ISL_417924|by-EPI_ISL_416402	89-90-91
ST4	EPI_ISL_417979
ST4	EPI_ISL_417980
ST4	EPI_ISL_418027
ST4	EPI_ISL_418146|by-EPI_ISL_416885	56-80-106-107-114
ST4	EPI_ISL_418252
ST5	EPI_ISL_404895
ST5	EPI_ISL_407214
ST5	EPI_ISL_407215
ST5	EPI_ISL_408478
ST5	EPI_ISL_408487|by-EPI_ISL_411060	9-111-136-137
ST5	EPI_ISL_411060
ST5	EPI_ISL_413855
ST5	EPI_ISL_413862
ST5	EPI_ISL_416473
ST5	EPI_ISL_416886
ST6	EPI_ISL_406031
ST6	EPI_ISL_406036
ST6	EPI_ISL_406844|by-EPI_ISL_416411	146
ST6	EPI_ISL_408977
ST6	EPI_ISL_410536
ST6	EPI_ISL_410545|by-EPI_ISL_410536	50
ST6	EPI_ISL_410713
ST6	EPI_ISL_410714
ST6	EPI_ISL_410715
ST6	EPI_ISL_410716
ST6	EPI_ISL_411929
ST6	EPI_ISL_411951
ST6	EPI_ISL_413018
ST6	EPI_ISL_413863
ST6	EPI_ISL_415582
ST6	EPI_ISL_416315|by-EPI_ISL_417185	57-85
ST6	EPI_ISL_416325
ST6	EPI_ISL_416349
ST6	EPI_ISL_416364|by-EPI_ISL_410536	42-43
ST6	EPI_ISL_416391|by-EPI_ISL_410715	21-22-23-42-43-44
ST6	EPI_ISL_416400|by-EPI_ISL_416411	42-43-44
ST6	EPI_ISL_416408|by-EPI_ISL_410536	42-43-44
ST6	EPI_ISL_416410|by-EPI_ISL_410714	89-90-91
ST6	EPI_ISL_416411
ST6	EPI_ISL_417177|by-EPI_ISL_410713	89-90-91
ST6	EPI_ISL_417179|by-EPI_ISL_413863	35-36-37-89-90-91-106
ST6	EPI_ISL_417180|by-EPI_ISL_410716	89-90-91
ST6	EPI_ISL_417182|by-EPI_ISL_410715	89-90-91
ST6	EPI_ISL_417183|by-EPI_ISL_416325	89-90-91
ST6	EPI_ISL_417184|by-EPI_ISL_410715	56-89-90-91
ST6	EPI_ISL_417185
ST6	EPI_ISL_417190|by-EPI_ISL_410713	56-89-90-91
ST6	EPI_ISL_417195|by-EPI_ISL_416411	89-90-91
ST6	EPI_ISL_417199|by-EPI_ISL_410715	89-90-91
ST6	EPI_ISL_418123|by-EPI_ISL_417185	50-56-80
ST7	EPI_ISL_406034
ST7	EPI_ISL_408484
ST7	EPI_ISL_408485
ST7	EPI_ISL_408668
ST7	EPI_ISL_410045
ST7	EPI_ISL_416338
ST7	EPI_ISL_416341
ST7	EPI_ISL_416381
ST7	EPI_ISL_416409
ST7	EPI_ISL_416427
ST7	EPI_ISL_416429
ST8	EPI_ISL_406223
ST9	EPI_ISL_406533
ST9	EPI_ISL_408669
ST9	EPI_ISL_412966
ST9	EPI_ISL_413864
ST9	EPI_ISL_414511
ST9	EPI_ISL_416361
ST9	EPI_ISL_416363
ST9	EPI_ISL_416387
ST10	EPI_ISL_406534
ST10	EPI_ISL_406594
ST10	EPI_ISL_408008
ST10	EPI_ISL_408009
ST10	EPI_ISL_413014
ST10	EPI_ISL_413015
ST10	EPI_ISL_416365
ST11	EPI_ISL_406535
ST11	EPI_ISL_406536
ST11	EPI_ISL_408670
ST11	EPI_ISL_410719
ST11	EPI_ISL_411066
ST11	EPI_ISL_412967
ST11	EPI_ISL_413522
ST11	EPI_ISL_416324
ST11	EPI_ISL_416398
ST12	EPI_ISL_406592
ST13	EPI_ISL_406596
ST13	EPI_ISL_406597
ST13	EPI_ISL_410720
ST13	EPI_ISL_411219
ST13	EPI_ISL_411220
ST14	EPI_ISL_406862
ST14	EPI_ISL_414640|by-EPI_ISL_417494	81-82-99-110
ST14	EPI_ISL_416327|by-EPI_ISL_417494	42-43
ST14	EPI_ISL_416334
ST14	EPI_ISL_416386|by-EPI_ISL_406862	42-43-85
ST14	EPI_ISL_417471
ST14	EPI_ISL_417494
ST15	EPI_ISL_407193
ST15	EPI_ISL_412870
ST15	EPI_ISL_412871
ST15	EPI_ISL_413513
ST15	EPI_ISL_413514
ST15	EPI_ISL_413515
ST15	EPI_ISL_413516
ST15	EPI_ISL_413518
ST15	EPI_ISL_413519
ST15	EPI_ISL_413520
ST15	EPI_ISL_413521
ST16	EPI_ISL_407894
ST16	EPI_ISL_407896
ST16	EPI_ISL_410535|by-EPI_ISL_416317	1-2-3-4-5-6-7-142-143-144-145-146
ST16	EPI_ISL_410717
ST16	EPI_ISL_410718
ST16	EPI_ISL_411954
ST16	EPI_ISL_413853
ST16	EPI_ISL_416316
ST16	EPI_ISL_416317
ST16	EPI_ISL_416403
ST16	EPI_ISL_416415
ST16	EPI_ISL_416696
ST17	EPI_ISL_407987
ST17	EPI_ISL_410537
ST17	EPI_ISL_416829
ST17	EPI_ISL_416866
ST17	EPI_ISL_416884
ST18	EPI_ISL_407988
ST18	EPI_ISL_408481
ST18	EPI_ISL_412030
ST18	EPI_ISL_412968
ST18	EPI_ISL_413870|by-EPI_ISL_416595	41-89-90-91-114-115-116
ST18	EPI_ISL_413896|by-EPI_ISL_416614	41-56-80-82-83-84-89-90-91-114-115-116-139
ST18	EPI_ISL_414483
ST18	EPI_ISL_414484
ST18	EPI_ISL_414485
ST18	EPI_ISL_414501|by-EPI_ISL_416614	89-90-91
ST18	EPI_ISL_414571
ST18	EPI_ISL_415137|by-EPI_ISL_416586	80-128
ST18	EPI_ISL_415577|by-EPI_ISL_416595	89-90-91
ST18	EPI_ISL_415578|by-EPI_ISL_416594	82
ST18	EPI_ISL_415579|by-EPI_ISL_415585	38
ST18	EPI_ISL_415580|by-EPI_ISL_416609	89-90-91
ST18	EPI_ISL_415585
ST18	EPI_ISL_415587|by-EPI_ISL_416595	38
ST18	EPI_ISL_416342
ST18	EPI_ISL_416354|by-EPI_ISL_416583	42-43
ST18	EPI_ISL_416371|by-EPI_ISL_416573	17-18-19-40-41-42-43-50-51
ST18	EPI_ISL_416383|by-EPI_ISL_415585	42-43-97-98-99
ST18	EPI_ISL_416414|by-EPI_ISL_416606	21-22-23-89-90-91
ST18	EPI_ISL_416526|by-EPI_ISL_416597	89-90-91
ST18	EPI_ISL_416566
ST18	EPI_ISL_416568|by-EPI_ISL_416605	9
ST18	EPI_ISL_416569
ST18	EPI_ISL_416571
ST18	EPI_ISL_416572
ST18	EPI_ISL_416573
ST18	EPI_ISL_416574
ST18	EPI_ISL_416575
ST18	EPI_ISL_416576
ST18	EPI_ISL_416577
ST18	EPI_ISL_416578
ST18	EPI_ISL_416579
ST18	EPI_ISL_416580
ST18	EPI_ISL_416581
ST18	EPI_ISL_416583
ST18	EPI_ISL_416586
ST18	EPI_ISL_416588|by-EPI_ISL_416591	9
ST18	EPI_ISL_416589
ST18	EPI_ISL_416590
ST18	EPI_ISL_416591
ST18	EPI_ISL_416592
ST18	EPI_ISL_416593
ST18	EPI_ISL_416594
ST18	EPI_ISL_416595
ST18	EPI_ISL_416596
ST18	EPI_ISL_416597
ST18	EPI_ISL_416600
ST18	EPI_ISL_416601
ST18	EPI_ISL_416602|by-EPI_ISL_414485	89-90-91
ST18	EPI_ISL_416605
ST18	EPI_ISL_416606
ST18	EPI_ISL_416607
ST18	EPI_ISL_416608
ST18	EPI_ISL_416609
ST18	EPI_ISL_416611
ST18	EPI_ISL_416612
ST18	EPI_ISL_416614
ST18	EPI_ISL_416616|by-EPI_ISL_416614	89-90-91
ST18	EPI_ISL_416617
ST18	EPI_ISL_416618|by-EPI_ISL_416614	89-90-91-143-144-145-146
ST18	EPI_ISL_416620
ST18	EPI_ISL_416621
ST18	EPI_ISL_416622
ST18	EPI_ISL_416623|by-EPI_ISL_416342	47-89-90-91-143-144-145-146
ST18	EPI_ISL_416626|by-EPI_ISL_416620	89-90-91
ST18	EPI_ISL_416627
ST18	EPI_ISL_416628
ST18	EPI_ISL_416629
ST18	EPI_ISL_416630
ST18	EPI_ISL_416631
ST18	EPI_ISL_416632
ST18	EPI_ISL_416633
ST18	EPI_ISL_416634
ST18	EPI_ISL_417920|by-EPI_ISL_416593	56-91
ST19	EPI_ISL_408430
ST19	EPI_ISL_410984
ST19	EPI_ISL_411218
ST19	EPI_ISL_416351|by-EPI_ISL_410984	42-43
ST20	EPI_ISL_408480
ST20	EPI_ISL_416392|by-EPI_ISL_408480	42-43
ST21	EPI_ISL_408482
ST21	EPI_ISL_412975
ST21	EPI_ISL_412981
ST21	EPI_ISL_413490
ST21	EPI_ISL_413600|by-EPI_ISL_416542	1-2-3-4-5-6-7-142-143-144-145-146
ST21	EPI_ISL_414008
ST21	EPI_ISL_414476
ST21	EPI_ISL_414591
ST21	EPI_ISL_415581
ST21	EPI_ISL_416373
ST21	EPI_ISL_416382
ST21	EPI_ISL_416542
ST21	EPI_ISL_417238|by-EPI_ISL_416542	128
ST21	EPI_ISL_417384
ST21	EPI_ISL_417385
ST22	EPI_ISL_408978|by-EPI_ISL_418025	3-4-50-51-111-139-141-142-143-144-145-146
ST22	EPI_ISL_410546
ST22	EPI_ISL_412974
ST22	EPI_ISL_413605|by-EPI_ISL_417486	81-82
ST22	EPI_ISL_414529|by-EPI_ISL_417486	82
ST22	EPI_ISL_414531|by-EPI_ISL_416480	82
ST22	EPI_ISL_414532|by-EPI_ISL_417486	82
ST22	EPI_ISL_414534|by-EPI_ISL_417314	82
ST22	EPI_ISL_414645|by-EPI_ISL_412974	68-69-79-82
ST22	EPI_ISL_415130|by-EPI_ISL_415641	80
ST22	EPI_ISL_415132|by-EPI_ISL_417668	21-22-23-80
ST22	EPI_ISL_415139|by-EPI_ISL_417486	80
ST22	EPI_ISL_415143|by-EPI_ISL_417314	80
ST22	EPI_ISL_415144|by-EPI_ISL_415643	22-23-80
ST22	EPI_ISL_415149|by-EPI_ISL_415590	80
ST22	EPI_ISL_415470
ST22	EPI_ISL_415484
ST22	EPI_ISL_415590
ST22	EPI_ISL_415641
ST22	EPI_ISL_415643
ST22	EPI_ISL_415709
ST22	EPI_ISL_416346|by-EPI_ISL_416480	40-41-42-43-44-50-51
ST22	EPI_ISL_416480
ST22	EPI_ISL_416503
ST22	EPI_ISL_416507
ST22	EPI_ISL_416515|by-EPI_ISL_417487	89-90-91-146
ST22	EPI_ISL_416516|by-EPI_ISL_417668	89-90-91-146
ST22	EPI_ISL_416518|by-EPI_ISL_417487	89-90-91
ST22	EPI_ISL_417011|by-EPI_ISL_412974	89-90-91
ST22	EPI_ISL_417215|by-EPI_ISL_415641	80
ST22	EPI_ISL_417216|by-EPI_ISL_415641	143-144-145-146
ST22	EPI_ISL_417219|by-EPI_ISL_417486	80-81
ST22	EPI_ISL_417254
ST22	EPI_ISL_417262|by-EPI_ISL_417314	80
ST22	EPI_ISL_417275|by-EPI_ISL_415641	80
ST22	EPI_ISL_417281|by-EPI_ISL_412974	80
ST22	EPI_ISL_417284|by-EPI_ISL_415590	80
ST22	EPI_ISL_417300|by-EPI_ISL_415590	15-22-23-80-81-83-84-144-145-146
ST22	EPI_ISL_417303|by-EPI_ISL_417486	80
ST22	EPI_ISL_417305|by-EPI_ISL_415643	80
ST22	EPI_ISL_417314
ST22	EPI_ISL_417486
ST22	EPI_ISL_417487
ST22	EPI_ISL_417488
ST22	EPI_ISL_417489
ST22	EPI_ISL_417490|by-EPI_ISL_417486	88
ST22	EPI_ISL_417554|by-EPI_ISL_417314	25-26-27-40-76-77-78-140-141-142-143-144-145-146
ST22	EPI_ISL_417601|by-EPI_ISL_415470	140-141-142-143
ST22	EPI_ISL_417605|by-EPI_ISL_417314	140-141-142-143
ST22	EPI_ISL_417657|by-EPI_ISL_416480	143-144-145-146
ST22	EPI_ISL_417658|by-EPI_ISL_417668	15-21-22-23
ST22	EPI_ISL_417661|by-EPI_ISL_416507	15-21
ST22	EPI_ISL_417668
ST22	EPI_ISL_417669|by-EPI_ISL_416503	3-4-15-21-22-23-56
ST22	EPI_ISL_417765|by-EPI_ISL_417486	1-2-3-4-5-6-7-8-143-144-145-146
ST22	EPI_ISL_417952|by-EPI_ISL_417314	118
ST22	EPI_ISL_418025
ST22	EPI_ISL_418126|by-EPI_ISL_417254	146
ST23	EPI_ISL_409067
ST24	EPI_ISL_410301
ST25	EPI_ISL_411957
ST25	EPI_ISL_414684|by-EPI_ISL_411957	86
ST25	EPI_ISL_414685|by-EPI_ISL_411957	86
ST25	EPI_ISL_414686|by-EPI_ISL_411957	86
ST26	EPI_ISL_412028|by-EPI_ISL_408668	97
ST27	EPI_ISL_412029
ST27	EPI_ISL_414527
ST27	EPI_ISL_414528
ST27	EPI_ISL_414569
ST27	EPI_ISL_416314
ST27	EPI_ISL_417181|by-EPI_ISL_417188	89-91
ST27	EPI_ISL_417187
ST27	EPI_ISL_417188
ST27	EPI_ISL_417193
ST27	EPI_ISL_417197
ST28	EPI_ISL_412116|by-EPI_ISL_417270	50
ST28	EPI_ISL_414005|by-EPI_ISL_418021	50
ST28	EPI_ISL_414006|by-EPI_ISL_415478	50
ST28	EPI_ISL_414007|by-EPI_ISL_418020	50
ST28	EPI_ISL_415128
ST28	EPI_ISL_415478
ST28	EPI_ISL_415630
ST28	EPI_ISL_417213|by-EPI_ISL_415630	80
ST28	EPI_ISL_417270
ST28	EPI_ISL_417282
ST28	EPI_ISL_417315
ST28	EPI_ISL_417394|by-EPI_ISL_415630	1-2-3-4-5-6-7-142-143-144-145-146
ST28	EPI_ISL_417409|by-EPI_ISL_415478	1-2-3-4-5-6-7-142-143-144-145-146
ST28	EPI_ISL_417410|by-EPI_ISL_418021	1-2-3-4-5-6-7-142-143-144-145-146
ST28	EPI_ISL_417475|by-EPI_ISL_415630	50-85
ST28	EPI_ISL_417498|by-EPI_ISL_418021	50-85
ST28	EPI_ISL_417584
ST28	EPI_ISL_417659
ST28	EPI_ISL_417950
ST28	EPI_ISL_418020
ST28	EPI_ISL_418021
ST29	EPI_ISL_412862
ST29	EPI_ISL_413558
ST29	EPI_ISL_413559
ST29	EPI_ISL_413561
ST30	EPI_ISL_412873
ST31	EPI_ISL_412912
ST31	EPI_ISL_412972
ST31	EPI_ISL_413021
ST31	EPI_ISL_413022
ST31	EPI_ISL_413221|by-EPI_ISL_418018	89-90-91
ST31	EPI_ISL_413550|by-EPI_ISL_418018	95-96
ST31	EPI_ISL_413556|by-EPI_ISL_418018	89-90-91
ST31	EPI_ISL_413565|by-EPI_ISL_416737	67-68-95-96-97
ST31	EPI_ISL_413569
ST31	EPI_ISL_413570
ST31	EPI_ISL_413571|by-EPI_ISL_417244	82
ST31	EPI_ISL_413574|by-EPI_ISL_418019	82
ST31	EPI_ISL_413579
ST31	EPI_ISL_413587
ST31	EPI_ISL_414012
ST31	EPI_ISL_414023
ST31	EPI_ISL_414424|by-EPI_ISL_417826	82
ST31	EPI_ISL_414425|by-EPI_ISL_418019	82
ST31	EPI_ISL_414434|by-EPI_ISL_417425	82
ST31	EPI_ISL_414436|by-EPI_ISL_413579	82
ST31	EPI_ISL_414438|by-EPI_ISL_412972	82
ST31	EPI_ISL_414440|by-EPI_ISL_418019	82
ST31	EPI_ISL_414442|by-EPI_ISL_416997	82
ST31	EPI_ISL_414444|by-EPI_ISL_417679	82
ST31	EPI_ISL_414448|by-EPI_ISL_415787	82
ST31	EPI_ISL_414449|by-EPI_ISL_417244	82
ST31	EPI_ISL_414454|by-EPI_ISL_416732	82
ST31	EPI_ISL_414455|by-EPI_ISL_416734	82
ST31	EPI_ISL_414460|by-EPI_ISL_417260	82
ST31	EPI_ISL_414463|by-EPI_ISL_416676	82
ST31	EPI_ISL_414464|by-EPI_ISL_417781	82
ST31	EPI_ISL_414466|by-EPI_ISL_417015	82-102
ST31	EPI_ISL_414469|by-EPI_ISL_416732	82
ST31	EPI_ISL_414470
ST31	EPI_ISL_414471|by-EPI_ISL_417258	82
ST31	EPI_ISL_414486|by-EPI_ISL_416997	89-90-91
ST31	EPI_ISL_414488|by-EPI_ISL_417458	89-90-91-142-143-144-145-146
ST31	EPI_ISL_414507|by-EPI_ISL_413579	89-90-91
ST31	EPI_ISL_414535|by-EPI_ISL_417425	82
ST31	EPI_ISL_414548|by-EPI_ISL_413022	82
ST31	EPI_ISL_414556|by-EPI_ISL_417244	82
ST31	EPI_ISL_414560|by-EPI_ISL_413579	82
ST31	EPI_ISL_414566|by-EPI_ISL_418167	82
ST31	EPI_ISL_414580
ST31	EPI_ISL_414584|by-EPI_ISL_417244	80-89-90-91
ST31	EPI_ISL_414644|by-EPI_ISL_413569	128
ST31	EPI_ISL_415041|by-EPI_ISL_413022	89-90-91
ST31	EPI_ISL_415129
ST31	EPI_ISL_415138|by-EPI_ISL_416732	80
ST31	EPI_ISL_415145|by-EPI_ISL_417311	80
ST31	EPI_ISL_415454
ST31	EPI_ISL_415457
ST31	EPI_ISL_415459
ST31	EPI_ISL_415476
ST31	EPI_ISL_415532
ST31	EPI_ISL_415632|by-EPI_ISL_415703	89-90-91
ST31	EPI_ISL_415633|by-EPI_ISL_416519	89-90-91
ST31	EPI_ISL_415634|by-EPI_ISL_417538	89-90-91
ST31	EPI_ISL_415635|by-EPI_ISL_417458	89-90-91
ST31	EPI_ISL_415636|by-EPI_ISL_418167	89-90-91
ST31	EPI_ISL_415656|by-EPI_ISL_417663	80
ST31	EPI_ISL_415698
ST31	EPI_ISL_415699
ST31	EPI_ISL_415700
ST31	EPI_ISL_415703
ST31	EPI_ISL_415787
ST31	EPI_ISL_415916|by-EPI_ISL_413569	80-89-90-91
ST31	EPI_ISL_415977|by-EPI_ISL_417662	89-90-91
ST31	EPI_ISL_415991|by-EPI_ISL_415703	80-89-90-91
ST31	EPI_ISL_416036
ST31	EPI_ISL_416140
ST31	EPI_ISL_416142
ST31	EPI_ISL_416428
ST31	EPI_ISL_416430
ST31	EPI_ISL_416431
ST31	EPI_ISL_416472
ST31	EPI_ISL_416519
ST31	EPI_ISL_416520|by-EPI_ISL_416732	89-90-91
ST31	EPI_ISL_416676
ST31	EPI_ISL_416697
ST31	EPI_ISL_416732
ST31	EPI_ISL_416734
ST31	EPI_ISL_416737
ST31	EPI_ISL_416743
ST31	EPI_ISL_416997
ST31	EPI_ISL_417004
ST31	EPI_ISL_417012
ST31	EPI_ISL_417015
ST31	EPI_ISL_417196|by-EPI_ISL_418023	142-143-144-145-146
ST31	EPI_ISL_417225|by-EPI_ISL_417260	80-87
ST31	EPI_ISL_417229|by-EPI_ISL_416732	80
ST31	EPI_ISL_417230|by-EPI_ISL_416519	80
ST31	EPI_ISL_417241|by-EPI_ISL_416743	80
ST31	EPI_ISL_417242|by-EPI_ISL_417311	49-50-51-52-53-54-59
ST31	EPI_ISL_417243|by-EPI_ISL_413569	80
ST31	EPI_ISL_417244
ST31	EPI_ISL_417249|by-EPI_ISL_417458	80-81
ST31	EPI_ISL_417250|by-EPI_ISL_418008	80-87-91
ST31	EPI_ISL_417258
ST31	EPI_ISL_417260
ST31	EPI_ISL_417265
ST31	EPI_ISL_417271|by-EPI_ISL_418019	80
ST31	EPI_ISL_417273|by-EPI_ISL_416997	80
ST31	EPI_ISL_417274|by-EPI_ISL_417769	80
ST31	EPI_ISL_417278
ST31	EPI_ISL_417294|by-EPI_ISL_413569	80
ST31	EPI_ISL_417297
ST31	EPI_ISL_417307
ST31	EPI_ISL_417308|by-EPI_ISL_418019	50-80-81-144-145-146
ST31	EPI_ISL_417309|by-EPI_ISL_417311	80
ST31	EPI_ISL_417311
ST31	EPI_ISL_417362
ST31	EPI_ISL_417407|by-EPI_ISL_416036	1-2-3-4-5-6-7-142-143-144-145-146
ST31	EPI_ISL_417422
ST31	EPI_ISL_417425
ST31	EPI_ISL_417428
ST31	EPI_ISL_417458
ST31	EPI_ISL_417464
ST31	EPI_ISL_417509
ST31	EPI_ISL_417525
ST31	EPI_ISL_417538
ST31	EPI_ISL_417539
ST31	EPI_ISL_417546|by-EPI_ISL_413022	36-37
ST31	EPI_ISL_417547|by-EPI_ISL_417662	54-55-56-57-87-114-115
ST31	EPI_ISL_417564
ST31	EPI_ISL_417567
ST31	EPI_ISL_417581
ST31	EPI_ISL_417585
ST31	EPI_ISL_417595
ST31	EPI_ISL_417608|by-EPI_ISL_417662	144-145-146
ST31	EPI_ISL_417619
ST31	EPI_ISL_417642
ST31	EPI_ISL_417662
ST31	EPI_ISL_417663
ST31	EPI_ISL_417664
ST31	EPI_ISL_417674|by-EPI_ISL_417664	3-4-5-6-15
ST31	EPI_ISL_417679
ST31	EPI_ISL_417729|by-EPI_ISL_417258	3-4-5-7-80-144-145-146
ST31	EPI_ISL_417733
ST31	EPI_ISL_417738
ST31	EPI_ISL_417747|by-EPI_ISL_417826	143-144-145-146
ST31	EPI_ISL_417751|by-EPI_ISL_415703	15-17-18
ST31	EPI_ISL_417768|by-EPI_ISL_416732	3-4-5-6-15-17-143
ST31	EPI_ISL_417769
ST31	EPI_ISL_417776|by-EPI_ISL_417769	1-2-3-4-5-6-7-8-15-88-143-144-145-146
ST31	EPI_ISL_417781
ST31	EPI_ISL_417782|by-EPI_ISL_417425	15
ST31	EPI_ISL_417783
ST31	EPI_ISL_417796
ST31	EPI_ISL_417807|by-EPI_ISL_418004	1-2-3-4-5-6-7-8-80-143-144-145-146
ST31	EPI_ISL_417811|by-EPI_ISL_415454	21-22-23-36-37-56-143-144-145-146
ST31	EPI_ISL_417813
ST31	EPI_ISL_417826
ST31	EPI_ISL_417843|by-EPI_ISL_416036	15
ST31	EPI_ISL_417845|by-EPI_ISL_415703	36-37
ST31	EPI_ISL_417922
ST31	EPI_ISL_417933
ST31	EPI_ISL_417993
ST31	EPI_ISL_418002
ST31	EPI_ISL_418004
ST31	EPI_ISL_418007
ST31	EPI_ISL_418008
ST31	EPI_ISL_418018
ST31	EPI_ISL_418019
ST31	EPI_ISL_418023
ST31	EPI_ISL_418056
ST31	EPI_ISL_418086|by-EPI_ISL_416472	56-80-89-90-91-146
ST31	EPI_ISL_418087|by-EPI_ISL_416676	31-56-80-83-84-89-90-91-114-142-143-144-145-146
ST31	EPI_ISL_418088|by-EPI_ISL_418018	56-80-139-144-145-146
ST31	EPI_ISL_418089|by-EPI_ISL_417781	56-80-89-90-91-97-139-140-141-142-143-144-145-146
ST31	EPI_ISL_418090|by-EPI_ISL_417422	80-142-143-144-145-146
ST31	EPI_ISL_418091|by-EPI_ISL_417244	31-56-80-89-90-91-139-141-142-143-144-145-146
ST31	EPI_ISL_418093|by-EPI_ISL_416737	80
ST31	EPI_ISL_418094|by-EPI_ISL_413587	56-80-89-90-91-142-143-144-145-146
ST31	EPI_ISL_418096|by-EPI_ISL_417933	80-142-143-144-145-146
ST31	EPI_ISL_418114|by-EPI_ISL_417922	56-80
ST31	EPI_ISL_418118|by-EPI_ISL_417265	56-80-139
ST31	EPI_ISL_418167
ST32	EPI_ISL_412964
ST32	EPI_ISL_412971|by-EPI_ISL_418139	77-81-82
ST32	EPI_ISL_412973
ST32	EPI_ISL_413555
ST32	EPI_ISL_413566
ST32	EPI_ISL_413575
ST32	EPI_ISL_413591
ST32	EPI_ISL_413602
ST32	EPI_ISL_414015
ST32	EPI_ISL_414016
ST32	EPI_ISL_414025|by-EPI_ISL_412964	89-90-91
ST32	EPI_ISL_414045
ST32	EPI_ISL_414437|by-EPI_ISL_413566	82
ST32	EPI_ISL_414441|by-EPI_ISL_416144	82
ST32	EPI_ISL_414443
ST32	EPI_ISL_414445
ST32	EPI_ISL_414450|by-EPI_ISL_418210	40-82
ST32	EPI_ISL_414453|by-EPI_ISL_413591	82-102
ST32	EPI_ISL_414456|by-EPI_ISL_417493	82
ST32	EPI_ISL_414457
ST32	EPI_ISL_414465|by-EPI_ISL_415472	82
ST32	EPI_ISL_414477|by-EPI_ISL_417473	146
ST32	EPI_ISL_414495|by-EPI_ISL_412973	27-28-142-143-144-145-146
ST32	EPI_ISL_414525
ST32	EPI_ISL_414530|by-EPI_ISL_417472	82
ST32	EPI_ISL_414585|by-EPI_ISL_413591	80-89-90-91
ST32	EPI_ISL_414586
ST32	EPI_ISL_414587
ST32	EPI_ISL_414594|by-EPI_ISL_417727	1-2-3-4-5-6-7
ST32	EPI_ISL_414631
ST32	EPI_ISL_414648
ST32	EPI_ISL_414949|by-EPI_ISL_418017	89-90-91
ST32	EPI_ISL_415131|by-EPI_ISL_415708	80
ST32	EPI_ISL_415133|by-EPI_ISL_416742	80
ST32	EPI_ISL_415135|by-EPI_ISL_417447	80
ST32	EPI_ISL_415136
ST32	EPI_ISL_415140|by-EPI_ISL_417202	80
ST32	EPI_ISL_415146|by-EPI_ISL_417013	80
ST32	EPI_ISL_415147|by-EPI_ISL_418210	80
ST32	EPI_ISL_415150
ST32	EPI_ISL_415152|by-EPI_ISL_415642	38-41
ST32	EPI_ISL_415156
ST32	EPI_ISL_415435|by-EPI_ISL_414457	80
ST32	EPI_ISL_415453|by-EPI_ISL_412964	89-90-91-142-143-144-145-146
ST32	EPI_ISL_415472
ST32	EPI_ISL_415480
ST32	EPI_ISL_415536|by-EPI_ISL_417493	56-89-90-91-142-143-144-145-146
ST32	EPI_ISL_415601
ST32	EPI_ISL_415629
ST32	EPI_ISL_415637|by-EPI_ISL_417481	89-90-91
ST32	EPI_ISL_415639|by-EPI_ISL_416524	89-90-91
ST32	EPI_ISL_415642
ST32	EPI_ISL_415647
ST32	EPI_ISL_415653|by-EPI_ISL_417496	32-42-43-44-45-49-140-141-142-143-144-145-146
ST32	EPI_ISL_415655
ST32	EPI_ISL_415696|by-EPI_ISL_414525	32-42-43-44-45-49-140-141-142-143-144-145-146
ST32	EPI_ISL_415708
ST32	EPI_ISL_415978|by-EPI_ISL_417495	56-80-89-90-91-142-143-144-145-146
ST32	EPI_ISL_416026|by-EPI_ISL_414587	89-90-91-142-143-144-145-146
ST32	EPI_ISL_416031
ST32	EPI_ISL_416141
ST32	EPI_ISL_416144
ST32	EPI_ISL_416420|by-EPI_ISL_417423	80
ST32	EPI_ISL_416470
ST32	EPI_ISL_416524
ST32	EPI_ISL_416525
ST32	EPI_ISL_416658
ST32	EPI_ISL_416673|by-EPI_ISL_416141	3-4-5-6-7
ST32	EPI_ISL_416735|by-EPI_ISL_414587	56-114-115-116
ST32	EPI_ISL_416742
ST32	EPI_ISL_416832
ST32	EPI_ISL_417013
ST32	EPI_ISL_417024
ST32	EPI_ISL_417026|by-EPI_ISL_417032	80
ST32	EPI_ISL_417027|by-EPI_ISL_414443	80
ST32	EPI_ISL_417032
ST32	EPI_ISL_417186
ST32	EPI_ISL_417198|by-EPI_ISL_417535	142-143-144-145-146
ST32	EPI_ISL_417202
ST32	EPI_ISL_417214|by-EPI_ISL_416658	80
ST32	EPI_ISL_417220
ST32	EPI_ISL_417221|by-EPI_ISL_417220	80
ST32	EPI_ISL_417222
ST32	EPI_ISL_417223|by-EPI_ISL_415136	80
ST32	EPI_ISL_417224|by-EPI_ISL_413566	80-81
ST32	EPI_ISL_417227
ST32	EPI_ISL_417228
ST32	EPI_ISL_417247|by-EPI_ISL_413566	80-81
ST32	EPI_ISL_417251|by-EPI_ISL_417220	80
ST32	EPI_ISL_417257
ST32	EPI_ISL_417266|by-EPI_ISL_417418	104
ST32	EPI_ISL_417304|by-EPI_ISL_417257	80
ST32	EPI_ISL_417310|by-EPI_ISL_417024	80-81
ST32	EPI_ISL_417397|by-EPI_ISL_417921	1-2-3-4-5-6-7-142-143-144-145-146
ST32	EPI_ISL_417418
ST32	EPI_ISL_417419
ST32	EPI_ISL_417421
ST32	EPI_ISL_417423
ST32	EPI_ISL_417430
ST32	EPI_ISL_417434|by-EPI_ISL_416525	80-89-90-91
ST32	EPI_ISL_417441|by-EPI_ISL_412973	56-89-90-91-114-143-144-145-146
ST32	EPI_ISL_417445
ST32	EPI_ISL_417446
ST32	EPI_ISL_417447
ST32	EPI_ISL_417470
ST32	EPI_ISL_417472
ST32	EPI_ISL_417473
ST32	EPI_ISL_417479|by-EPI_ISL_415708	27-93
ST32	EPI_ISL_417481
ST32	EPI_ISL_417493
ST32	EPI_ISL_417495
ST32	EPI_ISL_417496
ST32	EPI_ISL_417502|by-EPI_ISL_417990	27-93
ST32	EPI_ISL_417515
ST32	EPI_ISL_417535
ST32	EPI_ISL_417572
ST32	EPI_ISL_417592
ST32	EPI_ISL_417638|by-EPI_ISL_414443	140-141-142-143-145
ST32	EPI_ISL_417691
ST32	EPI_ISL_417708|by-EPI_ISL_417481	1-2-3-4-5-6-7-8-15
ST32	EPI_ISL_417727
ST32	EPI_ISL_417730|by-EPI_ISL_415647	143
ST32	EPI_ISL_417821|by-EPI_ISL_415647	81-87-114-140-141-142-143-144-145-146
ST32	EPI_ISL_417831
ST32	EPI_ISL_417921
ST32	EPI_ISL_417941|by-EPI_ISL_417032	80
ST32	EPI_ISL_417959|by-EPI_ISL_412973	28-38-80
ST32	EPI_ISL_417972
ST32	EPI_ISL_417973|by-EPI_ISL_417990	80
ST32	EPI_ISL_417974
ST32	EPI_ISL_417990
ST32	EPI_ISL_418017
ST32	EPI_ISL_418116|by-EPI_ISL_413575	56-80-83-84-139
ST32	EPI_ISL_418122|by-EPI_ISL_417418	80
ST32	EPI_ISL_418138|by-EPI_ISL_415647	56-143-144-145-146
ST32	EPI_ISL_418139
ST32	EPI_ISL_418152|by-EPI_ISL_417470	139
ST32	EPI_ISL_418166
ST32	EPI_ISL_418210
ST32	EPI_ISL_418211
ST32	EPI_ISL_418212|by-EPI_ISL_417972	146
ST32	EPI_ISL_418213
ST32	EPI_ISL_418214|by-EPI_ISL_416742	80-143-144-145-146
ST32	EPI_ISL_418215|by-EPI_ISL_418017	80
ST33	EPI_ISL_412969
ST33	EPI_ISL_413459|by-EPI_ISL_416587	1-2-3-4-5
ST33	EPI_ISL_416582
ST33	EPI_ISL_416587
ST33	EPI_ISL_416598
ST33	EPI_ISL_416610
ST34	EPI_ISL_412970
ST34	EPI_ISL_413486|by-EPI_ISL_416462	1-2
ST34	EPI_ISL_413487|by-EPI_ISL_416435	1-2-3-4-5-6-7-8-9
ST34	EPI_ISL_415600|by-EPI_ISL_412970	6-7
ST34	EPI_ISL_416435
ST34	EPI_ISL_416462
ST34	EPI_ISL_417095
ST34	EPI_ISL_417100
ST34	EPI_ISL_417101
ST34	EPI_ISL_417347
ST35	EPI_ISL_412982
ST36	EPI_ISL_413016
ST36	EPI_ISL_413019
ST36	EPI_ISL_414011
ST36	EPI_ISL_414013|by-EPI_ISL_417825	50
ST36	EPI_ISL_414451
ST36	EPI_ISL_414468
ST36	EPI_ISL_415142
ST36	EPI_ISL_415486
ST36	EPI_ISL_415491
ST36	EPI_ISL_415512
ST36	EPI_ISL_415527
ST36	EPI_ISL_417008
ST36	EPI_ISL_417009
ST36	EPI_ISL_417189|by-EPI_ISL_417975	27-50-110-142-143-144-145-146
ST36	EPI_ISL_417246
ST36	EPI_ISL_417290
ST36	EPI_ISL_417291
ST36	EPI_ISL_417346
ST36	EPI_ISL_417405|by-EPI_ISL_417290	1-2-3-4-5-6-7-142-143-144-145-146
ST36	EPI_ISL_417522
ST36	EPI_ISL_417528
ST36	EPI_ISL_417825
ST36	EPI_ISL_417931
ST36	EPI_ISL_417975
ST36	EPI_ISL_418005
ST36	EPI_ISL_418149
ST37	EPI_ISL_413017
ST38	EPI_ISL_413020
ST38	EPI_ISL_416486|by-EPI_ISL_417299	91
ST38	EPI_ISL_417298
ST38	EPI_ISL_417299
ST38	EPI_ISL_417992
ST38	EPI_ISL_417995
ST38	EPI_ISL_418001
ST38	EPI_ISL_418013
ST39	EPI_ISL_413023
ST39	EPI_ISL_415105
ST39	EPI_ISL_415458
ST39	EPI_ISL_416029
ST39	EPI_ISL_416035
ST39	EPI_ISL_417404|by-EPI_ISL_415105	1-2-3-4-5-6-7-142-143-144-145-146
ST39	EPI_ISL_417512
ST39	EPI_ISL_417561
ST39	EPI_ISL_417697|by-EPI_ISL_415105	1-2-3-4-5-6-7-8-15-143-144-145-146
ST39	EPI_ISL_418043|by-EPI_ISL_416035	1-2-3-4-5
ST40	EPI_ISL_413024
ST40	EPI_ISL_413997
ST40	EPI_ISL_414021
ST40	EPI_ISL_414022
ST40	EPI_ISL_415455
ST40	EPI_ISL_415456
ST40	EPI_ISL_415701
ST40	EPI_ISL_416744
ST40	EPI_ISL_417390
ST40	EPI_ISL_417551
ST40	EPI_ISL_417816|by-EPI_ISL_415456	140-141-142-143-144-145-146
ST41	EPI_ISL_413025
ST41	EPI_ISL_413603
ST41	EPI_ISL_414009|by-EPI_ISL_417483	50
ST41	EPI_ISL_417212|by-EPI_ISL_418080	1-2-50
ST41	EPI_ISL_417483
ST41	EPI_ISL_418080
ST42	EPI_ISL_413213
ST42	EPI_ISL_413595|by-EPI_ISL_417484	1-2-3-4-5-6-7-142-143-144-145-146
ST42	EPI_ISL_413597|by-EPI_ISL_416412	1-2-3-4-5-6-7-142-143-144-145-146
ST42	EPI_ISL_413598|by-EPI_ISL_416541	1-2-3-4-5-6-7-142-143-144-145-146
ST42	EPI_ISL_415644
ST42	EPI_ISL_416412
ST42	EPI_ISL_416458
ST42	EPI_ISL_416541
ST42	EPI_ISL_416543
ST42	EPI_ISL_417387
ST42	EPI_ISL_417484
ST43	EPI_ISL_413214
ST43	EPI_ISL_414414
ST43	EPI_ISL_417386
ST44	EPI_ISL_413455
ST44	EPI_ISL_413456
ST44	EPI_ISL_413457
ST44	EPI_ISL_413458
ST44	EPI_ISL_413557
ST44	EPI_ISL_413560
ST44	EPI_ISL_413562|by-EPI_ISL_416718	1-2-8
ST44	EPI_ISL_413563
ST44	EPI_ISL_413601|by-EPI_ISL_417104	1-2-3-4-5-6-7-8-9
ST44	EPI_ISL_413649|by-EPI_ISL_417148	1-2-3-4-5-6-7-8-100-101
ST44	EPI_ISL_413652|by-EPI_ISL_417449	1-2-3-4-6-7
ST44	EPI_ISL_413653
ST44	EPI_ISL_413922|by-EPI_ISL_416717	1-2-3-4-5-117-140-141-142-143-144-145-146
ST44	EPI_ISL_413924|by-EPI_ISL_417361	142-143
ST44	EPI_ISL_414363
ST44	EPI_ISL_414364|by-EPI_ISL_417103	1-2-3-4-5-6-7-8
ST44	EPI_ISL_414365|by-EPI_ISL_416460	1-2-3-4-5-6-7
ST44	EPI_ISL_414366
ST44	EPI_ISL_414367|by-EPI_ISL_417964	6-7
ST44	EPI_ISL_414368
ST44	EPI_ISL_414369
ST44	EPI_ISL_414590
ST44	EPI_ISL_414592
ST44	EPI_ISL_414593|by-EPI_ISL_416702	1
ST44	EPI_ISL_414596|by-EPI_ISL_415617	1-2-3-4-6-7
ST44	EPI_ISL_414597|by-EPI_ISL_415612	1-2
ST44	EPI_ISL_414619|by-EPI_ISL_417104	1-2-3-4-5-6-7
ST44	EPI_ISL_414620|by-EPI_ISL_417119	1-2-3-4-5-6-7
ST44	EPI_ISL_414621|by-EPI_ISL_416656	1-2-3-4
ST44	EPI_ISL_415541
ST44	EPI_ISL_415542
ST44	EPI_ISL_415586
ST44	EPI_ISL_415589
ST44	EPI_ISL_415591
ST44	EPI_ISL_415592
ST44	EPI_ISL_415593|by-EPI_ISL_417152	5-6-7-20-80
ST44	EPI_ISL_415594
ST44	EPI_ISL_415595|by-EPI_ISL_417132	6
ST44	EPI_ISL_415598
ST44	EPI_ISL_415599
ST44	EPI_ISL_415603
ST44	EPI_ISL_415604
ST44	EPI_ISL_415606|by-EPI_ISL_418066	6-7
ST44	EPI_ISL_415610|by-EPI_ISL_417128	1-2-3-4-5-6-7-8
ST44	EPI_ISL_415612
ST44	EPI_ISL_415613|by-EPI_ISL_417116	1-2-3-4-5
ST44	EPI_ISL_415614|by-EPI_ISL_417143	1-2-3-4-5
ST44	EPI_ISL_415615
ST44	EPI_ISL_415616|by-EPI_ISL_415542	1-2-3-4-5
ST44	EPI_ISL_415617
ST44	EPI_ISL_415618|by-EPI_ISL_417143	103-124
ST44	EPI_ISL_415619
ST44	EPI_ISL_415621
ST44	EPI_ISL_415622
ST44	EPI_ISL_415623|by-EPI_ISL_417167	5-6-7
ST44	EPI_ISL_415626
ST44	EPI_ISL_415627
ST44	EPI_ISL_416417|by-EPI_ISL_417968	56-80-89-90-91
ST44	EPI_ISL_416423|by-EPI_ISL_417368	80
ST44	EPI_ISL_416424|by-EPI_ISL_415619	56-80-89-90-91
ST44	EPI_ISL_416433
ST44	EPI_ISL_416436
ST44	EPI_ISL_416437
ST44	EPI_ISL_416441
ST44	EPI_ISL_416442
ST44	EPI_ISL_416443
ST44	EPI_ISL_416444
ST44	EPI_ISL_416445
ST44	EPI_ISL_416446
ST44	EPI_ISL_416448
ST44	EPI_ISL_416450
ST44	EPI_ISL_416451
ST44	EPI_ISL_416454|by-EPI_ISL_417152	1-2
ST44	EPI_ISL_416455
ST44	EPI_ISL_416456|by-EPI_ISL_417098	5-6-7
ST44	EPI_ISL_416460
ST44	EPI_ISL_416461
ST44	EPI_ISL_416465
ST44	EPI_ISL_416514
ST44	EPI_ISL_416636
ST44	EPI_ISL_416637
ST44	EPI_ISL_416638
ST44	EPI_ISL_416639|by-EPI_ISL_417077	1-2-3-4-5-6-7-8
ST44	EPI_ISL_416640|by-EPI_ISL_417128	6-7
ST44	EPI_ISL_416641
ST44	EPI_ISL_416643
ST44	EPI_ISL_416644
ST44	EPI_ISL_416645|by-EPI_ISL_417089	1-2-3-4-5-6-7-18
ST44	EPI_ISL_416652
ST44	EPI_ISL_416654
ST44	EPI_ISL_416656
ST44	EPI_ISL_416659
ST44	EPI_ISL_416662
ST44	EPI_ISL_416663
ST44	EPI_ISL_416665
ST44	EPI_ISL_416666
ST44	EPI_ISL_416669
ST44	EPI_ISL_416670|by-EPI_ISL_417077	3-4-102-142-143-144
ST44	EPI_ISL_416679
ST44	EPI_ISL_416680
ST44	EPI_ISL_416681
ST44	EPI_ISL_416683
ST44	EPI_ISL_416685
ST44	EPI_ISL_416686
ST44	EPI_ISL_416687
ST44	EPI_ISL_416688
ST44	EPI_ISL_416689
ST44	EPI_ISL_416690
ST44	EPI_ISL_416692|by-EPI_ISL_415626	6
ST44	EPI_ISL_416695
ST44	EPI_ISL_416701
ST44	EPI_ISL_416702
ST44	EPI_ISL_416703
ST44	EPI_ISL_416705
ST44	EPI_ISL_416709
ST44	EPI_ISL_416710
ST44	EPI_ISL_416711
ST44	EPI_ISL_416712
ST44	EPI_ISL_416714
ST44	EPI_ISL_416715
ST44	EPI_ISL_416717
ST44	EPI_ISL_416718
ST44	EPI_ISL_416720
ST44	EPI_ISL_416721
ST44	EPI_ISL_416722
ST44	EPI_ISL_416726
ST44	EPI_ISL_416727
ST44	EPI_ISL_417028
ST44	EPI_ISL_417065
ST44	EPI_ISL_417066
ST44	EPI_ISL_417067|by-EPI_ISL_417155	42-43-49-72-105-114-115
ST44	EPI_ISL_417068
ST44	EPI_ISL_417069
ST44	EPI_ISL_417070
ST44	EPI_ISL_417071
ST44	EPI_ISL_417074
ST44	EPI_ISL_417077
ST44	EPI_ISL_417078|by-EPI_ISL_417149	18-40-59-73-90
ST44	EPI_ISL_417079
ST44	EPI_ISL_417080|by-EPI_ISL_417133	16
ST44	EPI_ISL_417082
ST44	EPI_ISL_417083|by-EPI_ISL_415615	15-19-40-47-75
ST44	EPI_ISL_417084|by-EPI_ISL_417960	15-25-50-72-110-121
ST44	EPI_ISL_417086
ST44	EPI_ISL_417087
ST44	EPI_ISL_417088|by-EPI_ISL_417028	40
ST44	EPI_ISL_417089
ST44	EPI_ISL_417090|by-EPI_ISL_416460	17
ST44	EPI_ISL_417091
ST44	EPI_ISL_417092
ST44	EPI_ISL_417093
ST44	EPI_ISL_417094|by-EPI_ISL_413457	15-73-75-102
ST44	EPI_ISL_417096
ST44	EPI_ISL_417097
ST44	EPI_ISL_417098
ST44	EPI_ISL_417099
ST44	EPI_ISL_417102
ST44	EPI_ISL_417103
ST44	EPI_ISL_417104
ST44	EPI_ISL_417105
ST44	EPI_ISL_417106
ST44	EPI_ISL_417107
ST44	EPI_ISL_417108
ST44	EPI_ISL_417109|by-EPI_ISL_416656	40-75
ST44	EPI_ISL_417110
ST44	EPI_ISL_417112
ST44	EPI_ISL_417113|by-EPI_ISL_417079	6-7-8-40-44-45-46-121-143-144-145-146
ST44	EPI_ISL_417114
ST44	EPI_ISL_417115
ST44	EPI_ISL_417116
ST44	EPI_ISL_417117
ST44	EPI_ISL_417118
ST44	EPI_ISL_417119
ST44	EPI_ISL_417120
ST44	EPI_ISL_417121
ST44	EPI_ISL_417122
ST44	EPI_ISL_417123
ST44	EPI_ISL_417124
ST44	EPI_ISL_417125
ST44	EPI_ISL_417127
ST44	EPI_ISL_417128
ST44	EPI_ISL_417129
ST44	EPI_ISL_417130
ST44	EPI_ISL_417131|by-EPI_ISL_415612	78
ST44	EPI_ISL_417132
ST44	EPI_ISL_417133
ST44	EPI_ISL_417134
ST44	EPI_ISL_417135
ST44	EPI_ISL_417136
ST44	EPI_ISL_417137
ST44	EPI_ISL_417138|by-EPI_ISL_416715	23-24-25-40-61-75-121
ST44	EPI_ISL_417140
ST44	EPI_ISL_417141
ST44	EPI_ISL_417142
ST44	EPI_ISL_417143
ST44	EPI_ISL_417144
ST44	EPI_ISL_417145
ST44	EPI_ISL_417146
ST44	EPI_ISL_417148
ST44	EPI_ISL_417149
ST44	EPI_ISL_417150
ST44	EPI_ISL_417151
ST44	EPI_ISL_417152
ST44	EPI_ISL_417153
ST44	EPI_ISL_417154
ST44	EPI_ISL_417155
ST44	EPI_ISL_417156
ST44	EPI_ISL_417157
ST44	EPI_ISL_417158
ST44	EPI_ISL_417161
ST44	EPI_ISL_417162
ST44	EPI_ISL_417164
ST44	EPI_ISL_417165
ST44	EPI_ISL_417166|by-EPI_ISL_417960	1-2-57-72
ST44	EPI_ISL_417167
ST44	EPI_ISL_417168
ST44	EPI_ISL_417169
ST44	EPI_ISL_417170
ST44	EPI_ISL_417171
ST44	EPI_ISL_417172
ST44	EPI_ISL_417173|by-EPI_ISL_417132	3-4-5-6-7-8-19-35-36-37-41-65-96-109
ST44	EPI_ISL_417174|by-EPI_ISL_413563	9-15-17-26-27-115
ST44	EPI_ISL_417175
ST44	EPI_ISL_417203
ST44	EPI_ISL_417323|by-EPI_ISL_417135	1-2-3-4-5-21-140-141
ST44	EPI_ISL_417324|by-EPI_ISL_417154	142-143-144-145-146
ST44	EPI_ISL_417332|by-EPI_ISL_417105	50
ST44	EPI_ISL_417344
ST44	EPI_ISL_417349
ST44	EPI_ISL_417350
ST44	EPI_ISL_417351
ST44	EPI_ISL_417354
ST44	EPI_ISL_417355|by-EPI_ISL_417103	95-96
ST44	EPI_ISL_417357|by-EPI_ISL_415589	8-96
ST44	EPI_ISL_417358
ST44	EPI_ISL_417360|by-EPI_ISL_417155	6-7
ST44	EPI_ISL_417361
ST44	EPI_ISL_417364
ST44	EPI_ISL_417365
ST44	EPI_ISL_417366
ST44	EPI_ISL_417368
ST44	EPI_ISL_417371
ST44	EPI_ISL_417375|by-EPI_ISL_417960	6-7-8
ST44	EPI_ISL_417377|by-EPI_ISL_417082	6-7
ST44	EPI_ISL_417449
ST44	EPI_ISL_417450
ST44	EPI_ISL_417456
ST44	EPI_ISL_417507
ST44	EPI_ISL_417960
ST44	EPI_ISL_417962|by-EPI_ISL_417105	80
ST44	EPI_ISL_417964
ST44	EPI_ISL_417965
ST44	EPI_ISL_417966
ST44	EPI_ISL_417968
ST44	EPI_ISL_418030
ST44	EPI_ISL_418034|by-EPI_ISL_417450	1-2-3-4-5
ST44	EPI_ISL_418038
ST44	EPI_ISL_418040|by-EPI_ISL_416443	1-2-3-4-5-6-7
ST44	EPI_ISL_418046
ST44	EPI_ISL_418047
ST44	EPI_ISL_418048|by-EPI_ISL_417114	1-2-3-4-5-6-7-8-24-112
ST44	EPI_ISL_418050
ST44	EPI_ISL_418059
ST44	EPI_ISL_418061
ST44	EPI_ISL_418063|by-EPI_ISL_416637	1-2-3-4-5-6-7-8-14
ST44	EPI_ISL_418064
ST44	EPI_ISL_418065|by-EPI_ISL_417136	1-2-3-4-5-6-7-8-112-116
ST44	EPI_ISL_418066
ST44	EPI_ISL_418069
ST44	EPI_ISL_418070
ST44	EPI_ISL_418074|by-EPI_ISL_417366	1-2-3-4-5-6-7-8-117
ST44	EPI_ISL_418075|by-EPI_ISL_417097	1-2-3-4-5-6-7
ST44	EPI_ISL_418078|by-EPI_ISL_418070	1-2-3-4-5-6-7-8-9-18-113
ST44	EPI_ISL_418079|by-EPI_ISL_416656	1-2-3-4-5-6-7-8
ST44	EPI_ISL_418082|by-EPI_ISL_416718	1-2
ST44	EPI_ISL_418113|by-EPI_ISL_417097	56-80-83-84-139
ST44	EPI_ISL_418187
ST44	EPI_ISL_418189|by-EPI_ISL_416689	86
ST45	EPI_ISL_413488|by-EPI_ISL_415531	143
ST45	EPI_ISL_414497
ST45	EPI_ISL_414499
ST45	EPI_ISL_414505
ST45	EPI_ISL_414509
ST45	EPI_ISL_415464
ST45	EPI_ISL_415495
ST45	EPI_ISL_415531
ST45	EPI_ISL_416033
ST45	EPI_ISL_416488
ST45	EPI_ISL_417412|by-EPI_ISL_414509	1-2-3-4-5-6-7-142-143-144-145-146
ST45	EPI_ISL_417459
ST45	EPI_ISL_417461
ST45	EPI_ISL_417462
ST45	EPI_ISL_417759
ST45	EPI_ISL_417793
ST45	EPI_ISL_417958
ST45	EPI_ISL_418117
ST46	EPI_ISL_413489
ST46	EPI_ISL_413996
ST46	EPI_ISL_414601
ST46	EPI_ISL_414624
ST46	EPI_ISL_416494
ST46	EPI_ISL_417529
ST46	EPI_ISL_417530
ST46	EPI_ISL_417533
ST46	EPI_ISL_417569
ST46	EPI_ISL_417610
ST46	EPI_ISL_417711
ST46	EPI_ISL_417764
ST46	EPI_ISL_417803
ST46	EPI_ISL_417851
ST47	EPI_ISL_413572
ST47	EPI_ISL_414625
ST47	EPI_ISL_414627
ST47	EPI_ISL_414634
ST47	EPI_ISL_414635
ST47	EPI_ISL_414636
ST47	EPI_ISL_414642
ST47	EPI_ISL_415477
ST47	EPI_ISL_415487
ST47	EPI_ISL_415543
ST47	EPI_ISL_415544
ST47	EPI_ISL_415649
ST47	EPI_ISL_415650
ST47	EPI_ISL_415692
ST47	EPI_ISL_415693
ST47	EPI_ISL_416457
ST47	EPI_ISL_416478
ST47	EPI_ISL_416491
ST47	EPI_ISL_416492
ST47	EPI_ISL_416495
ST47	EPI_ISL_416496
ST47	EPI_ISL_416501
ST47	EPI_ISL_416502
ST47	EPI_ISL_416504
ST47	EPI_ISL_416505
ST47	EPI_ISL_416506
ST47	EPI_ISL_416508
ST47	EPI_ISL_416509
ST47	EPI_ISL_416510
ST47	EPI_ISL_416511
ST47	EPI_ISL_416512
ST47	EPI_ISL_416642
ST47	EPI_ISL_416655
ST47	EPI_ISL_416660
ST47	EPI_ISL_416672
ST47	EPI_ISL_416678
ST47	EPI_ISL_416704|by-EPI_ISL_417683	1-2-3-4-5-6-7
ST47	EPI_ISL_416748
ST47	EPI_ISL_416753
ST47	EPI_ISL_416830
ST47	EPI_ISL_417006
ST47	EPI_ISL_417020
ST47	EPI_ISL_417204
ST47	EPI_ISL_417330
ST47	EPI_ISL_417338
ST47	EPI_ISL_417340
ST47	EPI_ISL_417352
ST47	EPI_ISL_417359
ST47	EPI_ISL_417373
ST47	EPI_ISL_417457
ST47	EPI_ISL_417463
ST47	EPI_ISL_417465
ST47	EPI_ISL_417466
ST47	EPI_ISL_417467
ST47	EPI_ISL_417468
ST47	EPI_ISL_417469
ST47	EPI_ISL_417474
ST47	EPI_ISL_417476
ST47	EPI_ISL_417492
ST47	EPI_ISL_417497
ST47	EPI_ISL_417499
ST47	EPI_ISL_417505
ST47	EPI_ISL_417516
ST47	EPI_ISL_417559|by-EPI_ISL_417977	119-120-121
ST47	EPI_ISL_417562
ST47	EPI_ISL_417570
ST47	EPI_ISL_417579|by-EPI_ISL_417721	119-120-121
ST47	EPI_ISL_417593
ST47	EPI_ISL_417594
ST47	EPI_ISL_417596|by-EPI_ISL_417977	140-141-142-143
ST47	EPI_ISL_417614
ST47	EPI_ISL_417620|by-EPI_ISL_418204	140-143
ST47	EPI_ISL_417631|by-EPI_ISL_418197	140-141-142-143-144-145-146
ST47	EPI_ISL_417654
ST47	EPI_ISL_417656|by-EPI_ISL_417693	119-120-121
ST47	EPI_ISL_417665
ST47	EPI_ISL_417673|by-EPI_ISL_417204	3-4-15-17-18-19-20-21-22-23-36-37-56
ST47	EPI_ISL_417675|by-EPI_ISL_417693	143-144-145-146
ST47	EPI_ISL_417677
ST47	EPI_ISL_417682|by-EPI_ISL_417731	143
ST47	EPI_ISL_417683
ST47	EPI_ISL_417685
ST47	EPI_ISL_417687|by-EPI_ISL_415477	3-4-5-6-7-8-143-144-145-146
ST47	EPI_ISL_417692
ST47	EPI_ISL_417693
ST47	EPI_ISL_417700
ST47	EPI_ISL_417701
ST47	EPI_ISL_417705
ST47	EPI_ISL_417715
ST47	EPI_ISL_417721
ST47	EPI_ISL_417722
ST47	EPI_ISL_417723|by-EPI_ISL_418076	3-4-5-15
ST47	EPI_ISL_417725
ST47	EPI_ISL_417726
ST47	EPI_ISL_417731
ST47	EPI_ISL_417735
ST47	EPI_ISL_417742
ST47	EPI_ISL_417748
ST47	EPI_ISL_417760|by-EPI_ISL_418057	1-2-3-4-5-6-7-8-15-17-18-19-143
ST47	EPI_ISL_417761
ST47	EPI_ISL_417773
ST47	EPI_ISL_417779
ST47	EPI_ISL_417784
ST47	EPI_ISL_417787
ST47	EPI_ISL_417805
ST47	EPI_ISL_417832
ST47	EPI_ISL_417833
ST47	EPI_ISL_417835
ST47	EPI_ISL_417842
ST47	EPI_ISL_417844
ST47	EPI_ISL_417846
ST47	EPI_ISL_417848|by-EPI_ISL_417938	15-17-18-144-145-146
ST47	EPI_ISL_417849|by-EPI_ISL_417467	143-144-145-146
ST47	EPI_ISL_417850
ST47	EPI_ISL_417853
ST47	EPI_ISL_417854
ST47	EPI_ISL_417855
ST47	EPI_ISL_417856|by-EPI_ISL_416753	143-144-145
ST47	EPI_ISL_417857|by-EPI_ISL_417352	143-144-145-146
ST47	EPI_ISL_417865
ST47	EPI_ISL_417866
ST47	EPI_ISL_417872
ST47	EPI_ISL_417873|by-EPI_ISL_417562	143-144-145-146
ST47	EPI_ISL_417874
ST47	EPI_ISL_417875
ST47	EPI_ISL_417935
ST47	EPI_ISL_417937|by-EPI_ISL_417725	93
ST47	EPI_ISL_417938
ST47	EPI_ISL_417939
ST47	EPI_ISL_417970|by-EPI_ISL_418199	80-89-90-91
ST47	EPI_ISL_417977
ST47	EPI_ISL_418022
ST47	EPI_ISL_418041
ST47	EPI_ISL_418044
ST47	EPI_ISL_418057
ST47	EPI_ISL_418058|by-EPI_ISL_418203	1-2-3-4-5-6-7-8
ST47	EPI_ISL_418076
ST47	EPI_ISL_418095|by-EPI_ISL_418198	56-80-89-90-91-139-142-143-144-145-146
ST47	EPI_ISL_418097|by-EPI_ISL_416753	56-80-109-114-116-139-141-142-143-144-145-146
ST47	EPI_ISL_418098|by-EPI_ISL_417570	56-80-89-90-91-139
ST47	EPI_ISL_418109|by-EPI_ISL_417875	56-80-109-114-116-139-141-142-143-144-145-146
ST47	EPI_ISL_418119|by-EPI_ISL_416511	56-80-83-84-139-142-143-144-145-146
ST47	EPI_ISL_418184
ST47	EPI_ISL_418188
ST47	EPI_ISL_418190|by-EPI_ISL_418057	34-80-95-96
ST47	EPI_ISL_418192
ST47	EPI_ISL_418193
ST47	EPI_ISL_418196
ST47	EPI_ISL_418197
ST47	EPI_ISL_418198
ST47	EPI_ISL_418199
ST47	EPI_ISL_418200
ST47	EPI_ISL_418202|by-EPI_ISL_417850	10-67-112
ST47	EPI_ISL_418203
ST47	EPI_ISL_418204
ST47	EPI_ISL_418218
ST47	EPI_ISL_418220
ST47	EPI_ISL_418221|by-EPI_ISL_418198	1-2-3-4-5-6-7-8
ST47	EPI_ISL_418226
ST47	EPI_ISL_418228
ST47	EPI_ISL_418236
ST47	EPI_ISL_418239
ST48	EPI_ISL_413573
ST48	EPI_ISL_413577
ST48	EPI_ISL_413583
ST48	EPI_ISL_413623|by-EPI_ISL_415505	9
ST48	EPI_ISL_414452
ST48	EPI_ISL_414500
ST48	EPI_ISL_414543
ST48	EPI_ISL_414551
ST48	EPI_ISL_415479
ST48	EPI_ISL_415489
ST48	EPI_ISL_415505
ST48	EPI_ISL_415507
ST48	EPI_ISL_415510
ST48	EPI_ISL_415517
ST48	EPI_ISL_415519
ST48	EPI_ISL_416740
ST48	EPI_ISL_417211|by-EPI_ISL_416740	1-2
ST48	EPI_ISL_417264
ST48	EPI_ISL_417283
ST48	EPI_ISL_418026
ST49	EPI_ISL_413584
ST49	EPI_ISL_413604
ST49	EPI_ISL_413647
ST49	EPI_ISL_414014
ST49	EPI_ISL_414017
ST49	EPI_ISL_414423
ST49	EPI_ISL_414433
ST49	EPI_ISL_414435
ST49	EPI_ISL_414439
ST49	EPI_ISL_414446
ST49	EPI_ISL_414552
ST49	EPI_ISL_414564
ST49	EPI_ISL_414643
ST49	EPI_ISL_415463
ST49	EPI_ISL_415471
ST49	EPI_ISL_415482
ST49	EPI_ISL_415496
ST49	EPI_ISL_415502
ST49	EPI_ISL_415514
ST49	EPI_ISL_415523
ST49	EPI_ISL_415529
ST49	EPI_ISL_415533
ST49	EPI_ISL_416028
ST49	EPI_ISL_416475
ST49	EPI_ISL_416730
ST49	EPI_ISL_416736|by-EPI_ISL_414564	56-114-115-116
ST49	EPI_ISL_416746
ST49	EPI_ISL_417014
ST49	EPI_ISL_417232
ST49	EPI_ISL_417235
ST49	EPI_ISL_417236|by-EPI_ISL_415523	82-133-134-135
ST49	EPI_ISL_417252
ST49	EPI_ISL_417272
ST49	EPI_ISL_417287
ST49	EPI_ISL_417293
ST49	EPI_ISL_417295
ST49	EPI_ISL_417426
ST49	EPI_ISL_417427
ST49	EPI_ISL_417429
ST49	EPI_ISL_417571
ST49	EPI_ISL_417575
ST49	EPI_ISL_417681
ST49	EPI_ISL_417702
ST49	EPI_ISL_417728
ST49	EPI_ISL_417734
ST49	EPI_ISL_417817
ST49	EPI_ISL_417829
ST49	EPI_ISL_417841|by-EPI_ISL_417728	1-2-3-4-5-6-7-8-143-144-145-146
ST49	EPI_ISL_417861
ST49	EPI_ISL_417863
ST49	EPI_ISL_417867
ST49	EPI_ISL_417868
ST49	EPI_ISL_417986
ST50	EPI_ISL_413588|by-EPI_ISL_413589	82
ST50	EPI_ISL_413589
ST50	EPI_ISL_414461|by-EPI_ISL_413589	82
ST51	EPI_ISL_413592
ST51	EPI_ISL_416521
ST51	EPI_ISL_416522
ST51	EPI_ISL_416671
ST51	EPI_ISL_416674
ST51	EPI_ISL_416831
ST51	EPI_ISL_417192|by-EPI_ISL_413592	28-142-143-144-145-146
ST51	EPI_ISL_417372
ST51	EPI_ISL_417452
ST51	EPI_ISL_417506
ST51	EPI_ISL_417508
ST51	EPI_ISL_417510
ST51	EPI_ISL_417513
ST51	EPI_ISL_417944|by-EPI_ISL_416671	143-144-145-146
ST51	EPI_ISL_418006
ST52	EPI_ISL_413593
ST52	EPI_ISL_415640
ST52	EPI_ISL_415646
ST52	EPI_ISL_417485
ST52	EPI_ISL_417556
ST53	EPI_ISL_413599|by-EPI_ISL_417389	1-2-3-4-5-6-7-142-143-144-145-146
ST53	EPI_ISL_417383
ST53	EPI_ISL_417389
ST53	EPI_ISL_417391
ST53	EPI_ISL_417392
ST53	EPI_ISL_417393|by-EPI_ISL_417392	1-2-3-4-5-6-7-142-143-144-145-146
ST53	EPI_ISL_417398|by-EPI_ISL_417392	1-2-3-4-5-6-7-142-143-144-145-146
ST54	EPI_ISL_413607
ST55	EPI_ISL_413609
ST55	EPI_ISL_413617
ST56	EPI_ISL_413611
ST56	EPI_ISL_413612
ST57	EPI_ISL_413648
ST57	EPI_ISL_417987
ST57	EPI_ISL_417988
ST57	EPI_ISL_417991
ST57	EPI_ISL_417996
ST57	EPI_ISL_418010
ST57	EPI_ISL_418012
ST58	EPI_ISL_413650
ST58	EPI_ISL_413651
ST58	EPI_ISL_414618
ST58	EPI_ISL_415596
ST58	EPI_ISL_415605|by-EPI_ISL_418029	1-2-3-4-5-7
ST58	EPI_ISL_417072
ST58	EPI_ISL_417073
ST58	EPI_ISL_417075
ST58	EPI_ISL_417076
ST58	EPI_ISL_417111
ST58	EPI_ISL_417139
ST58	EPI_ISL_417159
ST58	EPI_ISL_417160
ST58	EPI_ISL_418029
ST58	EPI_ISL_418071|by-EPI_ISL_418029	6-7
ST59	EPI_ISL_413697
ST59	EPI_ISL_413761
ST59	EPI_ISL_413791
ST59	EPI_ISL_416335
ST59	EPI_ISL_416350|by-EPI_ISL_413791	42-43-44
ST60	EPI_ISL_413711
ST61	EPI_ISL_413925
ST61	EPI_ISL_413926|by-EPI_ISL_414588	8-14-63-142-143
ST61	EPI_ISL_413928
ST61	EPI_ISL_413931
ST61	EPI_ISL_414588
ST62	EPI_ISL_413999
ST62	EPI_ISL_414010
ST62	EPI_ISL_414027
ST62	EPI_ISL_414524
ST62	EPI_ISL_414646
ST62	EPI_ISL_416741
ST62	EPI_ISL_417016
ST62	EPI_ISL_417019
ST62	EPI_ISL_417237|by-EPI_ISL_417652	112
ST62	EPI_ISL_417245|by-EPI_ISL_417746	80-112-140
ST62	EPI_ISL_417424
ST62	EPI_ISL_417491
ST62	EPI_ISL_417550
ST62	EPI_ISL_417560
ST62	EPI_ISL_417563
ST62	EPI_ISL_417652
ST62	EPI_ISL_417694
ST62	EPI_ISL_417740
ST62	EPI_ISL_417746
ST62	EPI_ISL_417758
ST62	EPI_ISL_417763
ST62	EPI_ISL_417775
ST62	EPI_ISL_417799
ST62	EPI_ISL_417812
ST62	EPI_ISL_417948
ST62	EPI_ISL_417955
ST62	EPI_ISL_417989
ST63	EPI_ISL_414019
ST63	EPI_ISL_414020
ST63	EPI_ISL_416426
ST63	EPI_ISL_416481
ST63	EPI_ISL_417007
ST63	EPI_ISL_417010
ST63	EPI_ISL_417402|by-EPI_ISL_417963	1-2-3-4-5-6-7-142-143-144-145-146
ST63	EPI_ISL_417639
ST63	EPI_ISL_417814
ST63	EPI_ISL_417820
ST63	EPI_ISL_417923
ST63	EPI_ISL_417954
ST63	EPI_ISL_417963
ST63	EPI_ISL_417978
ST63	EPI_ISL_418168
ST63	EPI_ISL_418183
ST64	EPI_ISL_414428
ST65	EPI_ISL_414429
ST65	EPI_ISL_415467
ST65	EPI_ISL_415483
ST65	EPI_ISL_415498
ST65	EPI_ISL_417644
ST65	EPI_ISL_417684
ST65	EPI_ISL_417688
ST65	EPI_ISL_417828
ST65	EPI_ISL_417834
ST65	EPI_ISL_417840
ST65	EPI_ISL_417862
ST66	EPI_ISL_414430|by-EPI_ISL_416573	82
ST67	EPI_ISL_414480
ST68	EPI_ISL_414482
ST68	EPI_ISL_416570
ST69	EPI_ISL_414517
ST69	EPI_ISL_414519
ST70	EPI_ISL_414520
ST70	EPI_ISL_414522|by-EPI_ISL_414520	50
ST70	EPI_ISL_417523
ST70	EPI_ISL_417524
ST71	EPI_ISL_414523
ST71	EPI_ISL_414526
ST71	EPI_ISL_415134|by-EPI_ISL_417255	80
ST71	EPI_ISL_415141|by-EPI_ISL_417589	80
ST71	EPI_ISL_416731
ST71	EPI_ISL_417217
ST71	EPI_ISL_417226
ST71	EPI_ISL_417231
ST71	EPI_ISL_417240
ST71	EPI_ISL_417255
ST71	EPI_ISL_417589
ST71	EPI_ISL_417754
ST72	EPI_ISL_414536
ST72	EPI_ISL_414544
ST72	EPI_ISL_415521
ST73	EPI_ISL_414537
ST73	EPI_ISL_414539
ST74	EPI_ISL_414545
ST74	EPI_ISL_414557
ST74	EPI_ISL_414561
ST74	EPI_ISL_414562
ST75	EPI_ISL_414549
ST76	EPI_ISL_414554
ST76	EPI_ISL_414641
ST76	EPI_ISL_415468
ST76	EPI_ISL_415497
ST76	EPI_ISL_415511
ST76	EPI_ISL_415530
ST77	EPI_ISL_414555
ST78	EPI_ISL_414558
ST79	EPI_ISL_414559
ST80	EPI_ISL_414563
ST81	EPI_ISL_414579
ST81	EPI_ISL_414598
ST81	EPI_ISL_414600
ST81	EPI_ISL_414623
ST81	EPI_ISL_415151
ST81	EPI_ISL_415503
ST81	EPI_ISL_415658
ST81	EPI_ISL_415660
ST81	EPI_ISL_415661
ST81	EPI_ISL_416477
ST81	EPI_ISL_416484
ST81	EPI_ISL_416487
ST81	EPI_ISL_416994
ST81	EPI_ISL_417034
ST81	EPI_ISL_417961
ST81	EPI_ISL_418216
ST82	EPI_ISL_414589
ST82	EPI_ISL_415500
ST82	EPI_ISL_415501
ST82	EPI_ISL_415506
ST82	EPI_ISL_415508
ST82	EPI_ISL_415509
ST82	EPI_ISL_415524
ST82	EPI_ISL_417460|by-EPI_ISL_414589	6-9-15-27-59-93-105
ST82	EPI_ISL_417880
ST83	EPI_ISL_414595
ST83	EPI_ISL_414622|by-EPI_ISL_414595	1-2-3-4-5-6-7
ST83	EPI_ISL_415602
ST83	EPI_ISL_416439
ST83	EPI_ISL_416453|by-EPI_ISL_415602	1-2-3-4-5-6-7
ST83	EPI_ISL_417448
ST84	EPI_ISL_414616|by-EPI_ISL_418073	1-2
ST84	EPI_ISL_415597
ST84	EPI_ISL_415625
ST84	EPI_ISL_416434
ST84	EPI_ISL_416438
ST84	EPI_ISL_416452
ST84	EPI_ISL_416647|by-EPI_ISL_418073	1-2
ST84	EPI_ISL_416648
ST84	EPI_ISL_416653
ST84	EPI_ISL_416691
ST84	EPI_ISL_416693
ST84	EPI_ISL_416698
ST84	EPI_ISL_416699
ST84	EPI_ISL_416707
ST84	EPI_ISL_416708
ST84	EPI_ISL_416716
ST84	EPI_ISL_416719|by-EPI_ISL_418053	1-2-6-7
ST84	EPI_ISL_416724
ST84	EPI_ISL_416725
ST84	EPI_ISL_416729
ST84	EPI_ISL_417341
ST84	EPI_ISL_417342
ST84	EPI_ISL_417379
ST84	EPI_ISL_417382
ST84	EPI_ISL_417451
ST84	EPI_ISL_417454
ST84	EPI_ISL_417455
ST84	EPI_ISL_417690
ST84	EPI_ISL_418032|by-EPI_ISL_416716	1-2-3-4-5-6-7
ST84	EPI_ISL_418033|by-EPI_ISL_416691	1-2-3-4-5-6-7
ST84	EPI_ISL_418053
ST84	EPI_ISL_418054
ST84	EPI_ISL_418067
ST84	EPI_ISL_418068|by-EPI_ISL_417454	1-2-3-4-5-38
ST84	EPI_ISL_418073
ST84	EPI_ISL_418081
ST85	EPI_ISL_414617|by-EPI_ISL_417150	1-2
ST86	EPI_ISL_414626
ST86	EPI_ISL_414632
ST86	EPI_ISL_414633
ST86	EPI_ISL_414637
ST86	EPI_ISL_414638
ST86	EPI_ISL_415654
ST86	EPI_ISL_415697
ST86	EPI_ISL_416497
ST86	EPI_ISL_417411|by-EPI_ISL_416497	1-2-3-4-5-6-7-142-143-144-145-146
ST86	EPI_ISL_417440|by-EPI_ISL_414632	90
ST86	EPI_ISL_417517|by-EPI_ISL_414632	142-143-144-145-146
ST86	EPI_ISL_417648|by-EPI_ISL_414632	140-141-142-143-144-145-146
ST86	EPI_ISL_417878
ST86	EPI_ISL_418035|by-EPI_ISL_414633	1-2-3-4-5-6-7-8-9-17-105
ST86	EPI_ISL_418223
ST86	EPI_ISL_418225
ST86	EPI_ISL_418227
ST86	EPI_ISL_418238
ST87	EPI_ISL_414628|by-EPI_ISL_417336	143-144-145-146
ST87	EPI_ISL_414647|by-EPI_ISL_417336	80-139-140-141-142-143-144-145-146
ST87	EPI_ISL_415710|by-EPI_ISL_416758	144-145-146
ST87	EPI_ISL_416517|by-EPI_ISL_416758	89-90-91
ST87	EPI_ISL_416758
ST87	EPI_ISL_417336
ST87	EPI_ISL_418219
ST88	EPI_ISL_414629
ST88	EPI_ISL_415651
ST88	EPI_ISL_415652
ST88	EPI_ISL_415694
ST88	EPI_ISL_415695
ST88	EPI_ISL_415704
ST88	EPI_ISL_415705
ST88	EPI_ISL_415706
ST88	EPI_ISL_415707
ST88	EPI_ISL_416493
ST88	EPI_ISL_416499
ST88	EPI_ISL_416500|by-EPI_ISL_417437	112-117-144-145-146
ST88	EPI_ISL_416745
ST88	EPI_ISL_416747
ST88	EPI_ISL_416749
ST88	EPI_ISL_416750
ST88	EPI_ISL_416751
ST88	EPI_ISL_416752
ST88	EPI_ISL_416754
ST88	EPI_ISL_416756
ST88	EPI_ISL_416757
ST88	EPI_ISL_417333|by-EPI_ISL_416757	111
ST88	EPI_ISL_417334
ST88	EPI_ISL_417337
ST88	EPI_ISL_417339
ST88	EPI_ISL_417437
ST88	EPI_ISL_417438|by-EPI_ISL_415651	91-144-145-146
ST88	EPI_ISL_417442
ST88	EPI_ISL_417526
ST88	EPI_ISL_417527
ST88	EPI_ISL_417942|by-EPI_ISL_416749	144-145-146
ST88	EPI_ISL_417946
ST88	EPI_ISL_417947
ST88	EPI_ISL_418024
ST88	EPI_ISL_418230
ST88	EPI_ISL_418231
ST88	EPI_ISL_418234
ST88	EPI_ISL_418240
ST89	EPI_ISL_414630
ST89	EPI_ISL_416498
ST89	EPI_ISL_418237
ST89	EPI_ISL_418241
ST89	EPI_ISL_418242
ST90	EPI_ISL_414936|by-EPI_ISL_414938	140-141-142-143-144-145-146
ST90	EPI_ISL_414937|by-EPI_ISL_414938	140-141-142-143-144-145-146
ST90	EPI_ISL_414938
ST90	EPI_ISL_414939|by-EPI_ISL_414938	23-139-140-141-142-143-144-145-146
ST90	EPI_ISL_414940
ST90	EPI_ISL_414941
ST91	EPI_ISL_415153
ST91	EPI_ISL_416143
ST92	EPI_ISL_415154
ST92	EPI_ISL_416469
ST93	EPI_ISL_415155
ST94	EPI_ISL_415157
ST95	EPI_ISL_415158
ST95	EPI_ISL_416471
ST96	EPI_ISL_415159
ST97	EPI_ISL_415460
ST97	EPI_ISL_415465
ST97	EPI_ISL_415466
ST97	EPI_ISL_415469
ST97	EPI_ISL_415515
ST97	EPI_ISL_415525
ST97	EPI_ISL_415534
ST98	EPI_ISL_415461
ST98	EPI_ISL_415526
ST98	EPI_ISL_417200
ST98	EPI_ISL_417201
ST98	EPI_ISL_417514
ST99	EPI_ISL_415462
ST99	EPI_ISL_415488
ST99	EPI_ISL_415518
ST99	EPI_ISL_415520
ST99	EPI_ISL_417582
ST99	EPI_ISL_417641
ST100	EPI_ISL_415473
ST100	EPI_ISL_415474
ST100	EPI_ISL_415485
ST100	EPI_ISL_415499
ST101	EPI_ISL_415475
ST102	EPI_ISL_415481
ST103	EPI_ISL_415492
ST104	EPI_ISL_415535
ST104	EPI_ISL_417617|by-EPI_ISL_417823	140-141-142-143-144-145-146
ST104	EPI_ISL_417622
ST104	EPI_ISL_417706
ST104	EPI_ISL_417743
ST104	EPI_ISL_417804
ST104	EPI_ISL_417823
ST104	EPI_ISL_417837
ST105	EPI_ISL_415539
ST106	EPI_ISL_415540
ST107	EPI_ISL_415584
ST107	EPI_ISL_415588
ST108	EPI_ISL_415607
ST108	EPI_ISL_416440
ST109	EPI_ISL_415608
ST109	EPI_ISL_415609
ST109	EPI_ISL_415624
ST109	EPI_ISL_416650
ST109	EPI_ISL_416651
ST109	EPI_ISL_416684|by-EPI_ISL_415608	7
ST109	EPI_ISL_417378
ST110	EPI_ISL_415611
ST110	EPI_ISL_415620
ST110	EPI_ISL_416635
ST110	EPI_ISL_416649
ST110	EPI_ISL_416668
ST110	EPI_ISL_416682
ST110	EPI_ISL_416694
ST110	EPI_ISL_416713
ST110	EPI_ISL_417356
ST110	EPI_ISL_417370
ST110	EPI_ISL_417381
ST110	EPI_ISL_417453
ST111	EPI_ISL_415631
ST112	EPI_ISL_415648
ST113	EPI_ISL_415657
ST113	EPI_ISL_415920
ST113	EPI_ISL_418110
ST113	EPI_ISL_418136
ST113	EPI_ISL_418144
ST113	EPI_ISL_418145
ST113	EPI_ISL_418147
ST113	EPI_ISL_418151
ST113	EPI_ISL_418155
ST113	EPI_ISL_418156
ST113	EPI_ISL_418158
ST113	EPI_ISL_418159
ST113	EPI_ISL_418163
ST114	EPI_ISL_415702
ST115	EPI_ISL_415741
ST115	EPI_ISL_415743
ST115	EPI_ISL_417519
ST115	EPI_ISL_417520
ST115	EPI_ISL_417521
ST116	EPI_ISL_415742|by-EPI_ISL_416576	1-2-3-4-5-6-7-8
ST117	EPI_ISL_416024
ST117	EPI_ISL_416739
ST117	EPI_ISL_417239
ST117	EPI_ISL_417286
ST117	EPI_ISL_417604|by-EPI_ISL_417649	142-143
ST117	EPI_ISL_417627
ST117	EPI_ISL_417628|by-EPI_ISL_417239	140-142-143
ST117	EPI_ISL_417649
ST117	EPI_ISL_418000
ST118	EPI_ISL_416032
ST118	EPI_ISL_417672
ST119	EPI_ISL_416034
ST120	EPI_ISL_416153
ST121	EPI_ISL_416331
ST121	EPI_ISL_416332
ST122	EPI_ISL_416372
ST123	EPI_ISL_416389
ST124	EPI_ISL_416397
ST125	EPI_ISL_416399
ST126	EPI_ISL_416406
ST126	EPI_ISL_416407
ST127	EPI_ISL_416413|by-EPI_ISL_417031	91
ST127	EPI_ISL_417031
ST127	EPI_ISL_417194|by-EPI_ISL_418062	142-143-144-145-146
ST127	EPI_ISL_417395|by-EPI_ISL_418062	1-2-3-4-5-6-7-142-143-144-145-146
ST127	EPI_ISL_417477|by-EPI_ISL_417587	75
ST127	EPI_ISL_417500|by-EPI_ISL_417031	75
ST127	EPI_ISL_417504
ST127	EPI_ISL_417587
ST127	EPI_ISL_418062
ST128	EPI_ISL_416419|by-EPI_ISL_417089	56-80-83-84-89-90-91
ST128	EPI_ISL_416421|by-EPI_ISL_413455	80-89-90-91
ST129	EPI_ISL_416432
ST129	EPI_ISL_416449|by-EPI_ISL_416706	1-2-3-4-5-6-7
ST129	EPI_ISL_416706
ST129	EPI_ISL_417033
ST129	EPI_ISL_417388
ST129	EPI_ISL_417396|by-EPI_ISL_417918	1-2-3-4-5-6-7-142-143-144-145-146
ST129	EPI_ISL_417400|by-EPI_ISL_417917	1-2-3-4-5-6-7-142-143-144-145-146
ST129	EPI_ISL_417401|by-EPI_ISL_417918	1-2-3-4-5-6-7-142-143-144-145-146
ST129	EPI_ISL_417403|by-EPI_ISL_417388	1-2-3-4-5-6-7-142-143-144-145-146
ST129	EPI_ISL_417917
ST129	EPI_ISL_417918
ST130	EPI_ISL_416447
ST130	EPI_ISL_417081
ST130	EPI_ISL_417085
ST130	EPI_ISL_418055|by-EPI_ISL_417085	1-2-3-4-5-6
ST130	EPI_ISL_418077
ST131	EPI_ISL_416466
ST131	EPI_ISL_416667
ST131	EPI_ISL_416677
ST131	EPI_ISL_417163
ST131	EPI_ISL_417374
ST131	EPI_ISL_417480
ST131	EPI_ISL_417503
ST132	EPI_ISL_416467
ST133	EPI_ISL_416468
ST134	EPI_ISL_416476
ST135	EPI_ISL_416479|by-EPI_ISL_415472	110
ST136	EPI_ISL_416482
ST136	EPI_ISL_417233
ST136	EPI_ISL_417248
ST136	EPI_ISL_417301
ST136	EPI_ISL_417302
ST136	EPI_ISL_417695
ST136	EPI_ISL_417698
ST136	EPI_ISL_417736
ST136	EPI_ISL_417749
ST136	EPI_ISL_417997
ST136	EPI_ISL_417998
ST136	EPI_ISL_417999
ST136	EPI_ISL_418003
ST137	EPI_ISL_416489
ST137	EPI_ISL_417967
ST138	EPI_ISL_416513
ST139	EPI_ISL_416523
ST139	EPI_ISL_417598
ST139	EPI_ISL_417830
ST140	EPI_ISL_416538
ST140	EPI_ISL_418045
ST141	EPI_ISL_416539
ST142	EPI_ISL_416565
ST142	EPI_ISL_416603
ST142	EPI_ISL_416613
ST142	EPI_ISL_416619|by-EPI_ISL_416603	143-144-145-146
ST142	EPI_ISL_416624
ST143	EPI_ISL_416567
ST143	EPI_ISL_416584
ST143	EPI_ISL_416599
ST144	EPI_ISL_416585
ST145	EPI_ISL_416604
ST146	EPI_ISL_416615|by-EPI_ISL_416621	89-90-91
ST147	EPI_ISL_416625
ST148	EPI_ISL_416646
ST148	EPI_ISL_416675
ST148	EPI_ISL_416723
ST148	EPI_ISL_416733
ST148	EPI_ISL_417280
ST148	EPI_ISL_417289
ST148	EPI_ISL_417408|by-EPI_ISL_417670	1-2-3-4-5-6-7-142-143-144-145-146
ST148	EPI_ISL_417478|by-EPI_ISL_416675	41-50-67
ST148	EPI_ISL_417501|by-EPI_ISL_416733	41-50-67
ST148	EPI_ISL_417574
ST148	EPI_ISL_417670
ST148	EPI_ISL_417732
ST149	EPI_ISL_416657|by-EPI_ISL_417153	146
ST150	EPI_ISL_416661
ST150	EPI_ISL_417345
ST150	EPI_ISL_417932
ST150	EPI_ISL_418037
ST150	EPI_ISL_418072
ST151	EPI_ISL_416664
ST152	EPI_ISL_416700
ST153	EPI_ISL_416728
ST154	EPI_ISL_417017
ST155	EPI_ISL_417018
ST156	EPI_ISL_417021
ST156	EPI_ISL_417022
ST156	EPI_ISL_417023
ST157	EPI_ISL_417025
ST158	EPI_ISL_417126
ST159	EPI_ISL_417147
ST160	EPI_ISL_417191
ST160	EPI_ISL_417643|by-EPI_ISL_417191	143
ST160	EPI_ISL_417718|by-EPI_ISL_417191	1-2-3-4-5-6-7-8-143-144-145-146
ST161	EPI_ISL_417234
ST161	EPI_ISL_417256
ST161	EPI_ISL_417279
ST161	EPI_ISL_417343
ST162	EPI_ISL_417267
ST162	EPI_ISL_417268
ST162	EPI_ISL_417269
ST162	EPI_ISL_417399|by-EPI_ISL_417269	1-2-3-4-5-6-7-142-143-144-145-146
ST163	EPI_ISL_417292|by-EPI_ISL_415527	80
ST164	EPI_ISL_417348|by-EPI_ISL_416652	7
ST165	EPI_ISL_417353
ST165	EPI_ISL_417380
ST166	EPI_ISL_417363
ST167	EPI_ISL_417367
ST168	EPI_ISL_417369
ST169	EPI_ISL_417376
ST169	EPI_ISL_417971
ST169	EPI_ISL_418028
ST169	EPI_ISL_418036
ST169	EPI_ISL_418042
ST169	EPI_ISL_418049
ST169	EPI_ISL_418051|by-EPI_ISL_418036	1-2-3-4-5-6-7
ST170	EPI_ISL_417406|by-EPI_ISL_416382	1-2-3-4-5-6-7-142-143-144-145-146
ST171	EPI_ISL_417413
ST172	EPI_ISL_417420
ST173	EPI_ISL_417444
ST174	EPI_ISL_417531
ST174	EPI_ISL_417532
ST175	EPI_ISL_417534
ST176	EPI_ISL_417536
ST176	EPI_ISL_417537
ST176	EPI_ISL_417542
ST176	EPI_ISL_417543
ST176	EPI_ISL_417549
ST176	EPI_ISL_417552|by-EPI_ISL_417597	143
ST176	EPI_ISL_417573
ST176	EPI_ISL_417583
ST176	EPI_ISL_417586
ST176	EPI_ISL_417588
ST176	EPI_ISL_417597
ST176	EPI_ISL_417599|by-EPI_ISL_417790	141-142-143-144-145-146
ST176	EPI_ISL_417600
ST176	EPI_ISL_417612
ST176	EPI_ISL_417613|by-EPI_ISL_417625	142-143
ST176	EPI_ISL_417623|by-EPI_ISL_417625	142-143
ST176	EPI_ISL_417625
ST176	EPI_ISL_417626
ST176	EPI_ISL_417630
ST176	EPI_ISL_417633|by-EPI_ISL_417709	143
ST176	EPI_ISL_417634
ST176	EPI_ISL_417635
ST176	EPI_ISL_417636
ST176	EPI_ISL_417640|by-EPI_ISL_417542	141-142-143-144-145-146
ST176	EPI_ISL_417645
ST176	EPI_ISL_417650
ST176	EPI_ISL_417676
ST176	EPI_ISL_417678
ST176	EPI_ISL_417680
ST176	EPI_ISL_417703
ST176	EPI_ISL_417709
ST176	EPI_ISL_417712
ST176	EPI_ISL_417739
ST176	EPI_ISL_417741
ST176	EPI_ISL_417745
ST176	EPI_ISL_417753
ST176	EPI_ISL_417755
ST176	EPI_ISL_417774
ST176	EPI_ISL_417786
ST176	EPI_ISL_417790
ST176	EPI_ISL_417808
ST176	EPI_ISL_417809
ST176	EPI_ISL_417810
ST176	EPI_ISL_417824
ST176	EPI_ISL_417827
ST176	EPI_ISL_417836
ST177	EPI_ISL_417540
ST177	EPI_ISL_417541
ST177	EPI_ISL_417545
ST177	EPI_ISL_417603
ST177	EPI_ISL_417801
ST178	EPI_ISL_417544
ST178	EPI_ISL_417548
ST178	EPI_ISL_417557
ST178	EPI_ISL_417558
ST178	EPI_ISL_417568
ST178	EPI_ISL_417606|by-EPI_ISL_417568	140-141-142-143-144-145-146
ST178	EPI_ISL_417607
ST178	EPI_ISL_417653
ST178	EPI_ISL_417696
ST178	EPI_ISL_417716
ST178	EPI_ISL_417750
ST178	EPI_ISL_417771
ST178	EPI_ISL_417772
ST178	EPI_ISL_417838
ST178	EPI_ISL_417864
ST179	EPI_ISL_417555
ST179	EPI_ISL_417797
ST180	EPI_ISL_417565
ST180	EPI_ISL_417637
ST180	EPI_ISL_417646|by-EPI_ISL_417565	142-143-144-145-146
ST180	EPI_ISL_417651|by-EPI_ISL_417565	142-143
ST180	EPI_ISL_417839
ST181	EPI_ISL_417566
ST181	EPI_ISL_417632
ST181	EPI_ISL_417713
ST181	EPI_ISL_417714
ST181	EPI_ISL_417757
ST181	EPI_ISL_417785
ST181	EPI_ISL_417795
ST181	EPI_ISL_417802
ST181	EPI_ISL_417876
ST182	EPI_ISL_417577
ST182	EPI_ISL_417615
ST182	EPI_ISL_417717
ST182	EPI_ISL_417724
ST182	EPI_ISL_417762
ST182	EPI_ISL_417789
ST182	EPI_ISL_417791
ST182	EPI_ISL_417818
ST183	EPI_ISL_417580
ST183	EPI_ISL_417590
ST183	EPI_ISL_417611|by-EPI_ISL_417621	142-143
ST183	EPI_ISL_417621
ST183	EPI_ISL_417655
ST183	EPI_ISL_417660
ST183	EPI_ISL_417699
ST183	EPI_ISL_417822
ST184	EPI_ISL_417609
ST184	EPI_ISL_417647|by-EPI_ISL_417609	143
ST184	EPI_ISL_417956|by-EPI_ISL_417609	140
ST185	EPI_ISL_417618
ST185	EPI_ISL_417720
ST186	EPI_ISL_417624|by-EPI_ISL_417788	141-142-143-144-145-146
ST186	EPI_ISL_417737
ST186	EPI_ISL_417788
ST186	EPI_ISL_417819
ST187	EPI_ISL_417629
ST187	EPI_ISL_417806
ST187	EPI_ISL_418206
ST187	EPI_ISL_418207
ST187	EPI_ISL_418208
ST187	EPI_ISL_418209
ST188	EPI_ISL_417666
ST188	EPI_ISL_417667
ST189	EPI_ISL_417689|by-EPI_ISL_417590	140-141-142-143-144-145-146
ST190	EPI_ISL_417704|by-EPI_ISL_417815	5-8-143-144-145-146
ST190	EPI_ISL_417815
ST190	EPI_ISL_417860|by-EPI_ISL_417815	143-144-145-146
ST191	EPI_ISL_417744
ST192	EPI_ISL_417752
ST193	EPI_ISL_417766
ST193	EPI_ISL_417770
ST193	EPI_ISL_417777|by-EPI_ISL_417798	143
ST193	EPI_ISL_417798
ST194	EPI_ISL_417800
ST195	EPI_ISL_417852
ST196	EPI_ISL_417871
ST197	EPI_ISL_417877
ST198	EPI_ISL_417879
ST198	EPI_ISL_418229
ST198	EPI_ISL_418232
ST198	EPI_ISL_418233
ST199	EPI_ISL_417957|by-EPI_ISL_417609	140
ST199	EPI_ISL_418182|by-EPI_ISL_417609	140
ST200	EPI_ISL_417969
ST201	EPI_ISL_417976
ST202	EPI_ISL_417981
ST203	EPI_ISL_417994
ST203	EPI_ISL_418011
ST203	EPI_ISL_418014
ST203	EPI_ISL_418015
ST203	EPI_ISL_418016
ST204	EPI_ISL_418009
ST205	EPI_ISL_418039
ST206	EPI_ISL_418060
ST207	EPI_ISL_418222
ST208	EPI_ISL_418224
ST209	EPI_ISL_418235
ST210	EPI_ISL_418243
ST211	EPI_ISL_418251
